TN:
SF:/home/runner/work/neml2/neml2/src/neml2/base/DiagnosticsInterface.cxx
FN:31,35,_ZN5neml210DiagnosingC2Eb
FN:37,37,_ZN5neml210DiagnosingD2Ev
FN:40,44,_ZN5neml224current_diagnostic_stateEv
FN:47,51,_ZN5neml217current_diagnosesEv
FN:54,77,_ZN5neml28diagnoseERKNS_20DiagnosticsInterfaceE
FN:80,94,_ZN5neml218diagnose_and_throwERKNS_20DiagnosticsInterfaceE
FN:96,99,_ZN5neml220DiagnosticsInterfaceC2EPNS_11NEML2ObjectE
FNDA:220,_ZN5neml210DiagnosingC2Eb
FNDA:220,_ZN5neml210DiagnosingD2Ev
FNDA:1083,_ZN5neml224current_diagnostic_stateEv
FNDA:423,_ZN5neml217current_diagnosesEv
FNDA:220,_ZN5neml28diagnoseERKNS_20DiagnosticsInterfaceE
FNDA:202,_ZN5neml218diagnose_and_throwERKNS_20DiagnosticsInterfaceE
FNDA:683,_ZN5neml220DiagnosticsInterfaceC2EPNS_11NEML2ObjectE
FNF:7
FNH:7
DA:31,220
DA:32,220
DA:34,220
DA:35,220
DA:37,220
DA:40,1083
DA:42,1083
DA:43,1083
DA:47,423
DA:49,423
DA:50,423
DA:54,220
DA:56,220
DA:57,220
DA:58,220
DA:62,220
DA:63,220
DA:64,220
DA:67,220
DA:70,220
DA:72,202
DA:73,202
DA:76,220
DA:77,0
DA:80,202
DA:82,202
DA:83,202
DA:85,202
DA:86,202
DA:88,1
DA:89,1
DA:90,2
DA:91,1
DA:92,1
DA:93,1
DA:94,202
DA:96,683
DA:97,683
DA:99,683
LF:39
LH:38
end_of_record
TN:
SF:/home/runner/work/neml2/neml2/src/neml2/base/EnumSelection.cxx
FN:31,35,_ZN5neml2lsERSoRKNS_13EnumSelectionE
FN:38,42,_ZN5neml2rsERNSt7__cxx1118basic_stringstreamIcSt11char_traitsIcESaIcEEERNS_13EnumSelectionE
FN:44,49,_ZN5neml213EnumSelectionC2ERKSt6vectorINSt7__cxx1112basic_stringIcSt11char_traitsIcESaIcEEESaIS7_EERKS7_
FN:51,57,_ZN5neml213EnumSelectionC2ERKSt6vectorINSt7__cxx1112basic_stringIcSt11char_traitsIcESaIcEEESaIS7_EERKS1_IiSaIiEERKS7_
FN:60,64,_ZNK5neml213EnumSelectioneqERKS0_
FN:67,70,_ZNK5neml213EnumSelectionneERKS0_
FN:73,76,_ZNK5neml213EnumSelectioneqERKNSt7__cxx1112basic_stringIcSt11char_traitsIcESaIcEEE
FN:79,82,_ZNK5neml213EnumSelectionneERKNSt7__cxx1112basic_stringIcSt11char_traitsIcESaIcEEE
FN:85,91,_ZN5neml213EnumSelection6selectERKNSt7__cxx1112basic_stringIcSt11char_traitsIcESaIcEEE
FNDA:1,_ZN5neml2lsERSoRKNS_13EnumSelectionE
FNDA:2,_ZN5neml2rsERNSt7__cxx1118basic_stringstreamIcSt11char_traitsIcESaIcEEERNS_13EnumSelectionE
FNDA:44,_ZN5neml213EnumSelectionC2ERKSt6vectorINSt7__cxx1112basic_stringIcSt11char_traitsIcESaIcEEESaIS7_EERKS7_
FNDA:20,_ZN5neml213EnumSelectionC2ERKSt6vectorINSt7__cxx1112basic_stringIcSt11char_traitsIcESaIcEEESaIS7_EERKS1_IiSaIiEERKS7_
FNDA:7,_ZNK5neml213EnumSelectioneqERKS0_
FNDA:5,_ZNK5neml213EnumSelectionneERKS0_
FNDA:152,_ZNK5neml213EnumSelectioneqERKNSt7__cxx1112basic_stringIcSt11char_traitsIcESaIcEEE
FNDA:0,_ZNK5neml213EnumSelectionneERKNSt7__cxx1112basic_stringIcSt11char_traitsIcESaIcEEE
FNDA:176,_ZN5neml213EnumSelection6selectERKNSt7__cxx1112basic_stringIcSt11char_traitsIcESaIcEEE
FNF:9
FNH:8
DA:31,1
DA:33,1
DA:34,1
DA:38,2
DA:40,2
DA:41,1
DA:44,44
DA:45,44
DA:46,87
DA:48,43
DA:49,44
DA:51,20
DA:53,20
DA:54,38
DA:56,18
DA:57,19
DA:60,7
DA:62,9
DA:63,9
DA:67,5
DA:69,5
DA:73,152
DA:75,152
DA:79,0
DA:81,0
DA:85,176
DA:87,176
DA:88,534
DA:89,173
DA:90,173
DA:91,173
LF:31
LH:29
end_of_record
TN:
SF:/home/runner/work/neml2/neml2/src/neml2/base/EnumSelectionBase.cxx
FN:32,41,_ZN5neml217EnumSelectionBaseC2ERKSt6vectorINSt7__cxx1112basic_stringIcSt11char_traitsIcESaIcEEESaIS7_EE
FN:43,58,_ZN5neml217EnumSelectionBaseC2ERKSt6vectorINSt7__cxx1112basic_stringIcSt11char_traitsIcESaIcEEESaIS7_EERKS1_IiSaIiEE
FN:61,73,_ZNK5neml217EnumSelectionBase4joinERKNSt7__cxx1112basic_stringIcSt11char_traitsIcESaIcEEE
FNDA:220,_ZN5neml217EnumSelectionBaseC2ERKSt6vectorINSt7__cxx1112basic_stringIcSt11char_traitsIcESaIcEEESaIS7_EE
FNDA:35,_ZN5neml217EnumSelectionBaseC2ERKSt6vectorINSt7__cxx1112basic_stringIcSt11char_traitsIcESaIcEEESaIS7_EERKS1_IiSaIiEE
FNDA:665,_ZNK5neml217EnumSelectionBase4joinERKNSt7__cxx1112basic_stringIcSt11char_traitsIcESaIcEEE
FNF:3
FNH:3
DA:32,220
DA:34,220
DA:35,220
DA:38,219
DA:39,2913
DA:40,2694
DA:41,221
DA:43,35
DA:44,35
DA:46,35
DA:49,34
DA:50,34
DA:53,34
DA:54,34
DA:56,156
DA:57,123
DA:58,37
DA:61,665
DA:63,665
DA:64,665
DA:65,7073
DA:67,6408
DA:68,6408
DA:69,5743
DA:70,6408
DA:72,1330
DA:73,665
LF:27
LH:27
end_of_record
TN:
SF:/home/runner/work/neml2/neml2/src/neml2/base/Factory.cxx
FN:33,37,_ZN5neml27FactoryC2ENS_9InputFileE
FN:40,43,_ZN5neml27Factory10has_objectERKNSt7__cxx1112basic_stringIcSt11char_traitsIcESaIcEEES8_
FN:46,67,_ZN5neml27Factory13create_objectERKNSt7__cxx1112basic_stringIcSt11char_traitsIcESaIcEEERKNS_9OptionSetE
FN:70,73,_ZNK5neml27Factory18options_compatibleERKSt10shared_ptrINS_11NEML2ObjectEERKNS_9OptionSetE
FN:90,93,_ZN5neml27Factory5clearEv
FNDA:340,_ZN5neml27FactoryC2ENS_9InputFileE
FNDA:211,_ZN5neml27Factory10has_objectERKNSt7__cxx1112basic_stringIcSt11char_traitsIcESaIcEEES8_
FNDA:1466,_ZN5neml27Factory13create_objectERKNSt7__cxx1112basic_stringIcSt11char_traitsIcESaIcEEERKNS_9OptionSetE
FNDA:6,_ZNK5neml27Factory18options_compatibleERKSt10shared_ptrINS_11NEML2ObjectEERKNS_9OptionSetE
FNDA:0,_ZN5neml27Factory5clearEv
FNF:5
FNH:4
DA:33,340
DA:34,340
DA:35,340
DA:37,340
DA:40,211
DA:42,211
DA:46,1466
DA:48,1466
DA:49,1466
DA:51,1466
DA:52,1466
DA:53,0
DA:54,1466
DA:55,1466
DA:56,1464
DA:60,1464
DA:62,22
DA:64,44
DA:65,66
DA:66,22
DA:67,1464
DA:70,6
DA:72,6
DA:90,0
DA:92,0
DA:93,0
LF:26
LH:22
end_of_record
TN:
SF:/home/runner/work/neml2/neml2/src/neml2/base/HITParser.cxx
FN:124,142,_ZN5neml2L15extract_optionsEPKN5nmhit4NodeERNS_9OptionSetE
FN:146,215,_ZN5neml2L14extract_optionEPKN5nmhit4NodeERNS_9OptionSetE
FN:49,63,_ZN5neml212_GLOBAL__N_114NMHITRegistrarC2Ev
FN:51,52,_ZZN5neml212_GLOBAL__N_114NMHITRegistrarC4EvENKUlRKNSt7__cxx1112basic_stringIcSt11char_traitsIcESaIcEEEE_clES9_
FN:53,54,_ZZN5neml212_GLOBAL__N_114NMHITRegistrarC4EvENKUlRKNSt7__cxx1112basic_stringIcSt11char_traitsIcESaIcEEEE0_clES9_
FN:60,60,_ZZN5neml212_GLOBAL__N_114NMHITRegistrarC4EvENKUlRKNSt7__cxx1112basic_stringIcSt11char_traitsIcESaIcEEEE10_clES9_
FN:60,60,_ZZN5neml212_GLOBAL__N_114NMHITRegistrarC4EvENKUlRKNSt7__cxx1112basic_stringIcSt11char_traitsIcESaIcEEEE11_clES9_
FN:60,60,_ZZN5neml212_GLOBAL__N_114NMHITRegistrarC4EvENKUlRKNSt7__cxx1112basic_stringIcSt11char_traitsIcESaIcEEEE12_clES9_
FN:60,60,_ZZN5neml212_GLOBAL__N_114NMHITRegistrarC4EvENKUlRKNSt7__cxx1112basic_stringIcSt11char_traitsIcESaIcEEEE13_clES9_
FN:60,60,_ZZN5neml212_GLOBAL__N_114NMHITRegistrarC4EvENKUlRKNSt7__cxx1112basic_stringIcSt11char_traitsIcESaIcEEEE14_clES9_
FN:60,60,_ZZN5neml212_GLOBAL__N_114NMHITRegistrarC4EvENKUlRKNSt7__cxx1112basic_stringIcSt11char_traitsIcESaIcEEEE15_clES9_
FN:60,60,_ZZN5neml212_GLOBAL__N_114NMHITRegistrarC4EvENKUlRKNSt7__cxx1112basic_stringIcSt11char_traitsIcESaIcEEEE16_clES9_
FN:60,60,_ZZN5neml212_GLOBAL__N_114NMHITRegistrarC4EvENKUlRKNSt7__cxx1112basic_stringIcSt11char_traitsIcESaIcEEEE17_clES9_
FN:60,60,_ZZN5neml212_GLOBAL__N_114NMHITRegistrarC4EvENKUlRKNSt7__cxx1112basic_stringIcSt11char_traitsIcESaIcEEEE18_clES9_
FN:60,60,_ZZN5neml212_GLOBAL__N_114NMHITRegistrarC4EvENKUlRKNSt7__cxx1112basic_stringIcSt11char_traitsIcESaIcEEEE1_clES9_
FN:60,60,_ZZN5neml212_GLOBAL__N_114NMHITRegistrarC4EvENKUlRKNSt7__cxx1112basic_stringIcSt11char_traitsIcESaIcEEEE2_clES9_
FN:60,60,_ZZN5neml212_GLOBAL__N_114NMHITRegistrarC4EvENKUlRKNSt7__cxx1112basic_stringIcSt11char_traitsIcESaIcEEEE3_clES9_
FN:60,60,_ZZN5neml212_GLOBAL__N_114NMHITRegistrarC4EvENKUlRKNSt7__cxx1112basic_stringIcSt11char_traitsIcESaIcEEEE4_clES9_
FN:60,60,_ZZN5neml212_GLOBAL__N_114NMHITRegistrarC4EvENKUlRKNSt7__cxx1112basic_stringIcSt11char_traitsIcESaIcEEEE5_clES9_
FN:60,60,_ZZN5neml212_GLOBAL__N_114NMHITRegistrarC4EvENKUlRKNSt7__cxx1112basic_stringIcSt11char_traitsIcESaIcEEEE6_clES9_
FN:60,60,_ZZN5neml212_GLOBAL__N_114NMHITRegistrarC4EvENKUlRKNSt7__cxx1112basic_stringIcSt11char_traitsIcESaIcEEEE7_clES9_
FN:60,60,_ZZN5neml212_GLOBAL__N_114NMHITRegistrarC4EvENKUlRKNSt7__cxx1112basic_stringIcSt11char_traitsIcESaIcEEEE8_clES9_
FN:60,60,_ZZN5neml212_GLOBAL__N_114NMHITRegistrarC4EvENKUlRKNSt7__cxx1112basic_stringIcSt11char_traitsIcESaIcEEEE9_clES9_
FN:61,61,_ZZN5neml212_GLOBAL__N_114NMHITRegistrarC4EvENKUlRKNSt7__cxx1112basic_stringIcSt11char_traitsIcESaIcEEEE19_clES9_
FN:74,79,_ZNK5neml29HITParser5parseERKNSt10filesystem7__cxx114pathERKNSt7__cxx1112basic_stringIcSt11char_traitsIcESaIcEEE
FN:82,121,_ZN5neml2L9parse_hitEPKN5nmhit4NodeE
FNDA:2396,_ZN5neml2L15extract_optionsEPKN5nmhit4NodeERNS_9OptionSetE
FNDA:5731,_ZN5neml2L14extract_optionEPKN5nmhit4NodeERNS_9OptionSetE
FNDA:1,_ZN5neml212_GLOBAL__N_114NMHITRegistrarC2Ev
FNDA:310,_ZZN5neml212_GLOBAL__N_114NMHITRegistrarC4EvENKUlRKNSt7__cxx1112basic_stringIcSt11char_traitsIcESaIcEEEE_clES9_
FNDA:90,_ZZN5neml212_GLOBAL__N_114NMHITRegistrarC4EvENKUlRKNSt7__cxx1112basic_stringIcSt11char_traitsIcESaIcEEEE0_clES9_
FNDA:0,_ZZN5neml212_GLOBAL__N_114NMHITRegistrarC4EvENKUlRKNSt7__cxx1112basic_stringIcSt11char_traitsIcESaIcEEEE10_clES9_
FNDA:11,_ZZN5neml212_GLOBAL__N_114NMHITRegistrarC4EvENKUlRKNSt7__cxx1112basic_stringIcSt11char_traitsIcESaIcEEEE11_clES9_
FNDA:0,_ZZN5neml212_GLOBAL__N_114NMHITRegistrarC4EvENKUlRKNSt7__cxx1112basic_stringIcSt11char_traitsIcESaIcEEEE12_clES9_
FNDA:0,_ZZN5neml212_GLOBAL__N_114NMHITRegistrarC4EvENKUlRKNSt7__cxx1112basic_stringIcSt11char_traitsIcESaIcEEEE13_clES9_
FNDA:0,_ZZN5neml212_GLOBAL__N_114NMHITRegistrarC4EvENKUlRKNSt7__cxx1112basic_stringIcSt11char_traitsIcESaIcEEEE14_clES9_
FNDA:0,_ZZN5neml212_GLOBAL__N_114NMHITRegistrarC4EvENKUlRKNSt7__cxx1112basic_stringIcSt11char_traitsIcESaIcEEEE15_clES9_
FNDA:54,_ZZN5neml212_GLOBAL__N_114NMHITRegistrarC4EvENKUlRKNSt7__cxx1112basic_stringIcSt11char_traitsIcESaIcEEEE16_clES9_
FNDA:6,_ZZN5neml212_GLOBAL__N_114NMHITRegistrarC4EvENKUlRKNSt7__cxx1112basic_stringIcSt11char_traitsIcESaIcEEEE17_clES9_
FNDA:1921,_ZZN5neml212_GLOBAL__N_114NMHITRegistrarC4EvENKUlRKNSt7__cxx1112basic_stringIcSt11char_traitsIcESaIcEEEE18_clES9_
FNDA:15,_ZZN5neml212_GLOBAL__N_114NMHITRegistrarC4EvENKUlRKNSt7__cxx1112basic_stringIcSt11char_traitsIcESaIcEEEE1_clES9_
FNDA:16,_ZZN5neml212_GLOBAL__N_114NMHITRegistrarC4EvENKUlRKNSt7__cxx1112basic_stringIcSt11char_traitsIcESaIcEEEE2_clES9_
FNDA:8,_ZZN5neml212_GLOBAL__N_114NMHITRegistrarC4EvENKUlRKNSt7__cxx1112basic_stringIcSt11char_traitsIcESaIcEEEE3_clES9_
FNDA:34,_ZZN5neml212_GLOBAL__N_114NMHITRegistrarC4EvENKUlRKNSt7__cxx1112basic_stringIcSt11char_traitsIcESaIcEEEE4_clES9_
FNDA:162,_ZZN5neml212_GLOBAL__N_114NMHITRegistrarC4EvENKUlRKNSt7__cxx1112basic_stringIcSt11char_traitsIcESaIcEEEE5_clES9_
FNDA:0,_ZZN5neml212_GLOBAL__N_114NMHITRegistrarC4EvENKUlRKNSt7__cxx1112basic_stringIcSt11char_traitsIcESaIcEEEE6_clES9_
FNDA:0,_ZZN5neml212_GLOBAL__N_114NMHITRegistrarC4EvENKUlRKNSt7__cxx1112basic_stringIcSt11char_traitsIcESaIcEEEE7_clES9_
FNDA:0,_ZZN5neml212_GLOBAL__N_114NMHITRegistrarC4EvENKUlRKNSt7__cxx1112basic_stringIcSt11char_traitsIcESaIcEEEE8_clES9_
FNDA:0,_ZZN5neml212_GLOBAL__N_114NMHITRegistrarC4EvENKUlRKNSt7__cxx1112basic_stringIcSt11char_traitsIcESaIcEEEE9_clES9_
FNDA:0,_ZZN5neml212_GLOBAL__N_114NMHITRegistrarC4EvENKUlRKNSt7__cxx1112basic_stringIcSt11char_traitsIcESaIcEEEE19_clES9_
FNDA:350,_ZNK5neml29HITParser5parseERKNSt10filesystem7__cxx114pathERKNSt7__cxx1112basic_stringIcSt11char_traitsIcESaIcEEE
FNDA:350,_ZN5neml2L9parse_hitEPKN5nmhit4NodeE
FNF:26
FNH:16
DA:49,1
DA:51,1
DA:52,310
DA:53,1
DA:54,90
DA:60,2228
DA:61,1
DA:63,1
DA:74,350
DA:77,1050
DA:78,699
DA:79,700
DA:82,350
DA:85,350
DA:86,1050
DA:87,13
DA:90,350
DA:91,2797
DA:93,2448
DA:94,2448
DA:96,773
DA:97,3155
DA:99,4766
DA:100,2383
DA:101,2383
DA:104,0
DA:105,0
DA:109,2383
DA:110,2383
DA:111,2383
DA:112,2383
DA:114,2383
DA:115,2382
DA:116,2384
DA:117,773
DA:120,698
DA:121,351
DA:124,2396
DA:126,10509
DA:127,8114
DA:128,8126
DA:131,2395
DA:132,54219
DA:133,51824
DA:134,0
DA:136,0
DA:137,0
DA:138,0
DA:139,0
DA:140,2395
DA:141,0
DA:142,2395
DA:146,5731
DA:160,5731
DA:161,0
DA:163,5731
DA:164,165013
DA:165,165013
DA:167,5731
DA:168,2
DA:170,3
DA:172,5730
DA:173,5730
DA:177,6196
DA:178,6213
DA:179,5367
DA:180,5587
DA:181,4744
DA:182,4998
DA:183,5667
DA:184,9562
DA:185,1417
DA:186,3689
DA:187,146
DA:188,146
DA:190,113
DA:191,113
DA:192,0
DA:193,0
DA:194,339
DA:196,33
DA:198,33
DA:199,33
DA:201,0
DA:202,99
DA:208,5730
DA:209,5730
DA:211,5730
DA:213,5730
DA:214,0
LF:90
LH:77
end_of_record
TN:
SF:/home/runner/work/neml2/neml2/src/neml2/base/InputFile.cxx
FN:32,36,_ZN5neml29InputFileC2ERKNS_9OptionSetE
FN:39,42,_ZN5neml29InputFileixERKNSt7__cxx1112basic_stringIcSt11char_traitsIcESaIcEEE
FN:45,48,_ZNK5neml29InputFileixERKNSt7__cxx1112basic_stringIcSt11char_traitsIcESaIcEEE
FNDA:351,_ZN5neml29InputFileC2ERKNS_9OptionSetE
FNDA:4072,_ZN5neml29InputFileixERKNSt7__cxx1112basic_stringIcSt11char_traitsIcESaIcEEE
FNDA:0,_ZNK5neml29InputFileixERKNSt7__cxx1112basic_stringIcSt11char_traitsIcESaIcEEE
FNF:3
FNH:2
DA:32,351
DA:33,351
DA:34,351
DA:36,351
DA:39,4072
DA:41,4072
DA:45,0
DA:47,0
LF:8
LH:6
end_of_record
TN:
SF:/home/runner/work/neml2/neml2/src/neml2/base/MultiEnumSelection.cxx
FN:101,104,_ZNK5neml218MultiEnumSelection4sizeEv
FN:34,46,_ZN5neml2lsERSoRKNS_18MultiEnumSelectionE
FN:49,55,_ZN5neml2rsERNSt7__cxx1118basic_stringstreamIcSt11char_traitsIcESaIcEEERNS_18MultiEnumSelectionE
FN:57,62,_ZN5neml218MultiEnumSelectionC2ERKSt6vectorINSt7__cxx1112basic_stringIcSt11char_traitsIcESaIcEEESaIS7_EESB_
FN:64,70,_ZN5neml218MultiEnumSelectionC2ERKSt6vectorINSt7__cxx1112basic_stringIcSt11char_traitsIcESaIcEEESaIS7_EERKS1_IiSaIiEESB_
FN:73,77,_ZNK5neml218MultiEnumSelectioneqERKS0_
FN:80,83,_ZNK5neml218MultiEnumSelectionneERKS0_
FN:86,98,_ZN5neml218MultiEnumSelection6selectERKSt6vectorINSt7__cxx1112basic_stringIcSt11char_traitsIcESaIcEEESaIS7_EE
FNDA:9,_ZNK5neml218MultiEnumSelection4sizeEv
FNDA:1,_ZN5neml2lsERSoRKNS_18MultiEnumSelectionE
FNDA:2,_ZN5neml2rsERNSt7__cxx1118basic_stringstreamIcSt11char_traitsIcESaIcEEERNS_18MultiEnumSelectionE
FNDA:176,_ZN5neml218MultiEnumSelectionC2ERKSt6vectorINSt7__cxx1112basic_stringIcSt11char_traitsIcESaIcEEESaIS7_EESB_
FNDA:15,_ZN5neml218MultiEnumSelectionC2ERKSt6vectorINSt7__cxx1112basic_stringIcSt11char_traitsIcESaIcEEESaIS7_EERKS1_IiSaIiEESB_
FNDA:4,_ZNK5neml218MultiEnumSelectioneqERKS0_
FNDA:3,_ZNK5neml218MultiEnumSelectionneERKS0_
FNDA:226,_ZN5neml218MultiEnumSelection6selectERKSt6vectorINSt7__cxx1112basic_stringIcSt11char_traitsIcESaIcEEESaIS7_EE
FNF:8
FNH:8
DA:34,1
DA:36,1
DA:37,1
DA:38,3
DA:40,2
DA:41,2
DA:42,1
DA:44,1
DA:45,1
DA:49,2
DA:51,2
DA:52,6
DA:53,2
DA:54,1
DA:55,2
DA:57,176
DA:58,176
DA:59,176
DA:61,176
DA:62,178
DA:64,15
DA:66,15
DA:67,15
DA:69,15
DA:70,17
DA:73,4
DA:75,5
DA:76,5
DA:80,3
DA:82,3
DA:86,226
DA:88,226
DA:89,226
DA:90,489
DA:92,266
DA:94,804
DA:95,263
DA:96,263
DA:98,223
DA:101,9
DA:103,9
LF:41
LH:41
end_of_record
TN:
SF:/home/runner/work/neml2/neml2/src/neml2/base/NEML2Object.cxx
FN:33,42,_ZN5neml211NEML2Object16expected_optionsEv
FN:44,50,_ZN5neml211NEML2ObjectC2ERKNS_9OptionSetE
FN:53,58,_ZNK5neml211NEML2Object12history_nameERKNSt7__cxx1112basic_stringIcSt11char_traitsIcESaIcEEEm
FN:61,64,_ZNK5neml211NEML2Object9rate_nameERKNSt7__cxx1112basic_stringIcSt11char_traitsIcESaIcEEE
FN:67,70,_ZNK5neml211NEML2Object13residual_nameERKNSt7__cxx1112basic_stringIcSt11char_traitsIcESaIcEEE
FN:74,80,_ZN5neml211NEML2Object14resolve_tensorINS_10QuaternionEEERKT_RKNSt7__cxx1112basic_stringIcSt11char_traitsIcESaIcEEE
FN:74,80,_ZN5neml211NEML2Object14resolve_tensorINS_11MillerIndexEEERKT_RKNSt7__cxx1112basic_stringIcSt11char_traitsIcESaIcEEE
FN:74,80,_ZN5neml211NEML2Object14resolve_tensorINS_2R2EEERKT_RKNSt7__cxx1112basic_stringIcSt11char_traitsIcESaIcEEE
FN:74,80,_ZN5neml211NEML2Object14resolve_tensorINS_2R3EEERKT_RKNSt7__cxx1112basic_stringIcSt11char_traitsIcESaIcEEE
FN:74,80,_ZN5neml211NEML2Object14resolve_tensorINS_2R4EEERKT_RKNSt7__cxx1112basic_stringIcSt11char_traitsIcESaIcEEE
FN:74,80,_ZN5neml211NEML2Object14resolve_tensorINS_3RotEEERKT_RKNSt7__cxx1112basic_stringIcSt11char_traitsIcESaIcEEE
FN:74,80,_ZN5neml211NEML2Object14resolve_tensorINS_3SR2EEERKT_RKNSt7__cxx1112basic_stringIcSt11char_traitsIcESaIcEEE
FN:74,80,_ZN5neml211NEML2Object14resolve_tensorINS_3VecEEERKT_RKNSt7__cxx1112basic_stringIcSt11char_traitsIcESaIcEEE
FN:74,80,_ZN5neml211NEML2Object14resolve_tensorINS_3WR2EEERKT_RKNSt7__cxx1112basic_stringIcSt11char_traitsIcESaIcEEE
FN:74,80,_ZN5neml211NEML2Object14resolve_tensorINS_4SFR3EEERKT_RKNSt7__cxx1112basic_stringIcSt11char_traitsIcESaIcEEE
FN:74,80,_ZN5neml211NEML2Object14resolve_tensorINS_4SSR4EEERKT_RKNSt7__cxx1112basic_stringIcSt11char_traitsIcESaIcEEE
FN:74,80,_ZN5neml211NEML2Object14resolve_tensorINS_4SWR4EEERKT_RKNSt7__cxx1112basic_stringIcSt11char_traitsIcESaIcEEE
FN:74,80,_ZN5neml211NEML2Object14resolve_tensorINS_4WSR4EEERKT_RKNSt7__cxx1112basic_stringIcSt11char_traitsIcESaIcEEE
FN:74,80,_ZN5neml211NEML2Object14resolve_tensorINS_4WWR4EEERKT_RKNSt7__cxx1112basic_stringIcSt11char_traitsIcESaIcEEE
FN:74,80,_ZN5neml211NEML2Object14resolve_tensorINS_5SFFR4EEERKT_RKNSt7__cxx1112basic_stringIcSt11char_traitsIcESaIcEEE
FN:74,80,_ZN5neml211NEML2Object14resolve_tensorINS_5WFFR4EEERKT_RKNSt7__cxx1112basic_stringIcSt11char_traitsIcESaIcEEE
FN:74,80,_ZN5neml211NEML2Object14resolve_tensorINS_6ScalarEEERKT_RKNSt7__cxx1112basic_stringIcSt11char_traitsIcESaIcEEE
FN:74,80,_ZN5neml211NEML2Object14resolve_tensorINS_6TensorEEERKT_RKNSt7__cxx1112basic_stringIcSt11char_traitsIcESaIcEEE
FNDA:530,_ZN5neml211NEML2Object16expected_optionsEv
FNDA:1466,_ZN5neml211NEML2ObjectC2ERKNS_9OptionSetE
FNDA:99,_ZNK5neml211NEML2Object12history_nameERKNSt7__cxx1112basic_stringIcSt11char_traitsIcESaIcEEEm
FNDA:114,_ZNK5neml211NEML2Object9rate_nameERKNSt7__cxx1112basic_stringIcSt11char_traitsIcESaIcEEE
FNDA:76,_ZNK5neml211NEML2Object13residual_nameERKNSt7__cxx1112basic_stringIcSt11char_traitsIcESaIcEEE
FNDA:0,_ZN5neml211NEML2Object14resolve_tensorINS_10QuaternionEEERKT_RKNSt7__cxx1112basic_stringIcSt11char_traitsIcESaIcEEE
FNDA:0,_ZN5neml211NEML2Object14resolve_tensorINS_11MillerIndexEEERKT_RKNSt7__cxx1112basic_stringIcSt11char_traitsIcESaIcEEE
FNDA:0,_ZN5neml211NEML2Object14resolve_tensorINS_2R2EEERKT_RKNSt7__cxx1112basic_stringIcSt11char_traitsIcESaIcEEE
FNDA:0,_ZN5neml211NEML2Object14resolve_tensorINS_2R3EEERKT_RKNSt7__cxx1112basic_stringIcSt11char_traitsIcESaIcEEE
FNDA:0,_ZN5neml211NEML2Object14resolve_tensorINS_2R4EEERKT_RKNSt7__cxx1112basic_stringIcSt11char_traitsIcESaIcEEE
FNDA:0,_ZN5neml211NEML2Object14resolve_tensorINS_3RotEEERKT_RKNSt7__cxx1112basic_stringIcSt11char_traitsIcESaIcEEE
FNDA:0,_ZN5neml211NEML2Object14resolve_tensorINS_3SR2EEERKT_RKNSt7__cxx1112basic_stringIcSt11char_traitsIcESaIcEEE
FNDA:0,_ZN5neml211NEML2Object14resolve_tensorINS_3VecEEERKT_RKNSt7__cxx1112basic_stringIcSt11char_traitsIcESaIcEEE
FNDA:0,_ZN5neml211NEML2Object14resolve_tensorINS_3WR2EEERKT_RKNSt7__cxx1112basic_stringIcSt11char_traitsIcESaIcEEE
FNDA:0,_ZN5neml211NEML2Object14resolve_tensorINS_4SFR3EEERKT_RKNSt7__cxx1112basic_stringIcSt11char_traitsIcESaIcEEE
FNDA:0,_ZN5neml211NEML2Object14resolve_tensorINS_4SSR4EEERKT_RKNSt7__cxx1112basic_stringIcSt11char_traitsIcESaIcEEE
FNDA:0,_ZN5neml211NEML2Object14resolve_tensorINS_4SWR4EEERKT_RKNSt7__cxx1112basic_stringIcSt11char_traitsIcESaIcEEE
FNDA:0,_ZN5neml211NEML2Object14resolve_tensorINS_4WSR4EEERKT_RKNSt7__cxx1112basic_stringIcSt11char_traitsIcESaIcEEE
FNDA:0,_ZN5neml211NEML2Object14resolve_tensorINS_4WWR4EEERKT_RKNSt7__cxx1112basic_stringIcSt11char_traitsIcESaIcEEE
FNDA:0,_ZN5neml211NEML2Object14resolve_tensorINS_5SFFR4EEERKT_RKNSt7__cxx1112basic_stringIcSt11char_traitsIcESaIcEEE
FNDA:0,_ZN5neml211NEML2Object14resolve_tensorINS_5WFFR4EEERKT_RKNSt7__cxx1112basic_stringIcSt11char_traitsIcESaIcEEE
FNDA:2,_ZN5neml211NEML2Object14resolve_tensorINS_6ScalarEEERKT_RKNSt7__cxx1112basic_stringIcSt11char_traitsIcESaIcEEE
FNDA:0,_ZN5neml211NEML2Object14resolve_tensorINS_6TensorEEERKT_RKNSt7__cxx1112basic_stringIcSt11char_traitsIcESaIcEEE
FNF:23
FNH:6
DA:33,530
DA:35,530
DA:37,1060
DA:38,1590
DA:39,1060
DA:41,530
DA:42,0
DA:44,1466
DA:45,1466
DA:46,2932
DA:47,2932
DA:48,2932
DA:50,1466
DA:53,99
DA:55,99
DA:56,0
DA:57,99
DA:61,114
DA:63,114
DA:67,76
DA:69,76
DA:74,2
DA:76,2
DA:77,0
DA:78,0
DA:79,2
LF:26
LH:22
end_of_record
TN:
SF:/home/runner/work/neml2/neml2/src/neml2/base/Option.cxx
FN:148,151,_ZN5neml27details13_print_helperIcEEvRSoPKT_
FN:155,158,_ZN5neml27details13_print_helperIhEEvRSoPKT_
FN:162,166,_ZN5neml27details13_print_helperIbEEvRSoPKSt6vectorIT_SaIS4_EE
FN:39,44,_ZN5neml26OptionIN3c1011SmallVectorIlLj8EEEEC2ERKNSt7__cxx1112basic_stringIcSt11char_traitsIcESaIcEEE
FN:39,44,_ZN5neml26OptionINS_10TensorNameIN2at6TensorEEEEC2ERKNSt7__cxx1112basic_stringIcSt11char_traitsIcESaIcEEE
FN:39,44,_ZN5neml26OptionINS_10TensorNameINS_10QuaternionEEEEC2ERKNSt7__cxx1112basic_stringIcSt11char_traitsIcESaIcEEE
FN:39,44,_ZN5neml26OptionINS_10TensorNameINS_11MillerIndexEEEEC2ERKNSt7__cxx1112basic_stringIcSt11char_traitsIcESaIcEEE
FN:39,44,_ZN5neml26OptionINS_10TensorNameINS_2R2EEEEC2ERKNSt7__cxx1112basic_stringIcSt11char_traitsIcESaIcEEE
FN:39,44,_ZN5neml26OptionINS_10TensorNameINS_2R3EEEEC2ERKNSt7__cxx1112basic_stringIcSt11char_traitsIcESaIcEEE
FN:39,44,_ZN5neml26OptionINS_10TensorNameINS_2R4EEEEC2ERKNSt7__cxx1112basic_stringIcSt11char_traitsIcESaIcEEE
FN:39,44,_ZN5neml26OptionINS_10TensorNameINS_3RotEEEEC2ERKNSt7__cxx1112basic_stringIcSt11char_traitsIcESaIcEEE
FN:39,44,_ZN5neml26OptionINS_10TensorNameINS_3SR2EEEEC2ERKNSt7__cxx1112basic_stringIcSt11char_traitsIcESaIcEEE
FN:39,44,_ZN5neml26OptionINS_10TensorNameINS_3VecEEEEC2ERKNSt7__cxx1112basic_stringIcSt11char_traitsIcESaIcEEE
FN:39,44,_ZN5neml26OptionINS_10TensorNameINS_3WR2EEEEC2ERKNSt7__cxx1112basic_stringIcSt11char_traitsIcESaIcEEE
FN:39,44,_ZN5neml26OptionINS_10TensorNameINS_4SFR3EEEEC2ERKNSt7__cxx1112basic_stringIcSt11char_traitsIcESaIcEEE
FN:39,44,_ZN5neml26OptionINS_10TensorNameINS_4SSR4EEEEC2ERKNSt7__cxx1112basic_stringIcSt11char_traitsIcESaIcEEE
FN:39,44,_ZN5neml26OptionINS_10TensorNameINS_4SWR4EEEEC2ERKNSt7__cxx1112basic_stringIcSt11char_traitsIcESaIcEEE
FN:39,44,_ZN5neml26OptionINS_10TensorNameINS_4WSR4EEEEC2ERKNSt7__cxx1112basic_stringIcSt11char_traitsIcESaIcEEE
FN:39,44,_ZN5neml26OptionINS_10TensorNameINS_4WWR4EEEEC2ERKNSt7__cxx1112basic_stringIcSt11char_traitsIcESaIcEEE
FN:39,44,_ZN5neml26OptionINS_10TensorNameINS_5SFFR4EEEEC2ERKNSt7__cxx1112basic_stringIcSt11char_traitsIcESaIcEEE
FN:39,44,_ZN5neml26OptionINS_10TensorNameINS_5WFFR4EEEEC2ERKNSt7__cxx1112basic_stringIcSt11char_traitsIcESaIcEEE
FN:39,44,_ZN5neml26OptionINS_10TensorNameINS_6ScalarEEEEC2ERKNSt7__cxx1112basic_stringIcSt11char_traitsIcESaIcEEE
FN:39,44,_ZN5neml26OptionINS_10TensorNameINS_6TensorEEEEC2ERKNSt7__cxx1112basic_stringIcSt11char_traitsIcESaIcEEE
FN:39,44,_ZN5neml26OptionINS_13EnumSelectionEEC2ERKNSt7__cxx1112basic_stringIcSt11char_traitsIcESaIcEEE
FN:39,44,_ZN5neml26OptionINS_18MultiEnumSelectionEEC2ERKNSt7__cxx1112basic_stringIcSt11char_traitsIcESaIcEEE
FN:39,44,_ZN5neml26OptionINSt7__cxx1112basic_stringIcSt11char_traitsIcESaIcEEEEC2ERKS6_
FN:39,44,_ZN5neml26OptionIPNS_11NEML2ObjectEEC2ERKNSt7__cxx1112basic_stringIcSt11char_traitsIcESaIcEEE
FN:39,44,_ZN5neml26OptionIPNS_7FactoryEEC2ERKNSt7__cxx1112basic_stringIcSt11char_traitsIcESaIcEEE
FN:39,44,_ZN5neml26OptionISt10shared_ptrINS_8SettingsEEEC2ERKNSt7__cxx1112basic_stringIcSt11char_traitsIcESaIcEEE
FN:39,44,_ZN5neml26OptionISt6vectorIN3c1011SmallVectorIlLj8EEESaIS4_EEEC2ERKNSt7__cxx1112basic_stringIcSt11char_traitsIcESaIcEEE
FN:39,44,_ZN5neml26OptionISt6vectorIN3c106DeviceESaIS3_EEEC2ERKNSt7__cxx1112basic_stringIcSt11char_traitsIcESaIcEEE
FN:39,44,_ZN5neml26OptionISt6vectorINS_10TensorNameIN2at6TensorEEESaIS5_EEEC2ERKNSt7__cxx1112basic_stringIcSt11char_traitsIcESaIcEEE
FN:39,44,_ZN5neml26OptionISt6vectorINS_10TensorNameINS_10QuaternionEEESaIS4_EEEC2ERKNSt7__cxx1112basic_stringIcSt11char_traitsIcESaIcEEE
FN:39,44,_ZN5neml26OptionISt6vectorINS_10TensorNameINS_11MillerIndexEEESaIS4_EEEC2ERKNSt7__cxx1112basic_stringIcSt11char_traitsIcESaIcEEE
FN:39,44,_ZN5neml26OptionISt6vectorINS_10TensorNameINS_2R2EEESaIS4_EEEC2ERKNSt7__cxx1112basic_stringIcSt11char_traitsIcESaIcEEE
FN:39,44,_ZN5neml26OptionISt6vectorINS_10TensorNameINS_2R3EEESaIS4_EEEC2ERKNSt7__cxx1112basic_stringIcSt11char_traitsIcESaIcEEE
FN:39,44,_ZN5neml26OptionISt6vectorINS_10TensorNameINS_2R4EEESaIS4_EEEC2ERKNSt7__cxx1112basic_stringIcSt11char_traitsIcESaIcEEE
FN:39,44,_ZN5neml26OptionISt6vectorINS_10TensorNameINS_3RotEEESaIS4_EEEC2ERKNSt7__cxx1112basic_stringIcSt11char_traitsIcESaIcEEE
FN:39,44,_ZN5neml26OptionISt6vectorINS_10TensorNameINS_3SR2EEESaIS4_EEEC2ERKNSt7__cxx1112basic_stringIcSt11char_traitsIcESaIcEEE
FN:39,44,_ZN5neml26OptionISt6vectorINS_10TensorNameINS_3VecEEESaIS4_EEEC2ERKNSt7__cxx1112basic_stringIcSt11char_traitsIcESaIcEEE
FN:39,44,_ZN5neml26OptionISt6vectorINS_10TensorNameINS_3WR2EEESaIS4_EEEC2ERKNSt7__cxx1112basic_stringIcSt11char_traitsIcESaIcEEE
FN:39,44,_ZN5neml26OptionISt6vectorINS_10TensorNameINS_4SFR3EEESaIS4_EEEC2ERKNSt7__cxx1112basic_stringIcSt11char_traitsIcESaIcEEE
FN:39,44,_ZN5neml26OptionISt6vectorINS_10TensorNameINS_4SSR4EEESaIS4_EEEC2ERKNSt7__cxx1112basic_stringIcSt11char_traitsIcESaIcEEE
FN:39,44,_ZN5neml26OptionISt6vectorINS_10TensorNameINS_4SWR4EEESaIS4_EEEC2ERKNSt7__cxx1112basic_stringIcSt11char_traitsIcESaIcEEE
FN:39,44,_ZN5neml26OptionISt6vectorINS_10TensorNameINS_4WSR4EEESaIS4_EEEC2ERKNSt7__cxx1112basic_stringIcSt11char_traitsIcESaIcEEE
FN:39,44,_ZN5neml26OptionISt6vectorINS_10TensorNameINS_4WWR4EEESaIS4_EEEC2ERKNSt7__cxx1112basic_stringIcSt11char_traitsIcESaIcEEE
FN:39,44,_ZN5neml26OptionISt6vectorINS_10TensorNameINS_5SFFR4EEESaIS4_EEEC2ERKNSt7__cxx1112basic_stringIcSt11char_traitsIcESaIcEEE
FN:39,44,_ZN5neml26OptionISt6vectorINS_10TensorNameINS_5WFFR4EEESaIS4_EEEC2ERKNSt7__cxx1112basic_stringIcSt11char_traitsIcESaIcEEE
FN:39,44,_ZN5neml26OptionISt6vectorINS_10TensorNameINS_6ScalarEEESaIS4_EEEC2ERKNSt7__cxx1112basic_stringIcSt11char_traitsIcESaIcEEE
FN:39,44,_ZN5neml26OptionISt6vectorINS_10TensorNameINS_6TensorEEESaIS4_EEEC2ERKNSt7__cxx1112basic_stringIcSt11char_traitsIcESaIcEEE
FN:39,44,_ZN5neml26OptionISt6vectorINSt7__cxx1112basic_stringIcSt11char_traitsIcESaIcEEESaIS7_EEEC2ERKS7_
FN:39,44,_ZN5neml26OptionISt6vectorIS1_IN3c1011SmallVectorIlLj8EEESaIS4_EESaIS6_EEEC2ERKNSt7__cxx1112basic_stringIcSt11char_traitsIcESaIcEEE
FN:39,44,_ZN5neml26OptionISt6vectorIS1_IN3c106DeviceESaIS3_EESaIS5_EEEC2ERKNSt7__cxx1112basic_stringIcSt11char_traitsIcESaIcEEE
FN:39,44,_ZN5neml26OptionISt6vectorIS1_INS_10TensorNameIN2at6TensorEEESaIS5_EESaIS7_EEEC2ERKNSt7__cxx1112basic_stringIcSt11char_traitsIcESaIcEEE
FN:39,44,_ZN5neml26OptionISt6vectorIS1_INS_10TensorNameINS_10QuaternionEEESaIS4_EESaIS6_EEEC2ERKNSt7__cxx1112basic_stringIcSt11char_traitsIcESaIcEEE
FN:39,44,_ZN5neml26OptionISt6vectorIS1_INS_10TensorNameINS_11MillerIndexEEESaIS4_EESaIS6_EEEC2ERKNSt7__cxx1112basic_stringIcSt11char_traitsIcESaIcEEE
FN:39,44,_ZN5neml26OptionISt6vectorIS1_INS_10TensorNameINS_2R2EEESaIS4_EESaIS6_EEEC2ERKNSt7__cxx1112basic_stringIcSt11char_traitsIcESaIcEEE
FN:39,44,_ZN5neml26OptionISt6vectorIS1_INS_10TensorNameINS_2R3EEESaIS4_EESaIS6_EEEC2ERKNSt7__cxx1112basic_stringIcSt11char_traitsIcESaIcEEE
FN:39,44,_ZN5neml26OptionISt6vectorIS1_INS_10TensorNameINS_2R4EEESaIS4_EESaIS6_EEEC2ERKNSt7__cxx1112basic_stringIcSt11char_traitsIcESaIcEEE
FN:39,44,_ZN5neml26OptionISt6vectorIS1_INS_10TensorNameINS_3RotEEESaIS4_EESaIS6_EEEC2ERKNSt7__cxx1112basic_stringIcSt11char_traitsIcESaIcEEE
FN:39,44,_ZN5neml26OptionISt6vectorIS1_INS_10TensorNameINS_3SR2EEESaIS4_EESaIS6_EEEC2ERKNSt7__cxx1112basic_stringIcSt11char_traitsIcESaIcEEE
FN:39,44,_ZN5neml26OptionISt6vectorIS1_INS_10TensorNameINS_3VecEEESaIS4_EESaIS6_EEEC2ERKNSt7__cxx1112basic_stringIcSt11char_traitsIcESaIcEEE
FN:39,44,_ZN5neml26OptionISt6vectorIS1_INS_10TensorNameINS_3WR2EEESaIS4_EESaIS6_EEEC2ERKNSt7__cxx1112basic_stringIcSt11char_traitsIcESaIcEEE
FN:39,44,_ZN5neml26OptionISt6vectorIS1_INS_10TensorNameINS_4SFR3EEESaIS4_EESaIS6_EEEC2ERKNSt7__cxx1112basic_stringIcSt11char_traitsIcESaIcEEE
FN:39,44,_ZN5neml26OptionISt6vectorIS1_INS_10TensorNameINS_4SSR4EEESaIS4_EESaIS6_EEEC2ERKNSt7__cxx1112basic_stringIcSt11char_traitsIcESaIcEEE
FN:39,44,_ZN5neml26OptionISt6vectorIS1_INS_10TensorNameINS_4SWR4EEESaIS4_EESaIS6_EEEC2ERKNSt7__cxx1112basic_stringIcSt11char_traitsIcESaIcEEE
FN:39,44,_ZN5neml26OptionISt6vectorIS1_INS_10TensorNameINS_4WSR4EEESaIS4_EESaIS6_EEEC2ERKNSt7__cxx1112basic_stringIcSt11char_traitsIcESaIcEEE
FN:39,44,_ZN5neml26OptionISt6vectorIS1_INS_10TensorNameINS_4WWR4EEESaIS4_EESaIS6_EEEC2ERKNSt7__cxx1112basic_stringIcSt11char_traitsIcESaIcEEE
FN:39,44,_ZN5neml26OptionISt6vectorIS1_INS_10TensorNameINS_5SFFR4EEESaIS4_EESaIS6_EEEC2ERKNSt7__cxx1112basic_stringIcSt11char_traitsIcESaIcEEE
FN:39,44,_ZN5neml26OptionISt6vectorIS1_INS_10TensorNameINS_5WFFR4EEESaIS4_EESaIS6_EEEC2ERKNSt7__cxx1112basic_stringIcSt11char_traitsIcESaIcEEE
FN:39,44,_ZN5neml26OptionISt6vectorIS1_INS_10TensorNameINS_6ScalarEEESaIS4_EESaIS6_EEEC2ERKNSt7__cxx1112basic_stringIcSt11char_traitsIcESaIcEEE
FN:39,44,_ZN5neml26OptionISt6vectorIS1_INS_10TensorNameINS_6TensorEEESaIS4_EESaIS6_EEEC2ERKNSt7__cxx1112basic_stringIcSt11char_traitsIcESaIcEEE
FN:39,44,_ZN5neml26OptionISt6vectorIS1_INSt7__cxx1112basic_stringIcSt11char_traitsIcESaIcEEESaIS7_EESaIS9_EEEC2ERKS7_
FN:39,44,_ZN5neml26OptionISt6vectorIS1_IbSaIbEESaIS3_EEEC2ERKNSt7__cxx1112basic_stringIcSt11char_traitsIcESaIcEEE
FN:39,44,_ZN5neml26OptionISt6vectorIS1_IdSaIdEESaIS3_EEEC2ERKNSt7__cxx1112basic_stringIcSt11char_traitsIcESaIcEEE
FN:39,44,_ZN5neml26OptionISt6vectorIS1_IiSaIiEESaIS3_EEEC2ERKNSt7__cxx1112basic_stringIcSt11char_traitsIcESaIcEEE
FN:39,44,_ZN5neml26OptionISt6vectorIS1_IjSaIjEESaIS3_EEEC2ERKNSt7__cxx1112basic_stringIcSt11char_traitsIcESaIcEEE
FN:39,44,_ZN5neml26OptionISt6vectorIS1_IlSaIlEESaIS3_EEEC2ERKNSt7__cxx1112basic_stringIcSt11char_traitsIcESaIcEEE
FN:39,44,_ZN5neml26OptionISt6vectorIS1_ImSaImEESaIS3_EEEC2ERKNSt7__cxx1112basic_stringIcSt11char_traitsIcESaIcEEE
FN:39,44,_ZN5neml26OptionISt6vectorIbSaIbEEEC2ERKNSt7__cxx1112basic_stringIcSt11char_traitsIcESaIcEEE
FN:39,44,_ZN5neml26OptionISt6vectorIdSaIdEEEC2ERKNSt7__cxx1112basic_stringIcSt11char_traitsIcESaIcEEE
FN:39,44,_ZN5neml26OptionISt6vectorIiSaIiEEEC2ERKNSt7__cxx1112basic_stringIcSt11char_traitsIcESaIcEEE
FN:39,44,_ZN5neml26OptionISt6vectorIjSaIjEEEC2ERKNSt7__cxx1112basic_stringIcSt11char_traitsIcESaIcEEE
FN:39,44,_ZN5neml26OptionISt6vectorIlSaIlEEEC2ERKNSt7__cxx1112basic_stringIcSt11char_traitsIcESaIcEEE
FN:39,44,_ZN5neml26OptionISt6vectorImSaImEEEC2ERKNSt7__cxx1112basic_stringIcSt11char_traitsIcESaIcEEE
FN:39,44,_ZN5neml26OptionIbEC2ERKNSt7__cxx1112basic_stringIcSt11char_traitsIcESaIcEEE
FN:39,44,_ZN5neml26OptionIdEC2ERKNSt7__cxx1112basic_stringIcSt11char_traitsIcESaIcEEE
FN:39,44,_ZN5neml26OptionIiEC2ERKNSt7__cxx1112basic_stringIcSt11char_traitsIcESaIcEEE
FN:39,44,_ZN5neml26OptionIjEC2ERKNSt7__cxx1112basic_stringIcSt11char_traitsIcESaIcEEE
FN:39,44,_ZN5neml26OptionIlEC2ERKNSt7__cxx1112basic_stringIcSt11char_traitsIcESaIcEEE
FN:39,44,_ZN5neml26OptionImEC2ERKNSt7__cxx1112basic_stringIcSt11char_traitsIcESaIcEEE
FN:47,52,_ZN5neml26OptionIN3c106DeviceEEC2ERKNSt7__cxx1112basic_stringIcSt11char_traitsIcESaIcEEE
FN:56,63,_ZNK5neml26OptionIN3c1011SmallVectorIlLj8EEEEeqERKNS_10OptionBaseE
FN:56,63,_ZNK5neml26OptionIN3c106DeviceEEeqERKNS_10OptionBaseE
FN:56,63,_ZNK5neml26OptionINS_10TensorNameIN2at6TensorEEEEeqERKNS_10OptionBaseE
FN:56,63,_ZNK5neml26OptionINS_10TensorNameINS_10QuaternionEEEEeqERKNS_10OptionBaseE
FN:56,63,_ZNK5neml26OptionINS_10TensorNameINS_11MillerIndexEEEEeqERKNS_10OptionBaseE
FN:56,63,_ZNK5neml26OptionINS_10TensorNameINS_2R2EEEEeqERKNS_10OptionBaseE
FN:56,63,_ZNK5neml26OptionINS_10TensorNameINS_2R3EEEEeqERKNS_10OptionBaseE
FN:56,63,_ZNK5neml26OptionINS_10TensorNameINS_2R4EEEEeqERKNS_10OptionBaseE
FN:56,63,_ZNK5neml26OptionINS_10TensorNameINS_3RotEEEEeqERKNS_10OptionBaseE
FN:56,63,_ZNK5neml26OptionINS_10TensorNameINS_3SR2EEEEeqERKNS_10OptionBaseE
FN:56,63,_ZNK5neml26OptionINS_10TensorNameINS_3VecEEEEeqERKNS_10OptionBaseE
FN:56,63,_ZNK5neml26OptionINS_10TensorNameINS_3WR2EEEEeqERKNS_10OptionBaseE
FN:56,63,_ZNK5neml26OptionINS_10TensorNameINS_4SFR3EEEEeqERKNS_10OptionBaseE
FN:56,63,_ZNK5neml26OptionINS_10TensorNameINS_4SSR4EEEEeqERKNS_10OptionBaseE
FN:56,63,_ZNK5neml26OptionINS_10TensorNameINS_4SWR4EEEEeqERKNS_10OptionBaseE
FN:56,63,_ZNK5neml26OptionINS_10TensorNameINS_4WSR4EEEEeqERKNS_10OptionBaseE
FN:56,63,_ZNK5neml26OptionINS_10TensorNameINS_4WWR4EEEEeqERKNS_10OptionBaseE
FN:56,63,_ZNK5neml26OptionINS_10TensorNameINS_5SFFR4EEEEeqERKNS_10OptionBaseE
FN:56,63,_ZNK5neml26OptionINS_10TensorNameINS_5WFFR4EEEEeqERKNS_10OptionBaseE
FN:56,63,_ZNK5neml26OptionINS_10TensorNameINS_6ScalarEEEEeqERKNS_10OptionBaseE
FN:56,63,_ZNK5neml26OptionINS_10TensorNameINS_6TensorEEEEeqERKNS_10OptionBaseE
FN:56,63,_ZNK5neml26OptionINS_13EnumSelectionEEeqERKNS_10OptionBaseE
FN:56,63,_ZNK5neml26OptionINS_18MultiEnumSelectionEEeqERKNS_10OptionBaseE
FN:56,63,_ZNK5neml26OptionINSt7__cxx1112basic_stringIcSt11char_traitsIcESaIcEEEEeqERKNS_10OptionBaseE
FN:56,63,_ZNK5neml26OptionIPNS_11NEML2ObjectEEeqERKNS_10OptionBaseE
FN:56,63,_ZNK5neml26OptionIPNS_7FactoryEEeqERKNS_10OptionBaseE
FN:56,63,_ZNK5neml26OptionISt10shared_ptrINS_8SettingsEEEeqERKNS_10OptionBaseE
FN:56,63,_ZNK5neml26OptionISt6vectorIN3c1011SmallVectorIlLj8EEESaIS4_EEEeqERKNS_10OptionBaseE
FN:56,63,_ZNK5neml26OptionISt6vectorIN3c106DeviceESaIS3_EEEeqERKNS_10OptionBaseE
FN:56,63,_ZNK5neml26OptionISt6vectorINS_10TensorNameIN2at6TensorEEESaIS5_EEEeqERKNS_10OptionBaseE
FN:56,63,_ZNK5neml26OptionISt6vectorINS_10TensorNameINS_10QuaternionEEESaIS4_EEEeqERKNS_10OptionBaseE
FN:56,63,_ZNK5neml26OptionISt6vectorINS_10TensorNameINS_11MillerIndexEEESaIS4_EEEeqERKNS_10OptionBaseE
FN:56,63,_ZNK5neml26OptionISt6vectorINS_10TensorNameINS_2R2EEESaIS4_EEEeqERKNS_10OptionBaseE
FN:56,63,_ZNK5neml26OptionISt6vectorINS_10TensorNameINS_2R3EEESaIS4_EEEeqERKNS_10OptionBaseE
FN:56,63,_ZNK5neml26OptionISt6vectorINS_10TensorNameINS_2R4EEESaIS4_EEEeqERKNS_10OptionBaseE
FN:56,63,_ZNK5neml26OptionISt6vectorINS_10TensorNameINS_3RotEEESaIS4_EEEeqERKNS_10OptionBaseE
FN:56,63,_ZNK5neml26OptionISt6vectorINS_10TensorNameINS_3SR2EEESaIS4_EEEeqERKNS_10OptionBaseE
FN:56,63,_ZNK5neml26OptionISt6vectorINS_10TensorNameINS_3VecEEESaIS4_EEEeqERKNS_10OptionBaseE
FN:56,63,_ZNK5neml26OptionISt6vectorINS_10TensorNameINS_3WR2EEESaIS4_EEEeqERKNS_10OptionBaseE
FN:56,63,_ZNK5neml26OptionISt6vectorINS_10TensorNameINS_4SFR3EEESaIS4_EEEeqERKNS_10OptionBaseE
FN:56,63,_ZNK5neml26OptionISt6vectorINS_10TensorNameINS_4SSR4EEESaIS4_EEEeqERKNS_10OptionBaseE
FN:56,63,_ZNK5neml26OptionISt6vectorINS_10TensorNameINS_4SWR4EEESaIS4_EEEeqERKNS_10OptionBaseE
FN:56,63,_ZNK5neml26OptionISt6vectorINS_10TensorNameINS_4WSR4EEESaIS4_EEEeqERKNS_10OptionBaseE
FN:56,63,_ZNK5neml26OptionISt6vectorINS_10TensorNameINS_4WWR4EEESaIS4_EEEeqERKNS_10OptionBaseE
FN:56,63,_ZNK5neml26OptionISt6vectorINS_10TensorNameINS_5SFFR4EEESaIS4_EEEeqERKNS_10OptionBaseE
FN:56,63,_ZNK5neml26OptionISt6vectorINS_10TensorNameINS_5WFFR4EEESaIS4_EEEeqERKNS_10OptionBaseE
FN:56,63,_ZNK5neml26OptionISt6vectorINS_10TensorNameINS_6ScalarEEESaIS4_EEEeqERKNS_10OptionBaseE
FN:56,63,_ZNK5neml26OptionISt6vectorINS_10TensorNameINS_6TensorEEESaIS4_EEEeqERKNS_10OptionBaseE
FN:56,63,_ZNK5neml26OptionISt6vectorINSt7__cxx1112basic_stringIcSt11char_traitsIcESaIcEEESaIS7_EEEeqERKNS_10OptionBaseE
FN:56,63,_ZNK5neml26OptionISt6vectorIS1_IN3c1011SmallVectorIlLj8EEESaIS4_EESaIS6_EEEeqERKNS_10OptionBaseE
FN:56,63,_ZNK5neml26OptionISt6vectorIS1_IN3c106DeviceESaIS3_EESaIS5_EEEeqERKNS_10OptionBaseE
FN:56,63,_ZNK5neml26OptionISt6vectorIS1_INS_10TensorNameIN2at6TensorEEESaIS5_EESaIS7_EEEeqERKNS_10OptionBaseE
FN:56,63,_ZNK5neml26OptionISt6vectorIS1_INS_10TensorNameINS_10QuaternionEEESaIS4_EESaIS6_EEEeqERKNS_10OptionBaseE
FN:56,63,_ZNK5neml26OptionISt6vectorIS1_INS_10TensorNameINS_11MillerIndexEEESaIS4_EESaIS6_EEEeqERKNS_10OptionBaseE
FN:56,63,_ZNK5neml26OptionISt6vectorIS1_INS_10TensorNameINS_2R2EEESaIS4_EESaIS6_EEEeqERKNS_10OptionBaseE
FN:56,63,_ZNK5neml26OptionISt6vectorIS1_INS_10TensorNameINS_2R3EEESaIS4_EESaIS6_EEEeqERKNS_10OptionBaseE
FN:56,63,_ZNK5neml26OptionISt6vectorIS1_INS_10TensorNameINS_2R4EEESaIS4_EESaIS6_EEEeqERKNS_10OptionBaseE
FN:56,63,_ZNK5neml26OptionISt6vectorIS1_INS_10TensorNameINS_3RotEEESaIS4_EESaIS6_EEEeqERKNS_10OptionBaseE
FN:56,63,_ZNK5neml26OptionISt6vectorIS1_INS_10TensorNameINS_3SR2EEESaIS4_EESaIS6_EEEeqERKNS_10OptionBaseE
FN:56,63,_ZNK5neml26OptionISt6vectorIS1_INS_10TensorNameINS_3VecEEESaIS4_EESaIS6_EEEeqERKNS_10OptionBaseE
FN:56,63,_ZNK5neml26OptionISt6vectorIS1_INS_10TensorNameINS_3WR2EEESaIS4_EESaIS6_EEEeqERKNS_10OptionBaseE
FN:56,63,_ZNK5neml26OptionISt6vectorIS1_INS_10TensorNameINS_4SFR3EEESaIS4_EESaIS6_EEEeqERKNS_10OptionBaseE
FN:56,63,_ZNK5neml26OptionISt6vectorIS1_INS_10TensorNameINS_4SSR4EEESaIS4_EESaIS6_EEEeqERKNS_10OptionBaseE
FN:56,63,_ZNK5neml26OptionISt6vectorIS1_INS_10TensorNameINS_4SWR4EEESaIS4_EESaIS6_EEEeqERKNS_10OptionBaseE
FN:56,63,_ZNK5neml26OptionISt6vectorIS1_INS_10TensorNameINS_4WSR4EEESaIS4_EESaIS6_EEEeqERKNS_10OptionBaseE
FN:56,63,_ZNK5neml26OptionISt6vectorIS1_INS_10TensorNameINS_4WWR4EEESaIS4_EESaIS6_EEEeqERKNS_10OptionBaseE
FN:56,63,_ZNK5neml26OptionISt6vectorIS1_INS_10TensorNameINS_5SFFR4EEESaIS4_EESaIS6_EEEeqERKNS_10OptionBaseE
FN:56,63,_ZNK5neml26OptionISt6vectorIS1_INS_10TensorNameINS_5WFFR4EEESaIS4_EESaIS6_EEEeqERKNS_10OptionBaseE
FN:56,63,_ZNK5neml26OptionISt6vectorIS1_INS_10TensorNameINS_6ScalarEEESaIS4_EESaIS6_EEEeqERKNS_10OptionBaseE
FN:56,63,_ZNK5neml26OptionISt6vectorIS1_INS_10TensorNameINS_6TensorEEESaIS4_EESaIS6_EEEeqERKNS_10OptionBaseE
FN:56,63,_ZNK5neml26OptionISt6vectorIS1_INSt7__cxx1112basic_stringIcSt11char_traitsIcESaIcEEESaIS7_EESaIS9_EEEeqERKNS_10OptionBaseE
FN:56,63,_ZNK5neml26OptionISt6vectorIS1_IbSaIbEESaIS3_EEEeqERKNS_10OptionBaseE
FN:56,63,_ZNK5neml26OptionISt6vectorIS1_IdSaIdEESaIS3_EEEeqERKNS_10OptionBaseE
FN:56,63,_ZNK5neml26OptionISt6vectorIS1_IiSaIiEESaIS3_EEEeqERKNS_10OptionBaseE
FN:56,63,_ZNK5neml26OptionISt6vectorIS1_IjSaIjEESaIS3_EEEeqERKNS_10OptionBaseE
FN:56,63,_ZNK5neml26OptionISt6vectorIS1_IlSaIlEESaIS3_EEEeqERKNS_10OptionBaseE
FN:56,63,_ZNK5neml26OptionISt6vectorIS1_ImSaImEESaIS3_EEEeqERKNS_10OptionBaseE
FN:56,63,_ZNK5neml26OptionISt6vectorIbSaIbEEEeqERKNS_10OptionBaseE
FN:56,63,_ZNK5neml26OptionISt6vectorIdSaIdEEEeqERKNS_10OptionBaseE
FN:56,63,_ZNK5neml26OptionISt6vectorIiSaIiEEEeqERKNS_10OptionBaseE
FN:56,63,_ZNK5neml26OptionISt6vectorIjSaIjEEEeqERKNS_10OptionBaseE
FN:56,63,_ZNK5neml26OptionISt6vectorIlSaIlEEEeqERKNS_10OptionBaseE
FN:56,63,_ZNK5neml26OptionISt6vectorImSaImEEEeqERKNS_10OptionBaseE
FN:56,63,_ZNK5neml26OptionIbEeqERKNS_10OptionBaseE
FN:56,63,_ZNK5neml26OptionIdEeqERKNS_10OptionBaseE
FN:56,63,_ZNK5neml26OptionIiEeqERKNS_10OptionBaseE
FN:56,63,_ZNK5neml26OptionIjEeqERKNS_10OptionBaseE
FN:56,63,_ZNK5neml26OptionIlEeqERKNS_10OptionBaseE
FN:56,63,_ZNK5neml26OptionImEeqERKNS_10OptionBaseE
FN:67,70,_ZNK5neml26OptionIN3c1011SmallVectorIlLj8EEEEneERKNS_10OptionBaseE
FN:67,70,_ZNK5neml26OptionIN3c106DeviceEEneERKNS_10OptionBaseE
FN:67,70,_ZNK5neml26OptionINS_10TensorNameIN2at6TensorEEEEneERKNS_10OptionBaseE
FN:67,70,_ZNK5neml26OptionINS_10TensorNameINS_10QuaternionEEEEneERKNS_10OptionBaseE
FN:67,70,_ZNK5neml26OptionINS_10TensorNameINS_11MillerIndexEEEEneERKNS_10OptionBaseE
FN:67,70,_ZNK5neml26OptionINS_10TensorNameINS_2R2EEEEneERKNS_10OptionBaseE
FN:67,70,_ZNK5neml26OptionINS_10TensorNameINS_2R3EEEEneERKNS_10OptionBaseE
FN:67,70,_ZNK5neml26OptionINS_10TensorNameINS_2R4EEEEneERKNS_10OptionBaseE
FN:67,70,_ZNK5neml26OptionINS_10TensorNameINS_3RotEEEEneERKNS_10OptionBaseE
FN:67,70,_ZNK5neml26OptionINS_10TensorNameINS_3SR2EEEEneERKNS_10OptionBaseE
FN:67,70,_ZNK5neml26OptionINS_10TensorNameINS_3VecEEEEneERKNS_10OptionBaseE
FN:67,70,_ZNK5neml26OptionINS_10TensorNameINS_3WR2EEEEneERKNS_10OptionBaseE
FN:67,70,_ZNK5neml26OptionINS_10TensorNameINS_4SFR3EEEEneERKNS_10OptionBaseE
FN:67,70,_ZNK5neml26OptionINS_10TensorNameINS_4SSR4EEEEneERKNS_10OptionBaseE
FN:67,70,_ZNK5neml26OptionINS_10TensorNameINS_4SWR4EEEEneERKNS_10OptionBaseE
FN:67,70,_ZNK5neml26OptionINS_10TensorNameINS_4WSR4EEEEneERKNS_10OptionBaseE
FN:67,70,_ZNK5neml26OptionINS_10TensorNameINS_4WWR4EEEEneERKNS_10OptionBaseE
FN:67,70,_ZNK5neml26OptionINS_10TensorNameINS_5SFFR4EEEEneERKNS_10OptionBaseE
FN:67,70,_ZNK5neml26OptionINS_10TensorNameINS_5WFFR4EEEEneERKNS_10OptionBaseE
FN:67,70,_ZNK5neml26OptionINS_10TensorNameINS_6ScalarEEEEneERKNS_10OptionBaseE
FN:67,70,_ZNK5neml26OptionINS_10TensorNameINS_6TensorEEEEneERKNS_10OptionBaseE
FN:67,70,_ZNK5neml26OptionINS_13EnumSelectionEEneERKNS_10OptionBaseE
FN:67,70,_ZNK5neml26OptionINS_18MultiEnumSelectionEEneERKNS_10OptionBaseE
FN:67,70,_ZNK5neml26OptionINSt7__cxx1112basic_stringIcSt11char_traitsIcESaIcEEEEneERKNS_10OptionBaseE
FN:67,70,_ZNK5neml26OptionIPNS_11NEML2ObjectEEneERKNS_10OptionBaseE
FN:67,70,_ZNK5neml26OptionIPNS_7FactoryEEneERKNS_10OptionBaseE
FN:67,70,_ZNK5neml26OptionISt10shared_ptrINS_8SettingsEEEneERKNS_10OptionBaseE
FN:67,70,_ZNK5neml26OptionISt6vectorIN3c1011SmallVectorIlLj8EEESaIS4_EEEneERKNS_10OptionBaseE
FN:67,70,_ZNK5neml26OptionISt6vectorIN3c106DeviceESaIS3_EEEneERKNS_10OptionBaseE
FN:67,70,_ZNK5neml26OptionISt6vectorINS_10TensorNameIN2at6TensorEEESaIS5_EEEneERKNS_10OptionBaseE
FN:67,70,_ZNK5neml26OptionISt6vectorINS_10TensorNameINS_10QuaternionEEESaIS4_EEEneERKNS_10OptionBaseE
FN:67,70,_ZNK5neml26OptionISt6vectorINS_10TensorNameINS_11MillerIndexEEESaIS4_EEEneERKNS_10OptionBaseE
FN:67,70,_ZNK5neml26OptionISt6vectorINS_10TensorNameINS_2R2EEESaIS4_EEEneERKNS_10OptionBaseE
FN:67,70,_ZNK5neml26OptionISt6vectorINS_10TensorNameINS_2R3EEESaIS4_EEEneERKNS_10OptionBaseE
FN:67,70,_ZNK5neml26OptionISt6vectorINS_10TensorNameINS_2R4EEESaIS4_EEEneERKNS_10OptionBaseE
FN:67,70,_ZNK5neml26OptionISt6vectorINS_10TensorNameINS_3RotEEESaIS4_EEEneERKNS_10OptionBaseE
FN:67,70,_ZNK5neml26OptionISt6vectorINS_10TensorNameINS_3SR2EEESaIS4_EEEneERKNS_10OptionBaseE
FN:67,70,_ZNK5neml26OptionISt6vectorINS_10TensorNameINS_3VecEEESaIS4_EEEneERKNS_10OptionBaseE
FN:67,70,_ZNK5neml26OptionISt6vectorINS_10TensorNameINS_3WR2EEESaIS4_EEEneERKNS_10OptionBaseE
FN:67,70,_ZNK5neml26OptionISt6vectorINS_10TensorNameINS_4SFR3EEESaIS4_EEEneERKNS_10OptionBaseE
FN:67,70,_ZNK5neml26OptionISt6vectorINS_10TensorNameINS_4SSR4EEESaIS4_EEEneERKNS_10OptionBaseE
FN:67,70,_ZNK5neml26OptionISt6vectorINS_10TensorNameINS_4SWR4EEESaIS4_EEEneERKNS_10OptionBaseE
FN:67,70,_ZNK5neml26OptionISt6vectorINS_10TensorNameINS_4WSR4EEESaIS4_EEEneERKNS_10OptionBaseE
FN:67,70,_ZNK5neml26OptionISt6vectorINS_10TensorNameINS_4WWR4EEESaIS4_EEEneERKNS_10OptionBaseE
FN:67,70,_ZNK5neml26OptionISt6vectorINS_10TensorNameINS_5SFFR4EEESaIS4_EEEneERKNS_10OptionBaseE
FN:67,70,_ZNK5neml26OptionISt6vectorINS_10TensorNameINS_5WFFR4EEESaIS4_EEEneERKNS_10OptionBaseE
FN:67,70,_ZNK5neml26OptionISt6vectorINS_10TensorNameINS_6ScalarEEESaIS4_EEEneERKNS_10OptionBaseE
FN:67,70,_ZNK5neml26OptionISt6vectorINS_10TensorNameINS_6TensorEEESaIS4_EEEneERKNS_10OptionBaseE
FN:67,70,_ZNK5neml26OptionISt6vectorINSt7__cxx1112basic_stringIcSt11char_traitsIcESaIcEEESaIS7_EEEneERKNS_10OptionBaseE
FN:67,70,_ZNK5neml26OptionISt6vectorIS1_IN3c1011SmallVectorIlLj8EEESaIS4_EESaIS6_EEEneERKNS_10OptionBaseE
FN:67,70,_ZNK5neml26OptionISt6vectorIS1_IN3c106DeviceESaIS3_EESaIS5_EEEneERKNS_10OptionBaseE
FN:67,70,_ZNK5neml26OptionISt6vectorIS1_INS_10TensorNameIN2at6TensorEEESaIS5_EESaIS7_EEEneERKNS_10OptionBaseE
FN:67,70,_ZNK5neml26OptionISt6vectorIS1_INS_10TensorNameINS_10QuaternionEEESaIS4_EESaIS6_EEEneERKNS_10OptionBaseE
FN:67,70,_ZNK5neml26OptionISt6vectorIS1_INS_10TensorNameINS_11MillerIndexEEESaIS4_EESaIS6_EEEneERKNS_10OptionBaseE
FN:67,70,_ZNK5neml26OptionISt6vectorIS1_INS_10TensorNameINS_2R2EEESaIS4_EESaIS6_EEEneERKNS_10OptionBaseE
FN:67,70,_ZNK5neml26OptionISt6vectorIS1_INS_10TensorNameINS_2R3EEESaIS4_EESaIS6_EEEneERKNS_10OptionBaseE
FN:67,70,_ZNK5neml26OptionISt6vectorIS1_INS_10TensorNameINS_2R4EEESaIS4_EESaIS6_EEEneERKNS_10OptionBaseE
FN:67,70,_ZNK5neml26OptionISt6vectorIS1_INS_10TensorNameINS_3RotEEESaIS4_EESaIS6_EEEneERKNS_10OptionBaseE
FN:67,70,_ZNK5neml26OptionISt6vectorIS1_INS_10TensorNameINS_3SR2EEESaIS4_EESaIS6_EEEneERKNS_10OptionBaseE
FN:67,70,_ZNK5neml26OptionISt6vectorIS1_INS_10TensorNameINS_3VecEEESaIS4_EESaIS6_EEEneERKNS_10OptionBaseE
FN:67,70,_ZNK5neml26OptionISt6vectorIS1_INS_10TensorNameINS_3WR2EEESaIS4_EESaIS6_EEEneERKNS_10OptionBaseE
FN:67,70,_ZNK5neml26OptionISt6vectorIS1_INS_10TensorNameINS_4SFR3EEESaIS4_EESaIS6_EEEneERKNS_10OptionBaseE
FN:67,70,_ZNK5neml26OptionISt6vectorIS1_INS_10TensorNameINS_4SSR4EEESaIS4_EESaIS6_EEEneERKNS_10OptionBaseE
FN:67,70,_ZNK5neml26OptionISt6vectorIS1_INS_10TensorNameINS_4SWR4EEESaIS4_EESaIS6_EEEneERKNS_10OptionBaseE
FN:67,70,_ZNK5neml26OptionISt6vectorIS1_INS_10TensorNameINS_4WSR4EEESaIS4_EESaIS6_EEEneERKNS_10OptionBaseE
FN:67,70,_ZNK5neml26OptionISt6vectorIS1_INS_10TensorNameINS_4WWR4EEESaIS4_EESaIS6_EEEneERKNS_10OptionBaseE
FN:67,70,_ZNK5neml26OptionISt6vectorIS1_INS_10TensorNameINS_5SFFR4EEESaIS4_EESaIS6_EEEneERKNS_10OptionBaseE
FN:67,70,_ZNK5neml26OptionISt6vectorIS1_INS_10TensorNameINS_5WFFR4EEESaIS4_EESaIS6_EEEneERKNS_10OptionBaseE
FN:67,70,_ZNK5neml26OptionISt6vectorIS1_INS_10TensorNameINS_6ScalarEEESaIS4_EESaIS6_EEEneERKNS_10OptionBaseE
FN:67,70,_ZNK5neml26OptionISt6vectorIS1_INS_10TensorNameINS_6TensorEEESaIS4_EESaIS6_EEEneERKNS_10OptionBaseE
FN:67,70,_ZNK5neml26OptionISt6vectorIS1_INSt7__cxx1112basic_stringIcSt11char_traitsIcESaIcEEESaIS7_EESaIS9_EEEneERKNS_10OptionBaseE
FN:67,70,_ZNK5neml26OptionISt6vectorIS1_IbSaIbEESaIS3_EEEneERKNS_10OptionBaseE
FN:67,70,_ZNK5neml26OptionISt6vectorIS1_IdSaIdEESaIS3_EEEneERKNS_10OptionBaseE
FN:67,70,_ZNK5neml26OptionISt6vectorIS1_IiSaIiEESaIS3_EEEneERKNS_10OptionBaseE
FN:67,70,_ZNK5neml26OptionISt6vectorIS1_IjSaIjEESaIS3_EEEneERKNS_10OptionBaseE
FN:67,70,_ZNK5neml26OptionISt6vectorIS1_IlSaIlEESaIS3_EEEneERKNS_10OptionBaseE
FN:67,70,_ZNK5neml26OptionISt6vectorIS1_ImSaImEESaIS3_EEEneERKNS_10OptionBaseE
FN:67,70,_ZNK5neml26OptionISt6vectorIbSaIbEEEneERKNS_10OptionBaseE
FN:67,70,_ZNK5neml26OptionISt6vectorIdSaIdEEEneERKNS_10OptionBaseE
FN:67,70,_ZNK5neml26OptionISt6vectorIiSaIiEEEneERKNS_10OptionBaseE
FN:67,70,_ZNK5neml26OptionISt6vectorIjSaIjEEEneERKNS_10OptionBaseE
FN:67,70,_ZNK5neml26OptionISt6vectorIlSaIlEEEneERKNS_10OptionBaseE
FN:67,70,_ZNK5neml26OptionISt6vectorImSaImEEEneERKNS_10OptionBaseE
FN:67,70,_ZNK5neml26OptionIbEneERKNS_10OptionBaseE
FN:67,70,_ZNK5neml26OptionIdEneERKNS_10OptionBaseE
FN:67,70,_ZNK5neml26OptionIiEneERKNS_10OptionBaseE
FN:67,70,_ZNK5neml26OptionIjEneERKNS_10OptionBaseE
FN:67,70,_ZNK5neml26OptionIlEneERKNS_10OptionBaseE
FN:67,70,_ZNK5neml26OptionImEneERKNS_10OptionBaseE
FN:83,89,_ZNK5neml26OptionIN3c1011SmallVectorIlLj8EEEE5cloneEv
FN:83,89,_ZNK5neml26OptionIN3c106DeviceEE5cloneEv
FN:83,89,_ZNK5neml26OptionINS_10TensorNameIN2at6TensorEEEE5cloneEv
FN:83,89,_ZNK5neml26OptionINS_10TensorNameINS_10QuaternionEEEE5cloneEv
FN:83,89,_ZNK5neml26OptionINS_10TensorNameINS_11MillerIndexEEEE5cloneEv
FN:83,89,_ZNK5neml26OptionINS_10TensorNameINS_2R2EEEE5cloneEv
FN:83,89,_ZNK5neml26OptionINS_10TensorNameINS_2R3EEEE5cloneEv
FN:83,89,_ZNK5neml26OptionINS_10TensorNameINS_2R4EEEE5cloneEv
FN:83,89,_ZNK5neml26OptionINS_10TensorNameINS_3RotEEEE5cloneEv
FN:83,89,_ZNK5neml26OptionINS_10TensorNameINS_3SR2EEEE5cloneEv
FN:83,89,_ZNK5neml26OptionINS_10TensorNameINS_3VecEEEE5cloneEv
FN:83,89,_ZNK5neml26OptionINS_10TensorNameINS_3WR2EEEE5cloneEv
FN:83,89,_ZNK5neml26OptionINS_10TensorNameINS_4SFR3EEEE5cloneEv
FN:83,89,_ZNK5neml26OptionINS_10TensorNameINS_4SSR4EEEE5cloneEv
FN:83,89,_ZNK5neml26OptionINS_10TensorNameINS_4SWR4EEEE5cloneEv
FN:83,89,_ZNK5neml26OptionINS_10TensorNameINS_4WSR4EEEE5cloneEv
FN:83,89,_ZNK5neml26OptionINS_10TensorNameINS_4WWR4EEEE5cloneEv
FN:83,89,_ZNK5neml26OptionINS_10TensorNameINS_5SFFR4EEEE5cloneEv
FN:83,89,_ZNK5neml26OptionINS_10TensorNameINS_5WFFR4EEEE5cloneEv
FN:83,89,_ZNK5neml26OptionINS_10TensorNameINS_6ScalarEEEE5cloneEv
FN:83,89,_ZNK5neml26OptionINS_10TensorNameINS_6TensorEEEE5cloneEv
FN:83,89,_ZNK5neml26OptionINS_13EnumSelectionEE5cloneEv
FN:83,89,_ZNK5neml26OptionINS_18MultiEnumSelectionEE5cloneEv
FN:83,89,_ZNK5neml26OptionINSt7__cxx1112basic_stringIcSt11char_traitsIcESaIcEEEE5cloneEv
FN:83,89,_ZNK5neml26OptionIPNS_11NEML2ObjectEE5cloneEv
FN:83,89,_ZNK5neml26OptionIPNS_7FactoryEE5cloneEv
FN:83,89,_ZNK5neml26OptionISt10shared_ptrINS_8SettingsEEE5cloneEv
FN:83,89,_ZNK5neml26OptionISt6vectorIN3c1011SmallVectorIlLj8EEESaIS4_EEE5cloneEv
FN:83,89,_ZNK5neml26OptionISt6vectorIN3c106DeviceESaIS3_EEE5cloneEv
FN:83,89,_ZNK5neml26OptionISt6vectorINS_10TensorNameIN2at6TensorEEESaIS5_EEE5cloneEv
FN:83,89,_ZNK5neml26OptionISt6vectorINS_10TensorNameINS_10QuaternionEEESaIS4_EEE5cloneEv
FN:83,89,_ZNK5neml26OptionISt6vectorINS_10TensorNameINS_11MillerIndexEEESaIS4_EEE5cloneEv
FN:83,89,_ZNK5neml26OptionISt6vectorINS_10TensorNameINS_2R2EEESaIS4_EEE5cloneEv
FN:83,89,_ZNK5neml26OptionISt6vectorINS_10TensorNameINS_2R3EEESaIS4_EEE5cloneEv
FN:83,89,_ZNK5neml26OptionISt6vectorINS_10TensorNameINS_2R4EEESaIS4_EEE5cloneEv
FN:83,89,_ZNK5neml26OptionISt6vectorINS_10TensorNameINS_3RotEEESaIS4_EEE5cloneEv
FN:83,89,_ZNK5neml26OptionISt6vectorINS_10TensorNameINS_3SR2EEESaIS4_EEE5cloneEv
FN:83,89,_ZNK5neml26OptionISt6vectorINS_10TensorNameINS_3VecEEESaIS4_EEE5cloneEv
FN:83,89,_ZNK5neml26OptionISt6vectorINS_10TensorNameINS_3WR2EEESaIS4_EEE5cloneEv
FN:83,89,_ZNK5neml26OptionISt6vectorINS_10TensorNameINS_4SFR3EEESaIS4_EEE5cloneEv
FN:83,89,_ZNK5neml26OptionISt6vectorINS_10TensorNameINS_4SSR4EEESaIS4_EEE5cloneEv
FN:83,89,_ZNK5neml26OptionISt6vectorINS_10TensorNameINS_4SWR4EEESaIS4_EEE5cloneEv
FN:83,89,_ZNK5neml26OptionISt6vectorINS_10TensorNameINS_4WSR4EEESaIS4_EEE5cloneEv
FN:83,89,_ZNK5neml26OptionISt6vectorINS_10TensorNameINS_4WWR4EEESaIS4_EEE5cloneEv
FN:83,89,_ZNK5neml26OptionISt6vectorINS_10TensorNameINS_5SFFR4EEESaIS4_EEE5cloneEv
FN:83,89,_ZNK5neml26OptionISt6vectorINS_10TensorNameINS_5WFFR4EEESaIS4_EEE5cloneEv
FN:83,89,_ZNK5neml26OptionISt6vectorINS_10TensorNameINS_6ScalarEEESaIS4_EEE5cloneEv
FN:83,89,_ZNK5neml26OptionISt6vectorINS_10TensorNameINS_6TensorEEESaIS4_EEE5cloneEv
FN:83,89,_ZNK5neml26OptionISt6vectorINSt7__cxx1112basic_stringIcSt11char_traitsIcESaIcEEESaIS7_EEE5cloneEv
FN:83,89,_ZNK5neml26OptionISt6vectorIS1_IN3c1011SmallVectorIlLj8EEESaIS4_EESaIS6_EEE5cloneEv
FN:83,89,_ZNK5neml26OptionISt6vectorIS1_IN3c106DeviceESaIS3_EESaIS5_EEE5cloneEv
FN:83,89,_ZNK5neml26OptionISt6vectorIS1_INS_10TensorNameIN2at6TensorEEESaIS5_EESaIS7_EEE5cloneEv
FN:83,89,_ZNK5neml26OptionISt6vectorIS1_INS_10TensorNameINS_10QuaternionEEESaIS4_EESaIS6_EEE5cloneEv
FN:83,89,_ZNK5neml26OptionISt6vectorIS1_INS_10TensorNameINS_11MillerIndexEEESaIS4_EESaIS6_EEE5cloneEv
FN:83,89,_ZNK5neml26OptionISt6vectorIS1_INS_10TensorNameINS_2R2EEESaIS4_EESaIS6_EEE5cloneEv
FN:83,89,_ZNK5neml26OptionISt6vectorIS1_INS_10TensorNameINS_2R3EEESaIS4_EESaIS6_EEE5cloneEv
FN:83,89,_ZNK5neml26OptionISt6vectorIS1_INS_10TensorNameINS_2R4EEESaIS4_EESaIS6_EEE5cloneEv
FN:83,89,_ZNK5neml26OptionISt6vectorIS1_INS_10TensorNameINS_3RotEEESaIS4_EESaIS6_EEE5cloneEv
FN:83,89,_ZNK5neml26OptionISt6vectorIS1_INS_10TensorNameINS_3SR2EEESaIS4_EESaIS6_EEE5cloneEv
FN:83,89,_ZNK5neml26OptionISt6vectorIS1_INS_10TensorNameINS_3VecEEESaIS4_EESaIS6_EEE5cloneEv
FN:83,89,_ZNK5neml26OptionISt6vectorIS1_INS_10TensorNameINS_3WR2EEESaIS4_EESaIS6_EEE5cloneEv
FN:83,89,_ZNK5neml26OptionISt6vectorIS1_INS_10TensorNameINS_4SFR3EEESaIS4_EESaIS6_EEE5cloneEv
FN:83,89,_ZNK5neml26OptionISt6vectorIS1_INS_10TensorNameINS_4SSR4EEESaIS4_EESaIS6_EEE5cloneEv
FN:83,89,_ZNK5neml26OptionISt6vectorIS1_INS_10TensorNameINS_4SWR4EEESaIS4_EESaIS6_EEE5cloneEv
FN:83,89,_ZNK5neml26OptionISt6vectorIS1_INS_10TensorNameINS_4WSR4EEESaIS4_EESaIS6_EEE5cloneEv
FN:83,89,_ZNK5neml26OptionISt6vectorIS1_INS_10TensorNameINS_4WWR4EEESaIS4_EESaIS6_EEE5cloneEv
FN:83,89,_ZNK5neml26OptionISt6vectorIS1_INS_10TensorNameINS_5SFFR4EEESaIS4_EESaIS6_EEE5cloneEv
FN:83,89,_ZNK5neml26OptionISt6vectorIS1_INS_10TensorNameINS_5WFFR4EEESaIS4_EESaIS6_EEE5cloneEv
FN:83,89,_ZNK5neml26OptionISt6vectorIS1_INS_10TensorNameINS_6ScalarEEESaIS4_EESaIS6_EEE5cloneEv
FN:83,89,_ZNK5neml26OptionISt6vectorIS1_INS_10TensorNameINS_6TensorEEESaIS4_EESaIS6_EEE5cloneEv
FN:83,89,_ZNK5neml26OptionISt6vectorIS1_INSt7__cxx1112basic_stringIcSt11char_traitsIcESaIcEEESaIS7_EESaIS9_EEE5cloneEv
FN:83,89,_ZNK5neml26OptionISt6vectorIS1_IbSaIbEESaIS3_EEE5cloneEv
FN:83,89,_ZNK5neml26OptionISt6vectorIS1_IdSaIdEESaIS3_EEE5cloneEv
FN:83,89,_ZNK5neml26OptionISt6vectorIS1_IiSaIiEESaIS3_EEE5cloneEv
FN:83,89,_ZNK5neml26OptionISt6vectorIS1_IjSaIjEESaIS3_EEE5cloneEv
FN:83,89,_ZNK5neml26OptionISt6vectorIS1_IlSaIlEESaIS3_EEE5cloneEv
FN:83,89,_ZNK5neml26OptionISt6vectorIS1_ImSaImEESaIS3_EEE5cloneEv
FN:83,89,_ZNK5neml26OptionISt6vectorIbSaIbEEE5cloneEv
FN:83,89,_ZNK5neml26OptionISt6vectorIdSaIdEEE5cloneEv
FN:83,89,_ZNK5neml26OptionISt6vectorIiSaIiEEE5cloneEv
FN:83,89,_ZNK5neml26OptionISt6vectorIjSaIjEEE5cloneEv
FN:83,89,_ZNK5neml26OptionISt6vectorIlSaIlEEE5cloneEv
FN:83,89,_ZNK5neml26OptionISt6vectorImSaImEEE5cloneEv
FN:83,89,_ZNK5neml26OptionIbE5cloneEv
FN:83,89,_ZNK5neml26OptionIdE5cloneEv
FN:83,89,_ZNK5neml26OptionIiE5cloneEv
FN:83,89,_ZNK5neml26OptionIjE5cloneEv
FN:83,89,_ZNK5neml26OptionIlE5cloneEv
FN:83,89,_ZNK5neml26OptionImE5cloneEv
FNDA:0,_ZN5neml27details13_print_helperIcEEvRSoPKT_
FNDA:0,_ZN5neml27details13_print_helperIhEEvRSoPKT_
FNDA:0,_ZN5neml27details13_print_helperIbEEvRSoPKSt6vectorIT_SaIS4_EE
FNDA:3661,_ZN5neml26OptionIN3c1011SmallVectorIlLj8EEEEC2ERKNSt7__cxx1112basic_stringIcSt11char_traitsIcESaIcEEE
FNDA:0,_ZN5neml26OptionINS_10TensorNameIN2at6TensorEEEEC2ERKNSt7__cxx1112basic_stringIcSt11char_traitsIcESaIcEEE
FNDA:24,_ZN5neml26OptionINS_10TensorNameINS_10QuaternionEEEEC2ERKNSt7__cxx1112basic_stringIcSt11char_traitsIcESaIcEEE
FNDA:302,_ZN5neml26OptionINS_10TensorNameINS_11MillerIndexEEEEC2ERKNSt7__cxx1112basic_stringIcSt11char_traitsIcESaIcEEE
FNDA:163,_ZN5neml26OptionINS_10TensorNameINS_2R2EEEEC2ERKNSt7__cxx1112basic_stringIcSt11char_traitsIcESaIcEEE
FNDA:24,_ZN5neml26OptionINS_10TensorNameINS_2R3EEEEC2ERKNSt7__cxx1112basic_stringIcSt11char_traitsIcESaIcEEE
FNDA:24,_ZN5neml26OptionINS_10TensorNameINS_2R4EEEEC2ERKNSt7__cxx1112basic_stringIcSt11char_traitsIcESaIcEEE
FNDA:24,_ZN5neml26OptionINS_10TensorNameINS_3RotEEEEC2ERKNSt7__cxx1112basic_stringIcSt11char_traitsIcESaIcEEE
FNDA:143,_ZN5neml26OptionINS_10TensorNameINS_3SR2EEEEC2ERKNSt7__cxx1112basic_stringIcSt11char_traitsIcESaIcEEE
FNDA:189,_ZN5neml26OptionINS_10TensorNameINS_3VecEEEEC2ERKNSt7__cxx1112basic_stringIcSt11char_traitsIcESaIcEEE
FNDA:24,_ZN5neml26OptionINS_10TensorNameINS_3WR2EEEEC2ERKNSt7__cxx1112basic_stringIcSt11char_traitsIcESaIcEEE
FNDA:24,_ZN5neml26OptionINS_10TensorNameINS_4SFR3EEEEC2ERKNSt7__cxx1112basic_stringIcSt11char_traitsIcESaIcEEE
FNDA:52,_ZN5neml26OptionINS_10TensorNameINS_4SSR4EEEEC2ERKNSt7__cxx1112basic_stringIcSt11char_traitsIcESaIcEEE
FNDA:24,_ZN5neml26OptionINS_10TensorNameINS_4SWR4EEEEC2ERKNSt7__cxx1112basic_stringIcSt11char_traitsIcESaIcEEE
FNDA:24,_ZN5neml26OptionINS_10TensorNameINS_4WSR4EEEEC2ERKNSt7__cxx1112basic_stringIcSt11char_traitsIcESaIcEEE
FNDA:24,_ZN5neml26OptionINS_10TensorNameINS_4WWR4EEEEC2ERKNSt7__cxx1112basic_stringIcSt11char_traitsIcESaIcEEE
FNDA:24,_ZN5neml26OptionINS_10TensorNameINS_5SFFR4EEEEC2ERKNSt7__cxx1112basic_stringIcSt11char_traitsIcESaIcEEE
FNDA:24,_ZN5neml26OptionINS_10TensorNameINS_5WFFR4EEEEC2ERKNSt7__cxx1112basic_stringIcSt11char_traitsIcESaIcEEE
FNDA:2393,_ZN5neml26OptionINS_10TensorNameINS_6ScalarEEEEC2ERKNSt7__cxx1112basic_stringIcSt11char_traitsIcESaIcEEE
FNDA:62,_ZN5neml26OptionINS_10TensorNameINS_6TensorEEEEC2ERKNSt7__cxx1112basic_stringIcSt11char_traitsIcESaIcEEE
FNDA:3083,_ZN5neml26OptionINS_13EnumSelectionEEC2ERKNSt7__cxx1112basic_stringIcSt11char_traitsIcESaIcEEE
FNDA:7158,_ZN5neml26OptionINS_18MultiEnumSelectionEEC2ERKNSt7__cxx1112basic_stringIcSt11char_traitsIcESaIcEEE
FNDA:14123,_ZN5neml26OptionINSt7__cxx1112basic_stringIcSt11char_traitsIcESaIcEEEEC2ERKS6_
FNDA:12207,_ZN5neml26OptionIPNS_11NEML2ObjectEEC2ERKNSt7__cxx1112basic_stringIcSt11char_traitsIcESaIcEEE
FNDA:11599,_ZN5neml26OptionIPNS_7FactoryEEC2ERKNSt7__cxx1112basic_stringIcSt11char_traitsIcESaIcEEE
FNDA:11599,_ZN5neml26OptionISt10shared_ptrINS_8SettingsEEEC2ERKNSt7__cxx1112basic_stringIcSt11char_traitsIcESaIcEEE
FNDA:6905,_ZN5neml26OptionISt6vectorIN3c1011SmallVectorIlLj8EEESaIS4_EEEC2ERKNSt7__cxx1112basic_stringIcSt11char_traitsIcESaIcEEE
FNDA:39,_ZN5neml26OptionISt6vectorIN3c106DeviceESaIS3_EEEC2ERKNSt7__cxx1112basic_stringIcSt11char_traitsIcESaIcEEE
FNDA:0,_ZN5neml26OptionISt6vectorINS_10TensorNameIN2at6TensorEEESaIS5_EEEC2ERKNSt7__cxx1112basic_stringIcSt11char_traitsIcESaIcEEE
FNDA:3146,_ZN5neml26OptionISt6vectorINS_10TensorNameINS_10QuaternionEEESaIS4_EEEC2ERKNSt7__cxx1112basic_stringIcSt11char_traitsIcESaIcEEE
FNDA:3146,_ZN5neml26OptionISt6vectorINS_10TensorNameINS_11MillerIndexEEESaIS4_EEEC2ERKNSt7__cxx1112basic_stringIcSt11char_traitsIcESaIcEEE
FNDA:3146,_ZN5neml26OptionISt6vectorINS_10TensorNameINS_2R2EEESaIS4_EEEC2ERKNSt7__cxx1112basic_stringIcSt11char_traitsIcESaIcEEE
FNDA:3146,_ZN5neml26OptionISt6vectorINS_10TensorNameINS_2R3EEESaIS4_EEEC2ERKNSt7__cxx1112basic_stringIcSt11char_traitsIcESaIcEEE
FNDA:3146,_ZN5neml26OptionISt6vectorINS_10TensorNameINS_2R4EEESaIS4_EEEC2ERKNSt7__cxx1112basic_stringIcSt11char_traitsIcESaIcEEE
FNDA:3146,_ZN5neml26OptionISt6vectorINS_10TensorNameINS_3RotEEESaIS4_EEEC2ERKNSt7__cxx1112basic_stringIcSt11char_traitsIcESaIcEEE
FNDA:3146,_ZN5neml26OptionISt6vectorINS_10TensorNameINS_3SR2EEESaIS4_EEEC2ERKNSt7__cxx1112basic_stringIcSt11char_traitsIcESaIcEEE
FNDA:3146,_ZN5neml26OptionISt6vectorINS_10TensorNameINS_3VecEEESaIS4_EEEC2ERKNSt7__cxx1112basic_stringIcSt11char_traitsIcESaIcEEE
FNDA:3146,_ZN5neml26OptionISt6vectorINS_10TensorNameINS_3WR2EEESaIS4_EEEC2ERKNSt7__cxx1112basic_stringIcSt11char_traitsIcESaIcEEE
FNDA:3146,_ZN5neml26OptionISt6vectorINS_10TensorNameINS_4SFR3EEESaIS4_EEEC2ERKNSt7__cxx1112basic_stringIcSt11char_traitsIcESaIcEEE
FNDA:3146,_ZN5neml26OptionISt6vectorINS_10TensorNameINS_4SSR4EEESaIS4_EEEC2ERKNSt7__cxx1112basic_stringIcSt11char_traitsIcESaIcEEE
FNDA:3146,_ZN5neml26OptionISt6vectorINS_10TensorNameINS_4SWR4EEESaIS4_EEEC2ERKNSt7__cxx1112basic_stringIcSt11char_traitsIcESaIcEEE
FNDA:3146,_ZN5neml26OptionISt6vectorINS_10TensorNameINS_4WSR4EEESaIS4_EEEC2ERKNSt7__cxx1112basic_stringIcSt11char_traitsIcESaIcEEE
FNDA:3146,_ZN5neml26OptionISt6vectorINS_10TensorNameINS_4WWR4EEESaIS4_EEEC2ERKNSt7__cxx1112basic_stringIcSt11char_traitsIcESaIcEEE
FNDA:3146,_ZN5neml26OptionISt6vectorINS_10TensorNameINS_5SFFR4EEESaIS4_EEEC2ERKNSt7__cxx1112basic_stringIcSt11char_traitsIcESaIcEEE
FNDA:3146,_ZN5neml26OptionISt6vectorINS_10TensorNameINS_5WFFR4EEESaIS4_EEEC2ERKNSt7__cxx1112basic_stringIcSt11char_traitsIcESaIcEEE
FNDA:4403,_ZN5neml26OptionISt6vectorINS_10TensorNameINS_6ScalarEEESaIS4_EEEC2ERKNSt7__cxx1112basic_stringIcSt11char_traitsIcESaIcEEE
FNDA:3146,_ZN5neml26OptionISt6vectorINS_10TensorNameINS_6TensorEEESaIS4_EEEC2ERKNSt7__cxx1112basic_stringIcSt11char_traitsIcESaIcEEE
FNDA:62444,_ZN5neml26OptionISt6vectorINSt7__cxx1112basic_stringIcSt11char_traitsIcESaIcEEESaIS7_EEEC2ERKS7_
FNDA:33,_ZN5neml26OptionISt6vectorIS1_IN3c1011SmallVectorIlLj8EEESaIS4_EESaIS6_EEEC2ERKNSt7__cxx1112basic_stringIcSt11char_traitsIcESaIcEEE
FNDA:33,_ZN5neml26OptionISt6vectorIS1_IN3c106DeviceESaIS3_EESaIS5_EEEC2ERKNSt7__cxx1112basic_stringIcSt11char_traitsIcESaIcEEE
FNDA:0,_ZN5neml26OptionISt6vectorIS1_INS_10TensorNameIN2at6TensorEEESaIS5_EESaIS7_EEEC2ERKNSt7__cxx1112basic_stringIcSt11char_traitsIcESaIcEEE
FNDA:0,_ZN5neml26OptionISt6vectorIS1_INS_10TensorNameINS_10QuaternionEEESaIS4_EESaIS6_EEEC2ERKNSt7__cxx1112basic_stringIcSt11char_traitsIcESaIcEEE
FNDA:0,_ZN5neml26OptionISt6vectorIS1_INS_10TensorNameINS_11MillerIndexEEESaIS4_EESaIS6_EEEC2ERKNSt7__cxx1112basic_stringIcSt11char_traitsIcESaIcEEE
FNDA:0,_ZN5neml26OptionISt6vectorIS1_INS_10TensorNameINS_2R2EEESaIS4_EESaIS6_EEEC2ERKNSt7__cxx1112basic_stringIcSt11char_traitsIcESaIcEEE
FNDA:0,_ZN5neml26OptionISt6vectorIS1_INS_10TensorNameINS_2R3EEESaIS4_EESaIS6_EEEC2ERKNSt7__cxx1112basic_stringIcSt11char_traitsIcESaIcEEE
FNDA:0,_ZN5neml26OptionISt6vectorIS1_INS_10TensorNameINS_2R4EEESaIS4_EESaIS6_EEEC2ERKNSt7__cxx1112basic_stringIcSt11char_traitsIcESaIcEEE
FNDA:0,_ZN5neml26OptionISt6vectorIS1_INS_10TensorNameINS_3RotEEESaIS4_EESaIS6_EEEC2ERKNSt7__cxx1112basic_stringIcSt11char_traitsIcESaIcEEE
FNDA:0,_ZN5neml26OptionISt6vectorIS1_INS_10TensorNameINS_3SR2EEESaIS4_EESaIS6_EEEC2ERKNSt7__cxx1112basic_stringIcSt11char_traitsIcESaIcEEE
FNDA:0,_ZN5neml26OptionISt6vectorIS1_INS_10TensorNameINS_3VecEEESaIS4_EESaIS6_EEEC2ERKNSt7__cxx1112basic_stringIcSt11char_traitsIcESaIcEEE
FNDA:0,_ZN5neml26OptionISt6vectorIS1_INS_10TensorNameINS_3WR2EEESaIS4_EESaIS6_EEEC2ERKNSt7__cxx1112basic_stringIcSt11char_traitsIcESaIcEEE
FNDA:0,_ZN5neml26OptionISt6vectorIS1_INS_10TensorNameINS_4SFR3EEESaIS4_EESaIS6_EEEC2ERKNSt7__cxx1112basic_stringIcSt11char_traitsIcESaIcEEE
FNDA:0,_ZN5neml26OptionISt6vectorIS1_INS_10TensorNameINS_4SSR4EEESaIS4_EESaIS6_EEEC2ERKNSt7__cxx1112basic_stringIcSt11char_traitsIcESaIcEEE
FNDA:0,_ZN5neml26OptionISt6vectorIS1_INS_10TensorNameINS_4SWR4EEESaIS4_EESaIS6_EEEC2ERKNSt7__cxx1112basic_stringIcSt11char_traitsIcESaIcEEE
FNDA:0,_ZN5neml26OptionISt6vectorIS1_INS_10TensorNameINS_4WSR4EEESaIS4_EESaIS6_EEEC2ERKNSt7__cxx1112basic_stringIcSt11char_traitsIcESaIcEEE
FNDA:0,_ZN5neml26OptionISt6vectorIS1_INS_10TensorNameINS_4WWR4EEESaIS4_EESaIS6_EEEC2ERKNSt7__cxx1112basic_stringIcSt11char_traitsIcESaIcEEE
FNDA:0,_ZN5neml26OptionISt6vectorIS1_INS_10TensorNameINS_5SFFR4EEESaIS4_EESaIS6_EEEC2ERKNSt7__cxx1112basic_stringIcSt11char_traitsIcESaIcEEE
FNDA:0,_ZN5neml26OptionISt6vectorIS1_INS_10TensorNameINS_5WFFR4EEESaIS4_EESaIS6_EEEC2ERKNSt7__cxx1112basic_stringIcSt11char_traitsIcESaIcEEE
FNDA:0,_ZN5neml26OptionISt6vectorIS1_INS_10TensorNameINS_6ScalarEEESaIS4_EESaIS6_EEEC2ERKNSt7__cxx1112basic_stringIcSt11char_traitsIcESaIcEEE
FNDA:0,_ZN5neml26OptionISt6vectorIS1_INS_10TensorNameINS_6TensorEEESaIS4_EESaIS6_EEEC2ERKNSt7__cxx1112basic_stringIcSt11char_traitsIcESaIcEEE
FNDA:275,_ZN5neml26OptionISt6vectorIS1_INSt7__cxx1112basic_stringIcSt11char_traitsIcESaIcEEESaIS7_EESaIS9_EEEC2ERKS7_
FNDA:33,_ZN5neml26OptionISt6vectorIS1_IbSaIbEESaIS3_EEEC2ERKNSt7__cxx1112basic_stringIcSt11char_traitsIcESaIcEEE
FNDA:33,_ZN5neml26OptionISt6vectorIS1_IdSaIdEESaIS3_EEEC2ERKNSt7__cxx1112basic_stringIcSt11char_traitsIcESaIcEEE
FNDA:33,_ZN5neml26OptionISt6vectorIS1_IiSaIiEESaIS3_EEEC2ERKNSt7__cxx1112basic_stringIcSt11char_traitsIcESaIcEEE
FNDA:33,_ZN5neml26OptionISt6vectorIS1_IjSaIjEESaIS3_EEEC2ERKNSt7__cxx1112basic_stringIcSt11char_traitsIcESaIcEEE
FNDA:0,_ZN5neml26OptionISt6vectorIS1_IlSaIlEESaIS3_EEEC2ERKNSt7__cxx1112basic_stringIcSt11char_traitsIcESaIcEEE
FNDA:0,_ZN5neml26OptionISt6vectorIS1_ImSaImEESaIS3_EEEC2ERKNSt7__cxx1112basic_stringIcSt11char_traitsIcESaIcEEE
FNDA:388,_ZN5neml26OptionISt6vectorIbSaIbEEEC2ERKNSt7__cxx1112basic_stringIcSt11char_traitsIcESaIcEEE
FNDA:1586,_ZN5neml26OptionISt6vectorIdSaIdEEEC2ERKNSt7__cxx1112basic_stringIcSt11char_traitsIcESaIcEEE
FNDA:33,_ZN5neml26OptionISt6vectorIiSaIiEEEC2ERKNSt7__cxx1112basic_stringIcSt11char_traitsIcESaIcEEE
FNDA:1667,_ZN5neml26OptionISt6vectorIjSaIjEEEC2ERKNSt7__cxx1112basic_stringIcSt11char_traitsIcESaIcEEE
FNDA:2078,_ZN5neml26OptionISt6vectorIlSaIlEEEC2ERKNSt7__cxx1112basic_stringIcSt11char_traitsIcESaIcEEE
FNDA:18717,_ZN5neml26OptionISt6vectorImSaImEEEC2ERKNSt7__cxx1112basic_stringIcSt11char_traitsIcESaIcEEE
FNDA:25128,_ZN5neml26OptionIbEC2ERKNSt7__cxx1112basic_stringIcSt11char_traitsIcESaIcEEE
FNDA:9274,_ZN5neml26OptionIdEC2ERKNSt7__cxx1112basic_stringIcSt11char_traitsIcESaIcEEE
FNDA:1667,_ZN5neml26OptionIiEC2ERKNSt7__cxx1112basic_stringIcSt11char_traitsIcESaIcEEE
FNDA:2168,_ZN5neml26OptionIjEC2ERKNSt7__cxx1112basic_stringIcSt11char_traitsIcESaIcEEE
FNDA:2365,_ZN5neml26OptionIlEC2ERKNSt7__cxx1112basic_stringIcSt11char_traitsIcESaIcEEE
FNDA:6,_ZN5neml26OptionImEC2ERKNSt7__cxx1112basic_stringIcSt11char_traitsIcESaIcEEE
FNDA:33,_ZN5neml26OptionIN3c106DeviceEEC2ERKNSt7__cxx1112basic_stringIcSt11char_traitsIcESaIcEEE
FNDA:0,_ZNK5neml26OptionIN3c1011SmallVectorIlLj8EEEEeqERKNS_10OptionBaseE
FNDA:0,_ZNK5neml26OptionIN3c106DeviceEEeqERKNS_10OptionBaseE
FNDA:0,_ZNK5neml26OptionINS_10TensorNameIN2at6TensorEEEEeqERKNS_10OptionBaseE
FNDA:0,_ZNK5neml26OptionINS_10TensorNameINS_10QuaternionEEEEeqERKNS_10OptionBaseE
FNDA:0,_ZNK5neml26OptionINS_10TensorNameINS_11MillerIndexEEEEeqERKNS_10OptionBaseE
FNDA:0,_ZNK5neml26OptionINS_10TensorNameINS_2R2EEEEeqERKNS_10OptionBaseE
FNDA:0,_ZNK5neml26OptionINS_10TensorNameINS_2R3EEEEeqERKNS_10OptionBaseE
FNDA:0,_ZNK5neml26OptionINS_10TensorNameINS_2R4EEEEeqERKNS_10OptionBaseE
FNDA:0,_ZNK5neml26OptionINS_10TensorNameINS_3RotEEEEeqERKNS_10OptionBaseE
FNDA:0,_ZNK5neml26OptionINS_10TensorNameINS_3SR2EEEEeqERKNS_10OptionBaseE
FNDA:0,_ZNK5neml26OptionINS_10TensorNameINS_3VecEEEEeqERKNS_10OptionBaseE
FNDA:0,_ZNK5neml26OptionINS_10TensorNameINS_3WR2EEEEeqERKNS_10OptionBaseE
FNDA:0,_ZNK5neml26OptionINS_10TensorNameINS_4SFR3EEEEeqERKNS_10OptionBaseE
FNDA:0,_ZNK5neml26OptionINS_10TensorNameINS_4SSR4EEEEeqERKNS_10OptionBaseE
FNDA:0,_ZNK5neml26OptionINS_10TensorNameINS_4SWR4EEEEeqERKNS_10OptionBaseE
FNDA:0,_ZNK5neml26OptionINS_10TensorNameINS_4WSR4EEEEeqERKNS_10OptionBaseE
FNDA:0,_ZNK5neml26OptionINS_10TensorNameINS_4WWR4EEEEeqERKNS_10OptionBaseE
FNDA:0,_ZNK5neml26OptionINS_10TensorNameINS_5SFFR4EEEEeqERKNS_10OptionBaseE
FNDA:0,_ZNK5neml26OptionINS_10TensorNameINS_5WFFR4EEEEeqERKNS_10OptionBaseE
FNDA:0,_ZNK5neml26OptionINS_10TensorNameINS_6ScalarEEEEeqERKNS_10OptionBaseE
FNDA:0,_ZNK5neml26OptionINS_10TensorNameINS_6TensorEEEEeqERKNS_10OptionBaseE
FNDA:0,_ZNK5neml26OptionINS_13EnumSelectionEEeqERKNS_10OptionBaseE
FNDA:0,_ZNK5neml26OptionINS_18MultiEnumSelectionEEeqERKNS_10OptionBaseE
FNDA:4,_ZNK5neml26OptionINSt7__cxx1112basic_stringIcSt11char_traitsIcESaIcEEEEeqERKNS_10OptionBaseE
FNDA:8,_ZNK5neml26OptionIPNS_11NEML2ObjectEEeqERKNS_10OptionBaseE
FNDA:2,_ZNK5neml26OptionIPNS_7FactoryEEeqERKNS_10OptionBaseE
FNDA:2,_ZNK5neml26OptionISt10shared_ptrINS_8SettingsEEEeqERKNS_10OptionBaseE
FNDA:0,_ZNK5neml26OptionISt6vectorIN3c1011SmallVectorIlLj8EEESaIS4_EEEeqERKNS_10OptionBaseE
FNDA:0,_ZNK5neml26OptionISt6vectorIN3c106DeviceESaIS3_EEEeqERKNS_10OptionBaseE
FNDA:0,_ZNK5neml26OptionISt6vectorINS_10TensorNameIN2at6TensorEEESaIS5_EEEeqERKNS_10OptionBaseE
FNDA:0,_ZNK5neml26OptionISt6vectorINS_10TensorNameINS_10QuaternionEEESaIS4_EEEeqERKNS_10OptionBaseE
FNDA:0,_ZNK5neml26OptionISt6vectorINS_10TensorNameINS_11MillerIndexEEESaIS4_EEEeqERKNS_10OptionBaseE
FNDA:0,_ZNK5neml26OptionISt6vectorINS_10TensorNameINS_2R2EEESaIS4_EEEeqERKNS_10OptionBaseE
FNDA:0,_ZNK5neml26OptionISt6vectorINS_10TensorNameINS_2R3EEESaIS4_EEEeqERKNS_10OptionBaseE
FNDA:0,_ZNK5neml26OptionISt6vectorINS_10TensorNameINS_2R4EEESaIS4_EEEeqERKNS_10OptionBaseE
FNDA:0,_ZNK5neml26OptionISt6vectorINS_10TensorNameINS_3RotEEESaIS4_EEEeqERKNS_10OptionBaseE
FNDA:0,_ZNK5neml26OptionISt6vectorINS_10TensorNameINS_3SR2EEESaIS4_EEEeqERKNS_10OptionBaseE
FNDA:0,_ZNK5neml26OptionISt6vectorINS_10TensorNameINS_3VecEEESaIS4_EEEeqERKNS_10OptionBaseE
FNDA:0,_ZNK5neml26OptionISt6vectorINS_10TensorNameINS_3WR2EEESaIS4_EEEeqERKNS_10OptionBaseE
FNDA:0,_ZNK5neml26OptionISt6vectorINS_10TensorNameINS_4SFR3EEESaIS4_EEEeqERKNS_10OptionBaseE
FNDA:0,_ZNK5neml26OptionISt6vectorINS_10TensorNameINS_4SSR4EEESaIS4_EEEeqERKNS_10OptionBaseE
FNDA:0,_ZNK5neml26OptionISt6vectorINS_10TensorNameINS_4SWR4EEESaIS4_EEEeqERKNS_10OptionBaseE
FNDA:0,_ZNK5neml26OptionISt6vectorINS_10TensorNameINS_4WSR4EEESaIS4_EEEeqERKNS_10OptionBaseE
FNDA:0,_ZNK5neml26OptionISt6vectorINS_10TensorNameINS_4WWR4EEESaIS4_EEEeqERKNS_10OptionBaseE
FNDA:0,_ZNK5neml26OptionISt6vectorINS_10TensorNameINS_5SFFR4EEESaIS4_EEEeqERKNS_10OptionBaseE
FNDA:0,_ZNK5neml26OptionISt6vectorINS_10TensorNameINS_5WFFR4EEESaIS4_EEEeqERKNS_10OptionBaseE
FNDA:0,_ZNK5neml26OptionISt6vectorINS_10TensorNameINS_6ScalarEEESaIS4_EEEeqERKNS_10OptionBaseE
FNDA:0,_ZNK5neml26OptionISt6vectorINS_10TensorNameINS_6TensorEEESaIS4_EEEeqERKNS_10OptionBaseE
FNDA:0,_ZNK5neml26OptionISt6vectorINSt7__cxx1112basic_stringIcSt11char_traitsIcESaIcEEESaIS7_EEEeqERKNS_10OptionBaseE
FNDA:0,_ZNK5neml26OptionISt6vectorIS1_IN3c1011SmallVectorIlLj8EEESaIS4_EESaIS6_EEEeqERKNS_10OptionBaseE
FNDA:0,_ZNK5neml26OptionISt6vectorIS1_IN3c106DeviceESaIS3_EESaIS5_EEEeqERKNS_10OptionBaseE
FNDA:0,_ZNK5neml26OptionISt6vectorIS1_INS_10TensorNameIN2at6TensorEEESaIS5_EESaIS7_EEEeqERKNS_10OptionBaseE
FNDA:0,_ZNK5neml26OptionISt6vectorIS1_INS_10TensorNameINS_10QuaternionEEESaIS4_EESaIS6_EEEeqERKNS_10OptionBaseE
FNDA:0,_ZNK5neml26OptionISt6vectorIS1_INS_10TensorNameINS_11MillerIndexEEESaIS4_EESaIS6_EEEeqERKNS_10OptionBaseE
FNDA:0,_ZNK5neml26OptionISt6vectorIS1_INS_10TensorNameINS_2R2EEESaIS4_EESaIS6_EEEeqERKNS_10OptionBaseE
FNDA:0,_ZNK5neml26OptionISt6vectorIS1_INS_10TensorNameINS_2R3EEESaIS4_EESaIS6_EEEeqERKNS_10OptionBaseE
FNDA:0,_ZNK5neml26OptionISt6vectorIS1_INS_10TensorNameINS_2R4EEESaIS4_EESaIS6_EEEeqERKNS_10OptionBaseE
FNDA:0,_ZNK5neml26OptionISt6vectorIS1_INS_10TensorNameINS_3RotEEESaIS4_EESaIS6_EEEeqERKNS_10OptionBaseE
FNDA:0,_ZNK5neml26OptionISt6vectorIS1_INS_10TensorNameINS_3SR2EEESaIS4_EESaIS6_EEEeqERKNS_10OptionBaseE
FNDA:0,_ZNK5neml26OptionISt6vectorIS1_INS_10TensorNameINS_3VecEEESaIS4_EESaIS6_EEEeqERKNS_10OptionBaseE
FNDA:0,_ZNK5neml26OptionISt6vectorIS1_INS_10TensorNameINS_3WR2EEESaIS4_EESaIS6_EEEeqERKNS_10OptionBaseE
FNDA:0,_ZNK5neml26OptionISt6vectorIS1_INS_10TensorNameINS_4SFR3EEESaIS4_EESaIS6_EEEeqERKNS_10OptionBaseE
FNDA:0,_ZNK5neml26OptionISt6vectorIS1_INS_10TensorNameINS_4SSR4EEESaIS4_EESaIS6_EEEeqERKNS_10OptionBaseE
FNDA:0,_ZNK5neml26OptionISt6vectorIS1_INS_10TensorNameINS_4SWR4EEESaIS4_EESaIS6_EEEeqERKNS_10OptionBaseE
FNDA:0,_ZNK5neml26OptionISt6vectorIS1_INS_10TensorNameINS_4WSR4EEESaIS4_EESaIS6_EEEeqERKNS_10OptionBaseE
FNDA:0,_ZNK5neml26OptionISt6vectorIS1_INS_10TensorNameINS_4WWR4EEESaIS4_EESaIS6_EEEeqERKNS_10OptionBaseE
FNDA:0,_ZNK5neml26OptionISt6vectorIS1_INS_10TensorNameINS_5SFFR4EEESaIS4_EESaIS6_EEEeqERKNS_10OptionBaseE
FNDA:0,_ZNK5neml26OptionISt6vectorIS1_INS_10TensorNameINS_5WFFR4EEESaIS4_EESaIS6_EEEeqERKNS_10OptionBaseE
FNDA:0,_ZNK5neml26OptionISt6vectorIS1_INS_10TensorNameINS_6ScalarEEESaIS4_EESaIS6_EEEeqERKNS_10OptionBaseE
FNDA:0,_ZNK5neml26OptionISt6vectorIS1_INS_10TensorNameINS_6TensorEEESaIS4_EESaIS6_EEEeqERKNS_10OptionBaseE
FNDA:0,_ZNK5neml26OptionISt6vectorIS1_INSt7__cxx1112basic_stringIcSt11char_traitsIcESaIcEEESaIS7_EESaIS9_EEEeqERKNS_10OptionBaseE
FNDA:0,_ZNK5neml26OptionISt6vectorIS1_IbSaIbEESaIS3_EEEeqERKNS_10OptionBaseE
FNDA:0,_ZNK5neml26OptionISt6vectorIS1_IdSaIdEESaIS3_EEEeqERKNS_10OptionBaseE
FNDA:0,_ZNK5neml26OptionISt6vectorIS1_IiSaIiEESaIS3_EEEeqERKNS_10OptionBaseE
FNDA:0,_ZNK5neml26OptionISt6vectorIS1_IjSaIjEESaIS3_EEEeqERKNS_10OptionBaseE
FNDA:0,_ZNK5neml26OptionISt6vectorIS1_IlSaIlEESaIS3_EEEeqERKNS_10OptionBaseE
FNDA:0,_ZNK5neml26OptionISt6vectorIS1_ImSaImEESaIS3_EEEeqERKNS_10OptionBaseE
FNDA:0,_ZNK5neml26OptionISt6vectorIbSaIbEEEeqERKNS_10OptionBaseE
FNDA:0,_ZNK5neml26OptionISt6vectorIdSaIdEEEeqERKNS_10OptionBaseE
FNDA:0,_ZNK5neml26OptionISt6vectorIiSaIiEEEeqERKNS_10OptionBaseE
FNDA:0,_ZNK5neml26OptionISt6vectorIjSaIjEEEeqERKNS_10OptionBaseE
FNDA:0,_ZNK5neml26OptionISt6vectorIlSaIlEEEeqERKNS_10OptionBaseE
FNDA:0,_ZNK5neml26OptionISt6vectorImSaImEEEeqERKNS_10OptionBaseE
FNDA:10,_ZNK5neml26OptionIbEeqERKNS_10OptionBaseE
FNDA:0,_ZNK5neml26OptionIdEeqERKNS_10OptionBaseE
FNDA:0,_ZNK5neml26OptionIiEeqERKNS_10OptionBaseE
FNDA:0,_ZNK5neml26OptionIjEeqERKNS_10OptionBaseE
FNDA:0,_ZNK5neml26OptionIlEeqERKNS_10OptionBaseE
FNDA:0,_ZNK5neml26OptionImEeqERKNS_10OptionBaseE
FNDA:0,_ZNK5neml26OptionIN3c1011SmallVectorIlLj8EEEEneERKNS_10OptionBaseE
FNDA:0,_ZNK5neml26OptionIN3c106DeviceEEneERKNS_10OptionBaseE
FNDA:0,_ZNK5neml26OptionINS_10TensorNameIN2at6TensorEEEEneERKNS_10OptionBaseE
FNDA:0,_ZNK5neml26OptionINS_10TensorNameINS_10QuaternionEEEEneERKNS_10OptionBaseE
FNDA:0,_ZNK5neml26OptionINS_10TensorNameINS_11MillerIndexEEEEneERKNS_10OptionBaseE
FNDA:0,_ZNK5neml26OptionINS_10TensorNameINS_2R2EEEEneERKNS_10OptionBaseE
FNDA:0,_ZNK5neml26OptionINS_10TensorNameINS_2R3EEEEneERKNS_10OptionBaseE
FNDA:0,_ZNK5neml26OptionINS_10TensorNameINS_2R4EEEEneERKNS_10OptionBaseE
FNDA:0,_ZNK5neml26OptionINS_10TensorNameINS_3RotEEEEneERKNS_10OptionBaseE
FNDA:0,_ZNK5neml26OptionINS_10TensorNameINS_3SR2EEEEneERKNS_10OptionBaseE
FNDA:0,_ZNK5neml26OptionINS_10TensorNameINS_3VecEEEEneERKNS_10OptionBaseE
FNDA:0,_ZNK5neml26OptionINS_10TensorNameINS_3WR2EEEEneERKNS_10OptionBaseE
FNDA:0,_ZNK5neml26OptionINS_10TensorNameINS_4SFR3EEEEneERKNS_10OptionBaseE
FNDA:0,_ZNK5neml26OptionINS_10TensorNameINS_4SSR4EEEEneERKNS_10OptionBaseE
FNDA:0,_ZNK5neml26OptionINS_10TensorNameINS_4SWR4EEEEneERKNS_10OptionBaseE
FNDA:0,_ZNK5neml26OptionINS_10TensorNameINS_4WSR4EEEEneERKNS_10OptionBaseE
FNDA:0,_ZNK5neml26OptionINS_10TensorNameINS_4WWR4EEEEneERKNS_10OptionBaseE
FNDA:0,_ZNK5neml26OptionINS_10TensorNameINS_5SFFR4EEEEneERKNS_10OptionBaseE
FNDA:0,_ZNK5neml26OptionINS_10TensorNameINS_5WFFR4EEEEneERKNS_10OptionBaseE
FNDA:0,_ZNK5neml26OptionINS_10TensorNameINS_6ScalarEEEEneERKNS_10OptionBaseE
FNDA:0,_ZNK5neml26OptionINS_10TensorNameINS_6TensorEEEEneERKNS_10OptionBaseE
FNDA:0,_ZNK5neml26OptionINS_13EnumSelectionEEneERKNS_10OptionBaseE
FNDA:0,_ZNK5neml26OptionINS_18MultiEnumSelectionEEneERKNS_10OptionBaseE
FNDA:4,_ZNK5neml26OptionINSt7__cxx1112basic_stringIcSt11char_traitsIcESaIcEEEEneERKNS_10OptionBaseE
FNDA:8,_ZNK5neml26OptionIPNS_11NEML2ObjectEEneERKNS_10OptionBaseE
FNDA:2,_ZNK5neml26OptionIPNS_7FactoryEEneERKNS_10OptionBaseE
FNDA:2,_ZNK5neml26OptionISt10shared_ptrINS_8SettingsEEEneERKNS_10OptionBaseE
FNDA:0,_ZNK5neml26OptionISt6vectorIN3c1011SmallVectorIlLj8EEESaIS4_EEEneERKNS_10OptionBaseE
FNDA:0,_ZNK5neml26OptionISt6vectorIN3c106DeviceESaIS3_EEEneERKNS_10OptionBaseE
FNDA:0,_ZNK5neml26OptionISt6vectorINS_10TensorNameIN2at6TensorEEESaIS5_EEEneERKNS_10OptionBaseE
FNDA:0,_ZNK5neml26OptionISt6vectorINS_10TensorNameINS_10QuaternionEEESaIS4_EEEneERKNS_10OptionBaseE
FNDA:0,_ZNK5neml26OptionISt6vectorINS_10TensorNameINS_11MillerIndexEEESaIS4_EEEneERKNS_10OptionBaseE
FNDA:0,_ZNK5neml26OptionISt6vectorINS_10TensorNameINS_2R2EEESaIS4_EEEneERKNS_10OptionBaseE
FNDA:0,_ZNK5neml26OptionISt6vectorINS_10TensorNameINS_2R3EEESaIS4_EEEneERKNS_10OptionBaseE
FNDA:0,_ZNK5neml26OptionISt6vectorINS_10TensorNameINS_2R4EEESaIS4_EEEneERKNS_10OptionBaseE
FNDA:0,_ZNK5neml26OptionISt6vectorINS_10TensorNameINS_3RotEEESaIS4_EEEneERKNS_10OptionBaseE
FNDA:0,_ZNK5neml26OptionISt6vectorINS_10TensorNameINS_3SR2EEESaIS4_EEEneERKNS_10OptionBaseE
FNDA:0,_ZNK5neml26OptionISt6vectorINS_10TensorNameINS_3VecEEESaIS4_EEEneERKNS_10OptionBaseE
FNDA:0,_ZNK5neml26OptionISt6vectorINS_10TensorNameINS_3WR2EEESaIS4_EEEneERKNS_10OptionBaseE
FNDA:0,_ZNK5neml26OptionISt6vectorINS_10TensorNameINS_4SFR3EEESaIS4_EEEneERKNS_10OptionBaseE
FNDA:0,_ZNK5neml26OptionISt6vectorINS_10TensorNameINS_4SSR4EEESaIS4_EEEneERKNS_10OptionBaseE
FNDA:0,_ZNK5neml26OptionISt6vectorINS_10TensorNameINS_4SWR4EEESaIS4_EEEneERKNS_10OptionBaseE
FNDA:0,_ZNK5neml26OptionISt6vectorINS_10TensorNameINS_4WSR4EEESaIS4_EEEneERKNS_10OptionBaseE
FNDA:0,_ZNK5neml26OptionISt6vectorINS_10TensorNameINS_4WWR4EEESaIS4_EEEneERKNS_10OptionBaseE
FNDA:0,_ZNK5neml26OptionISt6vectorINS_10TensorNameINS_5SFFR4EEESaIS4_EEEneERKNS_10OptionBaseE
FNDA:0,_ZNK5neml26OptionISt6vectorINS_10TensorNameINS_5WFFR4EEESaIS4_EEEneERKNS_10OptionBaseE
FNDA:0,_ZNK5neml26OptionISt6vectorINS_10TensorNameINS_6ScalarEEESaIS4_EEEneERKNS_10OptionBaseE
FNDA:0,_ZNK5neml26OptionISt6vectorINS_10TensorNameINS_6TensorEEESaIS4_EEEneERKNS_10OptionBaseE
FNDA:0,_ZNK5neml26OptionISt6vectorINSt7__cxx1112basic_stringIcSt11char_traitsIcESaIcEEESaIS7_EEEneERKNS_10OptionBaseE
FNDA:0,_ZNK5neml26OptionISt6vectorIS1_IN3c1011SmallVectorIlLj8EEESaIS4_EESaIS6_EEEneERKNS_10OptionBaseE
FNDA:0,_ZNK5neml26OptionISt6vectorIS1_IN3c106DeviceESaIS3_EESaIS5_EEEneERKNS_10OptionBaseE
FNDA:0,_ZNK5neml26OptionISt6vectorIS1_INS_10TensorNameIN2at6TensorEEESaIS5_EESaIS7_EEEneERKNS_10OptionBaseE
FNDA:0,_ZNK5neml26OptionISt6vectorIS1_INS_10TensorNameINS_10QuaternionEEESaIS4_EESaIS6_EEEneERKNS_10OptionBaseE
FNDA:0,_ZNK5neml26OptionISt6vectorIS1_INS_10TensorNameINS_11MillerIndexEEESaIS4_EESaIS6_EEEneERKNS_10OptionBaseE
FNDA:0,_ZNK5neml26OptionISt6vectorIS1_INS_10TensorNameINS_2R2EEESaIS4_EESaIS6_EEEneERKNS_10OptionBaseE
FNDA:0,_ZNK5neml26OptionISt6vectorIS1_INS_10TensorNameINS_2R3EEESaIS4_EESaIS6_EEEneERKNS_10OptionBaseE
FNDA:0,_ZNK5neml26OptionISt6vectorIS1_INS_10TensorNameINS_2R4EEESaIS4_EESaIS6_EEEneERKNS_10OptionBaseE
FNDA:0,_ZNK5neml26OptionISt6vectorIS1_INS_10TensorNameINS_3RotEEESaIS4_EESaIS6_EEEneERKNS_10OptionBaseE
FNDA:0,_ZNK5neml26OptionISt6vectorIS1_INS_10TensorNameINS_3SR2EEESaIS4_EESaIS6_EEEneERKNS_10OptionBaseE
FNDA:0,_ZNK5neml26OptionISt6vectorIS1_INS_10TensorNameINS_3VecEEESaIS4_EESaIS6_EEEneERKNS_10OptionBaseE
FNDA:0,_ZNK5neml26OptionISt6vectorIS1_INS_10TensorNameINS_3WR2EEESaIS4_EESaIS6_EEEneERKNS_10OptionBaseE
FNDA:0,_ZNK5neml26OptionISt6vectorIS1_INS_10TensorNameINS_4SFR3EEESaIS4_EESaIS6_EEEneERKNS_10OptionBaseE
FNDA:0,_ZNK5neml26OptionISt6vectorIS1_INS_10TensorNameINS_4SSR4EEESaIS4_EESaIS6_EEEneERKNS_10OptionBaseE
FNDA:0,_ZNK5neml26OptionISt6vectorIS1_INS_10TensorNameINS_4SWR4EEESaIS4_EESaIS6_EEEneERKNS_10OptionBaseE
FNDA:0,_ZNK5neml26OptionISt6vectorIS1_INS_10TensorNameINS_4WSR4EEESaIS4_EESaIS6_EEEneERKNS_10OptionBaseE
FNDA:0,_ZNK5neml26OptionISt6vectorIS1_INS_10TensorNameINS_4WWR4EEESaIS4_EESaIS6_EEEneERKNS_10OptionBaseE
FNDA:0,_ZNK5neml26OptionISt6vectorIS1_INS_10TensorNameINS_5SFFR4EEESaIS4_EESaIS6_EEEneERKNS_10OptionBaseE
FNDA:0,_ZNK5neml26OptionISt6vectorIS1_INS_10TensorNameINS_5WFFR4EEESaIS4_EESaIS6_EEEneERKNS_10OptionBaseE
FNDA:0,_ZNK5neml26OptionISt6vectorIS1_INS_10TensorNameINS_6ScalarEEESaIS4_EESaIS6_EEEneERKNS_10OptionBaseE
FNDA:0,_ZNK5neml26OptionISt6vectorIS1_INS_10TensorNameINS_6TensorEEESaIS4_EESaIS6_EEEneERKNS_10OptionBaseE
FNDA:0,_ZNK5neml26OptionISt6vectorIS1_INSt7__cxx1112basic_stringIcSt11char_traitsIcESaIcEEESaIS7_EESaIS9_EEEneERKNS_10OptionBaseE
FNDA:0,_ZNK5neml26OptionISt6vectorIS1_IbSaIbEESaIS3_EEEneERKNS_10OptionBaseE
FNDA:0,_ZNK5neml26OptionISt6vectorIS1_IdSaIdEESaIS3_EEEneERKNS_10OptionBaseE
FNDA:0,_ZNK5neml26OptionISt6vectorIS1_IiSaIiEESaIS3_EEEneERKNS_10OptionBaseE
FNDA:0,_ZNK5neml26OptionISt6vectorIS1_IjSaIjEESaIS3_EEEneERKNS_10OptionBaseE
FNDA:0,_ZNK5neml26OptionISt6vectorIS1_IlSaIlEESaIS3_EEEneERKNS_10OptionBaseE
FNDA:0,_ZNK5neml26OptionISt6vectorIS1_ImSaImEESaIS3_EEEneERKNS_10OptionBaseE
FNDA:0,_ZNK5neml26OptionISt6vectorIbSaIbEEEneERKNS_10OptionBaseE
FNDA:0,_ZNK5neml26OptionISt6vectorIdSaIdEEEneERKNS_10OptionBaseE
FNDA:0,_ZNK5neml26OptionISt6vectorIiSaIiEEEneERKNS_10OptionBaseE
FNDA:0,_ZNK5neml26OptionISt6vectorIjSaIjEEEneERKNS_10OptionBaseE
FNDA:0,_ZNK5neml26OptionISt6vectorIlSaIlEEEneERKNS_10OptionBaseE
FNDA:0,_ZNK5neml26OptionISt6vectorImSaImEEEneERKNS_10OptionBaseE
FNDA:10,_ZNK5neml26OptionIbEneERKNS_10OptionBaseE
FNDA:0,_ZNK5neml26OptionIdEneERKNS_10OptionBaseE
FNDA:0,_ZNK5neml26OptionIiEneERKNS_10OptionBaseE
FNDA:0,_ZNK5neml26OptionIjEneERKNS_10OptionBaseE
FNDA:0,_ZNK5neml26OptionIlEneERKNS_10OptionBaseE
FNDA:0,_ZNK5neml26OptionImEneERKNS_10OptionBaseE
FNDA:3517,_ZNK5neml26OptionIN3c1011SmallVectorIlLj8EEEE5cloneEv
FNDA:32,_ZNK5neml26OptionIN3c106DeviceEE5cloneEv
FNDA:0,_ZNK5neml26OptionINS_10TensorNameIN2at6TensorEEEE5cloneEv
FNDA:16,_ZNK5neml26OptionINS_10TensorNameINS_10QuaternionEEEE5cloneEv
FNDA:290,_ZNK5neml26OptionINS_10TensorNameINS_11MillerIndexEEEE5cloneEv
FNDA:153,_ZNK5neml26OptionINS_10TensorNameINS_2R2EEEE5cloneEv
FNDA:16,_ZNK5neml26OptionINS_10TensorNameINS_2R3EEEE5cloneEv
FNDA:16,_ZNK5neml26OptionINS_10TensorNameINS_2R4EEEE5cloneEv
FNDA:16,_ZNK5neml26OptionINS_10TensorNameINS_3RotEEEE5cloneEv
FNDA:132,_ZNK5neml26OptionINS_10TensorNameINS_3SR2EEEE5cloneEv
FNDA:177,_ZNK5neml26OptionINS_10TensorNameINS_3VecEEEE5cloneEv
FNDA:16,_ZNK5neml26OptionINS_10TensorNameINS_3WR2EEEE5cloneEv
FNDA:16,_ZNK5neml26OptionINS_10TensorNameINS_4SFR3EEEE5cloneEv
FNDA:43,_ZNK5neml26OptionINS_10TensorNameINS_4SSR4EEEE5cloneEv
FNDA:16,_ZNK5neml26OptionINS_10TensorNameINS_4SWR4EEEE5cloneEv
[...]
FNDA:0,_ZNK5neml216RandomTensorImplINS_3SR2EE4makeEv
FNDA:0,_ZNK5neml216RandomTensorImplINS_3VecEE4makeEv
FNDA:0,_ZNK5neml216RandomTensorImplINS_3WR2EE4makeEv
FNDA:0,_ZNK5neml216RandomTensorImplINS_4SFR3EE4makeEv
FNDA:0,_ZNK5neml216RandomTensorImplINS_4SSR4EE4makeEv
FNDA:0,_ZNK5neml216RandomTensorImplINS_4SWR4EE4makeEv
FNDA:0,_ZNK5neml216RandomTensorImplINS_4WSR4EE4makeEv
FNDA:0,_ZNK5neml216RandomTensorImplINS_4WWR4EE4makeEv
FNDA:0,_ZNK5neml216RandomTensorImplINS_5SFFR4EE4makeEv
FNDA:0,_ZNK5neml216RandomTensorImplINS_5WFFR4EE4makeEv
FNDA:0,_ZNK5neml216RandomTensorImplINS_6ScalarEE4makeEv
FNDA:0,_ZNK5neml216RandomTensorImplINS_6TensorEE4makeEv
FNDA:0,_ZNK5neml216RandomTensorImplINS_3RotEE4makeEv
FNF:54
FNH:18
DA:33,18
DA:35,18
DA:36,18
DA:42,68
DA:43,51
DA:46,18
DA:47,0
DA:50,0
DA:52,0
DA:53,0
DA:55,0
DA:59,0
DA:61,0
DA:62,0
DA:63,0
DA:64,0
DA:65,0
DA:66,0
DA:70,0
DA:72,0
DA:73,0
DA:76,0
DA:77,0
DA:78,0
DA:79,0
DA:83,0
DA:85,0
DA:86,0
DA:88,0
DA:89,0
LF:30
LH:6
end_of_record
TN:
SF:/home/runner/work/neml2/neml2/src/neml2/user_tensors/SymmetryFromOrbifold.cxx
FN:33,43,_ZN5neml220SymmetryFromOrbifold16expected_optionsEv
FN:45,49,_ZN5neml220SymmetryFromOrbifoldC2ERKNS_9OptionSetE
FN:52,55,_ZNK5neml220SymmetryFromOrbifold4makeEv
FNDA:1,_ZN5neml220SymmetryFromOrbifold16expected_optionsEv
FNDA:55,_ZN5neml220SymmetryFromOrbifoldC2ERKNS_9OptionSetE
FNDA:55,_ZNK5neml220SymmetryFromOrbifold4makeEv
FNF:3
FNH:3
DA:33,1
DA:35,1
DA:36,1
DA:37,1
DA:38,3
DA:42,1
DA:43,0
DA:45,55
DA:47,110
DA:49,55
DA:52,55
DA:54,110
LF:12
LH:11
end_of_record
TN:
SF:/home/runner/work/neml2/neml2/src/neml2/user_tensors/UserTensor.cxx
FN:33,41,_ZN5neml214UserTensorTmplINS_10QuaternionEE16expected_optionsEv
FN:33,41,_ZN5neml214UserTensorTmplINS_11MillerIndexEE16expected_optionsEv
FN:33,41,_ZN5neml214UserTensorTmplINS_2R2EE16expected_optionsEv
FN:33,41,_ZN5neml214UserTensorTmplINS_2R3EE16expected_optionsEv
FN:33,41,_ZN5neml214UserTensorTmplINS_2R4EE16expected_optionsEv
FN:33,41,_ZN5neml214UserTensorTmplINS_3RotEE16expected_optionsEv
FN:33,41,_ZN5neml214UserTensorTmplINS_3SR2EE16expected_optionsEv
FN:33,41,_ZN5neml214UserTensorTmplINS_3VecEE16expected_optionsEv
FN:33,41,_ZN5neml214UserTensorTmplINS_3WR2EE16expected_optionsEv
FN:33,41,_ZN5neml214UserTensorTmplINS_4SFR3EE16expected_optionsEv
FN:33,41,_ZN5neml214UserTensorTmplINS_4SSR4EE16expected_optionsEv
FN:33,41,_ZN5neml214UserTensorTmplINS_4SWR4EE16expected_optionsEv
FN:33,41,_ZN5neml214UserTensorTmplINS_4WSR4EE16expected_optionsEv
FN:33,41,_ZN5neml214UserTensorTmplINS_4WWR4EE16expected_optionsEv
FN:33,41,_ZN5neml214UserTensorTmplINS_5SFFR4EE16expected_optionsEv
FN:33,41,_ZN5neml214UserTensorTmplINS_5WFFR4EE16expected_optionsEv
FN:33,41,_ZN5neml214UserTensorTmplINS_6ScalarEE16expected_optionsEv
FN:33,41,_ZN5neml214UserTensorTmplINS_6TensorEE16expected_optionsEv
FN:44,48,_ZN5neml214UserTensorTmplINS_10QuaternionEEC2ERKNS_9OptionSetE
FN:44,48,_ZN5neml214UserTensorTmplINS_11MillerIndexEEC2ERKNS_9OptionSetE
FN:44,48,_ZN5neml214UserTensorTmplINS_2R2EEC2ERKNS_9OptionSetE
FN:44,48,_ZN5neml214UserTensorTmplINS_2R3EEC2ERKNS_9OptionSetE
FN:44,48,_ZN5neml214UserTensorTmplINS_2R4EEC2ERKNS_9OptionSetE
FN:44,48,_ZN5neml214UserTensorTmplINS_3RotEEC2ERKNS_9OptionSetE
FN:44,48,_ZN5neml214UserTensorTmplINS_3SR2EEC2ERKNS_9OptionSetE
FN:44,48,_ZN5neml214UserTensorTmplINS_3VecEEC2ERKNS_9OptionSetE
FN:44,48,_ZN5neml214UserTensorTmplINS_3WR2EEC2ERKNS_9OptionSetE
FN:44,48,_ZN5neml214UserTensorTmplINS_4SFR3EEC2ERKNS_9OptionSetE
FN:44,48,_ZN5neml214UserTensorTmplINS_4SSR4EEC2ERKNS_9OptionSetE
FN:44,48,_ZN5neml214UserTensorTmplINS_4SWR4EEC2ERKNS_9OptionSetE
FN:44,48,_ZN5neml214UserTensorTmplINS_4WSR4EEC2ERKNS_9OptionSetE
FN:44,48,_ZN5neml214UserTensorTmplINS_4WWR4EEC2ERKNS_9OptionSetE
FN:44,48,_ZN5neml214UserTensorTmplINS_5SFFR4EEC2ERKNS_9OptionSetE
FN:44,48,_ZN5neml214UserTensorTmplINS_5WFFR4EEC2ERKNS_9OptionSetE
FN:44,48,_ZN5neml214UserTensorTmplINS_6ScalarEEC2ERKNS_9OptionSetE
FN:44,48,_ZN5neml214UserTensorTmplINS_6TensorEEC2ERKNS_9OptionSetE
FN:52,63,_ZNK5neml214UserTensorTmplINS_10QuaternionEE4makeEv
FN:52,63,_ZNK5neml214UserTensorTmplINS_11MillerIndexEE4makeEv
FN:52,63,_ZNK5neml214UserTensorTmplINS_2R2EE4makeEv
FN:52,63,_ZNK5neml214UserTensorTmplINS_2R3EE4makeEv
FN:52,63,_ZNK5neml214UserTensorTmplINS_2R4EE4makeEv
FN:52,63,_ZNK5neml214UserTensorTmplINS_3RotEE4makeEv
FN:52,63,_ZNK5neml214UserTensorTmplINS_3SR2EE4makeEv
FN:52,63,_ZNK5neml214UserTensorTmplINS_3VecEE4makeEv
FN:52,63,_ZNK5neml214UserTensorTmplINS_3WR2EE4makeEv
FN:52,63,_ZNK5neml214UserTensorTmplINS_4SFR3EE4makeEv
FN:52,63,_ZNK5neml214UserTensorTmplINS_4SSR4EE4makeEv
FN:52,63,_ZNK5neml214UserTensorTmplINS_4SWR4EE4makeEv
FN:52,63,_ZNK5neml214UserTensorTmplINS_4WSR4EE4makeEv
FN:52,63,_ZNK5neml214UserTensorTmplINS_4WWR4EE4makeEv
FN:52,63,_ZNK5neml214UserTensorTmplINS_5SFFR4EE4makeEv
FN:52,63,_ZNK5neml214UserTensorTmplINS_5WFFR4EE4makeEv
FN:52,63,_ZNK5neml214UserTensorTmplINS_6ScalarEE4makeEv
FN:52,63,_ZNK5neml214UserTensorTmplINS_6TensorEE4makeEv
FNDA:1,_ZN5neml214UserTensorTmplINS_10QuaternionEE16expected_optionsEv
FNDA:1,_ZN5neml214UserTensorTmplINS_11MillerIndexEE16expected_optionsEv
FNDA:1,_ZN5neml214UserTensorTmplINS_2R2EE16expected_optionsEv
FNDA:1,_ZN5neml214UserTensorTmplINS_2R3EE16expected_optionsEv
FNDA:1,_ZN5neml214UserTensorTmplINS_2R4EE16expected_optionsEv
FNDA:1,_ZN5neml214UserTensorTmplINS_3RotEE16expected_optionsEv
FNDA:1,_ZN5neml214UserTensorTmplINS_3SR2EE16expected_optionsEv
FNDA:1,_ZN5neml214UserTensorTmplINS_3VecEE16expected_optionsEv
FNDA:1,_ZN5neml214UserTensorTmplINS_3WR2EE16expected_optionsEv
FNDA:1,_ZN5neml214UserTensorTmplINS_4SFR3EE16expected_optionsEv
FNDA:1,_ZN5neml214UserTensorTmplINS_4SSR4EE16expected_optionsEv
FNDA:1,_ZN5neml214UserTensorTmplINS_4SWR4EE16expected_optionsEv
FNDA:1,_ZN5neml214UserTensorTmplINS_4WSR4EE16expected_optionsEv
FNDA:1,_ZN5neml214UserTensorTmplINS_4WWR4EE16expected_optionsEv
FNDA:1,_ZN5neml214UserTensorTmplINS_5SFFR4EE16expected_optionsEv
FNDA:1,_ZN5neml214UserTensorTmplINS_5WFFR4EE16expected_optionsEv
FNDA:1,_ZN5neml214UserTensorTmplINS_6ScalarEE16expected_optionsEv
FNDA:1,_ZN5neml214UserTensorTmplINS_6TensorEE16expected_optionsEv
FNDA:0,_ZN5neml214UserTensorTmplINS_10QuaternionEEC2ERKNS_9OptionSetE
FNDA:104,_ZN5neml214UserTensorTmplINS_11MillerIndexEEC2ERKNS_9OptionSetE
FNDA:0,_ZN5neml214UserTensorTmplINS_2R2EEC2ERKNS_9OptionSetE
FNDA:0,_ZN5neml214UserTensorTmplINS_2R3EEC2ERKNS_9OptionSetE
FNDA:0,_ZN5neml214UserTensorTmplINS_2R4EEC2ERKNS_9OptionSetE
FNDA:0,_ZN5neml214UserTensorTmplINS_3RotEEC2ERKNS_9OptionSetE
FNDA:9,_ZN5neml214UserTensorTmplINS_3SR2EEC2ERKNS_9OptionSetE
FNDA:11,_ZN5neml214UserTensorTmplINS_3VecEEC2ERKNS_9OptionSetE
FNDA:0,_ZN5neml214UserTensorTmplINS_3WR2EEC2ERKNS_9OptionSetE
FNDA:1,_ZN5neml214UserTensorTmplINS_4SFR3EEC2ERKNS_9OptionSetE
FNDA:9,_ZN5neml214UserTensorTmplINS_4SSR4EEC2ERKNS_9OptionSetE
FNDA:0,_ZN5neml214UserTensorTmplINS_4SWR4EEC2ERKNS_9OptionSetE
FNDA:0,_ZN5neml214UserTensorTmplINS_4WSR4EEC2ERKNS_9OptionSetE
FNDA:0,_ZN5neml214UserTensorTmplINS_4WWR4EEC2ERKNS_9OptionSetE
FNDA:0,_ZN5neml214UserTensorTmplINS_5SFFR4EEC2ERKNS_9OptionSetE
FNDA:0,_ZN5neml214UserTensorTmplINS_5WFFR4EEC2ERKNS_9OptionSetE
FNDA:163,_ZN5neml214UserTensorTmplINS_6ScalarEEC2ERKNS_9OptionSetE
FNDA:6,_ZN5neml214UserTensorTmplINS_6TensorEEC2ERKNS_9OptionSetE
FNDA:0,_ZNK5neml214UserTensorTmplINS_10QuaternionEE4makeEv
FNDA:104,_ZNK5neml214UserTensorTmplINS_11MillerIndexEE4makeEv
FNDA:0,_ZNK5neml214UserTensorTmplINS_2R2EE4makeEv
FNDA:0,_ZNK5neml214UserTensorTmplINS_2R3EE4makeEv
FNDA:0,_ZNK5neml214UserTensorTmplINS_2R4EE4makeEv
FNDA:0,_ZNK5neml214UserTensorTmplINS_3RotEE4makeEv
FNDA:9,_ZNK5neml214UserTensorTmplINS_3SR2EE4makeEv
FNDA:11,_ZNK5neml214UserTensorTmplINS_3VecEE4makeEv
FNDA:0,_ZNK5neml214UserTensorTmplINS_3WR2EE4makeEv
FNDA:1,_ZNK5neml214UserTensorTmplINS_4SFR3EE4makeEv
FNDA:9,_ZNK5neml214UserTensorTmplINS_4SSR4EE4makeEv
FNDA:0,_ZNK5neml214UserTensorTmplINS_4SWR4EE4makeEv
FNDA:0,_ZNK5neml214UserTensorTmplINS_4WSR4EE4makeEv
FNDA:0,_ZNK5neml214UserTensorTmplINS_4WWR4EE4makeEv
FNDA:0,_ZNK5neml214UserTensorTmplINS_5SFFR4EE4makeEv
FNDA:0,_ZNK5neml214UserTensorTmplINS_5WFFR4EE4makeEv
FNDA:163,_ZNK5neml214UserTensorTmplINS_6ScalarEE4makeEv
FNDA:5,_ZNK5neml214UserTensorTmplINS_6TensorEE4makeEv
FNF:54
FNH:32
DA:33,18
DA:35,18
DA:36,18
DA:39,54
DA:40,18
DA:41,0
DA:44,303
DA:46,605
DA:48,302
DA:52,302
DA:54,302
DA:56,1352
DA:57,734
DA:58,144
DA:60,158
DA:61,308
DA:62,312
DA:63,302
LF:18
LH:17
end_of_record
TN:
SF:/home/runner/work/neml2/neml2/src/neml2/user_tensors/UserTensorBase.cxx
FN:100,112,_ZN5neml2L14assert_arg_dimIJLm0EEEEvRKNSt7__cxx1112basic_stringIcSt11char_traitsIcESaIcEEERKN3c1011SmallVectorIlLj8EEE
FN:100,112,_ZN5neml2L14assert_arg_dimIJLm1EEEEvRKNSt7__cxx1112basic_stringIcSt11char_traitsIcESaIcEEERKN3c1011SmallVectorIlLj8EEE
FN:100,112,_ZN5neml2L14assert_arg_dimIJLm1ELm2EEEEvRKNSt7__cxx1112basic_stringIcSt11char_traitsIcESaIcEEERKN3c1011SmallVectorIlLj8EEE
FN:100,112,_ZN5neml2L14assert_arg_dimIJLm2EEEEvRKNSt7__cxx1112basic_stringIcSt11char_traitsIcESaIcEEERKN3c1011SmallVectorIlLj8EEE
FN:115,183,_ZN5neml2L24apply_shape_manipulationERNS_6TensorERKNSt7__cxx1112basic_stringIcSt11char_traitsIcESaIcEEERKN3c1011SmallVectorIlLj8EEE
FN:187,198,_ZN5neml214UserTensorBaseINS_10QuaternionEE5setupEv
FN:187,198,_ZN5neml214UserTensorBaseINS_11MillerIndexEE5setupEv
FN:187,198,_ZN5neml214UserTensorBaseINS_2R2EE5setupEv
FN:187,198,_ZN5neml214UserTensorBaseINS_2R3EE5setupEv
FN:187,198,_ZN5neml214UserTensorBaseINS_2R4EE5setupEv
FN:187,198,_ZN5neml214UserTensorBaseINS_3RotEE5setupEv
FN:187,198,_ZN5neml214UserTensorBaseINS_3SR2EE5setupEv
FN:187,198,_ZN5neml214UserTensorBaseINS_3VecEE5setupEv
FN:187,198,_ZN5neml214UserTensorBaseINS_3WR2EE5setupEv
FN:187,198,_ZN5neml214UserTensorBaseINS_4SFR3EE5setupEv
FN:187,198,_ZN5neml214UserTensorBaseINS_4SSR4EE5setupEv
FN:187,198,_ZN5neml214UserTensorBaseINS_4SWR4EE5setupEv
FN:187,198,_ZN5neml214UserTensorBaseINS_4WSR4EE5setupEv
FN:187,198,_ZN5neml214UserTensorBaseINS_4WWR4EE5setupEv
FN:187,198,_ZN5neml214UserTensorBaseINS_5SFFR4EE5setupEv
FN:187,198,_ZN5neml214UserTensorBaseINS_5WFFR4EE5setupEv
FN:187,198,_ZN5neml214UserTensorBaseINS_6ScalarEE5setupEv
FN:187,198,_ZN5neml214UserTensorBaseINS_6TensorEE5setupEv
FN:31,67,_ZN5neml214UserTensorBaseINS_10QuaternionEE16expected_optionsEv
FN:31,67,_ZN5neml214UserTensorBaseINS_11MillerIndexEE16expected_optionsEv
FN:31,67,_ZN5neml214UserTensorBaseINS_2R2EE16expected_optionsEv
FN:31,67,_ZN5neml214UserTensorBaseINS_2R3EE16expected_optionsEv
FN:31,67,_ZN5neml214UserTensorBaseINS_2R4EE16expected_optionsEv
FN:31,67,_ZN5neml214UserTensorBaseINS_3RotEE16expected_optionsEv
FN:31,67,_ZN5neml214UserTensorBaseINS_3SR2EE16expected_optionsEv
FN:31,67,_ZN5neml214UserTensorBaseINS_3VecEE16expected_optionsEv
FN:31,67,_ZN5neml214UserTensorBaseINS_3WR2EE16expected_optionsEv
FN:31,67,_ZN5neml214UserTensorBaseINS_4SFR3EE16expected_optionsEv
FN:31,67,_ZN5neml214UserTensorBaseINS_4SSR4EE16expected_optionsEv
FN:31,67,_ZN5neml214UserTensorBaseINS_4SWR4EE16expected_optionsEv
FN:31,67,_ZN5neml214UserTensorBaseINS_4WSR4EE16expected_optionsEv
FN:31,67,_ZN5neml214UserTensorBaseINS_4WWR4EE16expected_optionsEv
FN:31,67,_ZN5neml214UserTensorBaseINS_5SFFR4EE16expected_optionsEv
FN:31,67,_ZN5neml214UserTensorBaseINS_5WFFR4EE16expected_optionsEv
FN:31,67,_ZN5neml214UserTensorBaseINS_6ScalarEE16expected_optionsEv
FN:31,67,_ZN5neml214UserTensorBaseINS_6TensorEE16expected_optionsEv
FN:70,87,_ZN5neml214UserTensorBaseINS_10QuaternionEEC2ERKNS_9OptionSetE
FN:70,87,_ZN5neml214UserTensorBaseINS_11MillerIndexEEC2ERKNS_9OptionSetE
FN:70,87,_ZN5neml214UserTensorBaseINS_2R2EEC2ERKNS_9OptionSetE
FN:70,87,_ZN5neml214UserTensorBaseINS_2R3EEC2ERKNS_9OptionSetE
FN:70,87,_ZN5neml214UserTensorBaseINS_2R4EEC2ERKNS_9OptionSetE
FN:70,87,_ZN5neml214UserTensorBaseINS_3RotEEC2ERKNS_9OptionSetE
FN:70,87,_ZN5neml214UserTensorBaseINS_3SR2EEC2ERKNS_9OptionSetE
FN:70,87,_ZN5neml214UserTensorBaseINS_3VecEEC2ERKNS_9OptionSetE
FN:70,87,_ZN5neml214UserTensorBaseINS_3WR2EEC2ERKNS_9OptionSetE
FN:70,87,_ZN5neml214UserTensorBaseINS_4SFR3EEC2ERKNS_9OptionSetE
FN:70,87,_ZN5neml214UserTensorBaseINS_4SSR4EEC2ERKNS_9OptionSetE
FN:70,87,_ZN5neml214UserTensorBaseINS_4SWR4EEC2ERKNS_9OptionSetE
FN:70,87,_ZN5neml214UserTensorBaseINS_4WSR4EEC2ERKNS_9OptionSetE
FN:70,87,_ZN5neml214UserTensorBaseINS_4WWR4EEC2ERKNS_9OptionSetE
FN:70,87,_ZN5neml214UserTensorBaseINS_5SFFR4EEC2ERKNS_9OptionSetE
FN:70,87,_ZN5neml214UserTensorBaseINS_5WFFR4EEC2ERKNS_9OptionSetE
FN:70,87,_ZN5neml214UserTensorBaseINS_6ScalarEEC2ERKNS_9OptionSetE
FN:70,87,_ZN5neml214UserTensorBaseINS_6TensorEEC2ERKNS_9OptionSetE
FN:91,96,_ZN5neml214UserTensorBaseINS_10QuaternionEE11tensor_typeB5cxx11Ev
FN:91,96,_ZN5neml214UserTensorBaseINS_11MillerIndexEE11tensor_typeB5cxx11Ev
FN:91,96,_ZN5neml214UserTensorBaseINS_2R2EE11tensor_typeB5cxx11Ev
FN:91,96,_ZN5neml214UserTensorBaseINS_2R3EE11tensor_typeB5cxx11Ev
FN:91,96,_ZN5neml214UserTensorBaseINS_2R4EE11tensor_typeB5cxx11Ev
FN:91,96,_ZN5neml214UserTensorBaseINS_3RotEE11tensor_typeB5cxx11Ev
FN:91,96,_ZN5neml214UserTensorBaseINS_3SR2EE11tensor_typeB5cxx11Ev
FN:91,96,_ZN5neml214UserTensorBaseINS_3VecEE11tensor_typeB5cxx11Ev
FN:91,96,_ZN5neml214UserTensorBaseINS_3WR2EE11tensor_typeB5cxx11Ev
FN:91,96,_ZN5neml214UserTensorBaseINS_4SFR3EE11tensor_typeB5cxx11Ev
FN:91,96,_ZN5neml214UserTensorBaseINS_4SSR4EE11tensor_typeB5cxx11Ev
FN:91,96,_ZN5neml214UserTensorBaseINS_4SWR4EE11tensor_typeB5cxx11Ev
FN:91,96,_ZN5neml214UserTensorBaseINS_4WSR4EE11tensor_typeB5cxx11Ev
FN:91,96,_ZN5neml214UserTensorBaseINS_4WWR4EE11tensor_typeB5cxx11Ev
FN:91,96,_ZN5neml214UserTensorBaseINS_5SFFR4EE11tensor_typeB5cxx11Ev
FN:91,96,_ZN5neml214UserTensorBaseINS_5WFFR4EE11tensor_typeB5cxx11Ev
FN:91,96,_ZN5neml214UserTensorBaseINS_6ScalarEE11tensor_typeB5cxx11Ev
FN:91,96,_ZN5neml214UserTensorBaseINS_6TensorEE11tensor_typeB5cxx11Ev
FNDA:0,_ZN5neml2L14assert_arg_dimIJLm0EEEEvRKNSt7__cxx1112basic_stringIcSt11char_traitsIcESaIcEEERKN3c1011SmallVectorIlLj8EEE
FNDA:0,_ZN5neml2L14assert_arg_dimIJLm1EEEEvRKNSt7__cxx1112basic_stringIcSt11char_traitsIcESaIcEEERKN3c1011SmallVectorIlLj8EEE
FNDA:2,_ZN5neml2L14assert_arg_dimIJLm1ELm2EEEEvRKNSt7__cxx1112basic_stringIcSt11char_traitsIcESaIcEEERKN3c1011SmallVectorIlLj8EEE
FNDA:0,_ZN5neml2L14assert_arg_dimIJLm2EEEEvRKNSt7__cxx1112basic_stringIcSt11char_traitsIcESaIcEEERKN3c1011SmallVectorIlLj8EEE
FNDA:3,_ZN5neml2L24apply_shape_manipulationERNS_6TensorERKNSt7__cxx1112basic_stringIcSt11char_traitsIcESaIcEEERKN3c1011SmallVectorIlLj8EEE
FNDA:0,_ZN5neml214UserTensorBaseINS_10QuaternionEE5setupEv
FNDA:104,_ZN5neml214UserTensorBaseINS_11MillerIndexEE5setupEv
FNDA:81,_ZN5neml214UserTensorBaseINS_2R2EE5setupEv
FNDA:0,_ZN5neml214UserTensorBaseINS_2R3EE5setupEv
FNDA:0,_ZN5neml214UserTensorBaseINS_2R4EE5setupEv
FNDA:22,_ZN5neml214UserTensorBaseINS_3RotEE5setupEv
FNDA:149,_ZN5neml214UserTensorBaseINS_3SR2EE5setupEv
FNDA:38,_ZN5neml214UserTensorBaseINS_3VecEE5setupEv
FNDA:8,_ZN5neml214UserTensorBaseINS_3WR2EE5setupEv
FNDA:1,_ZN5neml214UserTensorBaseINS_4SFR3EE5setupEv
FNDA:9,_ZN5neml214UserTensorBaseINS_4SSR4EE5setupEv
FNDA:0,_ZN5neml214UserTensorBaseINS_4SWR4EE5setupEv
FNDA:0,_ZN5neml214UserTensorBaseINS_4WSR4EE5setupEv
FNDA:0,_ZN5neml214UserTensorBaseINS_4WWR4EE5setupEv
FNDA:0,_ZN5neml214UserTensorBaseINS_5SFFR4EE5setupEv
FNDA:0,_ZN5neml214UserTensorBaseINS_5WFFR4EE5setupEv
FNDA:282,_ZN5neml214UserTensorBaseINS_6ScalarEE5setupEv
FNDA:17,_ZN5neml214UserTensorBaseINS_6TensorEE5setupEv
FNDA:9,_ZN5neml214UserTensorBaseINS_10QuaternionEE16expected_optionsEv
FNDA:9,_ZN5neml214UserTensorBaseINS_11MillerIndexEE16expected_optionsEv
FNDA:11,_ZN5neml214UserTensorBaseINS_2R2EE16expected_optionsEv
FNDA:9,_ZN5neml214UserTensorBaseINS_2R3EE16expected_optionsEv
FNDA:9,_ZN5neml214UserTensorBaseINS_2R4EE16expected_optionsEv
FNDA:11,_ZN5neml214UserTensorBaseINS_3RotEE16expected_optionsEv
FNDA:11,_ZN5neml214UserTensorBaseINS_3SR2EE16expected_optionsEv
FNDA:10,_ZN5neml214UserTensorBaseINS_3VecEE16expected_optionsEv
FNDA:10,_ZN5neml214UserTensorBaseINS_3WR2EE16expected_optionsEv
FNDA:9,_ZN5neml214UserTensorBaseINS_4SFR3EE16expected_optionsEv
FNDA:9,_ZN5neml214UserTensorBaseINS_4SSR4EE16expected_optionsEv
FNDA:9,_ZN5neml214UserTensorBaseINS_4SWR4EE16expected_optionsEv
FNDA:9,_ZN5neml214UserTensorBaseINS_4WSR4EE16expected_optionsEv
FNDA:9,_ZN5neml214UserTensorBaseINS_4WWR4EE16expected_optionsEv
FNDA:9,_ZN5neml214UserTensorBaseINS_5SFFR4EE16expected_optionsEv
FNDA:9,_ZN5neml214UserTensorBaseINS_5WFFR4EE16expected_optionsEv
FNDA:12,_ZN5neml214UserTensorBaseINS_6ScalarEE16expected_optionsEv
FNDA:9,_ZN5neml214UserTensorBaseINS_6TensorEE16expected_optionsEv
FNDA:0,_ZN5neml214UserTensorBaseINS_10QuaternionEEC2ERKNS_9OptionSetE
FNDA:104,_ZN5neml214UserTensorBaseINS_11MillerIndexEEC2ERKNS_9OptionSetE
FNDA:81,_ZN5neml214UserTensorBaseINS_2R2EEC2ERKNS_9OptionSetE
FNDA:0,_ZN5neml214UserTensorBaseINS_2R3EEC2ERKNS_9OptionSetE
FNDA:0,_ZN5neml214UserTensorBaseINS_2R4EEC2ERKNS_9OptionSetE
FNDA:22,_ZN5neml214UserTensorBaseINS_3RotEEC2ERKNS_9OptionSetE
FNDA:149,_ZN5neml214UserTensorBaseINS_3SR2EEC2ERKNS_9OptionSetE
FNDA:38,_ZN5neml214UserTensorBaseINS_3VecEEC2ERKNS_9OptionSetE
FNDA:8,_ZN5neml214UserTensorBaseINS_3WR2EEC2ERKNS_9OptionSetE
FNDA:1,_ZN5neml214UserTensorBaseINS_4SFR3EEC2ERKNS_9OptionSetE
FNDA:9,_ZN5neml214UserTensorBaseINS_4SSR4EEC2ERKNS_9OptionSetE
FNDA:0,_ZN5neml214UserTensorBaseINS_4SWR4EEC2ERKNS_9OptionSetE
FNDA:0,_ZN5neml214UserTensorBaseINS_4WSR4EEC2ERKNS_9OptionSetE
FNDA:0,_ZN5neml214UserTensorBaseINS_4WWR4EEC2ERKNS_9OptionSetE
FNDA:0,_ZN5neml214UserTensorBaseINS_5SFFR4EEC2ERKNS_9OptionSetE
FNDA:0,_ZN5neml214UserTensorBaseINS_5WFFR4EEC2ERKNS_9OptionSetE
FNDA:282,_ZN5neml214UserTensorBaseINS_6ScalarEEC2ERKNS_9OptionSetE
FNDA:18,_ZN5neml214UserTensorBaseINS_6TensorEEC2ERKNS_9OptionSetE
FNDA:5,_ZN5neml214UserTensorBaseINS_10QuaternionEE11tensor_typeB5cxx11Ev
FNDA:5,_ZN5neml214UserTensorBaseINS_11MillerIndexEE11tensor_typeB5cxx11Ev
FNDA:5,_ZN5neml214UserTensorBaseINS_2R2EE11tensor_typeB5cxx11Ev
FNDA:5,_ZN5neml214UserTensorBaseINS_2R3EE11tensor_typeB5cxx11Ev
FNDA:5,_ZN5neml214UserTensorBaseINS_2R4EE11tensor_typeB5cxx11Ev
FNDA:5,_ZN5neml214UserTensorBaseINS_3RotEE11tensor_typeB5cxx11Ev
FNDA:9,_ZN5neml214UserTensorBaseINS_3SR2EE11tensor_typeB5cxx11Ev
FNDA:21,_ZN5neml214UserTensorBaseINS_3VecEE11tensor_typeB5cxx11Ev
FNDA:5,_ZN5neml214UserTensorBaseINS_3WR2EE11tensor_typeB5cxx11Ev
FNDA:5,_ZN5neml214UserTensorBaseINS_4SFR3EE11tensor_typeB5cxx11Ev
FNDA:5,_ZN5neml214UserTensorBaseINS_4SSR4EE11tensor_typeB5cxx11Ev
FNDA:5,_ZN5neml214UserTensorBaseINS_4SWR4EE11tensor_typeB5cxx11Ev
FNDA:5,_ZN5neml214UserTensorBaseINS_4WSR4EE11tensor_typeB5cxx11Ev
FNDA:5,_ZN5neml214UserTensorBaseINS_4WWR4EE11tensor_typeB5cxx11Ev
FNDA:5,_ZN5neml214UserTensorBaseINS_5SFFR4EE11tensor_typeB5cxx11Ev
FNDA:5,_ZN5neml214UserTensorBaseINS_5WFFR4EE11tensor_typeB5cxx11Ev
FNDA:9,_ZN5neml214UserTensorBaseINS_6ScalarEE11tensor_typeB5cxx11Ev
FNDA:6,_ZN5neml214UserTensorBaseINS_6TensorEE11tensor_typeB5cxx11Ev
FNF:77
FNH:58
DA:31,173
DA:33,173
DA:34,173
DA:36,865
DA:52,692
DA:58,519
DA:66,346
DA:67,173
DA:70,712
DA:73,1424
DA:74,2136
DA:76,1424
DA:77,1424
DA:78,0
DA:80,2851
DA:81,718
DA:82,3
DA:83,0
DA:87,712
DA:91,115
DA:95,115
DA:100,2
DA:102,2
DA:103,2
DA:104,2
DA:105,2
DA:112,2
DA:115,3
DA:117,3
DA:118,0
DA:119,3
DA:120,0
DA:121,3
DA:123,0
DA:124,0
DA:126,3
DA:128,2
DA:129,2
DA:130,2
DA:132,0
DA:134,1
DA:136,0
DA:137,0
DA:139,1
DA:141,0
DA:142,0
DA:144,1
DA:146,0
DA:147,0
DA:149,1
DA:150,1
DA:151,0
DA:152,0
DA:153,0
DA:155,0
DA:156,0
DA:158,0
DA:160,0
DA:161,0
DA:162,0
DA:164,0
DA:166,0
DA:168,0
DA:169,0
DA:171,0
DA:173,0
DA:174,0
DA:176,0
DA:178,0
DA:179,0
DA:182,0
DA:183,3
DA:187,711
DA:189,711
DA:191,711
DA:193,2070
DA:194,6
DA:195,3
DA:197,690
DA:198,690
LF:80
LH:47
end_of_record
TN:
SF:/home/runner/work/neml2/neml2/src/neml2/user_tensors/link_anchor.cxx
FN:30,34,_neml2_force_link_user_tensors
FNDA:339,_neml2_force_link_user_tensors
FNF:1
FNH:1
DA:30,339
DA:33,339
DA:34,339
LF:3
LH:3
end_of_record
