TN:
SF:/home/runner/work/neml2/neml2/src/neml2/base/DiagnosticsInterface.cxx
FN:31,35,_ZN5neml210DiagnosingC2Eb
FN:37,37,_ZN5neml210DiagnosingD2Ev
FN:40,44,_ZN5neml224current_diagnostic_stateEv
FN:47,51,_ZN5neml217current_diagnosesEv
FN:54,77,_ZN5neml28diagnoseERKNS_20DiagnosticsInterfaceE
FN:80,94,_ZN5neml218diagnose_and_throwERKNS_20DiagnosticsInterfaceE
FN:96,99,_ZN5neml220DiagnosticsInterfaceC2EPNS_11NEML2ObjectE
FNDA:293,_ZN5neml210DiagnosingC2Eb
FNDA:293,_ZN5neml210DiagnosingD2Ev
FNDA:1372,_ZN5neml224current_diagnostic_stateEv
FNDA:496,_ZN5neml217current_diagnosesEv
FNDA:293,_ZN5neml28diagnoseERKNS_20DiagnosticsInterfaceE
FNDA:195,_ZN5neml218diagnose_and_throwERKNS_20DiagnosticsInterfaceE
FNDA:679,_ZN5neml220DiagnosticsInterfaceC2EPNS_11NEML2ObjectE
FNF:7
FNH:7
DA:31,293
DA:32,293
DA:34,293
DA:35,293
DA:37,293
DA:40,1372
DA:42,1372
DA:43,1372
DA:47,496
DA:49,496
DA:50,496
DA:54,293
DA:56,293
DA:57,293
DA:58,293
DA:62,293
DA:63,293
DA:64,293
DA:67,293
DA:70,293
DA:72,198
DA:73,198
DA:76,293
DA:77,0
DA:80,195
DA:82,195
DA:83,195
DA:85,195
DA:86,195
DA:88,1
DA:89,1
DA:90,2
DA:91,1
DA:92,1
DA:93,1
DA:94,195
DA:96,679
DA:97,679
DA:99,679
LF:39
LH:38
end_of_record
TN:
SF:/home/runner/work/neml2/neml2/src/neml2/base/EnumSelection.cxx
FN:31,35,_ZN5neml2lsERSoRKNS_13EnumSelectionE
FN:38,42,_ZN5neml2rsERNSt7__cxx1118basic_stringstreamIcSt11char_traitsIcESaIcEEERNS_13EnumSelectionE
FN:44,49,_ZN5neml213EnumSelectionC2ERKSt6vectorINSt7__cxx1112basic_stringIcSt11char_traitsIcESaIcEEESaIS7_EERKS7_
FN:51,57,_ZN5neml213EnumSelectionC2ERKSt6vectorINSt7__cxx1112basic_stringIcSt11char_traitsIcESaIcEEESaIS7_EERKS1_IiSaIiEERKS7_
FN:60,64,_ZNK5neml213EnumSelectioneqERKS0_
FN:67,70,_ZNK5neml213EnumSelectionneERKS0_
FN:73,76,_ZNK5neml213EnumSelectioneqERKNSt7__cxx1112basic_stringIcSt11char_traitsIcESaIcEEE
FN:79,82,_ZNK5neml213EnumSelectionneERKNSt7__cxx1112basic_stringIcSt11char_traitsIcESaIcEEE
FN:85,91,_ZN5neml213EnumSelection6selectERKNSt7__cxx1112basic_stringIcSt11char_traitsIcESaIcEEE
FNDA:1,_ZN5neml2lsERSoRKNS_13EnumSelectionE
FNDA:108,_ZN5neml2rsERNSt7__cxx1118basic_stringstreamIcSt11char_traitsIcESaIcEEERNS_13EnumSelectionE
FNDA:101,_ZN5neml213EnumSelectionC2ERKSt6vectorINSt7__cxx1112basic_stringIcSt11char_traitsIcESaIcEEESaIS7_EERKS7_
FNDA:24,_ZN5neml213EnumSelectionC2ERKSt6vectorINSt7__cxx1112basic_stringIcSt11char_traitsIcESaIcEEESaIS7_EERKS1_IiSaIiEERKS7_
FNDA:7,_ZNK5neml213EnumSelectioneqERKS0_
FNDA:5,_ZNK5neml213EnumSelectionneERKS0_
FNDA:488,_ZNK5neml213EnumSelectioneqERKNSt7__cxx1112basic_stringIcSt11char_traitsIcESaIcEEE
FNDA:0,_ZNK5neml213EnumSelectionneERKNSt7__cxx1112basic_stringIcSt11char_traitsIcESaIcEEE
FNDA:230,_ZN5neml213EnumSelection6selectERKNSt7__cxx1112basic_stringIcSt11char_traitsIcESaIcEEE
FNF:9
FNH:8
DA:31,1
DA:33,1
DA:34,1
DA:38,108
DA:40,108
DA:41,107
DA:44,101
DA:45,101
DA:46,201
DA:48,100
DA:49,101
DA:51,24
DA:53,24
DA:54,46
DA:56,22
DA:57,23
DA:60,7
DA:62,9
DA:63,9
DA:67,5
DA:69,5
DA:73,488
DA:75,488
DA:79,0
DA:81,0
DA:85,230
DA:87,230
DA:88,696
DA:89,227
DA:90,227
DA:91,227
LF:31
LH:29
end_of_record
TN:
SF:/home/runner/work/neml2/neml2/src/neml2/base/EnumSelectionBase.cxx
FN:32,41,_ZN5neml217EnumSelectionBaseC2ERKSt6vectorINSt7__cxx1112basic_stringIcSt11char_traitsIcESaIcEEESaIS7_EE
FN:43,58,_ZN5neml217EnumSelectionBaseC2ERKSt6vectorINSt7__cxx1112basic_stringIcSt11char_traitsIcESaIcEEESaIS7_EERKS1_IiSaIiEE
FN:61,73,_ZNK5neml217EnumSelectionBase4joinERKNSt7__cxx1112basic_stringIcSt11char_traitsIcESaIcEEE
FNDA:374,_ZN5neml217EnumSelectionBaseC2ERKSt6vectorINSt7__cxx1112basic_stringIcSt11char_traitsIcESaIcEEESaIS7_EE
FNDA:43,_ZN5neml217EnumSelectionBaseC2ERKSt6vectorINSt7__cxx1112basic_stringIcSt11char_traitsIcESaIcEEESaIS7_EERKS1_IiSaIiEE
FNDA:992,_ZNK5neml217EnumSelectionBase4joinERKNSt7__cxx1112basic_stringIcSt11char_traitsIcESaIcEEE
FNF:3
FNH:3
DA:32,374
DA:34,374
DA:35,374
DA:38,373
DA:39,4641
DA:40,4268
DA:41,375
DA:43,43
DA:44,43
DA:46,43
DA:49,42
DA:50,42
DA:53,42
DA:54,42
DA:56,216
DA:57,175
DA:58,45
DA:61,992
DA:63,992
DA:64,992
DA:65,10684
DA:67,9692
DA:68,9692
DA:69,8700
DA:70,9692
DA:72,1984
DA:73,992
LF:27
LH:27
end_of_record
TN:
SF:/home/runner/work/neml2/neml2/src/neml2/base/Factory.cxx
FN:33,37,_ZN5neml27FactoryC2ENS_9InputFileE
FN:40,43,_ZN5neml27Factory10has_objectERKNSt7__cxx1112basic_stringIcSt11char_traitsIcESaIcEEES8_
FN:46,64,_ZN5neml27Factory13create_objectERKNSt7__cxx1112basic_stringIcSt11char_traitsIcESaIcEEERKNS_9OptionSetE
FN:67,70,_ZNK5neml27Factory18options_compatibleERKSt10shared_ptrINS_11NEML2ObjectEERKNS_9OptionSetE
FN:87,90,_ZN5neml27Factory5clearEv
FNDA:318,_ZN5neml27FactoryC2ENS_9InputFileE
FNDA:158,_ZN5neml27Factory10has_objectERKNSt7__cxx1112basic_stringIcSt11char_traitsIcESaIcEEES8_
FNDA:1440,_ZN5neml27Factory13create_objectERKNSt7__cxx1112basic_stringIcSt11char_traitsIcESaIcEEERKNS_9OptionSetE
FNDA:5,_ZNK5neml27Factory18options_compatibleERKSt10shared_ptrINS_11NEML2ObjectEERKNS_9OptionSetE
FNDA:0,_ZN5neml27Factory5clearEv
FNF:5
FNH:4
DA:33,318
DA:34,318
DA:35,318
DA:37,318
DA:40,158
DA:42,158
DA:46,1440
DA:48,1440
DA:49,1440
DA:51,1440
DA:52,1440
DA:53,1439
DA:57,1439
DA:59,21
DA:61,42
DA:62,63
DA:63,21
DA:64,1439
DA:67,5
DA:69,5
DA:87,0
DA:89,0
DA:90,0
LF:23
LH:20
end_of_record
TN:
SF:/home/runner/work/neml2/neml2/src/neml2/base/HITParser.cxx
FN:100,114,_ZNK5neml29HITParser22extract_object_optionsEPN3hit4NodeES3_
FN:117,122,_ZNK5neml29HITParser15extract_optionsEPN3hit4NodeERNS_9OptionSetE
FN:126,179,_ZNK5neml29HITParser14extract_optionEPN3hit4NodeERNS_9OptionSetE
FN:42,70,_ZNK5neml29HITParser5parseERKNSt10filesystem7__cxx114pathERKNSt7__cxx1112basic_stringIcSt11char_traitsIcESaIcEEE
FN:73,97,_ZNK5neml29HITParser5parseEPN3hit4NodeE
FNDA:2308,_ZNK5neml29HITParser22extract_object_optionsEPN3hit4NodeES3_
FNDA:2322,_ZNK5neml29HITParser15extract_optionsEPN3hit4NodeERNS_9OptionSetE
FNDA:5390,_ZNK5neml29HITParser14extract_optionEPN3hit4NodeERNS_9OptionSetE
FNDA:330,_ZNK5neml29HITParser5parseERKNSt10filesystem7__cxx114pathERKNSt7__cxx1112basic_stringIcSt11char_traitsIcESaIcEEE
FNDA:330,_ZNK5neml29HITParser5parseEPN3hit4NodeE
FNF:5
FNH:5
DA:42,330
DA:45,330
DA:46,330
DA:49,330
DA:50,330
DA:51,330
DA:54,330
DA:55,330
DA:58,330
DA:59,330
DA:62,330
DA:63,330
DA:64,330
DA:65,660
DA:66,330
DA:67,330
DA:69,657
DA:70,351
DA:73,330
DA:76,330
DA:77,990
DA:78,14
DA:81,330
DA:82,2298
DA:84,1971
DA:85,1971
DA:87,724
DA:88,3029
DA:90,2308
DA:91,2305
DA:92,2305
DA:93,724
DA:96,654
DA:97,333
DA:100,2308
DA:103,4616
DA:105,2308
DA:106,2308
DA:109,2305
DA:110,2305
DA:111,2305
DA:113,4610
DA:114,2311
DA:117,2322
DA:119,10017
DA:120,7698
DA:121,7709
DA:122,2319
DA:126,5390
DA:140,5390
DA:142,5390
DA:143,92471
DA:144,92471
DA:146,5390
DA:148,5390
DA:151,5389
DA:155,5389
DA:156,5179
DA:157,4833
DA:158,4719
DA:159,4498
DA:160,4498
DA:161,4391
DA:162,3897
DA:163,2219
DA:164,1388
DA:165,1282
DA:166,1252
DA:167,30
DA:168,30
DA:173,5387
DA:175,5387
DA:177,5387
DA:179,5387
LF:74
LH:74
end_of_record
TN:
SF:/home/runner/work/neml2/neml2/src/neml2/base/InputFile.cxx
FN:32,36,_ZN5neml29InputFileC2ERKNS_9OptionSetE
FN:39,42,_ZN5neml29InputFileixERKNSt7__cxx1112basic_stringIcSt11char_traitsIcESaIcEEE
FN:45,48,_ZNK5neml29InputFileixERKNSt7__cxx1112basic_stringIcSt11char_traitsIcESaIcEEE
FNDA:331,_ZN5neml29InputFileC2ERKNS_9OptionSetE
FNDA:3968,_ZN5neml29InputFileixERKNSt7__cxx1112basic_stringIcSt11char_traitsIcESaIcEEE
FNDA:0,_ZNK5neml29InputFileixERKNSt7__cxx1112basic_stringIcSt11char_traitsIcESaIcEEE
FNF:3
FNH:2
DA:32,331
DA:33,331
DA:34,331
DA:36,331
DA:39,3968
DA:41,3968
DA:45,0
DA:47,0
LF:8
LH:6
end_of_record
TN:
SF:/home/runner/work/neml2/neml2/src/neml2/base/LabeledAxis.cxx
FN:117,126,_ZN5neml211LabeledAxis15set_intmd_sizesERKNS_19LabeledAxisAccessorEN3c108ArrayRefIlEE
FN:129,194,_ZN5neml211LabeledAxis12setup_layoutEv
FN:197,213,_ZNK5neml211LabeledAxis4sizeEv
FN:216,261,_ZNK5neml211LabeledAxis4sizeERKNS_19LabeledAxisAccessorE
FN:264,284,_ZNK5neml211LabeledAxis5sliceERKNS_19LabeledAxisAccessorE
FN:287,298,_ZNK5neml211LabeledAxis9nvariableEv
FN:301,316,_ZNK5neml211LabeledAxis12has_variableERKNS_19LabeledAxisAccessorE
FN:31,34,_ZN5neml211LabeledAxisC2ENS_19LabeledAxisAccessorE
FN:319,330,_ZNK5neml211LabeledAxis11variable_idERKNS_19LabeledAxisAccessorE
FN:333,346,_ZNK5neml211LabeledAxis20variable_names_unsrtEv
FN:349,353,_ZNK5neml211LabeledAxis14variable_namesEv
FN:356,360,_ZNK5neml211LabeledAxis15variable_slicesEv
FN:363,367,_ZNK5neml211LabeledAxis14variable_sliceERKNS_19LabeledAxisAccessorE
FN:37,47,_ZN5neml211LabeledAxis5clearEv
FN:370,374,_ZNK5neml211LabeledAxis14variable_sizesEv
FN:377,397,_ZNK5neml211LabeledAxis13variable_sizeERKNS_19LabeledAxisAccessorE
FN:400,404,_ZNK5neml211LabeledAxis20variable_intmd_sizesEv
FN:407,411,_ZNK5neml211LabeledAxis19variable_base_sizesEv
FN:414,417,_ZNK5neml211LabeledAxis8nsubaxisEv
FN:420,430,_ZNK5neml211LabeledAxis11has_subaxisERKNS_19LabeledAxisAccessorE
FN:433,443,_ZNK5neml211LabeledAxis10subaxis_idERKNSt7__cxx1112basic_stringIcSt11char_traitsIcESaIcEEE
FN:446,450,_ZNK5neml211LabeledAxis7subaxesEv
FN:453,465,_ZNK5neml211LabeledAxis7subaxisERKNS_19LabeledAxisAccessorE
FN:468,472,_ZN5neml211LabeledAxis7subaxisERKNS_19LabeledAxisAccessorE
FN:475,482,_ZNK5neml211LabeledAxis19subaxis_names_unsrtB5cxx11Ev
FN:485,489,_ZNK5neml211LabeledAxis13subaxis_namesB5cxx11Ev
FN:492,496,_ZNK5neml211LabeledAxis14subaxis_slicesEv
FN:499,514,_ZNK5neml211LabeledAxis13subaxis_sliceERKNS_19LabeledAxisAccessorE
FN:50,66,_ZN5neml211LabeledAxis10clear_dataEv
FN:517,521,_ZNK5neml211LabeledAxis13subaxis_sizesEv
FN:524,534,_ZNK5neml211LabeledAxis12subaxis_sizeERKNS_19LabeledAxisAccessorE
FN:537,558,_ZNK5neml211LabeledAxis6equalsERKS0_
FN:561,564,_ZNK5neml211LabeledAxis16ensure_setup_dbgEv
FN:567,594,_ZN5neml2lsERSoRKNS_11LabeledAxisE
FN:597,600,_ZN5neml2eqERKNS_11LabeledAxisES2_
FN:603,606,_ZN5neml2neERKNS_11LabeledAxisES2_
FN:69,72,_ZNK5neml211LabeledAxis7qualifyERKNS_19LabeledAxisAccessorE
FN:75,84,_ZNK5neml211LabeledAxis10disqualifyERKNS_19LabeledAxisAccessorE
FN:87,94,_ZN5neml211LabeledAxis11add_subaxisERKNSt7__cxx1112basic_stringIcSt11char_traitsIcESaIcEEE
FN:97,114,_ZN5neml211LabeledAxis12add_variableERKNS_19LabeledAxisAccessorEN3c108ArrayRefIlEES6_
FNDA:0,_ZN5neml211LabeledAxis15set_intmd_sizesERKNS_19LabeledAxisAccessorEN3c108ArrayRefIlEE
FNDA:318,_ZN5neml211LabeledAxis12setup_layoutEv
FNDA:226,_ZNK5neml211LabeledAxis4sizeEv
FNDA:78,_ZNK5neml211LabeledAxis4sizeERKNS_19LabeledAxisAccessorE
FNDA:27,_ZNK5neml211LabeledAxis5sliceERKNS_19LabeledAxisAccessorE
FNDA:25,_ZNK5neml211LabeledAxis9nvariableEv
FNDA:171,_ZNK5neml211LabeledAxis12has_variableERKNS_19LabeledAxisAccessorE
FNDA:2578,_ZN5neml211LabeledAxisC2ENS_19LabeledAxisAccessorE
FNDA:94,_ZNK5neml211LabeledAxis11variable_idERKNS_19LabeledAxisAccessorE
FNDA:0,_ZNK5neml211LabeledAxis20variable_names_unsrtEv
FNDA:3670,_ZNK5neml211LabeledAxis14variable_namesEv
FNDA:16,_ZNK5neml211LabeledAxis15variable_slicesEv
FNDA:40,_ZNK5neml211LabeledAxis14variable_sliceERKNS_19LabeledAxisAccessorE
FNDA:229,_ZN5neml211LabeledAxis5clearEv
FNDA:32098,_ZNK5neml211LabeledAxis14variable_sizesEv
FNDA:50,_ZNK5neml211LabeledAxis13variable_sizeERKNS_19LabeledAxisAccessorE
FNDA:0,_ZNK5neml211LabeledAxis20variable_intmd_sizesEv
FNDA:0,_ZNK5neml211LabeledAxis19variable_base_sizesEv
FNDA:8,_ZNK5neml211LabeledAxis8nsubaxisEv
FNDA:23,_ZNK5neml211LabeledAxis11has_subaxisERKNS_19LabeledAxisAccessorE
FNDA:22,_ZNK5neml211LabeledAxis10subaxis_idERKNSt7__cxx1112basic_stringIcSt11char_traitsIcESaIcEEE
FNDA:2,_ZNK5neml211LabeledAxis7subaxesEv
FNDA:4186,_ZNK5neml211LabeledAxis7subaxisERKNS_19LabeledAxisAccessorE
FNDA:4098,_ZN5neml211LabeledAxis7subaxisERKNS_19LabeledAxisAccessorE
FNDA:0,_ZNK5neml211LabeledAxis19subaxis_names_unsrtB5cxx11Ev
FNDA:9,_ZNK5neml211LabeledAxis13subaxis_namesB5cxx11Ev
FNDA:3,_ZNK5neml211LabeledAxis14subaxis_slicesEv
FNDA:14,_ZNK5neml211LabeledAxis13subaxis_sliceERKNS_19LabeledAxisAccessorE
FNDA:229,_ZN5neml211LabeledAxis10clear_dataEv
FNDA:9,_ZNK5neml211LabeledAxis13subaxis_sizesEv
FNDA:14,_ZNK5neml211LabeledAxis12subaxis_sizeERKNS_19LabeledAxisAccessorE
FNDA:3,_ZNK5neml211LabeledAxis6equalsERKS0_
FNDA:36004,_ZNK5neml211LabeledAxis16ensure_setup_dbgEv
FNDA:0,_ZN5neml2lsERSoRKNS_11LabeledAxisE
FNDA:1,_ZN5neml2eqERKNS_11LabeledAxisES2_
FNDA:2,_ZN5neml2neERKNS_11LabeledAxisES2_
FNDA:14469,_ZNK5neml211LabeledAxis7qualifyERKNS_19LabeledAxisAccessorE
FNDA:0,_ZNK5neml211LabeledAxis10disqualifyERKNS_19LabeledAxisAccessorE
FNDA:2578,_ZN5neml211LabeledAxis11add_subaxisERKNSt7__cxx1112basic_stringIcSt11char_traitsIcESaIcEEE
FNDA:4767,_ZN5neml211LabeledAxis12add_variableERKNS_19LabeledAxisAccessorEN3c108ArrayRefIlEES6_
FNF:40
FNH:33
DA:31,2578
DA:32,2578
DA:34,2578
DA:37,229
DA:39,360
DA:40,131
DA:42,229
DA:43,229
DA:44,229
DA:46,229
DA:47,229
DA:50,229
DA:52,229
DA:54,229
DA:55,229
DA:56,229
DA:57,229
DA:58,229
DA:59,229
DA:61,229
DA:62,229
DA:63,229
DA:64,229
DA:65,229
DA:66,229
DA:69,14469
DA:71,14469
DA:75,0
DA:77,0
DA:81,0
DA:83,0
DA:87,2578
DA:89,2578
DA:90,2578
DA:91,2578
DA:92,2578
DA:93,2578
DA:97,4767
DA:101,4767
DA:102,4767
DA:104,4767
DA:106,2315
DA:108,2315
DA:110,2315
DA:113,2452
DA:114,4767
DA:117,0
DA:119,0
DA:120,0
DA:122,0
DA:123,0
DA:125,0
DA:129,318
DA:132,318
DA:134,318
DA:135,318
DA:136,318
DA:137,318
DA:138,318
DA:139,318
DA:141,318
DA:142,318
DA:143,318
DA:144,318
DA:145,318
DA:148,689
DA:150,371
DA:151,371
DA:152,371
DA:153,371
DA:154,371
DA:155,371
DA:156,371
DA:157,371
DA:158,371
DA:162,512
DA:164,194
DA:165,194
DA:166,194
DA:167,194
DA:168,194
DA:169,194
DA:170,194
DA:171,194
DA:174,596
DA:176,402
DA:177,402
DA:178,402
DA:179,402
DA:180,402
DA:181,402
DA:182,402
DA:185,402
DA:186,402
DA:187,402
DA:188,402
DA:189,402
DA:193,318
DA:194,318
DA:197,226
DA:200,226
DA:201,203
DA:204,23
DA:205,69
DA:207,46
DA:208,46
DA:210,32
DA:211,9
DA:212,23
DA:216,78
DA:218,78
DA:221,78
DA:224,46
DA:225,46
DA:227,36
DA:229,18
DA:230,18
DA:234,18
DA:235,18
DA:239,10
DA:240,10
DA:245,10
DA:247,5
DA:248,5
DA:250,5
DA:254,32
DA:255,32
DA:260,32
DA:264,27
DA:266,27
DA:267,27
DA:270,27
DA:272,22
DA:273,22
DA:277,5
DA:282,5
DA:283,5
DA:287,25
DA:290,25
DA:291,16
DA:294,9
DA:295,14
DA:296,5
DA:297,9
DA:301,171
DA:303,171
DA:306,171
DA:307,32
DA:308,64
DA:311,139
DA:312,60
DA:314,79
DA:315,79
DA:319,94
DA:321,94
DA:322,94
DA:323,94
DA:324,94
DA:329,188
DA:333,0
DA:335,0
DA:336,0
DA:337,0
DA:338,0
DA:339,0
DA:341,0
DA:342,0
DA:343,0
DA:344,0
DA:345,0
DA:346,0
DA:349,3670
DA:351,3670
DA:352,3670
DA:356,16
DA:358,16
DA:359,16
DA:363,40
DA:365,40
DA:366,40
DA:370,32098
DA:372,32098
DA:373,32098
DA:377,50
DA:380,50
DA:381,18
DA:384,32
DA:386,18
DA:387,18
DA:388,18
DA:389,18
DA:390,18
DA:393,14
DA:394,14
DA:395,14
DA:396,14
DA:400,0
DA:402,0
DA:403,0
DA:407,0
DA:409,0
DA:410,0
DA:414,8
DA:416,8
DA:420,23
DA:422,23
DA:424,23
DA:426,23
DA:427,19
DA:429,4
DA:433,22
DA:435,22
DA:436,22
DA:437,22
DA:442,44
DA:446,2
DA:448,2
DA:449,2
DA:453,4186
DA:455,4186
DA:457,4186
DA:458,4186
DA:459,4186
DA:461,4186
DA:462,4182
DA:464,4
DA:468,4098
DA:471,4098
DA:475,0
DA:477,0
DA:478,0
DA:479,0
DA:480,0
DA:481,0
DA:482,0
DA:485,9
DA:487,9
DA:488,9
DA:492,3
DA:494,3
DA:495,3
DA:499,14
DA:501,14
DA:504,14
DA:505,10
DA:508,4
DA:509,4
DA:510,4
DA:511,4
DA:512,4
DA:513,4
DA:517,9
DA:519,9
DA:520,9
DA:524,14
DA:526,14
DA:527,14
DA:528,14
DA:530,14
DA:531,10
DA:533,4
DA:537,3
DA:540,3
DA:541,2
DA:544,1
DA:545,0
DA:548,1
DA:550,0
DA:551,0
DA:553,0
DA:554,0
DA:557,1
DA:561,36004
DA:563,36004
DA:564,36004
DA:567,0
DA:570,0
DA:573,0
DA:574,0
DA:576,0
DA:577,0
DA:578,0
DA:579,0
DA:582,0
DA:584,0
DA:585,0
DA:586,0
DA:587,0
DA:588,0
DA:589,0
DA:590,0
DA:593,0
DA:594,0
DA:597,1
DA:599,1
DA:603,2
DA:605,2
LF:297
LH:239
end_of_record
TN:
SF:/home/runner/work/neml2/neml2/src/neml2/base/LabeledAxisAccessor.cxx
FN:100,107,_ZNK5neml219LabeledAxisAccessor5sliceEmm
FN:110,113,_ZNK5neml219LabeledAxisAccessor7remountERKS0_l
FN:116,119,_ZNK5neml219LabeledAxisAccessor10start_withERKS0_
FN:122,125,_ZNK5neml219LabeledAxisAccessor8is_stateEv
FN:128,131,_ZNK5neml219LabeledAxisAccessor12is_old_stateEv
FN:134,137,_ZNK5neml219LabeledAxisAccessor8is_forceEv
FN:140,143,_ZNK5neml219LabeledAxisAccessor12is_old_forceEv
FN:146,149,_ZNK5neml219LabeledAxisAccessor11is_residualEv
FN:152,155,_ZNK5neml219LabeledAxisAccessor12is_parameterEv
FN:158,167,_ZNK5neml219LabeledAxisAccessor7currentEv
FN:170,179,_ZNK5neml219LabeledAxisAccessor3oldEv
FN:182,190,_ZNK5neml219LabeledAxisAccessor18validate_item_nameERKNSt7__cxx1112basic_stringIcSt11char_traitsIcESaIcEEE
FN:193,196,_ZN5neml2neERKNS_19LabeledAxisAccessorES2_
FN:199,202,_ZN5neml2eqERKNS_19LabeledAxisAccessorES2_
FN:205,208,_ZN5neml2ltERKNS_19LabeledAxisAccessorES2_
FN:211,220,_ZN5neml2lsERSoRKNS_19LabeledAxisAccessorE
FN:34,37,_ZN5neml222reserved_subaxis_namesB5cxx11Ev
FN:39,43,_ZNK5neml219LabeledAxisAccessorcvSt6vectorINSt7__cxx1112basic_stringIcSt11char_traitsIcESaIcEEESaIS7_EEEv
FN:46,49,_ZNK5neml219LabeledAxisAccessor3strB5cxx11Ev
FN:52,55,_ZNK5neml219LabeledAxisAccessor5emptyEv
FN:58,61,_ZNK5neml219LabeledAxisAccessor4sizeEv
FN:64,67,_ZNK5neml219LabeledAxisAccessorixB5cxx11Em
FN:70,75,_ZNK5neml219LabeledAxisAccessor11with_suffixERKNSt7__cxx1112basic_stringIcSt11char_traitsIcESaIcEEE
FN:78,81,_ZNK5neml219LabeledAxisAccessor6appendERKS0_
FN:84,89,_ZNK5neml219LabeledAxisAccessor7prependERKS0_
FN:92,97,_ZNK5neml219LabeledAxisAccessor5sliceEm
FNDA:2930,_ZNK5neml219LabeledAxisAccessor5sliceEmm
FNDA:671,_ZNK5neml219LabeledAxisAccessor7remountERKS0_l
FNDA:2928,_ZNK5neml219LabeledAxisAccessor10start_withERKS0_
FNDA:1618,_ZNK5neml219LabeledAxisAccessor8is_stateEv
FNDA:253,_ZNK5neml219LabeledAxisAccessor12is_old_stateEv
FNDA:596,_ZNK5neml219LabeledAxisAccessor8is_forceEv
FNDA:48,_ZNK5neml219LabeledAxisAccessor12is_old_forceEv
FNDA:160,_ZNK5neml219LabeledAxisAccessor11is_residualEv
FNDA:109,_ZNK5neml219LabeledAxisAccessor12is_parameterEv
FNDA:0,_ZNK5neml219LabeledAxisAccessor7currentEv
FNDA:91,_ZNK5neml219LabeledAxisAccessor3oldEv
FNDA:60334,_ZNK5neml219LabeledAxisAccessor18validate_item_nameERKNSt7__cxx1112basic_stringIcSt11char_traitsIcESaIcEEE
FNDA:7801,_ZN5neml2neERKNS_19LabeledAxisAccessorES2_
FNDA:5401,_ZN5neml2eqERKNS_19LabeledAxisAccessorES2_
FNDA:177641,_ZN5neml2ltERKNS_19LabeledAxisAccessorES2_
FNDA:81533,_ZN5neml2lsERSoRKNS_19LabeledAxisAccessorE
FNDA:0,_ZN5neml222reserved_subaxis_namesB5cxx11Ev
FNDA:1,_ZNK5neml219LabeledAxisAccessorcvSt6vectorINSt7__cxx1112basic_stringIcSt11char_traitsIcESaIcEEESaIS7_EEEv
FNDA:75295,_ZNK5neml219LabeledAxisAccessor3strB5cxx11Ev
FNDA:10507,_ZNK5neml219LabeledAxisAccessor5emptyEv
FNDA:21284,_ZNK5neml219LabeledAxisAccessor4sizeEv
FNDA:16222,_ZNK5neml219LabeledAxisAccessorixB5cxx11Em
FNDA:167,_ZNK5neml219LabeledAxisAccessor11with_suffixERKNSt7__cxx1112basic_stringIcSt11char_traitsIcESaIcEEE
FNDA:2579,_ZNK5neml219LabeledAxisAccessor6appendERKS0_
FNDA:18123,_ZNK5neml219LabeledAxisAccessor7prependERKS0_
FNDA:3243,_ZNK5neml219LabeledAxisAccessor5sliceEm
FNF:26
FNH:24
DA:34,0
DA:36,0
DA:37,0
DA:39,1
DA:41,1
DA:42,1
DA:46,75295
DA:48,75295
DA:52,10507
DA:54,10507
DA:58,21284
DA:60,21284
DA:64,16222
DA:66,16222
DA:70,167
DA:72,167
DA:73,167
DA:74,334
DA:75,167
DA:78,2579
DA:80,2579
DA:84,18123
DA:86,18123
DA:87,18123
DA:88,36246
DA:89,18123
DA:92,3243
DA:94,3243
DA:95,3243
DA:96,6486
DA:97,3243
DA:100,2930
DA:102,2930
DA:103,2930
DA:104,0
DA:105,2930
DA:106,5860
DA:107,2930
DA:110,671
DA:112,671
DA:116,2928
DA:118,2928
DA:122,1618
DA:124,1618
DA:128,253
DA:130,253
DA:134,596
DA:136,596
DA:140,48
DA:142,48
DA:146,160
DA:148,160
DA:152,109
DA:154,109
DA:158,0
DA:160,0
DA:161,0
DA:162,0
DA:163,0
DA:164,0
DA:165,0
DA:166,0
DA:170,91
DA:172,91
DA:173,91
DA:174,38
DA:175,53
DA:176,53
DA:177,0
DA:178,0
DA:182,60334
DA:184,60334
DA:185,60334
DA:186,60334
DA:190,60333
DA:193,7801
DA:195,7801
DA:199,5401
DA:201,5401
DA:205,177641
DA:207,177641
DA:211,81533
DA:213,265980
DA:215,184447
DA:216,102914
DA:217,184447
DA:219,81533
LF:87
LH:73
end_of_record
TN:
SF:/home/runner/work/neml2/neml2/src/neml2/base/MultiEnumSelection.cxx
FN:32,44,_ZN5neml2lsERSoRKNS_18MultiEnumSelectionE
FN:47,51,_ZN5neml2rsERNSt7__cxx1118basic_stringstreamIcSt11char_traitsIcESaIcEEERNS_18MultiEnumSelectionE
FN:53,58,_ZN5neml218MultiEnumSelectionC2ERKSt6vectorINSt7__cxx1112basic_stringIcSt11char_traitsIcESaIcEEESaIS7_EESB_
FN:60,66,_ZN5neml218MultiEnumSelectionC2ERKSt6vectorINSt7__cxx1112basic_stringIcSt11char_traitsIcESaIcEEESaIS7_EERKS1_IiSaIiEESB_
FN:69,73,_ZNK5neml218MultiEnumSelectioneqERKS0_
FN:76,79,_ZNK5neml218MultiEnumSelectionneERKS0_
FN:82,94,_ZN5neml218MultiEnumSelection6selectERKSt6vectorINSt7__cxx1112basic_stringIcSt11char_traitsIcESaIcEEESaIS7_EE
FN:97,100,_ZNK5neml218MultiEnumSelection4sizeEv
FNDA:1,_ZN5neml2lsERSoRKNS_18MultiEnumSelectionE
FNDA:38,_ZN5neml2rsERNSt7__cxx1118basic_stringstreamIcSt11char_traitsIcESaIcEEERNS_18MultiEnumSelectionE
FNDA:273,_ZN5neml218MultiEnumSelectionC2ERKSt6vectorINSt7__cxx1112basic_stringIcSt11char_traitsIcESaIcEEESaIS7_EESB_
FNDA:19,_ZN5neml218MultiEnumSelectionC2ERKSt6vectorINSt7__cxx1112basic_stringIcSt11char_traitsIcESaIcEEESaIS7_EERKS1_IiSaIiEESB_
FNDA:4,_ZNK5neml218MultiEnumSelectioneqERKS0_
FNDA:3,_ZNK5neml218MultiEnumSelectionneERKS0_
FNDA:330,_ZN5neml218MultiEnumSelection6selectERKSt6vectorINSt7__cxx1112basic_stringIcSt11char_traitsIcESaIcEEESaIS7_EE
FNDA:3,_ZNK5neml218MultiEnumSelection4sizeEv
FNF:8
FNH:8
DA:32,1
DA:34,1
DA:35,1
DA:36,3
DA:38,2
DA:39,2
DA:40,1
DA:42,1
DA:43,1
DA:47,38
DA:49,40
DA:50,37
DA:53,273
DA:54,273
DA:55,273
DA:57,273
DA:58,275
DA:60,19
DA:62,19
DA:63,19
DA:65,19
DA:66,21
DA:69,4
DA:71,5
DA:72,5
DA:76,3
DA:78,3
DA:82,330
DA:84,330
DA:85,330
DA:86,702
DA:88,375
DA:90,1131
DA:91,372
DA:92,372
DA:94,327
DA:97,3
DA:99,3
LF:38
LH:38
end_of_record
TN:
SF:/home/runner/work/neml2/neml2/src/neml2/base/NEML2Object.cxx
FN:33,47,_ZN5neml211NEML2Object16expected_optionsEv
FN:49,55,_ZN5neml211NEML2ObjectC2ERKNS_9OptionSetE
FN:59,65,_ZN5neml211NEML2Object14resolve_tensorINS_10QuaternionEEERKT_RKNSt7__cxx1112basic_stringIcSt11char_traitsIcESaIcEEE
FN:59,65,_ZN5neml211NEML2Object14resolve_tensorINS_11MillerIndexEEERKT_RKNSt7__cxx1112basic_stringIcSt11char_traitsIcESaIcEEE
FN:59,65,_ZN5neml211NEML2Object14resolve_tensorINS_2R2EEERKT_RKNSt7__cxx1112basic_stringIcSt11char_traitsIcESaIcEEE
FN:59,65,_ZN5neml211NEML2Object14resolve_tensorINS_2R3EEERKT_RKNSt7__cxx1112basic_stringIcSt11char_traitsIcESaIcEEE
FN:59,65,_ZN5neml211NEML2Object14resolve_tensorINS_2R4EEERKT_RKNSt7__cxx1112basic_stringIcSt11char_traitsIcESaIcEEE
FN:59,65,_ZN5neml211NEML2Object14resolve_tensorINS_3RotEEERKT_RKNSt7__cxx1112basic_stringIcSt11char_traitsIcESaIcEEE
FN:59,65,_ZN5neml211NEML2Object14resolve_tensorINS_3SR2EEERKT_RKNSt7__cxx1112basic_stringIcSt11char_traitsIcESaIcEEE
FN:59,65,_ZN5neml211NEML2Object14resolve_tensorINS_3VecEEERKT_RKNSt7__cxx1112basic_stringIcSt11char_traitsIcESaIcEEE
FN:59,65,_ZN5neml211NEML2Object14resolve_tensorINS_3WR2EEERKT_RKNSt7__cxx1112basic_stringIcSt11char_traitsIcESaIcEEE
FN:59,65,_ZN5neml211NEML2Object14resolve_tensorINS_4SFR3EEERKT_RKNSt7__cxx1112basic_stringIcSt11char_traitsIcESaIcEEE
FN:59,65,_ZN5neml211NEML2Object14resolve_tensorINS_4SSR4EEERKT_RKNSt7__cxx1112basic_stringIcSt11char_traitsIcESaIcEEE
FN:59,65,_ZN5neml211NEML2Object14resolve_tensorINS_4SWR4EEERKT_RKNSt7__cxx1112basic_stringIcSt11char_traitsIcESaIcEEE
FN:59,65,_ZN5neml211NEML2Object14resolve_tensorINS_4WSR4EEERKT_RKNSt7__cxx1112basic_stringIcSt11char_traitsIcESaIcEEE
FN:59,65,_ZN5neml211NEML2Object14resolve_tensorINS_4WWR4EEERKT_RKNSt7__cxx1112basic_stringIcSt11char_traitsIcESaIcEEE
FN:59,65,_ZN5neml211NEML2Object14resolve_tensorINS_5SFFR4EEERKT_RKNSt7__cxx1112basic_stringIcSt11char_traitsIcESaIcEEE
FN:59,65,_ZN5neml211NEML2Object14resolve_tensorINS_5WFFR4EEERKT_RKNSt7__cxx1112basic_stringIcSt11char_traitsIcESaIcEEE
FN:59,65,_ZN5neml211NEML2Object14resolve_tensorINS_6ScalarEEERKT_RKNSt7__cxx1112basic_stringIcSt11char_traitsIcESaIcEEE
FN:59,65,_ZN5neml211NEML2Object14resolve_tensorINS_6TensorEEERKT_RKNSt7__cxx1112basic_stringIcSt11char_traitsIcESaIcEEE
FNDA:898,_ZN5neml211NEML2Object16expected_optionsEv
FNDA:1463,_ZN5neml211NEML2ObjectC2ERKNS_9OptionSetE
FNDA:0,_ZN5neml211NEML2Object14resolve_tensorINS_10QuaternionEEERKT_RKNSt7__cxx1112basic_stringIcSt11char_traitsIcESaIcEEE
FNDA:0,_ZN5neml211NEML2Object14resolve_tensorINS_11MillerIndexEEERKT_RKNSt7__cxx1112basic_stringIcSt11char_traitsIcESaIcEEE
FNDA:0,_ZN5neml211NEML2Object14resolve_tensorINS_2R2EEERKT_RKNSt7__cxx1112basic_stringIcSt11char_traitsIcESaIcEEE
FNDA:0,_ZN5neml211NEML2Object14resolve_tensorINS_2R3EEERKT_RKNSt7__cxx1112basic_stringIcSt11char_traitsIcESaIcEEE
FNDA:0,_ZN5neml211NEML2Object14resolve_tensorINS_2R4EEERKT_RKNSt7__cxx1112basic_stringIcSt11char_traitsIcESaIcEEE
FNDA:0,_ZN5neml211NEML2Object14resolve_tensorINS_3RotEEERKT_RKNSt7__cxx1112basic_stringIcSt11char_traitsIcESaIcEEE
FNDA:8,_ZN5neml211NEML2Object14resolve_tensorINS_3SR2EEERKT_RKNSt7__cxx1112basic_stringIcSt11char_traitsIcESaIcEEE
FNDA:0,_ZN5neml211NEML2Object14resolve_tensorINS_3VecEEERKT_RKNSt7__cxx1112basic_stringIcSt11char_traitsIcESaIcEEE
FNDA:1,_ZN5neml211NEML2Object14resolve_tensorINS_3WR2EEERKT_RKNSt7__cxx1112basic_stringIcSt11char_traitsIcESaIcEEE
FNDA:0,_ZN5neml211NEML2Object14resolve_tensorINS_4SFR3EEERKT_RKNSt7__cxx1112basic_stringIcSt11char_traitsIcESaIcEEE
FNDA:0,_ZN5neml211NEML2Object14resolve_tensorINS_4SSR4EEERKT_RKNSt7__cxx1112basic_stringIcSt11char_traitsIcESaIcEEE
FNDA:0,_ZN5neml211NEML2Object14resolve_tensorINS_4SWR4EEERKT_RKNSt7__cxx1112basic_stringIcSt11char_traitsIcESaIcEEE
FNDA:0,_ZN5neml211NEML2Object14resolve_tensorINS_4WSR4EEERKT_RKNSt7__cxx1112basic_stringIcSt11char_traitsIcESaIcEEE
FNDA:0,_ZN5neml211NEML2Object14resolve_tensorINS_4WWR4EEERKT_RKNSt7__cxx1112basic_stringIcSt11char_traitsIcESaIcEEE
FNDA:0,_ZN5neml211NEML2Object14resolve_tensorINS_5SFFR4EEERKT_RKNSt7__cxx1112basic_stringIcSt11char_traitsIcESaIcEEE
FNDA:0,_ZN5neml211NEML2Object14resolve_tensorINS_5WFFR4EEERKT_RKNSt7__cxx1112basic_stringIcSt11char_traitsIcESaIcEEE
FNDA:8,_ZN5neml211NEML2Object14resolve_tensorINS_6ScalarEEERKT_RKNSt7__cxx1112basic_stringIcSt11char_traitsIcESaIcEEE
FNDA:0,_ZN5neml211NEML2Object14resolve_tensorINS_6TensorEEERKT_RKNSt7__cxx1112basic_stringIcSt11char_traitsIcESaIcEEE
FNF:20
FNH:5
DA:33,898
DA:35,898
DA:37,1796
DA:38,898
DA:40,2694
DA:41,1796
DA:43,1796
DA:44,898
DA:46,898
DA:47,0
DA:49,1463
DA:50,1463
DA:51,2926
DA:52,2926
DA:53,2926
DA:55,1463
DA:59,17
DA:61,17
DA:62,0
DA:63,0
DA:64,17
LF:21
LH:18
end_of_record
TN:
SF:/home/runner/work/neml2/neml2/src/neml2/base/Option.cxx
FN:153,156,_ZN5neml27details13_print_helperIcEEvRSoPKT_
FN:160,163,_ZN5neml27details13_print_helperIhEEvRSoPKT_
FN:167,171,_ZN5neml27details13_print_helperIbEEvRSoPKSt6vectorIT_SaIS4_EE
FN:40,45,_ZN5neml26OptionIN3c1011SmallVectorIlLj8EEEEC2ERKNSt7__cxx1112basic_stringIcSt11char_traitsIcESaIcEEE
FN:40,45,_ZN5neml26OptionINS_10TensorNameIN2at6TensorEEEEC2ERKNSt7__cxx1112basic_stringIcSt11char_traitsIcESaIcEEE
FN:40,45,_ZN5neml26OptionINS_10TensorNameINS_10QuaternionEEEEC2ERKNSt7__cxx1112basic_stringIcSt11char_traitsIcESaIcEEE
FN:40,45,_ZN5neml26OptionINS_10TensorNameINS_11MillerIndexEEEEC2ERKNSt7__cxx1112basic_stringIcSt11char_traitsIcESaIcEEE
FN:40,45,_ZN5neml26OptionINS_10TensorNameINS_2R2EEEEC2ERKNSt7__cxx1112basic_stringIcSt11char_traitsIcESaIcEEE
FN:40,45,_ZN5neml26OptionINS_10TensorNameINS_2R3EEEEC2ERKNSt7__cxx1112basic_stringIcSt11char_traitsIcESaIcEEE
FN:40,45,_ZN5neml26OptionINS_10TensorNameINS_2R4EEEEC2ERKNSt7__cxx1112basic_stringIcSt11char_traitsIcESaIcEEE
FN:40,45,_ZN5neml26OptionINS_10TensorNameINS_3RotEEEEC2ERKNSt7__cxx1112basic_stringIcSt11char_traitsIcESaIcEEE
FN:40,45,_ZN5neml26OptionINS_10TensorNameINS_3SR2EEEEC2ERKNSt7__cxx1112basic_stringIcSt11char_traitsIcESaIcEEE
FN:40,45,_ZN5neml26OptionINS_10TensorNameINS_3VecEEEEC2ERKNSt7__cxx1112basic_stringIcSt11char_traitsIcESaIcEEE
FN:40,45,_ZN5neml26OptionINS_10TensorNameINS_3WR2EEEEC2ERKNSt7__cxx1112basic_stringIcSt11char_traitsIcESaIcEEE
FN:40,45,_ZN5neml26OptionINS_10TensorNameINS_4SFR3EEEEC2ERKNSt7__cxx1112basic_stringIcSt11char_traitsIcESaIcEEE
FN:40,45,_ZN5neml26OptionINS_10TensorNameINS_4SSR4EEEEC2ERKNSt7__cxx1112basic_stringIcSt11char_traitsIcESaIcEEE
FN:40,45,_ZN5neml26OptionINS_10TensorNameINS_4SWR4EEEEC2ERKNSt7__cxx1112basic_stringIcSt11char_traitsIcESaIcEEE
FN:40,45,_ZN5neml26OptionINS_10TensorNameINS_4WSR4EEEEC2ERKNSt7__cxx1112basic_stringIcSt11char_traitsIcESaIcEEE
FN:40,45,_ZN5neml26OptionINS_10TensorNameINS_4WWR4EEEEC2ERKNSt7__cxx1112basic_stringIcSt11char_traitsIcESaIcEEE
FN:40,45,_ZN5neml26OptionINS_10TensorNameINS_5SFFR4EEEEC2ERKNSt7__cxx1112basic_stringIcSt11char_traitsIcESaIcEEE
FN:40,45,_ZN5neml26OptionINS_10TensorNameINS_5WFFR4EEEEC2ERKNSt7__cxx1112basic_stringIcSt11char_traitsIcESaIcEEE
FN:40,45,_ZN5neml26OptionINS_10TensorNameINS_6ScalarEEEEC2ERKNSt7__cxx1112basic_stringIcSt11char_traitsIcESaIcEEE
FN:40,45,_ZN5neml26OptionINS_10TensorNameINS_6TensorEEEEC2ERKNSt7__cxx1112basic_stringIcSt11char_traitsIcESaIcEEE
FN:40,45,_ZN5neml26OptionINS_13EnumSelectionEEC2ERKNSt7__cxx1112basic_stringIcSt11char_traitsIcESaIcEEE
FN:40,45,_ZN5neml26OptionINS_18MultiEnumSelectionEEC2ERKNSt7__cxx1112basic_stringIcSt11char_traitsIcESaIcEEE
FN:40,45,_ZN5neml26OptionINS_19LabeledAxisAccessorEEC2ERKNSt7__cxx1112basic_stringIcSt11char_traitsIcESaIcEEE
FN:40,45,_ZN5neml26OptionINSt7__cxx1112basic_stringIcSt11char_traitsIcESaIcEEEEC2ERKS6_
FN:40,45,_ZN5neml26OptionIPNS_11NEML2ObjectEEC2ERKNSt7__cxx1112basic_stringIcSt11char_traitsIcESaIcEEE
FN:40,45,_ZN5neml26OptionIPNS_7FactoryEEC2ERKNSt7__cxx1112basic_stringIcSt11char_traitsIcESaIcEEE
FN:40,45,_ZN5neml26OptionISt10shared_ptrINS_8SettingsEEEC2ERKNSt7__cxx1112basic_stringIcSt11char_traitsIcESaIcEEE
FN:40,45,_ZN5neml26OptionISt6vectorIN3c1011SmallVectorIlLj8EEESaIS4_EEEC2ERKNSt7__cxx1112basic_stringIcSt11char_traitsIcESaIcEEE
FN:40,45,_ZN5neml26OptionISt6vectorIN3c106DeviceESaIS3_EEEC2ERKNSt7__cxx1112basic_stringIcSt11char_traitsIcESaIcEEE
FN:40,45,_ZN5neml26OptionISt6vectorINS_10TensorNameIN2at6TensorEEESaIS5_EEEC2ERKNSt7__cxx1112basic_stringIcSt11char_traitsIcESaIcEEE
FN:40,45,_ZN5neml26OptionISt6vectorINS_10TensorNameINS_10QuaternionEEESaIS4_EEEC2ERKNSt7__cxx1112basic_stringIcSt11char_traitsIcESaIcEEE
FN:40,45,_ZN5neml26OptionISt6vectorINS_10TensorNameINS_11MillerIndexEEESaIS4_EEEC2ERKNSt7__cxx1112basic_stringIcSt11char_traitsIcESaIcEEE
FN:40,45,_ZN5neml26OptionISt6vectorINS_10TensorNameINS_2R2EEESaIS4_EEEC2ERKNSt7__cxx1112basic_stringIcSt11char_traitsIcESaIcEEE
FN:40,45,_ZN5neml26OptionISt6vectorINS_10TensorNameINS_2R3EEESaIS4_EEEC2ERKNSt7__cxx1112basic_stringIcSt11char_traitsIcESaIcEEE
FN:40,45,_ZN5neml26OptionISt6vectorINS_10TensorNameINS_2R4EEESaIS4_EEEC2ERKNSt7__cxx1112basic_stringIcSt11char_traitsIcESaIcEEE
FN:40,45,_ZN5neml26OptionISt6vectorINS_10TensorNameINS_3RotEEESaIS4_EEEC2ERKNSt7__cxx1112basic_stringIcSt11char_traitsIcESaIcEEE
FN:40,45,_ZN5neml26OptionISt6vectorINS_10TensorNameINS_3SR2EEESaIS4_EEEC2ERKNSt7__cxx1112basic_stringIcSt11char_traitsIcESaIcEEE
FN:40,45,_ZN5neml26OptionISt6vectorINS_10TensorNameINS_3VecEEESaIS4_EEEC2ERKNSt7__cxx1112basic_stringIcSt11char_traitsIcESaIcEEE
FN:40,45,_ZN5neml26OptionISt6vectorINS_10TensorNameINS_3WR2EEESaIS4_EEEC2ERKNSt7__cxx1112basic_stringIcSt11char_traitsIcESaIcEEE
FN:40,45,_ZN5neml26OptionISt6vectorINS_10TensorNameINS_4SFR3EEESaIS4_EEEC2ERKNSt7__cxx1112basic_stringIcSt11char_traitsIcESaIcEEE
FN:40,45,_ZN5neml26OptionISt6vectorINS_10TensorNameINS_4SSR4EEESaIS4_EEEC2ERKNSt7__cxx1112basic_stringIcSt11char_traitsIcESaIcEEE
FN:40,45,_ZN5neml26OptionISt6vectorINS_10TensorNameINS_4SWR4EEESaIS4_EEEC2ERKNSt7__cxx1112basic_stringIcSt11char_traitsIcESaIcEEE
FN:40,45,_ZN5neml26OptionISt6vectorINS_10TensorNameINS_4WSR4EEESaIS4_EEEC2ERKNSt7__cxx1112basic_stringIcSt11char_traitsIcESaIcEEE
FN:40,45,_ZN5neml26OptionISt6vectorINS_10TensorNameINS_4WWR4EEESaIS4_EEEC2ERKNSt7__cxx1112basic_stringIcSt11char_traitsIcESaIcEEE
FN:40,45,_ZN5neml26OptionISt6vectorINS_10TensorNameINS_5SFFR4EEESaIS4_EEEC2ERKNSt7__cxx1112basic_stringIcSt11char_traitsIcESaIcEEE
FN:40,45,_ZN5neml26OptionISt6vectorINS_10TensorNameINS_5WFFR4EEESaIS4_EEEC2ERKNSt7__cxx1112basic_stringIcSt11char_traitsIcESaIcEEE
FN:40,45,_ZN5neml26OptionISt6vectorINS_10TensorNameINS_6ScalarEEESaIS4_EEEC2ERKNSt7__cxx1112basic_stringIcSt11char_traitsIcESaIcEEE
FN:40,45,_ZN5neml26OptionISt6vectorINS_10TensorNameINS_6TensorEEESaIS4_EEEC2ERKNSt7__cxx1112basic_stringIcSt11char_traitsIcESaIcEEE
FN:40,45,_ZN5neml26OptionISt6vectorINS_19LabeledAxisAccessorESaIS2_EEEC2ERKNSt7__cxx1112basic_stringIcSt11char_traitsIcESaIcEEE
FN:40,45,_ZN5neml26OptionISt6vectorINSt7__cxx1112basic_stringIcSt11char_traitsIcESaIcEEESaIS7_EEEC2ERKS7_
FN:40,45,_ZN5neml26OptionISt6vectorIS1_IN3c1011SmallVectorIlLj8EEESaIS4_EESaIS6_EEEC2ERKNSt7__cxx1112basic_stringIcSt11char_traitsIcESaIcEEE
FN:40,45,_ZN5neml26OptionISt6vectorIS1_IN3c106DeviceESaIS3_EESaIS5_EEEC2ERKNSt7__cxx1112basic_stringIcSt11char_traitsIcESaIcEEE
FN:40,45,_ZN5neml26OptionISt6vectorIS1_INS_10TensorNameIN2at6TensorEEESaIS5_EESaIS7_EEEC2ERKNSt7__cxx1112basic_stringIcSt11char_traitsIcESaIcEEE
FN:40,45,_ZN5neml26OptionISt6vectorIS1_INS_10TensorNameINS_10QuaternionEEESaIS4_EESaIS6_EEEC2ERKNSt7__cxx1112basic_stringIcSt11char_traitsIcESaIcEEE
FN:40,45,_ZN5neml26OptionISt6vectorIS1_INS_10TensorNameINS_11MillerIndexEEESaIS4_EESaIS6_EEEC2ERKNSt7__cxx1112basic_stringIcSt11char_traitsIcESaIcEEE
FN:40,45,_ZN5neml26OptionISt6vectorIS1_INS_10TensorNameINS_2R2EEESaIS4_EESaIS6_EEEC2ERKNSt7__cxx1112basic_stringIcSt11char_traitsIcESaIcEEE
FN:40,45,_ZN5neml26OptionISt6vectorIS1_INS_10TensorNameINS_2R3EEESaIS4_EESaIS6_EEEC2ERKNSt7__cxx1112basic_stringIcSt11char_traitsIcESaIcEEE
FN:40,45,_ZN5neml26OptionISt6vectorIS1_INS_10TensorNameINS_2R4EEESaIS4_EESaIS6_EEEC2ERKNSt7__cxx1112basic_stringIcSt11char_traitsIcESaIcEEE
FN:40,45,_ZN5neml26OptionISt6vectorIS1_INS_10TensorNameINS_3RotEEESaIS4_EESaIS6_EEEC2ERKNSt7__cxx1112basic_stringIcSt11char_traitsIcESaIcEEE
FN:40,45,_ZN5neml26OptionISt6vectorIS1_INS_10TensorNameINS_3SR2EEESaIS4_EESaIS6_EEEC2ERKNSt7__cxx1112basic_stringIcSt11char_traitsIcESaIcEEE
FN:40,45,_ZN5neml26OptionISt6vectorIS1_INS_10TensorNameINS_3VecEEESaIS4_EESaIS6_EEEC2ERKNSt7__cxx1112basic_stringIcSt11char_traitsIcESaIcEEE
FN:40,45,_ZN5neml26OptionISt6vectorIS1_INS_10TensorNameINS_3WR2EEESaIS4_EESaIS6_EEEC2ERKNSt7__cxx1112basic_stringIcSt11char_traitsIcESaIcEEE
FN:40,45,_ZN5neml26OptionISt6vectorIS1_INS_10TensorNameINS_4SFR3EEESaIS4_EESaIS6_EEEC2ERKNSt7__cxx1112basic_stringIcSt11char_traitsIcESaIcEEE
FN:40,45,_ZN5neml26OptionISt6vectorIS1_INS_10TensorNameINS_4SSR4EEESaIS4_EESaIS6_EEEC2ERKNSt7__cxx1112basic_stringIcSt11char_traitsIcESaIcEEE
FN:40,45,_ZN5neml26OptionISt6vectorIS1_INS_10TensorNameINS_4SWR4EEESaIS4_EESaIS6_EEEC2ERKNSt7__cxx1112basic_stringIcSt11char_traitsIcESaIcEEE
FN:40,45,_ZN5neml26OptionISt6vectorIS1_INS_10TensorNameINS_4WSR4EEESaIS4_EESaIS6_EEEC2ERKNSt7__cxx1112basic_stringIcSt11char_traitsIcESaIcEEE
FN:40,45,_ZN5neml26OptionISt6vectorIS1_INS_10TensorNameINS_4WWR4EEESaIS4_EESaIS6_EEEC2ERKNSt7__cxx1112basic_stringIcSt11char_traitsIcESaIcEEE
FN:40,45,_ZN5neml26OptionISt6vectorIS1_INS_10TensorNameINS_5SFFR4EEESaIS4_EESaIS6_EEEC2ERKNSt7__cxx1112basic_stringIcSt11char_traitsIcESaIcEEE
FN:40,45,_ZN5neml26OptionISt6vectorIS1_INS_10TensorNameINS_5WFFR4EEESaIS4_EESaIS6_EEEC2ERKNSt7__cxx1112basic_stringIcSt11char_traitsIcESaIcEEE
FN:40,45,_ZN5neml26OptionISt6vectorIS1_INS_10TensorNameINS_6ScalarEEESaIS4_EESaIS6_EEEC2ERKNSt7__cxx1112basic_stringIcSt11char_traitsIcESaIcEEE
FN:40,45,_ZN5neml26OptionISt6vectorIS1_INS_10TensorNameINS_6TensorEEESaIS4_EESaIS6_EEEC2ERKNSt7__cxx1112basic_stringIcSt11char_traitsIcESaIcEEE
FN:40,45,_ZN5neml26OptionISt6vectorIS1_INS_19LabeledAxisAccessorESaIS2_EESaIS4_EEEC2ERKNSt7__cxx1112basic_stringIcSt11char_traitsIcESaIcEEE
FN:40,45,_ZN5neml26OptionISt6vectorIS1_INSt7__cxx1112basic_stringIcSt11char_traitsIcESaIcEEESaIS7_EESaIS9_EEEC2ERKS7_
FN:40,45,_ZN5neml26OptionISt6vectorIS1_IbSaIbEESaIS3_EEEC2ERKNSt7__cxx1112basic_stringIcSt11char_traitsIcESaIcEEE
FN:40,45,_ZN5neml26OptionISt6vectorIS1_IdSaIdEESaIS3_EEEC2ERKNSt7__cxx1112basic_stringIcSt11char_traitsIcESaIcEEE
FN:40,45,_ZN5neml26OptionISt6vectorIS1_IiSaIiEESaIS3_EEEC2ERKNSt7__cxx1112basic_stringIcSt11char_traitsIcESaIcEEE
FN:40,45,_ZN5neml26OptionISt6vectorIS1_IjSaIjEESaIS3_EEEC2ERKNSt7__cxx1112basic_stringIcSt11char_traitsIcESaIcEEE
FN:40,45,_ZN5neml26OptionISt6vectorIS1_IlSaIlEESaIS3_EEEC2ERKNSt7__cxx1112basic_stringIcSt11char_traitsIcESaIcEEE
FN:40,45,_ZN5neml26OptionISt6vectorIS1_ImSaImEESaIS3_EEEC2ERKNSt7__cxx1112basic_stringIcSt11char_traitsIcESaIcEEE
FN:40,45,_ZN5neml26OptionISt6vectorIbSaIbEEEC2ERKNSt7__cxx1112basic_stringIcSt11char_traitsIcESaIcEEE
FN:40,45,_ZN5neml26OptionISt6vectorIdSaIdEEEC2ERKNSt7__cxx1112basic_stringIcSt11char_traitsIcESaIcEEE
FN:40,45,_ZN5neml26OptionISt6vectorIiSaIiEEEC2ERKNSt7__cxx1112basic_stringIcSt11char_traitsIcESaIcEEE
FN:40,45,_ZN5neml26OptionISt6vectorIjSaIjEEEC2ERKNSt7__cxx1112basic_stringIcSt11char_traitsIcESaIcEEE
FN:40,45,_ZN5neml26OptionISt6vectorIlSaIlEEEC2ERKNSt7__cxx1112basic_stringIcSt11char_traitsIcESaIcEEE
FN:40,45,_ZN5neml26OptionISt6vectorImSaImEEEC2ERKNSt7__cxx1112basic_stringIcSt11char_traitsIcESaIcEEE
FN:40,45,_ZN5neml26OptionIbEC2ERKNSt7__cxx1112basic_stringIcSt11char_traitsIcESaIcEEE
FN:40,45,_ZN5neml26OptionIdEC2ERKNSt7__cxx1112basic_stringIcSt11char_traitsIcESaIcEEE
FN:40,45,_ZN5neml26OptionIiEC2ERKNSt7__cxx1112basic_stringIcSt11char_traitsIcESaIcEEE
FN:40,45,_ZN5neml26OptionIjEC2ERKNSt7__cxx1112basic_stringIcSt11char_traitsIcESaIcEEE
FN:40,45,_ZN5neml26OptionIlEC2ERKNSt7__cxx1112basic_stringIcSt11char_traitsIcESaIcEEE
FN:40,45,_ZN5neml26OptionImEC2ERKNSt7__cxx1112basic_stringIcSt11char_traitsIcESaIcEEE
FN:48,53,_ZN5neml26OptionIN3c106DeviceEEC2ERKNSt7__cxx1112basic_stringIcSt11char_traitsIcESaIcEEE
FN:57,64,_ZNK5neml26OptionIN3c1011SmallVectorIlLj8EEEEeqERKNS_10OptionBaseE
FN:57,64,_ZNK5neml26OptionIN3c106DeviceEEeqERKNS_10OptionBaseE
FN:57,64,_ZNK5neml26OptionINS_10TensorNameIN2at6TensorEEEEeqERKNS_10OptionBaseE
FN:57,64,_ZNK5neml26OptionINS_10TensorNameINS_10QuaternionEEEEeqERKNS_10OptionBaseE
FN:57,64,_ZNK5neml26OptionINS_10TensorNameINS_11MillerIndexEEEEeqERKNS_10OptionBaseE
FN:57,64,_ZNK5neml26OptionINS_10TensorNameINS_2R2EEEEeqERKNS_10OptionBaseE
FN:57,64,_ZNK5neml26OptionINS_10TensorNameINS_2R3EEEEeqERKNS_10OptionBaseE
FN:57,64,_ZNK5neml26OptionINS_10TensorNameINS_2R4EEEEeqERKNS_10OptionBaseE
FN:57,64,_ZNK5neml26OptionINS_10TensorNameINS_3RotEEEEeqERKNS_10OptionBaseE
FN:57,64,_ZNK5neml26OptionINS_10TensorNameINS_3SR2EEEEeqERKNS_10OptionBaseE
FN:57,64,_ZNK5neml26OptionINS_10TensorNameINS_3VecEEEEeqERKNS_10OptionBaseE
FN:57,64,_ZNK5neml26OptionINS_10TensorNameINS_3WR2EEEEeqERKNS_10OptionBaseE
FN:57,64,_ZNK5neml26OptionINS_10TensorNameINS_4SFR3EEEEeqERKNS_10OptionBaseE
FN:57,64,_ZNK5neml26OptionINS_10TensorNameINS_4SSR4EEEEeqERKNS_10OptionBaseE
FN:57,64,_ZNK5neml26OptionINS_10TensorNameINS_4SWR4EEEEeqERKNS_10OptionBaseE
FN:57,64,_ZNK5neml26OptionINS_10TensorNameINS_4WSR4EEEEeqERKNS_10OptionBaseE
FN:57,64,_ZNK5neml26OptionINS_10TensorNameINS_4WWR4EEEEeqERKNS_10OptionBaseE
FN:57,64,_ZNK5neml26OptionINS_10TensorNameINS_5SFFR4EEEEeqERKNS_10OptionBaseE
FN:57,64,_ZNK5neml26OptionINS_10TensorNameINS_5WFFR4EEEEeqERKNS_10OptionBaseE
FN:57,64,_ZNK5neml26OptionINS_10TensorNameINS_6ScalarEEEEeqERKNS_10OptionBaseE
FN:57,64,_ZNK5neml26OptionINS_10TensorNameINS_6TensorEEEEeqERKNS_10OptionBaseE
FN:57,64,_ZNK5neml26OptionINS_13EnumSelectionEEeqERKNS_10OptionBaseE
FN:57,64,_ZNK5neml26OptionINS_18MultiEnumSelectionEEeqERKNS_10OptionBaseE
FN:57,64,_ZNK5neml26OptionINS_19LabeledAxisAccessorEEeqERKNS_10OptionBaseE
FN:57,64,_ZNK5neml26OptionINSt7__cxx1112basic_stringIcSt11char_traitsIcESaIcEEEEeqERKNS_10OptionBaseE
FN:57,64,_ZNK5neml26OptionIPNS_11NEML2ObjectEEeqERKNS_10OptionBaseE
FN:57,64,_ZNK5neml26OptionIPNS_7FactoryEEeqERKNS_10OptionBaseE
FN:57,64,_ZNK5neml26OptionISt10shared_ptrINS_8SettingsEEEeqERKNS_10OptionBaseE
FN:57,64,_ZNK5neml26OptionISt6vectorIN3c1011SmallVectorIlLj8EEESaIS4_EEEeqERKNS_10OptionBaseE
FN:57,64,_ZNK5neml26OptionISt6vectorIN3c106DeviceESaIS3_EEEeqERKNS_10OptionBaseE
FN:57,64,_ZNK5neml26OptionISt6vectorINS_10TensorNameIN2at6TensorEEESaIS5_EEEeqERKNS_10OptionBaseE
FN:57,64,_ZNK5neml26OptionISt6vectorINS_10TensorNameINS_10QuaternionEEESaIS4_EEEeqERKNS_10OptionBaseE
FN:57,64,_ZNK5neml26OptionISt6vectorINS_10TensorNameINS_11MillerIndexEEESaIS4_EEEeqERKNS_10OptionBaseE
FN:57,64,_ZNK5neml26OptionISt6vectorINS_10TensorNameINS_2R2EEESaIS4_EEEeqERKNS_10OptionBaseE
FN:57,64,_ZNK5neml26OptionISt6vectorINS_10TensorNameINS_2R3EEESaIS4_EEEeqERKNS_10OptionBaseE
FN:57,64,_ZNK5neml26OptionISt6vectorINS_10TensorNameINS_2R4EEESaIS4_EEEeqERKNS_10OptionBaseE
FN:57,64,_ZNK5neml26OptionISt6vectorINS_10TensorNameINS_3RotEEESaIS4_EEEeqERKNS_10OptionBaseE
FN:57,64,_ZNK5neml26OptionISt6vectorINS_10TensorNameINS_3SR2EEESaIS4_EEEeqERKNS_10OptionBaseE
FN:57,64,_ZNK5neml26OptionISt6vectorINS_10TensorNameINS_3VecEEESaIS4_EEEeqERKNS_10OptionBaseE
FN:57,64,_ZNK5neml26OptionISt6vectorINS_10TensorNameINS_3WR2EEESaIS4_EEEeqERKNS_10OptionBaseE
FN:57,64,_ZNK5neml26OptionISt6vectorINS_10TensorNameINS_4SFR3EEESaIS4_EEEeqERKNS_10OptionBaseE
FN:57,64,_ZNK5neml26OptionISt6vectorINS_10TensorNameINS_4SSR4EEESaIS4_EEEeqERKNS_10OptionBaseE
FN:57,64,_ZNK5neml26OptionISt6vectorINS_10TensorNameINS_4SWR4EEESaIS4_EEEeqERKNS_10OptionBaseE
FN:57,64,_ZNK5neml26OptionISt6vectorINS_10TensorNameINS_4WSR4EEESaIS4_EEEeqERKNS_10OptionBaseE
FN:57,64,_ZNK5neml26OptionISt6vectorINS_10TensorNameINS_4WWR4EEESaIS4_EEEeqERKNS_10OptionBaseE
FN:57,64,_ZNK5neml26OptionISt6vectorINS_10TensorNameINS_5SFFR4EEESaIS4_EEEeqERKNS_10OptionBaseE
FN:57,64,_ZNK5neml26OptionISt6vectorINS_10TensorNameINS_5WFFR4EEESaIS4_EEEeqERKNS_10OptionBaseE
FN:57,64,_ZNK5neml26OptionISt6vectorINS_10TensorNameINS_6ScalarEEESaIS4_EEEeqERKNS_10OptionBaseE
FN:57,64,_ZNK5neml26OptionISt6vectorINS_10TensorNameINS_6TensorEEESaIS4_EEEeqERKNS_10OptionBaseE
FN:57,64,_ZNK5neml26OptionISt6vectorINS_19LabeledAxisAccessorESaIS2_EEEeqERKNS_10OptionBaseE
FN:57,64,_ZNK5neml26OptionISt6vectorINSt7__cxx1112basic_stringIcSt11char_traitsIcESaIcEEESaIS7_EEEeqERKNS_10OptionBaseE
FN:57,64,_ZNK5neml26OptionISt6vectorIS1_IN3c1011SmallVectorIlLj8EEESaIS4_EESaIS6_EEEeqERKNS_10OptionBaseE
FN:57,64,_ZNK5neml26OptionISt6vectorIS1_IN3c106DeviceESaIS3_EESaIS5_EEEeqERKNS_10OptionBaseE
FN:57,64,_ZNK5neml26OptionISt6vectorIS1_INS_10TensorNameIN2at6TensorEEESaIS5_EESaIS7_EEEeqERKNS_10OptionBaseE
FN:57,64,_ZNK5neml26OptionISt6vectorIS1_INS_10TensorNameINS_10QuaternionEEESaIS4_EESaIS6_EEEeqERKNS_10OptionBaseE
FN:57,64,_ZNK5neml26OptionISt6vectorIS1_INS_10TensorNameINS_11MillerIndexEEESaIS4_EESaIS6_EEEeqERKNS_10OptionBaseE
FN:57,64,_ZNK5neml26OptionISt6vectorIS1_INS_10TensorNameINS_2R2EEESaIS4_EESaIS6_EEEeqERKNS_10OptionBaseE
FN:57,64,_ZNK5neml26OptionISt6vectorIS1_INS_10TensorNameINS_2R3EEESaIS4_EESaIS6_EEEeqERKNS_10OptionBaseE
FN:57,64,_ZNK5neml26OptionISt6vectorIS1_INS_10TensorNameINS_2R4EEESaIS4_EESaIS6_EEEeqERKNS_10OptionBaseE
FN:57,64,_ZNK5neml26OptionISt6vectorIS1_INS_10TensorNameINS_3RotEEESaIS4_EESaIS6_EEEeqERKNS_10OptionBaseE
FN:57,64,_ZNK5neml26OptionISt6vectorIS1_INS_10TensorNameINS_3SR2EEESaIS4_EESaIS6_EEEeqERKNS_10OptionBaseE
FN:57,64,_ZNK5neml26OptionISt6vectorIS1_INS_10TensorNameINS_3VecEEESaIS4_EESaIS6_EEEeqERKNS_10OptionBaseE
FN:57,64,_ZNK5neml26OptionISt6vectorIS1_INS_10TensorNameINS_3WR2EEESaIS4_EESaIS6_EEEeqERKNS_10OptionBaseE
FN:57,64,_ZNK5neml26OptionISt6vectorIS1_INS_10TensorNameINS_4SFR3EEESaIS4_EESaIS6_EEEeqERKNS_10OptionBaseE
FN:57,64,_ZNK5neml26OptionISt6vectorIS1_INS_10TensorNameINS_4SSR4EEESaIS4_EESaIS6_EEEeqERKNS_10OptionBaseE
FN:57,64,_ZNK5neml26OptionISt6vectorIS1_INS_10TensorNameINS_4SWR4EEESaIS4_EESaIS6_EEEeqERKNS_10OptionBaseE
FN:57,64,_ZNK5neml26OptionISt6vectorIS1_INS_10TensorNameINS_4WSR4EEESaIS4_EESaIS6_EEEeqERKNS_10OptionBaseE
FN:57,64,_ZNK5neml26OptionISt6vectorIS1_INS_10TensorNameINS_4WWR4EEESaIS4_EESaIS6_EEEeqERKNS_10OptionBaseE
FN:57,64,_ZNK5neml26OptionISt6vectorIS1_INS_10TensorNameINS_5SFFR4EEESaIS4_EESaIS6_EEEeqERKNS_10OptionBaseE
FN:57,64,_ZNK5neml26OptionISt6vectorIS1_INS_10TensorNameINS_5WFFR4EEESaIS4_EESaIS6_EEEeqERKNS_10OptionBaseE
FN:57,64,_ZNK5neml26OptionISt6vectorIS1_INS_10TensorNameINS_6ScalarEEESaIS4_EESaIS6_EEEeqERKNS_10OptionBaseE
FN:57,64,_ZNK5neml26OptionISt6vectorIS1_INS_10TensorNameINS_6TensorEEESaIS4_EESaIS6_EEEeqERKNS_10OptionBaseE
FN:57,64,_ZNK5neml26OptionISt6vectorIS1_INS_19LabeledAxisAccessorESaIS2_EESaIS4_EEEeqERKNS_10OptionBaseE
FN:57,64,_ZNK5neml26OptionISt6vectorIS1_INSt7__cxx1112basic_stringIcSt11char_traitsIcESaIcEEESaIS7_EESaIS9_EEEeqERKNS_10OptionBaseE
FN:57,64,_ZNK5neml26OptionISt6vectorIS1_IbSaIbEESaIS3_EEEeqERKNS_10OptionBaseE
FN:57,64,_ZNK5neml26OptionISt6vectorIS1_IdSaIdEESaIS3_EEEeqERKNS_10OptionBaseE
FN:57,64,_ZNK5neml26OptionISt6vectorIS1_IiSaIiEESaIS3_EEEeqERKNS_10OptionBaseE
FN:57,64,_ZNK5neml26OptionISt6vectorIS1_IjSaIjEESaIS3_EEEeqERKNS_10OptionBaseE
FN:57,64,_ZNK5neml26OptionISt6vectorIS1_IlSaIlEESaIS3_EEEeqERKNS_10OptionBaseE
FN:57,64,_ZNK5neml26OptionISt6vectorIS1_ImSaImEESaIS3_EEEeqERKNS_10OptionBaseE
FN:57,64,_ZNK5neml26OptionISt6vectorIbSaIbEEEeqERKNS_10OptionBaseE
FN:57,64,_ZNK5neml26OptionISt6vectorIdSaIdEEEeqERKNS_10OptionBaseE
FN:57,64,_ZNK5neml26OptionISt6vectorIiSaIiEEEeqERKNS_10OptionBaseE
FN:57,64,_ZNK5neml26OptionISt6vectorIjSaIjEEEeqERKNS_10OptionBaseE
FN:57,64,_ZNK5neml26OptionISt6vectorIlSaIlEEEeqERKNS_10OptionBaseE
FN:57,64,_ZNK5neml26OptionISt6vectorImSaImEEEeqERKNS_10OptionBaseE
FN:57,64,_ZNK5neml26OptionIbEeqERKNS_10OptionBaseE
FN:57,64,_ZNK5neml26OptionIdEeqERKNS_10OptionBaseE
FN:57,64,_ZNK5neml26OptionIiEeqERKNS_10OptionBaseE
FN:57,64,_ZNK5neml26OptionIjEeqERKNS_10OptionBaseE
FN:57,64,_ZNK5neml26OptionIlEeqERKNS_10OptionBaseE
FN:57,64,_ZNK5neml26OptionImEeqERKNS_10OptionBaseE
FN:68,71,_ZNK5neml26OptionIN3c1011SmallVectorIlLj8EEEEneERKNS_10OptionBaseE
FN:68,71,_ZNK5neml26OptionIN3c106DeviceEEneERKNS_10OptionBaseE
FN:68,71,_ZNK5neml26OptionINS_10TensorNameIN2at6TensorEEEEneERKNS_10OptionBaseE
FN:68,71,_ZNK5neml26OptionINS_10TensorNameINS_10QuaternionEEEEneERKNS_10OptionBaseE
FN:68,71,_ZNK5neml26OptionINS_10TensorNameINS_11MillerIndexEEEEneERKNS_10OptionBaseE
FN:68,71,_ZNK5neml26OptionINS_10TensorNameINS_2R2EEEEneERKNS_10OptionBaseE
FN:68,71,_ZNK5neml26OptionINS_10TensorNameINS_2R3EEEEneERKNS_10OptionBaseE
FN:68,71,_ZNK5neml26OptionINS_10TensorNameINS_2R4EEEEneERKNS_10OptionBaseE
FN:68,71,_ZNK5neml26OptionINS_10TensorNameINS_3RotEEEEneERKNS_10OptionBaseE
FN:68,71,_ZNK5neml26OptionINS_10TensorNameINS_3SR2EEEEneERKNS_10OptionBaseE
FN:68,71,_ZNK5neml26OptionINS_10TensorNameINS_3VecEEEEneERKNS_10OptionBaseE
FN:68,71,_ZNK5neml26OptionINS_10TensorNameINS_3WR2EEEEneERKNS_10OptionBaseE
FN:68,71,_ZNK5neml26OptionINS_10TensorNameINS_4SFR3EEEEneERKNS_10OptionBaseE
FN:68,71,_ZNK5neml26OptionINS_10TensorNameINS_4SSR4EEEEneERKNS_10OptionBaseE
FN:68,71,_ZNK5neml26OptionINS_10TensorNameINS_4SWR4EEEEneERKNS_10OptionBaseE
FN:68,71,_ZNK5neml26OptionINS_10TensorNameINS_4WSR4EEEEneERKNS_10OptionBaseE
FN:68,71,_ZNK5neml26OptionINS_10TensorNameINS_4WWR4EEEEneERKNS_10OptionBaseE
FN:68,71,_ZNK5neml26OptionINS_10TensorNameINS_5SFFR4EEEEneERKNS_10OptionBaseE
FN:68,71,_ZNK5neml26OptionINS_10TensorNameINS_5WFFR4EEEEneERKNS_10OptionBaseE
FN:68,71,_ZNK5neml26OptionINS_10TensorNameINS_6ScalarEEEEneERKNS_10OptionBaseE
FN:68,71,_ZNK5neml26OptionINS_10TensorNameINS_6TensorEEEEneERKNS_10OptionBaseE
FN:68,71,_ZNK5neml26OptionINS_13EnumSelectionEEneERKNS_10OptionBaseE
FN:68,71,_ZNK5neml26OptionINS_18MultiEnumSelectionEEneERKNS_10OptionBaseE
FN:68,71,_ZNK5neml26OptionINS_19LabeledAxisAccessorEEneERKNS_10OptionBaseE
FN:68,71,_ZNK5neml26OptionINSt7__cxx1112basic_stringIcSt11char_traitsIcESaIcEEEEneERKNS_10OptionBaseE
FN:68,71,_ZNK5neml26OptionIPNS_11NEML2ObjectEEneERKNS_10OptionBaseE
FN:68,71,_ZNK5neml26OptionIPNS_7FactoryEEneERKNS_10OptionBaseE
FN:68,71,_ZNK5neml26OptionISt10shared_ptrINS_8SettingsEEEneERKNS_10OptionBaseE
FN:68,71,_ZNK5neml26OptionISt6vectorIN3c1011SmallVectorIlLj8EEESaIS4_EEEneERKNS_10OptionBaseE
FN:68,71,_ZNK5neml26OptionISt6vectorIN3c106DeviceESaIS3_EEEneERKNS_10OptionBaseE
FN:68,71,_ZNK5neml26OptionISt6vectorINS_10TensorNameIN2at6TensorEEESaIS5_EEEneERKNS_10OptionBaseE
FN:68,71,_ZNK5neml26OptionISt6vectorINS_10TensorNameINS_10QuaternionEEESaIS4_EEEneERKNS_10OptionBaseE
FN:68,71,_ZNK5neml26OptionISt6vectorINS_10TensorNameINS_11MillerIndexEEESaIS4_EEEneERKNS_10OptionBaseE
FN:68,71,_ZNK5neml26OptionISt6vectorINS_10TensorNameINS_2R2EEESaIS4_EEEneERKNS_10OptionBaseE
FN:68,71,_ZNK5neml26OptionISt6vectorINS_10TensorNameINS_2R3EEESaIS4_EEEneERKNS_10OptionBaseE
FN:68,71,_ZNK5neml26OptionISt6vectorINS_10TensorNameINS_2R4EEESaIS4_EEEneERKNS_10OptionBaseE
FN:68,71,_ZNK5neml26OptionISt6vectorINS_10TensorNameINS_3RotEEESaIS4_EEEneERKNS_10OptionBaseE
FN:68,71,_ZNK5neml26OptionISt6vectorINS_10TensorNameINS_3SR2EEESaIS4_EEEneERKNS_10OptionBaseE
FN:68,71,_ZNK5neml26OptionISt6vectorINS_10TensorNameINS_3VecEEESaIS4_EEEneERKNS_10OptionBaseE
FN:68,71,_ZNK5neml26OptionISt6vectorINS_10TensorNameINS_3WR2EEESaIS4_EEEneERKNS_10OptionBaseE
FN:68,71,_ZNK5neml26OptionISt6vectorINS_10TensorNameINS_4SFR3EEESaIS4_EEEneERKNS_10OptionBaseE
FN:68,71,_ZNK5neml26OptionISt6vectorINS_10TensorNameINS_4SSR4EEESaIS4_EEEneERKNS_10OptionBaseE
FN:68,71,_ZNK5neml26OptionISt6vectorINS_10TensorNameINS_4SWR4EEESaIS4_EEEneERKNS_10OptionBaseE
FN:68,71,_ZNK5neml26OptionISt6vectorINS_10TensorNameINS_4WSR4EEESaIS4_EEEneERKNS_10OptionBaseE
FN:68,71,_ZNK5neml26OptionISt6vectorINS_10TensorNameINS_4WWR4EEESaIS4_EEEneERKNS_10OptionBaseE
FN:68,71,_ZNK5neml26OptionISt6vectorINS_10TensorNameINS_5SFFR4EEESaIS4_EEEneERKNS_10OptionBaseE
FN:68,71,_ZNK5neml26OptionISt6vectorINS_10TensorNameINS_5WFFR4EEESaIS4_EEEneERKNS_10OptionBaseE
FN:68,71,_ZNK5neml26OptionISt6vectorINS_10TensorNameINS_6ScalarEEESaIS4_EEEneERKNS_10OptionBaseE
FN:68,71,_ZNK5neml26OptionISt6vectorINS_10TensorNameINS_6TensorEEESaIS4_EEEneERKNS_10OptionBaseE
FN:68,71,_ZNK5neml26OptionISt6vectorINS_19LabeledAxisAccessorESaIS2_EEEneERKNS_10OptionBaseE
FN:68,71,_ZNK5neml26OptionISt6vectorINSt7__cxx1112basic_stringIcSt11char_traitsIcESaIcEEESaIS7_EEEneERKNS_10OptionBaseE
FN:68,71,_ZNK5neml26OptionISt6vectorIS1_IN3c1011SmallVectorIlLj8EEESaIS4_EESaIS6_EEEneERKNS_10OptionBaseE
FN:68,71,_ZNK5neml26OptionISt6vectorIS1_IN3c106DeviceESaIS3_EESaIS5_EEEneERKNS_10OptionBaseE
FN:68,71,_ZNK5neml26OptionISt6vectorIS1_INS_10TensorNameIN2at6TensorEEESaIS5_EESaIS7_EEEneERKNS_10OptionBaseE
FN:68,71,_ZNK5neml26OptionISt6vectorIS1_INS_10TensorNameINS_10QuaternionEEESaIS4_EESaIS6_EEEneERKNS_10OptionBaseE
FN:68,71,_ZNK5neml26OptionISt6vectorIS1_INS_10TensorNameINS_11MillerIndexEEESaIS4_EESaIS6_EEEneERKNS_10OptionBaseE
FN:68,71,_ZNK5neml26OptionISt6vectorIS1_INS_10TensorNameINS_2R2EEESaIS4_EESaIS6_EEEneERKNS_10OptionBaseE
FN:68,71,_ZNK5neml26OptionISt6vectorIS1_INS_10TensorNameINS_2R3EEESaIS4_EESaIS6_EEEneERKNS_10OptionBaseE
FN:68,71,_ZNK5neml26OptionISt6vectorIS1_INS_10TensorNameINS_2R4EEESaIS4_EESaIS6_EEEneERKNS_10OptionBaseE
FN:68,71,_ZNK5neml26OptionISt6vectorIS1_INS_10TensorNameINS_3RotEEESaIS4_EESaIS6_EEEneERKNS_10OptionBaseE
FN:68,71,_ZNK5neml26OptionISt6vectorIS1_INS_10TensorNameINS_3SR2EEESaIS4_EESaIS6_EEEneERKNS_10OptionBaseE
FN:68,71,_ZNK5neml26OptionISt6vectorIS1_INS_10TensorNameINS_3VecEEESaIS4_EESaIS6_EEEneERKNS_10OptionBaseE
FN:68,71,_ZNK5neml26OptionISt6vectorIS1_INS_10TensorNameINS_3WR2EEESaIS4_EESaIS6_EEEneERKNS_10OptionBaseE
FN:68,71,_ZNK5neml26OptionISt6vectorIS1_INS_10TensorNameINS_4SFR3EEESaIS4_EESaIS6_EEEneERKNS_10OptionBaseE
FN:68,71,_ZNK5neml26OptionISt6vectorIS1_INS_10TensorNameINS_4SSR4EEESaIS4_EESaIS6_EEEneERKNS_10OptionBaseE
FN:68,71,_ZNK5neml26OptionISt6vectorIS1_INS_10TensorNameINS_4SWR4EEESaIS4_EESaIS6_EEEneERKNS_10OptionBaseE
FN:68,71,_ZNK5neml26OptionISt6vectorIS1_INS_10TensorNameINS_4WSR4EEESaIS4_EESaIS6_EEEneERKNS_10OptionBaseE
FN:68,71,_ZNK5neml26OptionISt6vectorIS1_INS_10TensorNameINS_4WWR4EEESaIS4_EESaIS6_EEEneERKNS_10OptionBaseE
FN:68,71,_ZNK5neml26OptionISt6vectorIS1_INS_10TensorNameINS_5SFFR4EEESaIS4_EESaIS6_EEEneERKNS_10OptionBaseE
FN:68,71,_ZNK5neml26OptionISt6vectorIS1_INS_10TensorNameINS_5WFFR4EEESaIS4_EESaIS6_EEEneERKNS_10OptionBaseE
FN:68,71,_ZNK5neml26OptionISt6vectorIS1_INS_10TensorNameINS_6ScalarEEESaIS4_EESaIS6_EEEneERKNS_10OptionBaseE
FN:68,71,_ZNK5neml26OptionISt6vectorIS1_INS_10TensorNameINS_6TensorEEESaIS4_EESaIS6_EEEneERKNS_10OptionBaseE
FN:68,71,_ZNK5neml26OptionISt6vectorIS1_INS_19LabeledAxisAccessorESaIS2_EESaIS4_EEEneERKNS_10OptionBaseE
FN:68,71,_ZNK5neml26OptionISt6vectorIS1_INSt7__cxx1112basic_stringIcSt11char_traitsIcESaIcEEESaIS7_EESaIS9_EEEneERKNS_10OptionBaseE
FN:68,71,_ZNK5neml26OptionISt6vectorIS1_IbSaIbEESaIS3_EEEneERKNS_10OptionBaseE
FN:68,71,_ZNK5neml26OptionISt6vectorIS1_IdSaIdEESaIS3_EEEneERKNS_10OptionBaseE
FN:68,71,_ZNK5neml26OptionISt6vectorIS1_IiSaIiEESaIS3_EEEneERKNS_10OptionBaseE
FN:68,71,_ZNK5neml26OptionISt6vectorIS1_IjSaIjEESaIS3_EEEneERKNS_10OptionBaseE
FN:68,71,_ZNK5neml26OptionISt6vectorIS1_IlSaIlEESaIS3_EEEneERKNS_10OptionBaseE
FN:68,71,_ZNK5neml26OptionISt6vectorIS1_ImSaImEESaIS3_EEEneERKNS_10OptionBaseE
FN:68,71,_ZNK5neml26OptionISt6vectorIbSaIbEEEneERKNS_10OptionBaseE
FN:68,71,_ZNK5neml26OptionISt6vectorIdSaIdEEEneERKNS_10OptionBaseE
FN:68,71,_ZNK5neml26OptionISt6vectorIiSaIiEEEneERKNS_10OptionBaseE
FN:68,71,_ZNK5neml26OptionISt6vectorIjSaIjEEEneERKNS_10OptionBaseE
FN:68,71,_ZNK5neml26OptionISt6vectorIlSaIlEEEneERKNS_10OptionBaseE
FN:68,71,_ZNK5neml26OptionISt6vectorImSaImEEEneERKNS_10OptionBaseE
FN:68,71,_ZNK5neml26OptionIbEneERKNS_10OptionBaseE
FN:68,71,_ZNK5neml26OptionIdEneERKNS_10OptionBaseE
FN:68,71,_ZNK5neml26OptionIiEneERKNS_10OptionBaseE
FN:68,71,_ZNK5neml26OptionIjEneERKNS_10OptionBaseE
FN:68,71,_ZNK5neml26OptionIlEneERKNS_10OptionBaseE
FN:68,71,_ZNK5neml26OptionImEneERKNS_10OptionBaseE
FN:84,90,_ZNK5neml26OptionIN3c1011SmallVectorIlLj8EEEE5cloneEv
FN:84,90,_ZNK5neml26OptionIN3c106DeviceEE5cloneEv
FN:84,90,_ZNK5neml26OptionINS_10TensorNameIN2at6TensorEEEE5cloneEv
FN:84,90,_ZNK5neml26OptionINS_10TensorNameINS_10QuaternionEEEE5cloneEv
FN:84,90,_ZNK5neml26OptionINS_10TensorNameINS_11MillerIndexEEEE5cloneEv
FN:84,90,_ZNK5neml26OptionINS_10TensorNameINS_2R2EEEE5cloneEv
FN:84,90,_ZNK5neml26OptionINS_10TensorNameINS_2R3EEEE5cloneEv
FN:84,90,_ZNK5neml26OptionINS_10TensorNameINS_2R4EEEE5cloneEv
FN:84,90,_ZNK5neml26OptionINS_10TensorNameINS_3RotEEEE5cloneEv
FN:84,90,_ZNK5neml26OptionINS_10TensorNameINS_3SR2EEEE5cloneEv
FN:84,90,_ZNK5neml26OptionINS_10TensorNameINS_3VecEEEE5cloneEv
FN:84,90,_ZNK5neml26OptionINS_10TensorNameINS_3WR2EEEE5cloneEv
FN:84,90,_ZNK5neml26OptionINS_10TensorNameINS_4SFR3EEEE5cloneEv
FN:84,90,_ZNK5neml26OptionINS_10TensorNameINS_4SSR4EEEE5cloneEv
FN:84,90,_ZNK5neml26OptionINS_10TensorNameINS_4SWR4EEEE5cloneEv
FN:84,90,_ZNK5neml26OptionINS_10TensorNameINS_4WSR4EEEE5cloneEv
FN:84,90,_ZNK5neml26OptionINS_10TensorNameINS_4WWR4EEEE5cloneEv
FN:84,90,_ZNK5neml26OptionINS_10TensorNameINS_5SFFR4EEEE5cloneEv
FN:84,90,_ZNK5neml26OptionINS_10TensorNameINS_5WFFR4EEEE5cloneEv
FN:84,90,_ZNK5neml26OptionINS_10TensorNameINS_6ScalarEEEE5cloneEv
FN:84,90,_ZNK5neml26OptionINS_10TensorNameINS_6TensorEEEE5cloneEv
FN:84,90,_ZNK5neml26OptionINS_13EnumSelectionEE5cloneEv
FN:84,90,_ZNK5neml26OptionINS_18MultiEnumSelectionEE5cloneEv
FN:84,90,_ZNK5neml26OptionINS_19LabeledAxisAccessorEE5cloneEv
FN:84,90,_ZNK5neml26OptionINSt7__cxx1112basic_stringIcSt11char_traitsIcESaIcEEEE5cloneEv
FN:84,90,_ZNK5neml26OptionIPNS_11NEML2ObjectEE5cloneEv
FN:84,90,_ZNK5neml26OptionIPNS_7FactoryEE5cloneEv
FN:84,90,_ZNK5neml26OptionISt10shared_ptrINS_8SettingsEEE5cloneEv
FN:84,90,_ZNK5neml26OptionISt6vectorIN3c1011SmallVectorIlLj8EEESaIS4_EEE5cloneEv
FN:84,90,_ZNK5neml26OptionISt6vectorIN3c106DeviceESaIS3_EEE5cloneEv
FN:84,90,_ZNK5neml26OptionISt6vectorINS_10TensorNameIN2at6TensorEEESaIS5_EEE5cloneEv
FN:84,90,_ZNK5neml26OptionISt6vectorINS_10TensorNameINS_10QuaternionEEESaIS4_EEE5cloneEv
FN:84,90,_ZNK5neml26OptionISt6vectorINS_10TensorNameINS_11MillerIndexEEESaIS4_EEE5cloneEv
FN:84,90,_ZNK5neml26OptionISt6vectorINS_10TensorNameINS_2R2EEESaIS4_EEE5cloneEv
FN:84,90,_ZNK5neml26OptionISt6vectorINS_10TensorNameINS_2R3EEESaIS4_EEE5cloneEv
FN:84,90,_ZNK5neml26OptionISt6vectorINS_10TensorNameINS_2R4EEESaIS4_EEE5cloneEv
FN:84,90,_ZNK5neml26OptionISt6vectorINS_10TensorNameINS_3RotEEESaIS4_EEE5cloneEv
FN:84,90,_ZNK5neml26OptionISt6vectorINS_10TensorNameINS_3SR2EEESaIS4_EEE5cloneEv
FN:84,90,_ZNK5neml26OptionISt6vectorINS_10TensorNameINS_3VecEEESaIS4_EEE5cloneEv
FN:84,90,_ZNK5neml26OptionISt6vectorINS_10TensorNameINS_3WR2EEESaIS4_EEE5cloneEv
FN:84,90,_ZNK5neml26OptionISt6vectorINS_10TensorNameINS_4SFR3EEESaIS4_EEE5cloneEv
FN:84,90,_ZNK5neml26OptionISt6vectorINS_10TensorNameINS_4SSR4EEESaIS4_EEE5cloneEv
FN:84,90,_ZNK5neml26OptionISt6vectorINS_10TensorNameINS_4SWR4EEESaIS4_EEE5cloneEv
FN:84,90,_ZNK5neml26OptionISt6vectorINS_10TensorNameINS_4WSR4EEESaIS4_EEE5cloneEv
FN:84,90,_ZNK5neml26OptionISt6vectorINS_10TensorNameINS_4WWR4EEESaIS4_EEE5cloneEv
FN:84,90,_ZNK5neml26OptionISt6vectorINS_10TensorNameINS_5SFFR4EEESaIS4_EEE5cloneEv
FN:84,90,_ZNK5neml26OptionISt6vectorINS_10TensorNameINS_5WFFR4EEESaIS4_EEE5cloneEv
FN:84,90,_ZNK5neml26OptionISt6vectorINS_10TensorNameINS_6ScalarEEESaIS4_EEE5cloneEv
FN:84,90,_ZNK5neml26OptionISt6vectorINS_10TensorNameINS_6TensorEEESaIS4_EEE5cloneEv
FN:84,90,_ZNK5neml26OptionISt6vectorINS_19LabeledAxisAccessorESaIS2_EEE5cloneEv
FN:84,90,_ZNK5neml26OptionISt6vectorINSt7__cxx1112basic_stringIcSt11char_traitsIcESaIcEEESaIS7_EEE5cloneEv
FN:84,90,_ZNK5neml26OptionISt6vectorIS1_IN3c1011SmallVectorIlLj8EEESaIS4_EESaIS6_EEE5cloneEv
FN:84,90,_ZNK5neml26OptionISt6vectorIS1_IN3c106DeviceESaIS3_EESaIS5_EEE5cloneEv
FN:84,90,_ZNK5neml26OptionISt6vectorIS1_INS_10TensorNameIN2at6TensorEEESaIS5_EESaIS7_EEE5cloneEv
FN:84,90,_ZNK5neml26OptionISt6vectorIS1_INS_10TensorNameINS_10QuaternionEEESaIS4_EESaIS6_EEE5cloneEv
FN:84,90,_ZNK5neml26OptionISt6vectorIS1_INS_10TensorNameINS_11MillerIndexEEESaIS4_EESaIS6_EEE5cloneEv
FN:84,90,_ZNK5neml26OptionISt6vectorIS1_INS_10TensorNameINS_2R2EEESaIS4_EESaIS6_EEE5cloneEv
FN:84,90,_ZNK5neml26OptionISt6vectorIS1_INS_10TensorNameINS_2R3EEESaIS4_EESaIS6_EEE5cloneEv
FN:84,90,_ZNK5neml26OptionISt6vectorIS1_INS_10TensorNameINS_2R4EEESaIS4_EESaIS6_EEE5cloneEv
FN:84,90,_ZNK5neml26OptionISt6vectorIS1_INS_10TensorNameINS_3RotEEESaIS4_EESaIS6_EEE5cloneEv
FN:84,90,_ZNK5neml26OptionISt6vectorIS1_INS_10TensorNameINS_3SR2EEESaIS4_EESaIS6_EEE5cloneEv
FN:84,90,_ZNK5neml26OptionISt6vectorIS1_INS_10TensorNameINS_3VecEEESaIS4_EESaIS6_EEE5cloneEv
FN:84,90,_ZNK5neml26OptionISt6vectorIS1_INS_10TensorNameINS_3WR2EEESaIS4_EESaIS6_EEE5cloneEv
FN:84,90,_ZNK5neml26OptionISt6vectorIS1_INS_10TensorNameINS_4SFR3EEESaIS4_EESaIS6_EEE5cloneEv
FN:84,90,_ZNK5neml26OptionISt6vectorIS1_INS_10TensorNameINS_4SSR4EEESaIS4_EESaIS6_EEE5cloneEv
FN:84,90,_ZNK5neml26OptionISt6vectorIS1_INS_10TensorNameINS_4SWR4EEESaIS4_EESaIS6_EEE5cloneEv
FN:84,90,_ZNK5neml26OptionISt6vectorIS1_INS_10TensorNameINS_4WSR4EEESaIS4_EESaIS6_EEE5cloneEv
FN:84,90,_ZNK5neml26OptionISt6vectorIS1_INS_10TensorNameINS_4WWR4EEESaIS4_EESaIS6_EEE5cloneEv
FN:84,90,_ZNK5neml26OptionISt6vectorIS1_INS_10TensorNameINS_5SFFR4EEESaIS4_EESaIS6_EEE5cloneEv
FN:84,90,_ZNK5neml26OptionISt6vectorIS1_INS_10TensorNameINS_5WFFR4EEESaIS4_EESaIS6_EEE5cloneEv
FN:84,90,_ZNK5neml26OptionISt6vectorIS1_INS_10TensorNameINS_6ScalarEEESaIS4_EESaIS6_EEE5cloneEv
FN:84,90,_ZNK5neml26OptionISt6vectorIS1_INS_10TensorNameINS_6TensorEEESaIS4_EESaIS6_EEE5cloneEv
FN:84,90,_ZNK5neml26OptionISt6vectorIS1_INS_19LabeledAxisAccessorESaIS2_EESaIS4_EEE5cloneEv
FN:84,90,_ZNK5neml26OptionISt6vectorIS1_INSt7__cxx1112basic_stringIcSt11char_traitsIcESaIcEEESaIS7_EESaIS9_EEE5cloneEv
FN:84,90,_ZNK5neml26OptionISt6vectorIS1_IbSaIbEESaIS3_EEE5cloneEv
FN:84,90,_ZNK5neml26OptionISt6vectorIS1_IdSaIdEESaIS3_EEE5cloneEv
FN:84,90,_ZNK5neml26OptionISt6vectorIS1_IiSaIiEESaIS3_EEE5cloneEv
FN:84,90,_ZNK5neml26OptionISt6vectorIS1_IjSaIjEESaIS3_EEE5cloneEv
FN:84,90,_ZNK5neml26OptionISt6vectorIS1_IlSaIlEESaIS3_EEE5cloneEv
FN:84,90,_ZNK5neml26OptionISt6vectorIS1_ImSaImEESaIS3_EEE5cloneEv
FN:84,90,_ZNK5neml26OptionISt6vectorIbSaIbEEE5cloneEv
FN:84,90,_ZNK5neml26OptionISt6vectorIdSaIdEEE5cloneEv
FN:84,90,_ZNK5neml26OptionISt6vectorIiSaIiEEE5cloneEv
FN:84,90,_ZNK5neml26OptionISt6vectorIjSaIjEEE5cloneEv
FN:84,90,_ZNK5neml26OptionISt6vectorIlSaIlEEE5cloneEv
FN:84,90,_ZNK5neml26OptionISt6vectorImSaImEEE5cloneEv
FN:84,90,_ZNK5neml26OptionIbE5cloneEv
FN:84,90,_ZNK5neml26OptionIdE5cloneEv
FN:84,90,_ZNK5neml26OptionIiE5cloneEv
FN:84,90,_ZNK5neml26OptionIjE5cloneEv
FN:84,90,_ZNK5neml26OptionIlE5cloneEv
FN:84,90,_ZNK5neml26OptionImE5cloneEv
FNDA:0,_ZN5neml27details13_print_helperIcEEvRSoPKT_
FNDA:0,_ZN5neml27details13_print_helperIhEEvRSoPKT_
FNDA:0,_ZN5neml27details13_print_helperIbEEvRSoPKSt6vectorIT_SaIS4_EE
FNDA:3885,_ZN5neml26OptionIN3c1011SmallVectorIlLj8EEEEC2ERKNSt7__cxx1112basic_stringIcSt11char_traitsIcESaIcEEE
FNDA:0,_ZN5neml26OptionINS_10TensorNameIN2at6TensorEEEEC2ERKNSt7__cxx1112basic_stringIcSt11char_traitsIcESaIcEEE
FNDA:36,_ZN5neml26OptionINS_10TensorNameINS_10QuaternionEEEEC2ERKNSt7__cxx1112basic_stringIcSt11char_traitsIcESaIcEEE
FNDA:336,_ZN5neml26OptionINS_10TensorNameINS_11MillerIndexEEEEC2ERKNSt7__cxx1112basic_stringIcSt11char_traitsIcESaIcEEE
FNDA:192,_ZN5neml26OptionINS_10TensorNameINS_2R2EEEEC2ERKNSt7__cxx1112basic_stringIcSt11char_traitsIcESaIcEEE
FNDA:36,_ZN5neml26OptionINS_10TensorNameINS_2R3EEEEC2ERKNSt7__cxx1112basic_stringIcSt11char_traitsIcESaIcEEE
FNDA:36,_ZN5neml26OptionINS_10TensorNameINS_2R4EEEEC2ERKNSt7__cxx1112basic_stringIcSt11char_traitsIcESaIcEEE
FNDA:36,_ZN5neml26OptionINS_10TensorNameINS_3RotEEEEC2ERKNSt7__cxx1112basic_stringIcSt11char_traitsIcESaIcEEE
FNDA:409,_ZN5neml26OptionINS_10TensorNameINS_3SR2EEEEC2ERKNSt7__cxx1112basic_stringIcSt11char_traitsIcESaIcEEE
FNDA:218,_ZN5neml26OptionINS_10TensorNameINS_3VecEEEEC2ERKNSt7__cxx1112basic_stringIcSt11char_traitsIcESaIcEEE
FNDA:57,_ZN5neml26OptionINS_10TensorNameINS_3WR2EEEEC2ERKNSt7__cxx1112basic_stringIcSt11char_traitsIcESaIcEEE
FNDA:36,_ZN5neml26OptionINS_10TensorNameINS_4SFR3EEEEC2ERKNSt7__cxx1112basic_stringIcSt11char_traitsIcESaIcEEE
FNDA:67,_ZN5neml26OptionINS_10TensorNameINS_4SSR4EEEEC2ERKNSt7__cxx1112basic_stringIcSt11char_traitsIcESaIcEEE
FNDA:36,_ZN5neml26OptionINS_10TensorNameINS_4SWR4EEEEC2ERKNSt7__cxx1112basic_stringIcSt11char_traitsIcESaIcEEE
FNDA:36,_ZN5neml26OptionINS_10TensorNameINS_4WSR4EEEEC2ERKNSt7__cxx1112basic_stringIcSt11char_traitsIcESaIcEEE
FNDA:36,_ZN5neml26OptionINS_10TensorNameINS_4WWR4EEEEC2ERKNSt7__cxx1112basic_stringIcSt11char_traitsIcESaIcEEE
FNDA:36,_ZN5neml26OptionINS_10TensorNameINS_5SFFR4EEEEC2ERKNSt7__cxx1112basic_stringIcSt11char_traitsIcESaIcEEE
FNDA:36,_ZN5neml26OptionINS_10TensorNameINS_5WFFR4EEEEC2ERKNSt7__cxx1112basic_stringIcSt11char_traitsIcESaIcEEE
FNDA:2779,_ZN5neml26OptionINS_10TensorNameINS_6ScalarEEEEC2ERKNSt7__cxx1112basic_stringIcSt11char_traitsIcESaIcEEE
FNDA:86,_ZN5neml26OptionINS_10TensorNameINS_6TensorEEEEC2ERKNSt7__cxx1112basic_stringIcSt11char_traitsIcESaIcEEE
FNDA:3369,_ZN5neml26OptionINS_13EnumSelectionEEC2ERKNSt7__cxx1112basic_stringIcSt11char_traitsIcESaIcEEE
FNDA:7395,_ZN5neml26OptionINS_18MultiEnumSelectionEEC2ERKNSt7__cxx1112basic_stringIcSt11char_traitsIcESaIcEEE
FNDA:7621,_ZN5neml26OptionINS_19LabeledAxisAccessorEEC2ERKNSt7__cxx1112basic_stringIcSt11char_traitsIcESaIcEEE
FNDA:7428,_ZN5neml26OptionINSt7__cxx1112basic_stringIcSt11char_traitsIcESaIcEEEEC2ERKS6_
FNDA:12964,_ZN5neml26OptionIPNS_11NEML2ObjectEEC2ERKNSt7__cxx1112basic_stringIcSt11char_traitsIcESaIcEEE
FNDA:12399,_ZN5neml26OptionIPNS_7FactoryEEC2ERKNSt7__cxx1112basic_stringIcSt11char_traitsIcESaIcEEE
FNDA:12399,_ZN5neml26OptionISt10shared_ptrINS_8SettingsEEEC2ERKNSt7__cxx1112basic_stringIcSt11char_traitsIcESaIcEEE
FNDA:7283,_ZN5neml26OptionISt6vectorIN3c1011SmallVectorIlLj8EEESaIS4_EEEC2ERKNSt7__cxx1112basic_stringIcSt11char_traitsIcESaIcEEE
FNDA:52,_ZN5neml26OptionISt6vectorIN3c106DeviceESaIS3_EEEC2ERKNSt7__cxx1112basic_stringIcSt11char_traitsIcESaIcEEE
FNDA:0,_ZN5neml26OptionISt6vectorINS_10TensorNameIN2at6TensorEEESaIS5_EEEC2ERKNSt7__cxx1112basic_stringIcSt11char_traitsIcESaIcEEE
FNDA:2066,_ZN5neml26OptionISt6vectorINS_10TensorNameINS_10QuaternionEEESaIS4_EEEC2ERKNSt7__cxx1112basic_stringIcSt11char_traitsIcESaIcEEE
FNDA:2066,_ZN5neml26OptionISt6vectorINS_10TensorNameINS_11MillerIndexEEESaIS4_EEEC2ERKNSt7__cxx1112basic_stringIcSt11char_traitsIcESaIcEEE
FNDA:2066,_ZN5neml26OptionISt6vectorINS_10TensorNameINS_2R2EEESaIS4_EEEC2ERKNSt7__cxx1112basic_stringIcSt11char_traitsIcESaIcEEE
FNDA:2066,_ZN5neml26OptionISt6vectorINS_10TensorNameINS_2R3EEESaIS4_EEEC2ERKNSt7__cxx1112basic_stringIcSt11char_traitsIcESaIcEEE
FNDA:2066,_ZN5neml26OptionISt6vectorINS_10TensorNameINS_2R4EEESaIS4_EEEC2ERKNSt7__cxx1112basic_stringIcSt11char_traitsIcESaIcEEE
FNDA:2066,_ZN5neml26OptionISt6vectorINS_10TensorNameINS_3RotEEESaIS4_EEEC2ERKNSt7__cxx1112basic_stringIcSt11char_traitsIcESaIcEEE
FNDA:2066,_ZN5neml26OptionISt6vectorINS_10TensorNameINS_3SR2EEESaIS4_EEEC2ERKNSt7__cxx1112basic_stringIcSt11char_traitsIcESaIcEEE
FNDA:2066,_ZN5neml26OptionISt6vectorINS_10TensorNameINS_3VecEEESaIS4_EEEC2ERKNSt7__cxx1112basic_stringIcSt11char_traitsIcESaIcEEE
FNDA:2066,_ZN5neml26OptionISt6vectorINS_10TensorNameINS_3WR2EEESaIS4_EEEC2ERKNSt7__cxx1112basic_stringIcSt11char_traitsIcESaIcEEE
FNDA:2066,_ZN5neml26OptionISt6vectorINS_10TensorNameINS_4SFR3EEESaIS4_EEEC2ERKNSt7__cxx1112basic_stringIcSt11char_traitsIcESaIcEEE
FNDA:2066,_ZN5neml26OptionISt6vectorINS_10TensorNameINS_4SSR4EEESaIS4_EEEC2ERKNSt7__cxx1112basic_stringIcSt11char_traitsIcESaIcEEE
FNDA:2066,_ZN5neml26OptionISt6vectorINS_10TensorNameINS_4SWR4EEESaIS4_EEEC2ERKNSt7__cxx1112basic_stringIcSt11char_traitsIcESaIcEEE
FNDA:2066,_ZN5neml26OptionISt6vectorINS_10TensorNameINS_4WSR4EEESaIS4_EEEC2ERKNSt7__cxx1112basic_stringIcSt11char_traitsIcESaIcEEE
FNDA:2066,_ZN5neml26OptionISt6vectorINS_10TensorNameINS_4WWR4EEESaIS4_EEEC2ERKNSt7__cxx1112basic_stringIcSt11char_traitsIcESaIcEEE
FNDA:2066,_ZN5neml26OptionISt6vectorINS_10TensorNameINS_5SFFR4EEESaIS4_EEEC2ERKNSt7__cxx1112basic_stringIcSt11char_traitsIcESaIcEEE
FNDA:2066,_ZN5neml26OptionISt6vectorINS_10TensorNameINS_5WFFR4EEESaIS4_EEEC2ERKNSt7__cxx1112basic_stringIcSt11char_traitsIcESaIcEEE
FNDA:3433,_ZN5neml26OptionISt6vectorINS_10TensorNameINS_6ScalarEEESaIS4_EEEC2ERKNSt7__cxx1112basic_stringIcSt11char_traitsIcESaIcEEE
FNDA:2066,_ZN5neml26OptionISt6vectorINS_10TensorNameINS_6TensorEEESaIS4_EEEC2ERKNSt7__cxx1112basic_stringIcSt11char_traitsIcESaIcEEE
FNDA:37780,_ZN5neml26OptionISt6vectorINS_19LabeledAxisAccessorESaIS2_EEEC2ERKNSt7__cxx1112basic_stringIcSt11char_traitsIcESaIcEEE
FNDA:2923,_ZN5neml26OptionISt6vectorINSt7__cxx1112basic_stringIcSt11char_traitsIcESaIcEEESaIS7_EEEC2ERKS7_
FNDA:36,_ZN5neml26OptionISt6vectorIS1_IN3c1011SmallVectorIlLj8EEESaIS4_EESaIS6_EEEC2ERKNSt7__cxx1112basic_stringIcSt11char_traitsIcESaIcEEE
FNDA:36,_ZN5neml26OptionISt6vectorIS1_IN3c106DeviceESaIS3_EESaIS5_EEEC2ERKNSt7__cxx1112basic_stringIcSt11char_traitsIcESaIcEEE
FNDA:0,_ZN5neml26OptionISt6vectorIS1_INS_10TensorNameIN2at6TensorEEESaIS5_EESaIS7_EEEC2ERKNSt7__cxx1112basic_stringIcSt11char_traitsIcESaIcEEE
FNDA:0,_ZN5neml26OptionISt6vectorIS1_INS_10TensorNameINS_10QuaternionEEESaIS4_EESaIS6_EEEC2ERKNSt7__cxx1112basic_stringIcSt11char_traitsIcESaIcEEE
FNDA:0,_ZN5neml26OptionISt6vectorIS1_INS_10TensorNameINS_11MillerIndexEEESaIS4_EESaIS6_EEEC2ERKNSt7__cxx1112basic_stringIcSt11char_traitsIcESaIcEEE
FNDA:0,_ZN5neml26OptionISt6vectorIS1_INS_10TensorNameINS_2R2EEESaIS4_EESaIS6_EEEC2ERKNSt7__cxx1112basic_stringIcSt11char_traitsIcESaIcEEE
FNDA:0,_ZN5neml26OptionISt6vectorIS1_INS_10TensorNameINS_2R3EEESaIS4_EESaIS6_EEEC2ERKNSt7__cxx1112basic_stringIcSt11char_traitsIcESaIcEEE
FNDA:0,_ZN5neml26OptionISt6vectorIS1_INS_10TensorNameINS_2R4EEESaIS4_EESaIS6_EEEC2ERKNSt7__cxx1112basic_stringIcSt11char_traitsIcESaIcEEE
FNDA:0,_ZN5neml26OptionISt6vectorIS1_INS_10TensorNameINS_3RotEEESaIS4_EESaIS6_EEEC2ERKNSt7__cxx1112basic_stringIcSt11char_traitsIcESaIcEEE
FNDA:0,_ZN5neml26OptionISt6vectorIS1_INS_10TensorNameINS_3SR2EEESaIS4_EESaIS6_EEEC2ERKNSt7__cxx1112basic_stringIcSt11char_traitsIcESaIcEEE
FNDA:0,_ZN5neml26OptionISt6vectorIS1_INS_10TensorNameINS_3VecEEESaIS4_EESaIS6_EEEC2ERKNSt7__cxx1112basic_stringIcSt11char_traitsIcESaIcEEE
FNDA:0,_ZN5neml26OptionISt6vectorIS1_INS_10TensorNameINS_3WR2EEESaIS4_EESaIS6_EEEC2ERKNSt7__cxx1112basic_stringIcSt11char_traitsIcESaIcEEE
FNDA:0,_ZN5neml26OptionISt6vectorIS1_INS_10TensorNameINS_4SFR3EEESaIS4_EESaIS6_EEEC2ERKNSt7__cxx1112basic_stringIcSt11char_traitsIcESaIcEEE
FNDA:0,_ZN5neml26OptionISt6vectorIS1_INS_10TensorNameINS_4SSR4EEESaIS4_EESaIS6_EEEC2ERKNSt7__cxx1112basic_stringIcSt11char_traitsIcESaIcEEE
FNDA:0,_ZN5neml26OptionISt6vectorIS1_INS_10TensorNameINS_4SWR4EEESaIS4_EESaIS6_EEEC2ERKNSt7__cxx1112basic_stringIcSt11char_traitsIcESaIcEEE
FNDA:0,_ZN5neml26OptionISt6vectorIS1_INS_10TensorNameINS_4WSR4EEESaIS4_EESaIS6_EEEC2ERKNSt7__cxx1112basic_stringIcSt11char_traitsIcESaIcEEE
FNDA:0,_ZN5neml26OptionISt6vectorIS1_INS_10TensorNameINS_4WWR4EEESaIS4_EESaIS6_EEEC2ERKNSt7__cxx1112basic_stringIcSt11char_traitsIcESaIcEEE
FNDA:0,_ZN5neml26OptionISt6vectorIS1_INS_10TensorNameINS_5SFFR4EEESaIS4_EESaIS6_EEEC2ERKNSt7__cxx1112basic_stringIcSt11char_traitsIcESaIcEEE
FNDA:0,_ZN5neml26OptionISt6vectorIS1_INS_10TensorNameINS_5WFFR4EEESaIS4_EESaIS6_EEEC2ERKNSt7__cxx1112basic_stringIcSt11char_traitsIcESaIcEEE
FNDA:0,_ZN5neml26OptionISt6vectorIS1_INS_10TensorNameINS_6ScalarEEESaIS4_EESaIS6_EEEC2ERKNSt7__cxx1112basic_stringIcSt11char_traitsIcESaIcEEE
FNDA:0,_ZN5neml26OptionISt6vectorIS1_INS_10TensorNameINS_6TensorEEESaIS4_EESaIS6_EEEC2ERKNSt7__cxx1112basic_stringIcSt11char_traitsIcESaIcEEE
FNDA:0,_ZN5neml26OptionISt6vectorIS1_INS_19LabeledAxisAccessorESaIS2_EESaIS4_EEEC2ERKNSt7__cxx1112basic_stringIcSt11char_traitsIcESaIcEEE
FNDA:36,_ZN5neml26OptionISt6vectorIS1_INSt7__cxx1112basic_stringIcSt11char_traitsIcESaIcEEESaIS7_EESaIS9_EEEC2ERKS7_
FNDA:36,_ZN5neml26OptionISt6vectorIS1_IbSaIbEESaIS3_EEEC2ERKNSt7__cxx1112basic_stringIcSt11char_traitsIcESaIcEEE
FNDA:36,_ZN5neml26OptionISt6vectorIS1_IdSaIdEESaIS3_EEEC2ERKNSt7__cxx1112basic_stringIcSt11char_traitsIcESaIcEEE
FNDA:36,_ZN5neml26OptionISt6vectorIS1_IiSaIiEESaIS3_EEEC2ERKNSt7__cxx1112basic_stringIcSt11char_traitsIcESaIcEEE
FNDA:36,_ZN5neml26OptionISt6vectorIS1_IjSaIjEESaIS3_EEEC2ERKNSt7__cxx1112basic_stringIcSt11char_traitsIcESaIcEEE
FNDA:0,_ZN5neml26OptionISt6vectorIS1_IlSaIlEESaIS3_EEEC2ERKNSt7__cxx1112basic_stringIcSt11char_traitsIcESaIcEEE
FNDA:0,_ZN5neml26OptionISt6vectorIS1_ImSaImEESaIS3_EEEC2ERKNSt7__cxx1112basic_stringIcSt11char_traitsIcESaIcEEE
FNDA:425,_ZN5neml26OptionISt6vectorIbSaIbEEEC2ERKNSt7__cxx1112basic_stringIcSt11char_traitsIcESaIcEEE
FNDA:1440,_ZN5neml26OptionISt6vectorIdSaIdEEEC2ERKNSt7__cxx1112basic_stringIcSt11char_traitsIcESaIcEEE
FNDA:36,_ZN5neml26OptionISt6vectorIiSaIiEEEC2ERKNSt7__cxx1112basic_stringIcSt11char_traitsIcESaIcEEE
FNDA:1686,_ZN5neml26OptionISt6vectorIjSaIjEEEC2ERKNSt7__cxx1112basic_stringIcSt11char_traitsIcESaIcEEE
FNDA:0,_ZN5neml26OptionISt6vectorIlSaIlEEEC2ERKNSt7__cxx1112basic_stringIcSt11char_traitsIcESaIcEEE
FNDA:32,_ZN5neml26OptionISt6vectorImSaImEEEC2ERKNSt7__cxx1112basic_stringIcSt11char_traitsIcESaIcEEE
FNDA:37766,_ZN5neml26OptionIbEC2ERKNSt7__cxx1112basic_stringIcSt11char_traitsIcESaIcEEE
FNDA:13697,_ZN5neml26OptionIdEC2ERKNSt7__cxx1112basic_stringIcSt11char_traitsIcESaIcEEE
FNDA:1686,_ZN5neml26OptionIiEC2ERKNSt7__cxx1112basic_stringIcSt11char_traitsIcESaIcEEE
FNDA:6683,_ZN5neml26OptionIjEC2ERKNSt7__cxx1112basic_stringIcSt11char_traitsIcESaIcEEE
FNDA:2922,_ZN5neml26OptionIlEC2ERKNSt7__cxx1112basic_stringIcSt11char_traitsIcESaIcEEE
FNDA:48,_ZN5neml26OptionImEC2ERKNSt7__cxx1112basic_stringIcSt11char_traitsIcESaIcEEE
FNDA:36,_ZN5neml26OptionIN3c106DeviceEEC2ERKNSt7__cxx1112basic_stringIcSt11char_traitsIcESaIcEEE
FNDA:0,_ZNK5neml26OptionIN3c1011SmallVectorIlLj8EEEEeqERKNS_10OptionBaseE
FNDA:0,_ZNK5neml26OptionIN3c106DeviceEEeqERKNS_10OptionBaseE
FNDA:0,_ZNK5neml26OptionINS_10TensorNameIN2at6TensorEEEEeqERKNS_10OptionBaseE
FNDA:0,_ZNK5neml26OptionINS_10TensorNameINS_10QuaternionEEEEeqERKNS_10OptionBaseE
FNDA:0,_ZNK5neml26OptionINS_10TensorNameINS_11MillerIndexEEEEeqERKNS_10OptionBaseE
FNDA:0,_ZNK5neml26OptionINS_10TensorNameINS_2R2EEEEeqERKNS_10OptionBaseE
FNDA:0,_ZNK5neml26OptionINS_10TensorNameINS_2R3EEEEeqERKNS_10OptionBaseE
FNDA:0,_ZNK5neml26OptionINS_10TensorNameINS_2R4EEEEeqERKNS_10OptionBaseE
FNDA:0,_ZNK5neml26OptionINS_10TensorNameINS_3RotEEEEeqERKNS_10OptionBaseE
FNDA:0,_ZNK5neml26OptionINS_10TensorNameINS_3SR2EEEEeqERKNS_10OptionBaseE
FNDA:0,_ZNK5neml26OptionINS_10TensorNameINS_3VecEEEEeqERKNS_10OptionBaseE
FNDA:0,_ZNK5neml26OptionINS_10TensorNameINS_3WR2EEEEeqERKNS_10OptionBaseE
FNDA:0,_ZNK5neml26OptionINS_10TensorNameINS_4SFR3EEEEeqERKNS_10OptionBaseE
FNDA:0,_ZNK5neml26OptionINS_10TensorNameINS_4SSR4EEEEeqERKNS_10OptionBaseE
FNDA:0,_ZNK5neml26OptionINS_10TensorNameINS_4SWR4EEEEeqERKNS_10OptionBaseE
FNDA:0,_ZNK5neml26OptionINS_10TensorNameINS_4WSR4EEEEeqERKNS_10OptionBaseE
FNDA:0,_ZNK5neml26OptionINS_10TensorNameINS_4WWR4EEEEeqERKNS_10OptionBaseE
FNDA:0,_ZNK5neml26OptionINS_10TensorNameINS_5SFFR4EEEEeqERKNS_10OptionBaseE
FNDA:0,_ZNK5neml26OptionINS_10TensorNameINS_5WFFR4EEEEeqERKNS_10OptionBaseE
FNDA:0,_ZNK5neml26OptionINS_10TensorNameINS_6ScalarEEEEeqERKNS_10OptionBaseE
FNDA:0,_ZNK5neml26OptionINS_10TensorNameINS_6TensorEEEEeqERKNS_10OptionBaseE
FNDA:0,_ZNK5neml26OptionINS_13EnumSelectionEEeqERKNS_10OptionBaseE
FNDA:0,_ZNK5neml26OptionINS_18MultiEnumSelectionEEeqERKNS_10OptionBaseE
FNDA:4,_ZNK5neml26OptionINS_19LabeledAxisAccessorEEeqERKNS_10OptionBaseE
FNDA:4,_ZNK5neml26OptionINSt7__cxx1112basic_stringIcSt11char_traitsIcESaIcEEEEeqERKNS_10OptionBaseE
FNDA:7,_ZNK5neml26OptionIPNS_11NEML2ObjectEEeqERKNS_10OptionBaseE
FNDA:2,_ZNK5neml26OptionIPNS_7FactoryEEeqERKNS_10OptionBaseE
FNDA:2,_ZNK5neml26OptionISt10shared_ptrINS_8SettingsEEEeqERKNS_10OptionBaseE
FNDA:0,_ZNK5neml26OptionISt6vectorIN3c1011SmallVectorIlLj8EEESaIS4_EEEeqERKNS_10OptionBaseE
FNDA:0,_ZNK5neml26OptionISt6vectorIN3c106DeviceESaIS3_EEEeqERKNS_10OptionBaseE
FNDA:0,_ZNK5neml26OptionISt6vectorINS_10TensorNameIN2at6TensorEEESaIS5_EEEeqERKNS_10OptionBaseE
FNDA:0,_ZNK5neml26OptionISt6vectorINS_10TensorNameINS_10QuaternionEEESaIS4_EEEeqERKNS_10OptionBaseE
FNDA:0,_ZNK5neml26OptionISt6vectorINS_10TensorNameINS_11MillerIndexEEESaIS4_EEEeqERKNS_10OptionBaseE
FNDA:0,_ZNK5neml26OptionISt6vectorINS_10TensorNameINS_2R2EEESaIS4_EEEeqERKNS_10OptionBaseE
FNDA:0,_ZNK5neml26OptionISt6vectorINS_10TensorNameINS_2R3EEESaIS4_EEEeqERKNS_10OptionBaseE
FNDA:0,_ZNK5neml26OptionISt6vectorINS_10TensorNameINS_2R4EEESaIS4_EEEeqERKNS_10OptionBaseE
FNDA:0,_ZNK5neml26OptionISt6vectorINS_10TensorNameINS_3RotEEESaIS4_EEEeqERKNS_10OptionBaseE
FNDA:0,_ZNK5neml26OptionISt6vectorINS_10TensorNameINS_3SR2EEESaIS4_EEEeqERKNS_10OptionBaseE
FNDA:0,_ZNK5neml26OptionISt6vectorINS_10TensorNameINS_3VecEEESaIS4_EEEeqERKNS_10OptionBaseE
FNDA:0,_ZNK5neml26OptionISt6vectorINS_10TensorNameINS_3WR2EEESaIS4_EEEeqERKNS_10OptionBaseE
FNDA:0,_ZNK5neml26OptionISt6vectorINS_10TensorNameINS_4SFR3EEESaIS4_EEEeqERKNS_10OptionBaseE
FNDA:0,_ZNK5neml26OptionISt6vectorINS_10TensorNameINS_4SSR4EEESaIS4_EEEeqERKNS_10OptionBaseE
FNDA:0,_ZNK5neml26OptionISt6vectorINS_10TensorNameINS_4SWR4EEESaIS4_EEEeqERKNS_10OptionBaseE
FNDA:0,_ZNK5neml26OptionISt6vectorINS_10TensorNameINS_4WSR4EEESaIS4_EEEeqERKNS_10OptionBaseE
FNDA:0,_ZNK5neml26OptionISt6vectorINS_10TensorNameINS_4WWR4EEESaIS4_EEEeqERKNS_10OptionBaseE
FNDA:0,_ZNK5neml26OptionISt6vectorINS_10TensorNameINS_5SFFR4EEESaIS4_EEEeqERKNS_10OptionBaseE
FNDA:0,_ZNK5neml26OptionISt6vectorINS_10TensorNameINS_5WFFR4EEESaIS4_EEEeqERKNS_10OptionBaseE
FNDA:0,_ZNK5neml26OptionISt6vectorINS_10TensorNameINS_6ScalarEEESaIS4_EEEeqERKNS_10OptionBaseE
FNDA:0,_ZNK5neml26OptionISt6vectorINS_10TensorNameINS_6TensorEEESaIS4_EEEeqERKNS_10OptionBaseE
FNDA:0,_ZNK5neml26OptionISt6vectorINS_19LabeledAxisAccessorESaIS2_EEEeqERKNS_10OptionBaseE
FNDA:0,_ZNK5neml26OptionISt6vectorINSt7__cxx1112basic_stringIcSt11char_traitsIcESaIcEEESaIS7_EEEeqERKNS_10OptionBaseE
FNDA:0,_ZNK5neml26OptionISt6vectorIS1_IN3c1011SmallVectorIlLj8EEESaIS4_EESaIS6_EEEeqERKNS_10OptionBaseE
FNDA:0,_ZNK5neml26OptionISt6vectorIS1_IN3c106DeviceESaIS3_EESaIS5_EEEeqERKNS_10OptionBaseE
FNDA:0,_ZNK5neml26OptionISt6vectorIS1_INS_10TensorNameIN2at6TensorEEESaIS5_EESaIS7_EEEeqERKNS_10OptionBaseE
FNDA:0,_ZNK5neml26OptionISt6vectorIS1_INS_10TensorNameINS_10QuaternionEEESaIS4_EESaIS6_EEEeqERKNS_10OptionBaseE
FNDA:0,_ZNK5neml26OptionISt6vectorIS1_INS_10TensorNameINS_11MillerIndexEEESaIS4_EESaIS6_EEEeqERKNS_10OptionBaseE
FNDA:0,_ZNK5neml26OptionISt6vectorIS1_INS_10TensorNameINS_2R2EEESaIS4_EESaIS6_EEEeqERKNS_10OptionBaseE
FNDA:0,_ZNK5neml26OptionISt6vectorIS1_INS_10TensorNameINS_2R3EEESaIS4_EESaIS6_EEEeqERKNS_10OptionBaseE
FNDA:0,_ZNK5neml26OptionISt6vectorIS1_INS_10TensorNameINS_2R4EEESaIS4_EESaIS6_EEEeqERKNS_10OptionBaseE
FNDA:0,_ZNK5neml26OptionISt6vectorIS1_INS_10TensorNameINS_3RotEEESaIS4_EESaIS6_EEEeqERKNS_10OptionBaseE
FNDA:0,_ZNK5neml26OptionISt6vectorIS1_INS_10TensorNameINS_3SR2EEESaIS4_EESaIS6_EEEeqERKNS_10OptionBaseE
FNDA:0,_ZNK5neml26OptionISt6vectorIS1_INS_10TensorNameINS_3VecEEESaIS4_EESaIS6_EEEeqERKNS_10OptionBaseE
FNDA:0,_ZNK5neml26OptionISt6vectorIS1_INS_10TensorNameINS_3WR2EEESaIS4_EESaIS6_EEEeqERKNS_10OptionBaseE
FNDA:0,_ZNK5neml26OptionISt6vectorIS1_INS_10TensorNameINS_4SFR3EEESaIS4_EESaIS6_EEEeqERKNS_10OptionBaseE
FNDA:0,_ZNK5neml26OptionISt6vectorIS1_INS_10TensorNameINS_4SSR4EEESaIS4_EESaIS6_EEEeqERKNS_10OptionBaseE
FNDA:0,_ZNK5neml26OptionISt6vectorIS1_INS_10TensorNameINS_4SWR4EEESaIS4_EESaIS6_EEEeqERKNS_10OptionBaseE
FNDA:0,_ZNK5neml26OptionISt6vectorIS1_INS_10TensorNameINS_4WSR4EEESaIS4_EESaIS6_EEEeqERKNS_10OptionBaseE
FNDA:0,_ZNK5neml26OptionISt6vectorIS1_INS_10TensorNameINS_4WWR4EEESaIS4_EESaIS6_EEEeqERKNS_10OptionBaseE
FNDA:0,_ZNK5neml26OptionISt6vectorIS1_INS_10TensorNameINS_5SFFR4EEESaIS4_EESaIS6_EEEeqERKNS_10OptionBaseE
FNDA:0,_ZNK5neml26OptionISt6vectorIS1_INS_10TensorNameINS_5WFFR4EEESaIS4_EESaIS6_EEEeqERKNS_10OptionBaseE
FNDA:0,_ZNK5neml26OptionISt6vectorIS1_INS_10TensorNameINS_6ScalarEEESaIS4_EESaIS6_EEEeqERKNS_10OptionBaseE
FNDA:0,_ZNK5neml26OptionISt6vectorIS1_INS_10TensorNameINS_6TensorEEESaIS4_EESaIS6_EEEeqERKNS_10OptionBaseE
FNDA:0,_ZNK5neml26OptionISt6vectorIS1_INS_19LabeledAxisAccessorESaIS2_EESaIS4_EEEeqERKNS_10OptionBaseE
FNDA:0,_ZNK5neml26OptionISt6vectorIS1_INSt7__cxx1112basic_stringIcSt11char_traitsIcESaIcEEESaIS7_EESaIS9_EEEeqERKNS_10OptionBaseE
FNDA:0,_ZNK5neml26OptionISt6vectorIS1_IbSaIbEESaIS3_EEEeqERKNS_10OptionBaseE
FNDA:0,_ZNK5neml26OptionISt6vectorIS1_IdSaIdEESaIS3_EEEeqERKNS_10OptionBaseE
FNDA:0,_ZNK5neml26OptionISt6vectorIS1_IiSaIiEESaIS3_EEEeqERKNS_10OptionBaseE
FNDA:0,_ZNK5neml26OptionISt6vectorIS1_IjSaIjEESaIS3_EEEeqERKNS_10OptionBaseE
FNDA:0,_ZNK5neml26OptionISt6vectorIS1_IlSaIlEESaIS3_EEEeqERKNS_10OptionBaseE
FNDA:0,_ZNK5neml26OptionISt6vectorIS1_ImSaImEESaIS3_EEEeqERKNS_10OptionBaseE
FNDA:0,_ZNK5neml26OptionISt6vectorIbSaIbEEEeqERKNS_10OptionBaseE
FNDA:0,_ZNK5neml26OptionISt6vectorIdSaIdEEEeqERKNS_10OptionBaseE
FNDA:0,_ZNK5neml26OptionISt6vectorIiSaIiEEEeqERKNS_10OptionBaseE
FNDA:0,_ZNK5neml26OptionISt6vectorIjSaIjEEEeqERKNS_10OptionBaseE
FNDA:0,_ZNK5neml26OptionISt6vectorIlSaIlEEEeqERKNS_10OptionBaseE
FNDA:0,_ZNK5neml26OptionISt6vectorImSaImEEEeqERKNS_10OptionBaseE
FNDA:14,_ZNK5neml26OptionIbEeqERKNS_10OptionBaseE
FNDA:2,_ZNK5neml26OptionIdEeqERKNS_10OptionBaseE
FNDA:0,_ZNK5neml26OptionIiEeqERKNS_10OptionBaseE
FNDA:2,_ZNK5neml26OptionIjEeqERKNS_10OptionBaseE
FNDA:0,_ZNK5neml26OptionIlEeqERKNS_10OptionBaseE
FNDA:0,_ZNK5neml26OptionImEeqERKNS_10OptionBaseE
FNDA:0,_ZNK5neml26OptionIN3c1011SmallVectorIlLj8EEEEneERKNS_10OptionBaseE
FNDA:0,_ZNK5neml26OptionIN3c106DeviceEEneERKNS_10OptionBaseE
FNDA:0,_ZNK5neml26OptionINS_10TensorNameIN2at6TensorEEEEneERKNS_10OptionBaseE
FNDA:0,_ZNK5neml26OptionINS_10TensorNameINS_10QuaternionEEEEneERKNS_10OptionBaseE
[...]
FNDA:0,_ZNK5neml216RandomTensorImplINS_3WR2EE4makeEv
FNDA:0,_ZNK5neml216RandomTensorImplINS_4SFR3EE4makeEv
FNDA:0,_ZNK5neml216RandomTensorImplINS_4SSR4EE4makeEv
FNDA:0,_ZNK5neml216RandomTensorImplINS_4SWR4EE4makeEv
FNDA:0,_ZNK5neml216RandomTensorImplINS_4WSR4EE4makeEv
FNDA:0,_ZNK5neml216RandomTensorImplINS_4WWR4EE4makeEv
FNDA:0,_ZNK5neml216RandomTensorImplINS_5SFFR4EE4makeEv
FNDA:0,_ZNK5neml216RandomTensorImplINS_5WFFR4EE4makeEv
FNDA:0,_ZNK5neml216RandomTensorImplINS_6ScalarEE4makeEv
FNDA:0,_ZNK5neml216RandomTensorImplINS_6TensorEE4makeEv
FNDA:0,_ZNK5neml216RandomTensorImplINS_3RotEE4makeEv
FNF:54
FNH:18
DA:33,36
DA:35,36
DA:36,36
DA:42,68
DA:43,68
DA:44,68
DA:45,34
DA:48,36
DA:49,0
DA:52,0
DA:54,0
DA:55,0
DA:57,0
DA:61,0
DA:63,0
DA:64,0
DA:65,0
DA:66,0
DA:67,0
DA:68,0
DA:72,0
DA:74,0
DA:75,0
DA:78,0
DA:79,0
DA:80,0
DA:81,0
DA:85,0
DA:87,0
DA:88,0
DA:90,0
DA:91,0
LF:32
LH:8
end_of_record
TN:
SF:/home/runner/work/neml2/neml2/src/neml2/user_tensors/SymmetryFromOrbifold.cxx
FN:33,44,_ZN5neml220SymmetryFromOrbifold16expected_optionsEv
FN:46,50,_ZN5neml220SymmetryFromOrbifoldC2ERKNS_9OptionSetE
FN:53,56,_ZNK5neml220SymmetryFromOrbifold4makeEv
FNDA:2,_ZN5neml220SymmetryFromOrbifold16expected_optionsEv
FNDA:55,_ZN5neml220SymmetryFromOrbifoldC2ERKNS_9OptionSetE
FNDA:55,_ZNK5neml220SymmetryFromOrbifold4makeEv
FNF:3
FNH:3
DA:33,2
DA:35,2
DA:36,2
DA:37,2
DA:39,4
DA:40,4
DA:42,2
DA:43,2
DA:44,0
DA:46,55
DA:48,110
DA:50,55
DA:53,55
DA:55,110
LF:14
LH:13
end_of_record
TN:
SF:/home/runner/work/neml2/neml2/src/neml2/user_tensors/UserTensor.cxx
FN:33,44,_ZN5neml214UserTensorTmplINS_10QuaternionEE16expected_optionsEv
FN:33,44,_ZN5neml214UserTensorTmplINS_11MillerIndexEE16expected_optionsEv
FN:33,44,_ZN5neml214UserTensorTmplINS_2R2EE16expected_optionsEv
FN:33,44,_ZN5neml214UserTensorTmplINS_2R3EE16expected_optionsEv
FN:33,44,_ZN5neml214UserTensorTmplINS_2R4EE16expected_optionsEv
FN:33,44,_ZN5neml214UserTensorTmplINS_3RotEE16expected_optionsEv
FN:33,44,_ZN5neml214UserTensorTmplINS_3SR2EE16expected_optionsEv
FN:33,44,_ZN5neml214UserTensorTmplINS_3VecEE16expected_optionsEv
FN:33,44,_ZN5neml214UserTensorTmplINS_3WR2EE16expected_optionsEv
FN:33,44,_ZN5neml214UserTensorTmplINS_4SFR3EE16expected_optionsEv
FN:33,44,_ZN5neml214UserTensorTmplINS_4SSR4EE16expected_optionsEv
FN:33,44,_ZN5neml214UserTensorTmplINS_4SWR4EE16expected_optionsEv
FN:33,44,_ZN5neml214UserTensorTmplINS_4WSR4EE16expected_optionsEv
FN:33,44,_ZN5neml214UserTensorTmplINS_4WWR4EE16expected_optionsEv
FN:33,44,_ZN5neml214UserTensorTmplINS_5SFFR4EE16expected_optionsEv
FN:33,44,_ZN5neml214UserTensorTmplINS_5WFFR4EE16expected_optionsEv
FN:33,44,_ZN5neml214UserTensorTmplINS_6ScalarEE16expected_optionsEv
FN:33,44,_ZN5neml214UserTensorTmplINS_6TensorEE16expected_optionsEv
FN:47,51,_ZN5neml214UserTensorTmplINS_10QuaternionEEC2ERKNS_9OptionSetE
FN:47,51,_ZN5neml214UserTensorTmplINS_11MillerIndexEEC2ERKNS_9OptionSetE
FN:47,51,_ZN5neml214UserTensorTmplINS_2R2EEC2ERKNS_9OptionSetE
FN:47,51,_ZN5neml214UserTensorTmplINS_2R3EEC2ERKNS_9OptionSetE
FN:47,51,_ZN5neml214UserTensorTmplINS_2R4EEC2ERKNS_9OptionSetE
FN:47,51,_ZN5neml214UserTensorTmplINS_3RotEEC2ERKNS_9OptionSetE
FN:47,51,_ZN5neml214UserTensorTmplINS_3SR2EEC2ERKNS_9OptionSetE
FN:47,51,_ZN5neml214UserTensorTmplINS_3VecEEC2ERKNS_9OptionSetE
FN:47,51,_ZN5neml214UserTensorTmplINS_3WR2EEC2ERKNS_9OptionSetE
FN:47,51,_ZN5neml214UserTensorTmplINS_4SFR3EEC2ERKNS_9OptionSetE
FN:47,51,_ZN5neml214UserTensorTmplINS_4SSR4EEC2ERKNS_9OptionSetE
FN:47,51,_ZN5neml214UserTensorTmplINS_4SWR4EEC2ERKNS_9OptionSetE
FN:47,51,_ZN5neml214UserTensorTmplINS_4WSR4EEC2ERKNS_9OptionSetE
FN:47,51,_ZN5neml214UserTensorTmplINS_4WWR4EEC2ERKNS_9OptionSetE
FN:47,51,_ZN5neml214UserTensorTmplINS_5SFFR4EEC2ERKNS_9OptionSetE
FN:47,51,_ZN5neml214UserTensorTmplINS_5WFFR4EEC2ERKNS_9OptionSetE
FN:47,51,_ZN5neml214UserTensorTmplINS_6ScalarEEC2ERKNS_9OptionSetE
FN:47,51,_ZN5neml214UserTensorTmplINS_6TensorEEC2ERKNS_9OptionSetE
FN:55,66,_ZNK5neml214UserTensorTmplINS_10QuaternionEE4makeEv
FN:55,66,_ZNK5neml214UserTensorTmplINS_11MillerIndexEE4makeEv
FN:55,66,_ZNK5neml214UserTensorTmplINS_2R2EE4makeEv
FN:55,66,_ZNK5neml214UserTensorTmplINS_2R3EE4makeEv
FN:55,66,_ZNK5neml214UserTensorTmplINS_2R4EE4makeEv
FN:55,66,_ZNK5neml214UserTensorTmplINS_3RotEE4makeEv
FN:55,66,_ZNK5neml214UserTensorTmplINS_3SR2EE4makeEv
FN:55,66,_ZNK5neml214UserTensorTmplINS_3VecEE4makeEv
FN:55,66,_ZNK5neml214UserTensorTmplINS_3WR2EE4makeEv
FN:55,66,_ZNK5neml214UserTensorTmplINS_4SFR3EE4makeEv
FN:55,66,_ZNK5neml214UserTensorTmplINS_4SSR4EE4makeEv
FN:55,66,_ZNK5neml214UserTensorTmplINS_4SWR4EE4makeEv
FN:55,66,_ZNK5neml214UserTensorTmplINS_4WSR4EE4makeEv
FN:55,66,_ZNK5neml214UserTensorTmplINS_4WWR4EE4makeEv
FN:55,66,_ZNK5neml214UserTensorTmplINS_5SFFR4EE4makeEv
FN:55,66,_ZNK5neml214UserTensorTmplINS_5WFFR4EE4makeEv
FN:55,66,_ZNK5neml214UserTensorTmplINS_6ScalarEE4makeEv
FN:55,66,_ZNK5neml214UserTensorTmplINS_6TensorEE4makeEv
FNDA:2,_ZN5neml214UserTensorTmplINS_10QuaternionEE16expected_optionsEv
FNDA:2,_ZN5neml214UserTensorTmplINS_11MillerIndexEE16expected_optionsEv
FNDA:2,_ZN5neml214UserTensorTmplINS_2R2EE16expected_optionsEv
FNDA:2,_ZN5neml214UserTensorTmplINS_2R3EE16expected_optionsEv
FNDA:2,_ZN5neml214UserTensorTmplINS_2R4EE16expected_optionsEv
FNDA:2,_ZN5neml214UserTensorTmplINS_3RotEE16expected_optionsEv
FNDA:2,_ZN5neml214UserTensorTmplINS_3SR2EE16expected_optionsEv
FNDA:2,_ZN5neml214UserTensorTmplINS_3VecEE16expected_optionsEv
FNDA:2,_ZN5neml214UserTensorTmplINS_3WR2EE16expected_optionsEv
FNDA:2,_ZN5neml214UserTensorTmplINS_4SFR3EE16expected_optionsEv
FNDA:2,_ZN5neml214UserTensorTmplINS_4SSR4EE16expected_optionsEv
FNDA:2,_ZN5neml214UserTensorTmplINS_4SWR4EE16expected_optionsEv
FNDA:2,_ZN5neml214UserTensorTmplINS_4WSR4EE16expected_optionsEv
FNDA:2,_ZN5neml214UserTensorTmplINS_4WWR4EE16expected_optionsEv
FNDA:2,_ZN5neml214UserTensorTmplINS_5SFFR4EE16expected_optionsEv
FNDA:2,_ZN5neml214UserTensorTmplINS_5WFFR4EE16expected_optionsEv
FNDA:2,_ZN5neml214UserTensorTmplINS_6ScalarEE16expected_optionsEv
FNDA:2,_ZN5neml214UserTensorTmplINS_6TensorEE16expected_optionsEv
FNDA:0,_ZN5neml214UserTensorTmplINS_10QuaternionEEC2ERKNS_9OptionSetE
FNDA:108,_ZN5neml214UserTensorTmplINS_11MillerIndexEEC2ERKNS_9OptionSetE
FNDA:0,_ZN5neml214UserTensorTmplINS_2R2EEC2ERKNS_9OptionSetE
FNDA:0,_ZN5neml214UserTensorTmplINS_2R3EEC2ERKNS_9OptionSetE
FNDA:0,_ZN5neml214UserTensorTmplINS_2R4EEC2ERKNS_9OptionSetE
FNDA:0,_ZN5neml214UserTensorTmplINS_3RotEEC2ERKNS_9OptionSetE
FNDA:9,_ZN5neml214UserTensorTmplINS_3SR2EEC2ERKNS_9OptionSetE
FNDA:13,_ZN5neml214UserTensorTmplINS_3VecEEC2ERKNS_9OptionSetE
FNDA:0,_ZN5neml214UserTensorTmplINS_3WR2EEC2ERKNS_9OptionSetE
FNDA:1,_ZN5neml214UserTensorTmplINS_4SFR3EEC2ERKNS_9OptionSetE
FNDA:9,_ZN5neml214UserTensorTmplINS_4SSR4EEC2ERKNS_9OptionSetE
FNDA:0,_ZN5neml214UserTensorTmplINS_4SWR4EEC2ERKNS_9OptionSetE
FNDA:0,_ZN5neml214UserTensorTmplINS_4WSR4EEC2ERKNS_9OptionSetE
FNDA:0,_ZN5neml214UserTensorTmplINS_4WWR4EEC2ERKNS_9OptionSetE
FNDA:0,_ZN5neml214UserTensorTmplINS_5SFFR4EEC2ERKNS_9OptionSetE
FNDA:0,_ZN5neml214UserTensorTmplINS_5WFFR4EEC2ERKNS_9OptionSetE
FNDA:116,_ZN5neml214UserTensorTmplINS_6ScalarEEC2ERKNS_9OptionSetE
FNDA:6,_ZN5neml214UserTensorTmplINS_6TensorEEC2ERKNS_9OptionSetE
FNDA:0,_ZNK5neml214UserTensorTmplINS_10QuaternionEE4makeEv
FNDA:108,_ZNK5neml214UserTensorTmplINS_11MillerIndexEE4makeEv
FNDA:0,_ZNK5neml214UserTensorTmplINS_2R2EE4makeEv
FNDA:0,_ZNK5neml214UserTensorTmplINS_2R3EE4makeEv
FNDA:0,_ZNK5neml214UserTensorTmplINS_2R4EE4makeEv
FNDA:0,_ZNK5neml214UserTensorTmplINS_3RotEE4makeEv
FNDA:9,_ZNK5neml214UserTensorTmplINS_3SR2EE4makeEv
FNDA:13,_ZNK5neml214UserTensorTmplINS_3VecEE4makeEv
FNDA:0,_ZNK5neml214UserTensorTmplINS_3WR2EE4makeEv
FNDA:1,_ZNK5neml214UserTensorTmplINS_4SFR3EE4makeEv
FNDA:9,_ZNK5neml214UserTensorTmplINS_4SSR4EE4makeEv
FNDA:0,_ZNK5neml214UserTensorTmplINS_4SWR4EE4makeEv
FNDA:0,_ZNK5neml214UserTensorTmplINS_4WSR4EE4makeEv
FNDA:0,_ZNK5neml214UserTensorTmplINS_4WWR4EE4makeEv
FNDA:0,_ZNK5neml214UserTensorTmplINS_5SFFR4EE4makeEv
FNDA:0,_ZNK5neml214UserTensorTmplINS_5WFFR4EE4makeEv
FNDA:116,_ZNK5neml214UserTensorTmplINS_6ScalarEE4makeEv
FNDA:5,_ZNK5neml214UserTensorTmplINS_6TensorEE4makeEv
FNF:54
FNH:32
DA:33,36
DA:35,36
DA:36,36
DA:40,72
DA:41,36
DA:43,36
DA:44,0
DA:47,262
DA:49,523
DA:51,261
DA:55,261
DA:57,261
DA:59,1190
DA:60,699
DA:61,146
DA:63,115
DA:64,222
DA:65,226
DA:66,261
LF:19
LH:18
end_of_record
TN:
SF:/home/runner/work/neml2/neml2/src/neml2/user_tensors/UserTensorBase.cxx
FN:113,181,_ZN5neml2L24apply_shape_manipulationERNS_6TensorERKNSt7__cxx1112basic_stringIcSt11char_traitsIcESaIcEEERKN3c1011SmallVectorIlLj8EEE
FN:185,196,_ZN5neml214UserTensorBaseINS_10QuaternionEE5setupEv
FN:185,196,_ZN5neml214UserTensorBaseINS_11MillerIndexEE5setupEv
FN:185,196,_ZN5neml214UserTensorBaseINS_2R2EE5setupEv
FN:185,196,_ZN5neml214UserTensorBaseINS_2R3EE5setupEv
FN:185,196,_ZN5neml214UserTensorBaseINS_2R4EE5setupEv
FN:185,196,_ZN5neml214UserTensorBaseINS_3RotEE5setupEv
FN:185,196,_ZN5neml214UserTensorBaseINS_3SR2EE5setupEv
FN:185,196,_ZN5neml214UserTensorBaseINS_3VecEE5setupEv
FN:185,196,_ZN5neml214UserTensorBaseINS_3WR2EE5setupEv
FN:185,196,_ZN5neml214UserTensorBaseINS_4SFR3EE5setupEv
FN:185,196,_ZN5neml214UserTensorBaseINS_4SSR4EE5setupEv
FN:185,196,_ZN5neml214UserTensorBaseINS_4SWR4EE5setupEv
FN:185,196,_ZN5neml214UserTensorBaseINS_4WSR4EE5setupEv
FN:185,196,_ZN5neml214UserTensorBaseINS_4WWR4EE5setupEv
FN:185,196,_ZN5neml214UserTensorBaseINS_5SFFR4EE5setupEv
FN:185,196,_ZN5neml214UserTensorBaseINS_5WFFR4EE5setupEv
FN:185,196,_ZN5neml214UserTensorBaseINS_6ScalarEE5setupEv
FN:185,196,_ZN5neml214UserTensorBaseINS_6TensorEE5setupEv
FN:31,65,_ZN5neml214UserTensorBaseINS_10QuaternionEE16expected_optionsEv
FN:31,65,_ZN5neml214UserTensorBaseINS_11MillerIndexEE16expected_optionsEv
FN:31,65,_ZN5neml214UserTensorBaseINS_2R2EE16expected_optionsEv
FN:31,65,_ZN5neml214UserTensorBaseINS_2R3EE16expected_optionsEv
FN:31,65,_ZN5neml214UserTensorBaseINS_2R4EE16expected_optionsEv
FN:31,65,_ZN5neml214UserTensorBaseINS_3RotEE16expected_optionsEv
FN:31,65,_ZN5neml214UserTensorBaseINS_3SR2EE16expected_optionsEv
FN:31,65,_ZN5neml214UserTensorBaseINS_3VecEE16expected_optionsEv
FN:31,65,_ZN5neml214UserTensorBaseINS_3WR2EE16expected_optionsEv
FN:31,65,_ZN5neml214UserTensorBaseINS_4SFR3EE16expected_optionsEv
FN:31,65,_ZN5neml214UserTensorBaseINS_4SSR4EE16expected_optionsEv
FN:31,65,_ZN5neml214UserTensorBaseINS_4SWR4EE16expected_optionsEv
FN:31,65,_ZN5neml214UserTensorBaseINS_4WSR4EE16expected_optionsEv
FN:31,65,_ZN5neml214UserTensorBaseINS_4WWR4EE16expected_optionsEv
FN:31,65,_ZN5neml214UserTensorBaseINS_5SFFR4EE16expected_optionsEv
FN:31,65,_ZN5neml214UserTensorBaseINS_5WFFR4EE16expected_optionsEv
FN:31,65,_ZN5neml214UserTensorBaseINS_6ScalarEE16expected_optionsEv
FN:31,65,_ZN5neml214UserTensorBaseINS_6TensorEE16expected_optionsEv
FN:68,85,_ZN5neml214UserTensorBaseINS_10QuaternionEEC2ERKNS_9OptionSetE
FN:68,85,_ZN5neml214UserTensorBaseINS_11MillerIndexEEC2ERKNS_9OptionSetE
FN:68,85,_ZN5neml214UserTensorBaseINS_2R2EEC2ERKNS_9OptionSetE
FN:68,85,_ZN5neml214UserTensorBaseINS_2R3EEC2ERKNS_9OptionSetE
FN:68,85,_ZN5neml214UserTensorBaseINS_2R4EEC2ERKNS_9OptionSetE
FN:68,85,_ZN5neml214UserTensorBaseINS_3RotEEC2ERKNS_9OptionSetE
FN:68,85,_ZN5neml214UserTensorBaseINS_3SR2EEC2ERKNS_9OptionSetE
FN:68,85,_ZN5neml214UserTensorBaseINS_3VecEEC2ERKNS_9OptionSetE
FN:68,85,_ZN5neml214UserTensorBaseINS_3WR2EEC2ERKNS_9OptionSetE
FN:68,85,_ZN5neml214UserTensorBaseINS_4SFR3EEC2ERKNS_9OptionSetE
FN:68,85,_ZN5neml214UserTensorBaseINS_4SSR4EEC2ERKNS_9OptionSetE
FN:68,85,_ZN5neml214UserTensorBaseINS_4SWR4EEC2ERKNS_9OptionSetE
FN:68,85,_ZN5neml214UserTensorBaseINS_4WSR4EEC2ERKNS_9OptionSetE
FN:68,85,_ZN5neml214UserTensorBaseINS_4WWR4EEC2ERKNS_9OptionSetE
FN:68,85,_ZN5neml214UserTensorBaseINS_5SFFR4EEC2ERKNS_9OptionSetE
FN:68,85,_ZN5neml214UserTensorBaseINS_5WFFR4EEC2ERKNS_9OptionSetE
FN:68,85,_ZN5neml214UserTensorBaseINS_6ScalarEEC2ERKNS_9OptionSetE
FN:68,85,_ZN5neml214UserTensorBaseINS_6TensorEEC2ERKNS_9OptionSetE
FN:89,94,_ZN5neml214UserTensorBaseINS_10QuaternionEE11tensor_typeB5cxx11Ev
FN:89,94,_ZN5neml214UserTensorBaseINS_11MillerIndexEE11tensor_typeB5cxx11Ev
FN:89,94,_ZN5neml214UserTensorBaseINS_2R2EE11tensor_typeB5cxx11Ev
FN:89,94,_ZN5neml214UserTensorBaseINS_2R3EE11tensor_typeB5cxx11Ev
FN:89,94,_ZN5neml214UserTensorBaseINS_2R4EE11tensor_typeB5cxx11Ev
FN:89,94,_ZN5neml214UserTensorBaseINS_3RotEE11tensor_typeB5cxx11Ev
FN:89,94,_ZN5neml214UserTensorBaseINS_3SR2EE11tensor_typeB5cxx11Ev
FN:89,94,_ZN5neml214UserTensorBaseINS_3VecEE11tensor_typeB5cxx11Ev
FN:89,94,_ZN5neml214UserTensorBaseINS_3WR2EE11tensor_typeB5cxx11Ev
FN:89,94,_ZN5neml214UserTensorBaseINS_4SFR3EE11tensor_typeB5cxx11Ev
FN:89,94,_ZN5neml214UserTensorBaseINS_4SSR4EE11tensor_typeB5cxx11Ev
FN:89,94,_ZN5neml214UserTensorBaseINS_4SWR4EE11tensor_typeB5cxx11Ev
FN:89,94,_ZN5neml214UserTensorBaseINS_4WSR4EE11tensor_typeB5cxx11Ev
FN:89,94,_ZN5neml214UserTensorBaseINS_4WWR4EE11tensor_typeB5cxx11Ev
FN:89,94,_ZN5neml214UserTensorBaseINS_5SFFR4EE11tensor_typeB5cxx11Ev
FN:89,94,_ZN5neml214UserTensorBaseINS_5WFFR4EE11tensor_typeB5cxx11Ev
FN:89,94,_ZN5neml214UserTensorBaseINS_6ScalarEE11tensor_typeB5cxx11Ev
FN:89,94,_ZN5neml214UserTensorBaseINS_6TensorEE11tensor_typeB5cxx11Ev
FN:98,110,_ZN5neml2L14assert_arg_dimIJLm0EEEEvRKNSt7__cxx1112basic_stringIcSt11char_traitsIcESaIcEEERKN3c1011SmallVectorIlLj8EEE
FN:98,110,_ZN5neml2L14assert_arg_dimIJLm1EEEEvRKNSt7__cxx1112basic_stringIcSt11char_traitsIcESaIcEEERKN3c1011SmallVectorIlLj8EEE
FN:98,110,_ZN5neml2L14assert_arg_dimIJLm1ELm2EEEEvRKNSt7__cxx1112basic_stringIcSt11char_traitsIcESaIcEEERKN3c1011SmallVectorIlLj8EEE
FN:98,110,_ZN5neml2L14assert_arg_dimIJLm2EEEEvRKNSt7__cxx1112basic_stringIcSt11char_traitsIcESaIcEEERKN3c1011SmallVectorIlLj8EEE
FNDA:1,_ZN5neml2L24apply_shape_manipulationERNS_6TensorERKNSt7__cxx1112basic_stringIcSt11char_traitsIcESaIcEEERKN3c1011SmallVectorIlLj8EEE
FNDA:0,_ZN5neml214UserTensorBaseINS_10QuaternionEE5setupEv
FNDA:108,_ZN5neml214UserTensorBaseINS_11MillerIndexEE5setupEv
FNDA:83,_ZN5neml214UserTensorBaseINS_2R2EE5setupEv
FNDA:0,_ZN5neml214UserTensorBaseINS_2R3EE5setupEv
FNDA:0,_ZN5neml214UserTensorBaseINS_2R4EE5setupEv
FNDA:23,_ZN5neml214UserTensorBaseINS_3RotEE5setupEv
FNDA:163,_ZN5neml214UserTensorBaseINS_3SR2EE5setupEv
FNDA:40,_ZN5neml214UserTensorBaseINS_3VecEE5setupEv
FNDA:11,_ZN5neml214UserTensorBaseINS_3WR2EE5setupEv
FNDA:1,_ZN5neml214UserTensorBaseINS_4SFR3EE5setupEv
FNDA:9,_ZN5neml214UserTensorBaseINS_4SSR4EE5setupEv
FNDA:0,_ZN5neml214UserTensorBaseINS_4SWR4EE5setupEv
FNDA:0,_ZN5neml214UserTensorBaseINS_4WSR4EE5setupEv
FNDA:0,_ZN5neml214UserTensorBaseINS_4WWR4EE5setupEv
FNDA:0,_ZN5neml214UserTensorBaseINS_5SFFR4EE5setupEv
FNDA:0,_ZN5neml214UserTensorBaseINS_5WFFR4EE5setupEv
FNDA:268,_ZN5neml214UserTensorBaseINS_6ScalarEE5setupEv
FNDA:17,_ZN5neml214UserTensorBaseINS_6TensorEE5setupEv
FNDA:14,_ZN5neml214UserTensorBaseINS_10QuaternionEE16expected_optionsEv
FNDA:14,_ZN5neml214UserTensorBaseINS_11MillerIndexEE16expected_optionsEv
FNDA:18,_ZN5neml214UserTensorBaseINS_2R2EE16expected_optionsEv
FNDA:14,_ZN5neml214UserTensorBaseINS_2R3EE16expected_optionsEv
FNDA:14,_ZN5neml214UserTensorBaseINS_2R4EE16expected_optionsEv
FNDA:18,_ZN5neml214UserTensorBaseINS_3RotEE16expected_optionsEv
FNDA:18,_ZN5neml214UserTensorBaseINS_3SR2EE16expected_optionsEv
FNDA:16,_ZN5neml214UserTensorBaseINS_3VecEE16expected_optionsEv
FNDA:16,_ZN5neml214UserTensorBaseINS_3WR2EE16expected_optionsEv
FNDA:14,_ZN5neml214UserTensorBaseINS_4SFR3EE16expected_optionsEv
FNDA:14,_ZN5neml214UserTensorBaseINS_4SSR4EE16expected_optionsEv
FNDA:14,_ZN5neml214UserTensorBaseINS_4SWR4EE16expected_optionsEv
FNDA:14,_ZN5neml214UserTensorBaseINS_4WSR4EE16expected_optionsEv
FNDA:14,_ZN5neml214UserTensorBaseINS_4WWR4EE16expected_optionsEv
FNDA:14,_ZN5neml214UserTensorBaseINS_5SFFR4EE16expected_optionsEv
FNDA:14,_ZN5neml214UserTensorBaseINS_5WFFR4EE16expected_optionsEv
FNDA:18,_ZN5neml214UserTensorBaseINS_6ScalarEE16expected_optionsEv
FNDA:12,_ZN5neml214UserTensorBaseINS_6TensorEE16expected_optionsEv
FNDA:0,_ZN5neml214UserTensorBaseINS_10QuaternionEEC2ERKNS_9OptionSetE
FNDA:108,_ZN5neml214UserTensorBaseINS_11MillerIndexEEC2ERKNS_9OptionSetE
FNDA:83,_ZN5neml214UserTensorBaseINS_2R2EEC2ERKNS_9OptionSetE
FNDA:0,_ZN5neml214UserTensorBaseINS_2R3EEC2ERKNS_9OptionSetE
FNDA:0,_ZN5neml214UserTensorBaseINS_2R4EEC2ERKNS_9OptionSetE
FNDA:23,_ZN5neml214UserTensorBaseINS_3RotEEC2ERKNS_9OptionSetE
FNDA:163,_ZN5neml214UserTensorBaseINS_3SR2EEC2ERKNS_9OptionSetE
FNDA:40,_ZN5neml214UserTensorBaseINS_3VecEEC2ERKNS_9OptionSetE
FNDA:11,_ZN5neml214UserTensorBaseINS_3WR2EEC2ERKNS_9OptionSetE
FNDA:1,_ZN5neml214UserTensorBaseINS_4SFR3EEC2ERKNS_9OptionSetE
FNDA:9,_ZN5neml214UserTensorBaseINS_4SSR4EEC2ERKNS_9OptionSetE
FNDA:0,_ZN5neml214UserTensorBaseINS_4SWR4EEC2ERKNS_9OptionSetE
FNDA:0,_ZN5neml214UserTensorBaseINS_4WSR4EEC2ERKNS_9OptionSetE
FNDA:0,_ZN5neml214UserTensorBaseINS_4WWR4EEC2ERKNS_9OptionSetE
FNDA:0,_ZN5neml214UserTensorBaseINS_5SFFR4EEC2ERKNS_9OptionSetE
FNDA:0,_ZN5neml214UserTensorBaseINS_5WFFR4EEC2ERKNS_9OptionSetE
FNDA:268,_ZN5neml214UserTensorBaseINS_6ScalarEEC2ERKNS_9OptionSetE
FNDA:18,_ZN5neml214UserTensorBaseINS_6TensorEEC2ERKNS_9OptionSetE
FNDA:10,_ZN5neml214UserTensorBaseINS_10QuaternionEE11tensor_typeB5cxx11Ev
FNDA:10,_ZN5neml214UserTensorBaseINS_11MillerIndexEE11tensor_typeB5cxx11Ev
FNDA:10,_ZN5neml214UserTensorBaseINS_2R2EE11tensor_typeB5cxx11Ev
FNDA:10,_ZN5neml214UserTensorBaseINS_2R3EE11tensor_typeB5cxx11Ev
FNDA:10,_ZN5neml214UserTensorBaseINS_2R4EE11tensor_typeB5cxx11Ev
FNDA:10,_ZN5neml214UserTensorBaseINS_3RotEE11tensor_typeB5cxx11Ev
FNDA:16,_ZN5neml214UserTensorBaseINS_3SR2EE11tensor_typeB5cxx11Ev
FNDA:28,_ZN5neml214UserTensorBaseINS_3VecEE11tensor_typeB5cxx11Ev
FNDA:10,_ZN5neml214UserTensorBaseINS_3WR2EE11tensor_typeB5cxx11Ev
FNDA:10,_ZN5neml214UserTensorBaseINS_4SFR3EE11tensor_typeB5cxx11Ev
FNDA:10,_ZN5neml214UserTensorBaseINS_4SSR4EE11tensor_typeB5cxx11Ev
FNDA:10,_ZN5neml214UserTensorBaseINS_4SWR4EE11tensor_typeB5cxx11Ev
FNDA:10,_ZN5neml214UserTensorBaseINS_4WSR4EE11tensor_typeB5cxx11Ev
FNDA:10,_ZN5neml214UserTensorBaseINS_4WWR4EE11tensor_typeB5cxx11Ev
FNDA:10,_ZN5neml214UserTensorBaseINS_5SFFR4EE11tensor_typeB5cxx11Ev
FNDA:10,_ZN5neml214UserTensorBaseINS_5WFFR4EE11tensor_typeB5cxx11Ev
FNDA:15,_ZN5neml214UserTensorBaseINS_6ScalarEE11tensor_typeB5cxx11Ev
FNDA:10,_ZN5neml214UserTensorBaseINS_6TensorEE11tensor_typeB5cxx11Ev
FNDA:0,_ZN5neml2L14assert_arg_dimIJLm0EEEEvRKNSt7__cxx1112basic_stringIcSt11char_traitsIcESaIcEEERKN3c1011SmallVectorIlLj8EEE
FNDA:0,_ZN5neml2L14assert_arg_dimIJLm1EEEEvRKNSt7__cxx1112basic_stringIcSt11char_traitsIcESaIcEEERKN3c1011SmallVectorIlLj8EEE
FNDA:0,_ZN5neml2L14assert_arg_dimIJLm1ELm2EEEEvRKNSt7__cxx1112basic_stringIcSt11char_traitsIcESaIcEEERKN3c1011SmallVectorIlLj8EEE
FNDA:0,_ZN5neml2L14assert_arg_dimIJLm2EEEEvRKNSt7__cxx1112basic_stringIcSt11char_traitsIcESaIcEEERKN3c1011SmallVectorIlLj8EEE
FNF:77
FNH:57
DA:31,270
DA:33,270
DA:34,270
DA:36,1350
DA:52,540
DA:53,810
DA:57,810
DA:58,270
DA:64,540
DA:65,270
DA:68,724
DA:71,1448
DA:72,2172
DA:74,1448
DA:75,1448
DA:76,0
DA:78,2897
DA:79,726
DA:80,1
DA:81,0
DA:85,724
DA:89,209
DA:93,209
DA:98,0
DA:100,0
DA:101,0
DA:102,0
DA:103,0
DA:110,0
DA:113,1
DA:115,1
DA:116,0
DA:117,1
DA:118,0
DA:119,1
DA:121,0
DA:122,0
DA:124,1
DA:126,0
DA:127,0
DA:128,0
DA:130,0
DA:132,1
DA:134,0
DA:135,0
DA:137,1
DA:139,0
DA:140,0
DA:142,1
DA:144,0
DA:145,0
DA:147,1
DA:148,1
DA:149,0
DA:150,0
DA:151,0
DA:153,0
DA:154,0
DA:156,0
DA:158,0
DA:159,0
DA:160,0
DA:162,0
DA:164,0
DA:166,0
DA:167,0
DA:169,0
DA:171,0
DA:172,0
DA:174,0
DA:176,0
DA:177,0
DA:180,0
DA:181,1
DA:185,723
DA:187,723
DA:189,723
DA:191,2106
DA:192,2
DA:193,1
DA:195,702
DA:196,702
LF:82
LH:40
end_of_record
TN:
SF:/home/runner/work/neml2/neml2/src/neml2/user_tensors/link_anchor.cxx
FN:30,34,_neml2_force_link_user_tensors
FNDA:319,_neml2_force_link_user_tensors
FNF:1
FNH:1
DA:30,319
DA:33,319
DA:34,319
LF:3
LH:3
end_of_record
