TN:
SF:/home/runner/work/neml2/neml2/src/neml2/base/DiagnosticsInterface.cxx
FN:31,35,_ZN5neml210DiagnosingC2Eb
FN:37,37,_ZN5neml210DiagnosingD2Ev
FN:40,44,_ZN5neml224current_diagnostic_stateEv
FN:47,51,_ZN5neml217current_diagnosesEv
FN:54,77,_ZN5neml28diagnoseERKNS_20DiagnosticsInterfaceE
FN:79,82,_ZN5neml220DiagnosticsInterfaceC2EPNS_11NEML2ObjectE
FNDA:222,_ZN5neml210DiagnosingC2Eb
FNDA:222,_ZN5neml210DiagnosingD2Ev
FNDA:892,_ZN5neml224current_diagnostic_stateEv
FNDA:355,_ZN5neml217current_diagnosesEv
FNDA:222,_ZN5neml28diagnoseERKNS_20DiagnosticsInterfaceE
FNDA:501,_ZN5neml220DiagnosticsInterfaceC2EPNS_11NEML2ObjectE
FNF:6
FNH:6
DA:31,222
DA:32,222
DA:34,222
DA:35,222
DA:37,222
DA:40,892
DA:42,892
DA:43,892
DA:47,355
DA:49,355
DA:50,355
DA:54,222
DA:56,222
DA:57,222
DA:58,222
DA:62,222
DA:63,222
DA:64,222
DA:67,222
DA:70,222
DA:72,129
DA:73,129
DA:76,222
DA:77,0
DA:79,501
DA:80,501
DA:82,501
LF:27
LH:26
end_of_record
TN:
SF:/home/runner/work/neml2/neml2/src/neml2/base/EnumSelection.cxx
FN:32,36,_ZN5neml2lsERSoRKNS_13EnumSelectionE
FN:39,43,_ZN5neml2rsERSt18basic_stringstreamIcSt11char_traitsIcESaIcEERNS_13EnumSelectionE
FN:45,50,_ZN5neml213EnumSelectionC2ERKSt6vectorISsSaISsEERKSs
FN:52,58,_ZN5neml213EnumSelectionC2ERKSt6vectorISsSaISsEERKS1_IiSaIiEERKSs
FN:61,65,_ZNK5neml213EnumSelectioneqERKS0_
FN:68,71,_ZNK5neml213EnumSelectionneERKS0_
FN:74,77,_ZNK5neml213EnumSelectioneqERKSs
FN:80,83,_ZNK5neml213EnumSelectionneERKSs
FN:86,93,_ZN5neml213EnumSelection6selectERKSs
FNDA:1,_ZN5neml2lsERSoRKNS_13EnumSelectionE
FNDA:42,_ZN5neml2rsERSt18basic_stringstreamIcSt11char_traitsIcESaIcEERNS_13EnumSelectionE
FNDA:9,_ZN5neml213EnumSelectionC2ERKSt6vectorISsSaISsEERKSs
FNDA:1241,_ZN5neml213EnumSelectionC2ERKSt6vectorISsSaISsEERKS1_IiSaIiEERKSs
FNDA:7,_ZNK5neml213EnumSelectioneqERKS0_
FNDA:5,_ZNK5neml213EnumSelectionneERKS0_
FNDA:178,_ZNK5neml213EnumSelectioneqERKSs
FNDA:0,_ZNK5neml213EnumSelectionneERKSs
FNDA:1289,_ZN5neml213EnumSelection6selectERKSs
FNF:9
FNH:8
DA:32,1
DA:34,1
DA:35,1
DA:39,42
DA:41,42
DA:42,41
DA:45,9
DA:46,9
DA:47,17
DA:49,8
DA:50,9
DA:52,1241
DA:54,1241
DA:55,2480
DA:57,1239
DA:58,1240
DA:61,7
DA:63,9
DA:64,9
DA:68,5
DA:70,5
DA:74,178
DA:76,178
DA:80,0
DA:82,0
DA:86,1289
DA:88,1289
DA:90,2578
DA:91,1286
DA:92,1286
DA:93,1286
LF:31
LH:29
end_of_record
TN:
SF:/home/runner/work/neml2/neml2/src/neml2/base/EnumSelectionBase.cxx
FN:31,40,_ZN5neml217EnumSelectionBaseC2ERKSt6vectorISsSaISsEE
FN:42,57,_ZN5neml217EnumSelectionBaseC2ERKSt6vectorISsSaISsEERKS1_IiSaIiEE
FN:60,66,_ZNK5neml217EnumSelectionBase14candidates_strEv
FNDA:12,_ZN5neml217EnumSelectionBaseC2ERKSt6vectorISsSaISsEE
FNDA:1254,_ZN5neml217EnumSelectionBaseC2ERKSt6vectorISsSaISsEERKS1_IiSaIiEE
FNDA:2601,_ZNK5neml217EnumSelectionBase14candidates_strEv
FNF:3
FNH:3
DA:31,12
DA:33,12
DA:34,12
DA:37,11
DA:38,41
DA:39,30
DA:40,13
DA:42,1254
DA:43,1254
DA:45,1254
DA:48,1253
DA:49,1253
DA:52,1253
DA:53,1253
DA:55,5639
DA:56,4387
DA:57,1256
DA:60,2601
DA:62,2601
DA:63,11903
DA:64,9302
DA:65,5202
DA:66,2601
LF:23
LH:23
end_of_record
TN:
SF:/home/runner/work/neml2/neml2/src/neml2/base/Factory.cxx
FN:117,120,_ZN5neml27Factory5clearEv
FN:33,47,_ZN5neml210load_inputERKNSt10filesystem4pathERKSs
FN:50,54,_ZN5neml212reload_inputERKNSt10filesystem4pathERKSs
FN:57,61,_ZN5neml27Factory3getEv
FN:64,72,_ZN5neml27Factory12load_optionsERKNS_16OptionCollectionE
FN:75,79,_ZN5neml27Factory14loaded_optionsEv
FN:82,100,_ZN5neml27Factory13create_objectERKSsRKNS_9OptionSetE
FNDA:302,_ZN5neml27Factory5clearEv
FNDA:300,_ZN5neml210load_inputERKNSt10filesystem4pathERKSs
FNDA:290,_ZN5neml212reload_inputERKNSt10filesystem4pathERKSs
FNDA:2027,_ZN5neml27Factory3getEv
FNDA:300,_ZN5neml27Factory12load_optionsERKNS_16OptionCollectionE
FNDA:1,_ZN5neml27Factory14loaded_optionsEv
FNDA:1361,_ZN5neml27Factory13create_objectERKSsRKNS_9OptionSetE
FNF:7
FNH:7
DA:33,300
DA:35,300
DA:38,300
DA:40,300
DA:41,300
DA:42,300
DA:44,0
DA:46,298
DA:47,300
DA:50,290
DA:52,290
DA:53,290
DA:54,288
DA:57,2027
DA:59,2027
DA:60,2027
DA:64,300
DA:66,300
DA:68,300
DA:71,300
DA:72,300
DA:75,1
DA:77,1
DA:78,1
DA:82,1361
DA:84,1361
DA:85,1361
DA:87,1361
DA:88,1361
DA:89,1359
DA:93,1359
DA:95,0
DA:97,0
DA:98,0
DA:99,0
DA:100,1359
DA:117,302
DA:119,302
DA:120,302
LF:39
LH:34
end_of_record
TN:
SF:/home/runner/work/neml2/neml2/src/neml2/base/HITParser.cxx
FN:113,118,_ZNK5neml29HITParser15extract_optionsEPN3hit4NodeERNS_9OptionSetE
FN:122,169,_ZNK5neml29HITParser14extract_optionEPN3hit4NodeERNS_9OptionSetE
FN:39,93,_ZNK5neml29HITParser5parseERKNSt10filesystem4pathERKSs
FN:96,110,_ZNK5neml29HITParser22extract_object_optionsEPN3hit4NodeES3_
FNDA:3220,_ZNK5neml29HITParser15extract_optionsEPN3hit4NodeERNS_9OptionSetE
FNDA:6780,_ZNK5neml29HITParser14extract_optionEPN3hit4NodeERNS_9OptionSetE
FNDA:310,_ZNK5neml29HITParser5parseERKNSt10filesystem4pathERKSs
FNDA:3210,_ZNK5neml29HITParser22extract_object_optionsEPN3hit4NodeES3_
FNF:4
FNH:4
DA:39,310
DA:42,310
DA:43,310
DA:46,310
DA:47,310
DA:48,310
DA:51,310
DA:52,310
DA:55,310
DA:58,310
DA:59,310
DA:60,310
DA:63,310
DA:64,310
DA:65,310
DA:66,620
DA:67,310
DA:68,310
DA:70,310
DA:73,620
DA:74,310
DA:75,10
DA:78,1851
DA:80,1544
DA:81,1544
DA:83,580
DA:84,3787
DA:86,3210
DA:87,3207
DA:88,3207
DA:89,580
DA:92,614
DA:93,334
DA:96,3210
DA:99,6420
DA:101,3210
DA:102,3210
DA:105,3207
DA:106,3207
DA:107,3207
DA:109,6414
DA:110,3213
DA:113,3220
DA:115,13207
DA:116,9990
DA:117,9997
DA:118,3217
DA:122,6780
DA:133,6780
DA:135,6780
DA:136,71828
DA:137,71828
DA:139,6780
DA:141,6780
DA:144,6779
DA:148,6779
DA:149,5323
DA:150,5222
DA:151,5192
DA:152,5156
DA:153,4311
DA:154,3147
DA:155,2219
DA:156,1652
DA:157,1612
DA:158,1590
DA:163,6777
DA:165,6777
DA:167,6777
DA:169,6777
LF:70
LH:70
end_of_record
TN:
SF:/home/runner/work/neml2/neml2/src/neml2/base/LabeledAxis.cxx
FN:147,160,_ZNK5neml211LabeledAxis4sizeEv
FN:163,191,_ZNK5neml211LabeledAxis4sizeERKNS_19LabeledAxisAccessorE
FN:194,214,_ZNK5neml211LabeledAxis5sliceERKNS_19LabeledAxisAccessorE
FN:217,228,_ZNK5neml211LabeledAxis9nvariableEv
FN:231,246,_ZNK5neml211LabeledAxis12has_variableERKNS_19LabeledAxisAccessorE
FN:249,260,_ZNK5neml211LabeledAxis11variable_idERKNS_19LabeledAxisAccessorE
FN:263,267,_ZNK5neml211LabeledAxis14variable_namesEv
FN:270,274,_ZNK5neml211LabeledAxis15variable_slicesEv
FN:277,281,_ZNK5neml211LabeledAxis14variable_sliceERKNS_19LabeledAxisAccessorE
FN:284,288,_ZNK5neml211LabeledAxis14variable_sizesEv
FN:291,310,_ZNK5neml211LabeledAxis13variable_sizeERKNS_19LabeledAxisAccessorE
FN:313,316,_ZNK5neml211LabeledAxis8nsubaxisEv
FN:319,329,_ZNK5neml211LabeledAxis11has_subaxisERKNS_19LabeledAxisAccessorE
FN:33,36,_ZN5neml211LabeledAxisC2ENS_19LabeledAxisAccessorE
FN:332,342,_ZNK5neml211LabeledAxis10subaxis_idERKSs
FN:345,349,_ZNK5neml211LabeledAxis7subaxesEv
FN:352,364,_ZNK5neml211LabeledAxis7subaxisERKNS_19LabeledAxisAccessorE
FN:367,371,_ZN5neml211LabeledAxis7subaxisERKNS_19LabeledAxisAccessorE
FN:374,378,_ZNK5neml211LabeledAxis13subaxis_namesEv
FN:381,385,_ZNK5neml211LabeledAxis14subaxis_slicesEv
FN:388,403,_ZNK5neml211LabeledAxis13subaxis_sliceERKNS_19LabeledAxisAccessorE
FN:39,42,_ZNK5neml211LabeledAxis7qualifyERKNS_19LabeledAxisAccessorE
FN:406,410,_ZNK5neml211LabeledAxis13subaxis_sizesEv
FN:413,423,_ZNK5neml211LabeledAxis12subaxis_sizeERKNS_19LabeledAxisAccessorE
FN:426,447,_ZNK5neml211LabeledAxis6equalsERKS0_
FN:45,55,_ZN5neml211LabeledAxis11add_subaxisERKSs
FN:450,464,_ZN5neml211LabeledAxis22cache_reserved_subaxisERKSs
FN:467,470,_ZNK5neml211LabeledAxis16ensure_setup_dbgEv
FN:473,500,_ZN5neml2lsERSoRKNS_11LabeledAxisE
FN:503,506,_ZN5neml2eqERKNS_11LabeledAxisES2_
FN:509,512,_ZN5neml2neERKNS_11LabeledAxisES2_
FN:58,73,_ZN5neml211LabeledAxis12add_variableERKNS_19LabeledAxisAccessorEl
FN:77,81,_ZN5neml211LabeledAxis12add_variableINS_10QuaternionEEEvRKNS_19LabeledAxisAccessorE
FN:77,81,_ZN5neml211LabeledAxis12add_variableINS_11MillerIndexEEEvRKNS_19LabeledAxisAccessorE
FN:77,81,_ZN5neml211LabeledAxis12add_variableINS_2R2EEEvRKNS_19LabeledAxisAccessorE
FN:77,81,_ZN5neml211LabeledAxis12add_variableINS_2R3EEEvRKNS_19LabeledAxisAccessorE
FN:77,81,_ZN5neml211LabeledAxis12add_variableINS_2R4EEEvRKNS_19LabeledAxisAccessorE
FN:77,81,_ZN5neml211LabeledAxis12add_variableINS_2R5EEEvRKNS_19LabeledAxisAccessorE
FN:77,81,_ZN5neml211LabeledAxis12add_variableINS_2R8EEEvRKNS_19LabeledAxisAccessorE
FN:77,81,_ZN5neml211LabeledAxis12add_variableINS_3RotEEEvRKNS_19LabeledAxisAccessorE
FN:77,81,_ZN5neml211LabeledAxis12add_variableINS_3SR2EEEvRKNS_19LabeledAxisAccessorE
FN:77,81,_ZN5neml211LabeledAxis12add_variableINS_3VecEEEvRKNS_19LabeledAxisAccessorE
FN:77,81,_ZN5neml211LabeledAxis12add_variableINS_3WR2EEEvRKNS_19LabeledAxisAccessorE
FN:77,81,_ZN5neml211LabeledAxis12add_variableINS_4SFR3EEEvRKNS_19LabeledAxisAccessorE
FN:77,81,_ZN5neml211LabeledAxis12add_variableINS_4SFR4EEEvRKNS_19LabeledAxisAccessorE
FN:77,81,_ZN5neml211LabeledAxis12add_variableINS_4SSR4EEEvRKNS_19LabeledAxisAccessorE
FN:77,81,_ZN5neml211LabeledAxis12add_variableINS_4SWR4EEEvRKNS_19LabeledAxisAccessorE
FN:77,81,_ZN5neml211LabeledAxis12add_variableINS_4WFR4EEEvRKNS_19LabeledAxisAccessorE
FN:77,81,_ZN5neml211LabeledAxis12add_variableINS_4WSR4EEEvRKNS_19LabeledAxisAccessorE
FN:77,81,_ZN5neml211LabeledAxis12add_variableINS_4WWR4EEEvRKNS_19LabeledAxisAccessorE
FN:77,81,_ZN5neml211LabeledAxis12add_variableINS_5SFFR4EEEvRKNS_19LabeledAxisAccessorE
FN:77,81,_ZN5neml211LabeledAxis12add_variableINS_5SSFR5EEEvRKNS_19LabeledAxisAccessorE
FN:77,81,_ZN5neml211LabeledAxis12add_variableINS_6SSSSR8EEEvRKNS_19LabeledAxisAccessorE
FN:77,81,_ZN5neml211LabeledAxis12add_variableINS_6ScalarEEEvRKNS_19LabeledAxisAccessorE
FN:87,144,_ZN5neml211LabeledAxis12setup_layoutEv
FNDA:1432,_ZNK5neml211LabeledAxis4sizeEv
FNDA:78,_ZNK5neml211LabeledAxis4sizeERKNS_19LabeledAxisAccessorE
FNDA:27,_ZNK5neml211LabeledAxis5sliceERKNS_19LabeledAxisAccessorE
FNDA:320,_ZNK5neml211LabeledAxis9nvariableEv
FNDA:13888,_ZNK5neml211LabeledAxis12has_variableERKNS_19LabeledAxisAccessorE
FNDA:88,_ZNK5neml211LabeledAxis11variable_idERKNS_19LabeledAxisAccessorE
FNDA:24122,_ZNK5neml211LabeledAxis14variable_namesEv
FNDA:16,_ZNK5neml211LabeledAxis15variable_slicesEv
FNDA:40,_ZNK5neml211LabeledAxis14variable_sliceERKNS_19LabeledAxisAccessorE
FNDA:56467,_ZNK5neml211LabeledAxis14variable_sizesEv
FNDA:62,_ZNK5neml211LabeledAxis13variable_sizeERKNS_19LabeledAxisAccessorE
FNDA:13,_ZNK5neml211LabeledAxis8nsubaxisEv
FNDA:27,_ZNK5neml211LabeledAxis11has_subaxisERKNS_19LabeledAxisAccessorE
FNDA:1975,_ZN5neml211LabeledAxisC2ENS_19LabeledAxisAccessorE
FNDA:17,_ZNK5neml211LabeledAxis10subaxis_idERKSs
FNDA:2,_ZNK5neml211LabeledAxis7subaxesEv
FNDA:6659,_ZNK5neml211LabeledAxis7subaxisERKNS_19LabeledAxisAccessorE
FNDA:6571,_ZN5neml211LabeledAxis7subaxisERKNS_19LabeledAxisAccessorE
FNDA:9,_ZNK5neml211LabeledAxis13subaxis_namesEv
FNDA:3,_ZNK5neml211LabeledAxis14subaxis_slicesEv
FNDA:14,_ZNK5neml211LabeledAxis13subaxis_sliceERKNS_19LabeledAxisAccessorE
FNDA:24665,_ZNK5neml211LabeledAxis7qualifyERKNS_19LabeledAxisAccessorE
FNDA:9,_ZNK5neml211LabeledAxis13subaxis_sizesEv
FNDA:14,_ZNK5neml211LabeledAxis12subaxis_sizeERKNS_19LabeledAxisAccessorE
FNDA:10,_ZNK5neml211LabeledAxis6equalsERKS0_
FNDA:1975,_ZN5neml211LabeledAxis11add_subaxisERKSs
FNDA:1458,_ZN5neml211LabeledAxis22cache_reserved_subaxisERKSs
FNDA:80814,_ZNK5neml211LabeledAxis16ensure_setup_dbgEv
FNDA:0,_ZN5neml2lsERSoRKNS_11LabeledAxisE
FNDA:6,_ZN5neml2eqERKNS_11LabeledAxisES2_
FNDA:4,_ZN5neml2neERKNS_11LabeledAxisES2_
FNDA:3624,_ZN5neml211LabeledAxis12add_variableERKNS_19LabeledAxisAccessorEl
FNDA:0,_ZN5neml211LabeledAxis12add_variableINS_10QuaternionEEEvRKNS_19LabeledAxisAccessorE
FNDA:0,_ZN5neml211LabeledAxis12add_variableINS_11MillerIndexEEEvRKNS_19LabeledAxisAccessorE
FNDA:0,_ZN5neml211LabeledAxis12add_variableINS_2R2EEEvRKNS_19LabeledAxisAccessorE
FNDA:0,_ZN5neml211LabeledAxis12add_variableINS_2R3EEEvRKNS_19LabeledAxisAccessorE
FNDA:0,_ZN5neml211LabeledAxis12add_variableINS_2R4EEEvRKNS_19LabeledAxisAccessorE
FNDA:0,_ZN5neml211LabeledAxis12add_variableINS_2R5EEEvRKNS_19LabeledAxisAccessorE
FNDA:0,_ZN5neml211LabeledAxis12add_variableINS_2R8EEEvRKNS_19LabeledAxisAccessorE
FNDA:0,_ZN5neml211LabeledAxis12add_variableINS_3RotEEEvRKNS_19LabeledAxisAccessorE
FNDA:136,_ZN5neml211LabeledAxis12add_variableINS_3SR2EEEvRKNS_19LabeledAxisAccessorE
FNDA:0,_ZN5neml211LabeledAxis12add_variableINS_3VecEEEvRKNS_19LabeledAxisAccessorE
FNDA:0,_ZN5neml211LabeledAxis12add_variableINS_3WR2EEEvRKNS_19LabeledAxisAccessorE
FNDA:0,_ZN5neml211LabeledAxis12add_variableINS_4SFR3EEEvRKNS_19LabeledAxisAccessorE
FNDA:0,_ZN5neml211LabeledAxis12add_variableINS_4SFR4EEEvRKNS_19LabeledAxisAccessorE
FNDA:0,_ZN5neml211LabeledAxis12add_variableINS_4SSR4EEEvRKNS_19LabeledAxisAccessorE
FNDA:0,_ZN5neml211LabeledAxis12add_variableINS_4SWR4EEEvRKNS_19LabeledAxisAccessorE
FNDA:0,_ZN5neml211LabeledAxis12add_variableINS_4WFR4EEEvRKNS_19LabeledAxisAccessorE
FNDA:0,_ZN5neml211LabeledAxis12add_variableINS_4WSR4EEEvRKNS_19LabeledAxisAccessorE
FNDA:0,_ZN5neml211LabeledAxis12add_variableINS_4WWR4EEEvRKNS_19LabeledAxisAccessorE
FNDA:0,_ZN5neml211LabeledAxis12add_variableINS_5SFFR4EEEvRKNS_19LabeledAxisAccessorE
FNDA:0,_ZN5neml211LabeledAxis12add_variableINS_5SSFR5EEEvRKNS_19LabeledAxisAccessorE
FNDA:0,_ZN5neml211LabeledAxis12add_variableINS_6SSSSR8EEEvRKNS_19LabeledAxisAccessorE
FNDA:181,_ZN5neml211LabeledAxis12add_variableINS_6ScalarEEEvRKNS_19LabeledAxisAccessorE
FNDA:2171,_ZN5neml211LabeledAxis12setup_layoutEv
FNF:55
FNH:34
DA:33,1975
DA:34,1975
DA:36,1975
DA:39,24665
DA:41,24665
DA:45,1975
DA:47,1975
DA:48,1975
DA:49,1975
DA:50,1975
DA:51,1975
DA:52,1975
DA:53,1458
DA:54,3950
DA:58,3624
DA:60,3624
DA:61,3624
DA:63,3624
DA:65,1775
DA:67,1775
DA:69,1775
DA:72,1849
DA:73,3624
DA:77,317
DA:79,317
DA:80,317
DA:81,317
DA:87,2171
DA:90,2171
DA:92,2171
DA:93,2171
DA:94,2171
DA:95,2171
DA:97,2171
DA:98,2171
DA:99,2171
DA:100,2171
DA:101,2171
DA:104,3778
DA:106,1607
DA:107,1607
DA:108,1607
DA:109,1607
DA:110,1607
DA:114,3566
DA:116,1395
DA:117,1395
DA:118,1395
DA:119,1395
DA:120,1395
DA:121,1395
DA:122,1395
DA:123,1395
DA:126,3454
DA:128,2059
DA:129,2059
DA:130,2059
DA:131,2059
DA:132,2059
DA:135,2059
DA:136,2059
DA:137,2059
DA:138,2059
DA:139,2059
DA:143,2171
DA:144,2171
DA:147,1432
DA:150,1432
DA:151,1409
DA:154,23
DA:155,69
DA:156,46
DA:157,32
DA:158,9
DA:159,23
DA:163,78
DA:165,78
DA:168,78
DA:170,46
DA:171,46
DA:172,36
DA:174,10
DA:175,10
DA:180,10
DA:184,32
DA:185,32
DA:190,32
DA:194,27
DA:196,27
DA:197,27
DA:200,27
DA:202,22
DA:203,22
DA:207,5
DA:212,5
DA:213,5
DA:217,320
DA:220,320
DA:221,311
DA:224,9
DA:225,14
DA:226,5
DA:227,9
DA:231,13888
DA:233,13888
DA:236,13888
DA:237,13230
DA:238,26460
DA:241,658
DA:242,206
DA:244,452
DA:245,452
DA:249,88
DA:251,88
DA:252,88
DA:253,88
DA:254,88
DA:259,176
DA:263,24122
DA:265,24122
DA:266,24122
DA:270,16
DA:272,16
DA:273,16
DA:277,40
DA:279,40
DA:280,40
DA:284,56467
DA:286,56467
DA:287,56467
DA:291,62
DA:294,62
DA:295,30
DA:298,32
DA:300,18
DA:301,18
DA:302,18
DA:303,18
DA:306,14
DA:307,14
DA:308,14
DA:309,14
DA:313,13
DA:315,13
DA:319,27
DA:321,27
DA:323,27
DA:325,27
DA:326,23
DA:328,4
DA:332,17
DA:334,17
DA:335,17
DA:336,17
DA:341,34
DA:345,2
DA:347,2
DA:348,2
DA:352,6659
DA:354,6659
DA:356,6659
DA:357,6659
DA:358,6659
DA:360,6659
DA:361,6655
DA:363,4
DA:367,6571
DA:370,6571
DA:374,9
DA:376,9
DA:377,9
DA:381,3
DA:383,3
DA:384,3
DA:388,14
DA:390,14
DA:393,14
DA:394,10
DA:397,4
DA:398,4
DA:399,4
DA:400,4
DA:401,4
DA:402,4
DA:406,9
DA:408,9
DA:409,9
DA:413,14
DA:415,14
DA:416,14
DA:417,14
DA:419,14
DA:420,10
DA:422,4
DA:426,10
DA:429,10
DA:430,2
DA:433,8
DA:434,0
DA:437,10
DA:439,2
DA:440,0
DA:442,2
DA:443,0
DA:446,8
DA:450,1458
DA:452,1458
DA:453,476
DA:454,982
DA:455,61
DA:456,921
DA:457,139
DA:458,782
DA:459,70
DA:460,712
DA:461,49
DA:462,663
DA:463,125
DA:464,1458
DA:467,80814
DA:469,80814
DA:470,80814
DA:473,0
DA:476,0
DA:479,0
DA:480,0
DA:482,0
DA:483,0
DA:484,0
DA:485,0
DA:488,0
DA:490,0
DA:491,0
DA:492,0
DA:493,0
DA:494,0
DA:495,0
DA:496,0
DA:499,0
DA:500,0
DA:503,6
DA:505,6
DA:509,4
DA:511,4
LF:244
LH:223
end_of_record
TN:
SF:/home/runner/work/neml2/neml2/src/neml2/base/LabeledAxisAccessor.cxx
FN:101,109,_ZNK5neml219LabeledAxisAccessor5sliceEll
FN:112,115,_ZNK5neml219LabeledAxisAccessor7remountERKS0_l
FN:118,121,_ZNK5neml219LabeledAxisAccessor10start_withERKS0_
FN:124,127,_ZNK5neml219LabeledAxisAccessor8is_stateEv
FN:130,133,_ZNK5neml219LabeledAxisAccessor12is_old_stateEv
FN:136,139,_ZNK5neml219LabeledAxisAccessor8is_forceEv
FN:142,145,_ZNK5neml219LabeledAxisAccessor12is_old_forceEv
FN:148,151,_ZNK5neml219LabeledAxisAccessor11is_residualEv
FN:154,157,_ZNK5neml219LabeledAxisAccessor12is_parameterEv
FN:160,169,_ZNK5neml219LabeledAxisAccessor7currentEv
FN:172,181,_ZNK5neml219LabeledAxisAccessor3oldEv
FN:184,192,_ZNK5neml219LabeledAxisAccessor18validate_item_nameERKSs
FN:195,198,_ZN5neml2neERKNS_19LabeledAxisAccessorES2_
FN:201,204,_ZN5neml2eqERKNS_19LabeledAxisAccessorES2_
FN:207,210,_ZN5neml2ltERKNS_19LabeledAxisAccessorES2_
FN:213,222,_ZN5neml2lsERSoRKNS_19LabeledAxisAccessorE
FN:34,37,_ZN5neml222reserved_subaxis_namesEv
FN:39,43,_ZNK5neml219LabeledAxisAccessorcvSt6vectorISsSaISsEEEv
FN:46,49,_ZNK5neml219LabeledAxisAccessor3strEv
FN:52,55,_ZNK5neml219LabeledAxisAccessor5emptyEv
FN:58,61,_ZNK5neml219LabeledAxisAccessor4sizeEv
FN:64,67,_ZNK5neml219LabeledAxisAccessorixEm
FN:70,75,_ZNK5neml219LabeledAxisAccessor11with_suffixERKSs
FN:78,81,_ZNK5neml219LabeledAxisAccessor6appendERKS0_
FN:84,89,_ZNK5neml219LabeledAxisAccessor7prependERKS0_
FN:92,98,_ZNK5neml219LabeledAxisAccessor5sliceEl
FNDA:1794,_ZNK5neml219LabeledAxisAccessor5sliceEll
FNDA:133,_ZNK5neml219LabeledAxisAccessor7remountERKS0_l
FNDA:1792,_ZNK5neml219LabeledAxisAccessor10start_withERKS0_
FNDA:1016,_ZNK5neml219LabeledAxisAccessor8is_stateEv
FNDA:163,_ZNK5neml219LabeledAxisAccessor12is_old_stateEv
FNDA:167,_ZNK5neml219LabeledAxisAccessor8is_forceEv
FNDA:47,_ZNK5neml219LabeledAxisAccessor12is_old_forceEv
FNDA:157,_ZNK5neml219LabeledAxisAccessor11is_residualEv
FNDA:107,_ZNK5neml219LabeledAxisAccessor12is_parameterEv
FNDA:0,_ZNK5neml219LabeledAxisAccessor7currentEv
FNDA:85,_ZNK5neml219LabeledAxisAccessor3oldEv
FNDA:85827,_ZNK5neml219LabeledAxisAccessor18validate_item_nameERKSs
FNDA:7305,_ZN5neml2neERKNS_19LabeledAxisAccessorES2_
FNDA:65258,_ZN5neml2eqERKNS_19LabeledAxisAccessorES2_
FNDA:466870,_ZN5neml2ltERKNS_19LabeledAxisAccessorES2_
FNDA:2934,_ZN5neml2lsERSoRKNS_19LabeledAxisAccessorE
FNDA:0,_ZN5neml222reserved_subaxis_namesEv
FNDA:1,_ZNK5neml219LabeledAxisAccessorcvSt6vectorISsSaISsEEEv
FNDA:405,_ZNK5neml219LabeledAxisAccessor3strEv
FNDA:25389,_ZNK5neml219LabeledAxisAccessor5emptyEv
FNDA:18780,_ZNK5neml219LabeledAxisAccessor4sizeEv
FNDA:16450,_ZNK5neml219LabeledAxisAccessorixEm
FNDA:95,_ZNK5neml219LabeledAxisAccessor11with_suffixERKSs
FNDA:1976,_ZNK5neml219LabeledAxisAccessor6appendERKS0_
FNDA:29682,_ZNK5neml219LabeledAxisAccessor7prependERKS0_
FNDA:2294,_ZNK5neml219LabeledAxisAccessor5sliceEl
FNF:26
FNH:24
DA:34,0
DA:36,0
DA:37,0
DA:39,1
DA:41,1
DA:42,1
DA:46,405
DA:48,405
DA:52,25389
DA:54,25389
DA:58,18780
DA:60,18780
DA:64,16450
DA:66,16450
DA:70,95
DA:72,95
DA:73,95
DA:74,190
DA:75,95
DA:78,1976
DA:80,1976
DA:84,29682
DA:86,29682
DA:87,29682
DA:88,59364
DA:89,29682
DA:92,2294
DA:94,2294
DA:95,2294
DA:96,2294
DA:97,4588
DA:98,2294
DA:101,1794
DA:103,1794
DA:104,1794
DA:105,1794
DA:106,1794
DA:107,1794
DA:108,3588
DA:109,1794
DA:112,133
DA:114,133
DA:118,1792
DA:120,1792
DA:124,1016
DA:126,1016
DA:130,163
DA:132,163
DA:136,167
DA:138,167
DA:142,47
DA:144,47
DA:148,157
DA:150,157
DA:154,107
DA:156,107
DA:160,0
DA:162,0
DA:163,0
DA:164,0
DA:165,0
DA:166,0
DA:167,0
DA:168,0
DA:172,85
DA:174,85
DA:175,85
DA:176,35
DA:177,50
DA:178,50
DA:179,0
DA:180,0
DA:184,85827
DA:186,85827
DA:187,85827
DA:188,85827
DA:192,85826
DA:195,7305
DA:197,7305
DA:201,65258
DA:203,65258
DA:207,466870
DA:209,466870
DA:213,2934
DA:215,9812
DA:217,6878
DA:218,3944
DA:219,6878
DA:221,2934
LF:89
LH:76
end_of_record
TN:
SF:/home/runner/work/neml2/neml2/src/neml2/base/MultiEnumSelection.cxx
FN:32,44,_ZN5neml2lsERSoRKNS_18MultiEnumSelectionE
FN:47,51,_ZN5neml2rsERSt18basic_stringstreamIcSt11char_traitsIcESaIcEERNS_18MultiEnumSelectionE
FN:53,58,_ZN5neml218MultiEnumSelectionC2ERKSt6vectorISsSaISsEES5_
FN:60,66,_ZN5neml218MultiEnumSelectionC2ERKSt6vectorISsSaISsEERKS1_IiSaIiEES5_
FN:69,73,_ZNK5neml218MultiEnumSelectioneqERKS0_
FN:76,79,_ZNK5neml218MultiEnumSelectionneERKS0_
FN:82,94,_ZN5neml218MultiEnumSelection6selectERKSt6vectorISsSaISsEE
FNDA:1,_ZN5neml2lsERSoRKNS_18MultiEnumSelectionE
FNDA:26,_ZN5neml2rsERSt18basic_stringstreamIcSt11char_traitsIcESaIcEERNS_18MultiEnumSelectionE
FNDA:3,_ZN5neml218MultiEnumSelectionC2ERKSt6vectorISsSaISsEES5_
FNDA:13,_ZN5neml218MultiEnumSelectionC2ERKSt6vectorISsSaISsEERKS1_IiSaIiEES5_
FNDA:4,_ZNK5neml218MultiEnumSelectioneqERKS0_
FNDA:3,_ZNK5neml218MultiEnumSelectionneERKS0_
FNDA:42,_ZN5neml218MultiEnumSelection6selectERKSt6vectorISsSaISsEE
FNF:7
FNH:7
DA:32,1
DA:34,1
DA:35,1
DA:36,3
DA:38,2
DA:39,2
DA:40,1
DA:42,1
DA:43,1
DA:44,1
DA:47,26
DA:49,28
DA:50,25
DA:53,3
DA:54,3
DA:55,3
DA:57,3
DA:58,5
DA:60,13
DA:62,13
DA:63,13
DA:65,13
DA:66,15
DA:69,4
DA:71,5
DA:72,5
DA:76,3
DA:78,3
DA:82,42
DA:84,42
DA:85,42
DA:86,115
DA:88,76
DA:90,155
DA:91,73
DA:92,73
DA:94,39
LF:37
LH:37
end_of_record
TN:
SF:/home/runner/work/neml2/neml2/src/neml2/base/NEML2Object.cxx
FN:30,36,_ZN5neml211NEML2Object16expected_optionsEv
FN:38,42,_ZN5neml211NEML2ObjectC2ERKNS_9OptionSetE
FNDA:363,_ZN5neml211NEML2Object16expected_optionsEv
FNDA:1372,_ZN5neml211NEML2ObjectC2ERKNS_9OptionSetE
FNF:2
FNH:2
DA:30,363
DA:32,363
DA:33,726
DA:34,363
DA:35,363
DA:36,0
DA:38,1372
DA:39,1372
DA:40,2744
DA:42,1372
LF:10
LH:9
end_of_record
TN:
SF:/home/runner/work/neml2/neml2/src/neml2/base/Option.cxx
FN:127,130,_ZN5neml27details13_print_helperIcEEvRSoPKT_
FN:134,137,_ZN5neml27details13_print_helperIhEEvRSoPKT_
FN:141,145,_ZN5neml27details13_print_helperIbEEvRSoPKSt6vectorIT_SaIS4_EE
FN:38,43,_ZN5neml26OptionIN3c1011SmallVectorIlLj8EEEEC2ERKSs
FN:38,43,_ZN5neml26OptionINS_10TensorNameEEC2ERKSs
FN:38,43,_ZN5neml26OptionINS_13EnumSelectionEEC2ERKSs
FN:38,43,_ZN5neml26OptionINS_18MultiEnumSelectionEEC2ERKSs
FN:38,43,_ZN5neml26OptionINS_19LabeledAxisAccessorEEC2ERKSs
FN:38,43,_ZN5neml26OptionIPNS_11NEML2ObjectEEC2ERKSs
FN:38,43,_ZN5neml26OptionISsEC2ERKSs
FN:38,43,_ZN5neml26OptionISt6vectorIN3c1011SmallVectorIlLj8EEESaIS4_EEEC2ERKSs
FN:38,43,_ZN5neml26OptionISt6vectorINS_10TensorNameESaIS2_EEEC2ERKSs
FN:38,43,_ZN5neml26OptionISt6vectorINS_19LabeledAxisAccessorESaIS2_EEEC2ERKSs
FN:38,43,_ZN5neml26OptionISt6vectorIS1_IN3c1011SmallVectorIlLj8EEESaIS4_EESaIS6_EEEC2ERKSs
FN:38,43,_ZN5neml26OptionISt6vectorIS1_INS_10TensorNameESaIS2_EESaIS4_EEEC2ERKSs
FN:38,43,_ZN5neml26OptionISt6vectorIS1_INS_19LabeledAxisAccessorESaIS2_EESaIS4_EEEC2ERKSs
FN:38,43,_ZN5neml26OptionISt6vectorIS1_ISsSaISsEESaIS3_EEEC2ERKSs
FN:38,43,_ZN5neml26OptionISt6vectorIS1_IbSaIbEESaIS3_EEEC2ERKSs
FN:38,43,_ZN5neml26OptionISt6vectorIS1_IdSaIdEESaIS3_EEEC2ERKSs
FN:38,43,_ZN5neml26OptionISt6vectorIS1_IiSaIiEESaIS3_EEEC2ERKSs
FN:38,43,_ZN5neml26OptionISt6vectorIS1_IjSaIjEESaIS3_EEEC2ERKSs
FN:38,43,_ZN5neml26OptionISt6vectorIS1_IlSaIlEESaIS3_EEEC2ERKSs
FN:38,43,_ZN5neml26OptionISt6vectorISsSaISsEEEC2ERKSs
FN:38,43,_ZN5neml26OptionISt6vectorIbSaIbEEEC2ERKSs
FN:38,43,_ZN5neml26OptionISt6vectorIdSaIdEEEC2ERKSs
FN:38,43,_ZN5neml26OptionISt6vectorIiSaIiEEEC2ERKSs
FN:38,43,_ZN5neml26OptionISt6vectorIjSaIjEEEC2ERKSs
FN:38,43,_ZN5neml26OptionISt6vectorIlSaIlEEEC2ERKSs
FN:38,43,_ZN5neml26OptionIbEC2ERKSs
FN:38,43,_ZN5neml26OptionIdEC2ERKSs
FN:38,43,_ZN5neml26OptionIiEC2ERKSs
FN:38,43,_ZN5neml26OptionIjEC2ERKSs
FN:38,43,_ZN5neml26OptionIlEC2ERKSs
FN:47,54,_ZNK5neml26OptionIN3c1011SmallVectorIlLj8EEEEeqERKNS_10OptionBaseE
FN:47,54,_ZNK5neml26OptionINS_10TensorNameEEeqERKNS_10OptionBaseE
FN:47,54,_ZNK5neml26OptionINS_13EnumSelectionEEeqERKNS_10OptionBaseE
FN:47,54,_ZNK5neml26OptionINS_18MultiEnumSelectionEEeqERKNS_10OptionBaseE
FN:47,54,_ZNK5neml26OptionINS_19LabeledAxisAccessorEEeqERKNS_10OptionBaseE
FN:47,54,_ZNK5neml26OptionIPNS_11NEML2ObjectEEeqERKNS_10OptionBaseE
FN:47,54,_ZNK5neml26OptionISsEeqERKNS_10OptionBaseE
FN:47,54,_ZNK5neml26OptionISt6vectorIN3c1011SmallVectorIlLj8EEESaIS4_EEEeqERKNS_10OptionBaseE
FN:47,54,_ZNK5neml26OptionISt6vectorINS_10TensorNameESaIS2_EEEeqERKNS_10OptionBaseE
FN:47,54,_ZNK5neml26OptionISt6vectorINS_19LabeledAxisAccessorESaIS2_EEEeqERKNS_10OptionBaseE
FN:47,54,_ZNK5neml26OptionISt6vectorIS1_IN3c1011SmallVectorIlLj8EEESaIS4_EESaIS6_EEEeqERKNS_10OptionBaseE
FN:47,54,_ZNK5neml26OptionISt6vectorIS1_INS_10TensorNameESaIS2_EESaIS4_EEEeqERKNS_10OptionBaseE
FN:47,54,_ZNK5neml26OptionISt6vectorIS1_INS_19LabeledAxisAccessorESaIS2_EESaIS4_EEEeqERKNS_10OptionBaseE
FN:47,54,_ZNK5neml26OptionISt6vectorIS1_ISsSaISsEESaIS3_EEEeqERKNS_10OptionBaseE
FN:47,54,_ZNK5neml26OptionISt6vectorIS1_IbSaIbEESaIS3_EEEeqERKNS_10OptionBaseE
FN:47,54,_ZNK5neml26OptionISt6vectorIS1_IdSaIdEESaIS3_EEEeqERKNS_10OptionBaseE
FN:47,54,_ZNK5neml26OptionISt6vectorIS1_IiSaIiEESaIS3_EEEeqERKNS_10OptionBaseE
FN:47,54,_ZNK5neml26OptionISt6vectorIS1_IjSaIjEESaIS3_EEEeqERKNS_10OptionBaseE
FN:47,54,_ZNK5neml26OptionISt6vectorIS1_IlSaIlEESaIS3_EEEeqERKNS_10OptionBaseE
FN:47,54,_ZNK5neml26OptionISt6vectorISsSaISsEEEeqERKNS_10OptionBaseE
FN:47,54,_ZNK5neml26OptionISt6vectorIbSaIbEEEeqERKNS_10OptionBaseE
FN:47,54,_ZNK5neml26OptionISt6vectorIdSaIdEEEeqERKNS_10OptionBaseE
FN:47,54,_ZNK5neml26OptionISt6vectorIiSaIiEEEeqERKNS_10OptionBaseE
FN:47,54,_ZNK5neml26OptionISt6vectorIjSaIjEEEeqERKNS_10OptionBaseE
FN:47,54,_ZNK5neml26OptionISt6vectorIlSaIlEEEeqERKNS_10OptionBaseE
FN:47,54,_ZNK5neml26OptionIbEeqERKNS_10OptionBaseE
FN:47,54,_ZNK5neml26OptionIdEeqERKNS_10OptionBaseE
FN:47,54,_ZNK5neml26OptionIiEeqERKNS_10OptionBaseE
FN:47,54,_ZNK5neml26OptionIjEeqERKNS_10OptionBaseE
FN:47,54,_ZNK5neml26OptionIlEeqERKNS_10OptionBaseE
FN:58,61,_ZNK5neml26OptionIN3c1011SmallVectorIlLj8EEEEneERKNS_10OptionBaseE
FN:58,61,_ZNK5neml26OptionINS_10TensorNameEEneERKNS_10OptionBaseE
FN:58,61,_ZNK5neml26OptionINS_13EnumSelectionEEneERKNS_10OptionBaseE
FN:58,61,_ZNK5neml26OptionINS_18MultiEnumSelectionEEneERKNS_10OptionBaseE
FN:58,61,_ZNK5neml26OptionINS_19LabeledAxisAccessorEEneERKNS_10OptionBaseE
FN:58,61,_ZNK5neml26OptionIPNS_11NEML2ObjectEEneERKNS_10OptionBaseE
FN:58,61,_ZNK5neml26OptionISsEneERKNS_10OptionBaseE
FN:58,61,_ZNK5neml26OptionISt6vectorIN3c1011SmallVectorIlLj8EEESaIS4_EEEneERKNS_10OptionBaseE
FN:58,61,_ZNK5neml26OptionISt6vectorINS_10TensorNameESaIS2_EEEneERKNS_10OptionBaseE
FN:58,61,_ZNK5neml26OptionISt6vectorINS_19LabeledAxisAccessorESaIS2_EEEneERKNS_10OptionBaseE
FN:58,61,_ZNK5neml26OptionISt6vectorIS1_IN3c1011SmallVectorIlLj8EEESaIS4_EESaIS6_EEEneERKNS_10OptionBaseE
FN:58,61,_ZNK5neml26OptionISt6vectorIS1_INS_10TensorNameESaIS2_EESaIS4_EEEneERKNS_10OptionBaseE
FN:58,61,_ZNK5neml26OptionISt6vectorIS1_INS_19LabeledAxisAccessorESaIS2_EESaIS4_EEEneERKNS_10OptionBaseE
FN:58,61,_ZNK5neml26OptionISt6vectorIS1_ISsSaISsEESaIS3_EEEneERKNS_10OptionBaseE
FN:58,61,_ZNK5neml26OptionISt6vectorIS1_IbSaIbEESaIS3_EEEneERKNS_10OptionBaseE
FN:58,61,_ZNK5neml26OptionISt6vectorIS1_IdSaIdEESaIS3_EEEneERKNS_10OptionBaseE
FN:58,61,_ZNK5neml26OptionISt6vectorIS1_IiSaIiEESaIS3_EEEneERKNS_10OptionBaseE
FN:58,61,_ZNK5neml26OptionISt6vectorIS1_IjSaIjEESaIS3_EEEneERKNS_10OptionBaseE
FN:58,61,_ZNK5neml26OptionISt6vectorIS1_IlSaIlEESaIS3_EEEneERKNS_10OptionBaseE
FN:58,61,_ZNK5neml26OptionISt6vectorISsSaISsEEEneERKNS_10OptionBaseE
FN:58,61,_ZNK5neml26OptionISt6vectorIbSaIbEEEneERKNS_10OptionBaseE
FN:58,61,_ZNK5neml26OptionISt6vectorIdSaIdEEEneERKNS_10OptionBaseE
FN:58,61,_ZNK5neml26OptionISt6vectorIiSaIiEEEneERKNS_10OptionBaseE
FN:58,61,_ZNK5neml26OptionISt6vectorIjSaIjEEEneERKNS_10OptionBaseE
FN:58,61,_ZNK5neml26OptionISt6vectorIlSaIlEEEneERKNS_10OptionBaseE
FN:58,61,_ZNK5neml26OptionIbEneERKNS_10OptionBaseE
FN:58,61,_ZNK5neml26OptionIdEneERKNS_10OptionBaseE
FN:58,61,_ZNK5neml26OptionIiEneERKNS_10OptionBaseE
FN:58,61,_ZNK5neml26OptionIjEneERKNS_10OptionBaseE
FN:58,61,_ZNK5neml26OptionIlEneERKNS_10OptionBaseE
FN:74,80,_ZNK5neml26OptionIN3c1011SmallVectorIlLj8EEEE5cloneEv
FN:74,80,_ZNK5neml26OptionINS_10TensorNameEE5cloneEv
FN:74,80,_ZNK5neml26OptionINS_13EnumSelectionEE5cloneEv
FN:74,80,_ZNK5neml26OptionINS_18MultiEnumSelectionEE5cloneEv
FN:74,80,_ZNK5neml26OptionINS_19LabeledAxisAccessorEE5cloneEv
FN:74,80,_ZNK5neml26OptionIPNS_11NEML2ObjectEE5cloneEv
FN:74,80,_ZNK5neml26OptionISsE5cloneEv
FN:74,80,_ZNK5neml26OptionISt6vectorIN3c1011SmallVectorIlLj8EEESaIS4_EEE5cloneEv
FN:74,80,_ZNK5neml26OptionISt6vectorINS_10TensorNameESaIS2_EEE5cloneEv
FN:74,80,_ZNK5neml26OptionISt6vectorINS_19LabeledAxisAccessorESaIS2_EEE5cloneEv
FN:74,80,_ZNK5neml26OptionISt6vectorIS1_IN3c1011SmallVectorIlLj8EEESaIS4_EESaIS6_EEE5cloneEv
FN:74,80,_ZNK5neml26OptionISt6vectorIS1_INS_10TensorNameESaIS2_EESaIS4_EEE5cloneEv
FN:74,80,_ZNK5neml26OptionISt6vectorIS1_INS_19LabeledAxisAccessorESaIS2_EESaIS4_EEE5cloneEv
FN:74,80,_ZNK5neml26OptionISt6vectorIS1_ISsSaISsEESaIS3_EEE5cloneEv
FN:74,80,_ZNK5neml26OptionISt6vectorIS1_IbSaIbEESaIS3_EEE5cloneEv
FN:74,80,_ZNK5neml26OptionISt6vectorIS1_IdSaIdEESaIS3_EEE5cloneEv
FN:74,80,_ZNK5neml26OptionISt6vectorIS1_IiSaIiEESaIS3_EEE5cloneEv
FN:74,80,_ZNK5neml26OptionISt6vectorIS1_IjSaIjEESaIS3_EEE5cloneEv
FN:74,80,_ZNK5neml26OptionISt6vectorIS1_IlSaIlEESaIS3_EEE5cloneEv
FN:74,80,_ZNK5neml26OptionISt6vectorISsSaISsEEE5cloneEv
FN:74,80,_ZNK5neml26OptionISt6vectorIbSaIbEEE5cloneEv
FN:74,80,_ZNK5neml26OptionISt6vectorIdSaIdEEE5cloneEv
FN:74,80,_ZNK5neml26OptionISt6vectorIiSaIiEEE5cloneEv
FN:74,80,_ZNK5neml26OptionISt6vectorIjSaIjEEE5cloneEv
FN:74,80,_ZNK5neml26OptionISt6vectorIlSaIlEEE5cloneEv
FN:74,80,_ZNK5neml26OptionIbE5cloneEv
FN:74,80,_ZNK5neml26OptionIdE5cloneEv
FN:74,80,_ZNK5neml26OptionIiE5cloneEv
FN:74,80,_ZNK5neml26OptionIjE5cloneEv
FN:74,80,_ZNK5neml26OptionIlE5cloneEv
FNDA:0,_ZN5neml27details13_print_helperIcEEvRSoPKT_
FNDA:0,_ZN5neml27details13_print_helperIhEEvRSoPKT_
FNDA:0,_ZN5neml27details13_print_helperIbEEvRSoPKSt6vectorIT_SaIS4_EE
FNDA:6968,_ZN5neml26OptionIN3c1011SmallVectorIlLj8EEEEC2ERKSs
FNDA:6344,_ZN5neml26OptionINS_10TensorNameEEC2ERKSs
FNDA:2726,_ZN5neml26OptionINS_13EnumSelectionEEC2ERKSs
FNDA:280,_ZN5neml26OptionINS_18MultiEnumSelectionEEC2ERKSs
FNDA:7425,_ZN5neml26OptionINS_19LabeledAxisAccessorEEC2ERKSs
FNDA:15895,_ZN5neml26OptionIPNS_11NEML2ObjectEEC2ERKSs
FNDA:8357,_ZN5neml26OptionISsEC2ERKSs
FNDA:29,_ZN5neml26OptionISt6vectorIN3c1011SmallVectorIlLj8EEESaIS4_EEEC2ERKSs
FNDA:30506,_ZN5neml26OptionISt6vectorINS_10TensorNameESaIS2_EEEC2ERKSs
FNDA:30224,_ZN5neml26OptionISt6vectorINS_19LabeledAxisAccessorESaIS2_EEEC2ERKSs
FNDA:29,_ZN5neml26OptionISt6vectorIS1_IN3c1011SmallVectorIlLj8EEESaIS4_EESaIS6_EEEC2ERKSs
FNDA:0,_ZN5neml26OptionISt6vectorIS1_INS_10TensorNameESaIS2_EESaIS4_EEEC2ERKSs
FNDA:0,_ZN5neml26OptionISt6vectorIS1_INS_19LabeledAxisAccessorESaIS2_EESaIS4_EEEC2ERKSs
FNDA:29,_ZN5neml26OptionISt6vectorIS1_ISsSaISsEESaIS3_EEEC2ERKSs
FNDA:29,_ZN5neml26OptionISt6vectorIS1_IbSaIbEESaIS3_EEEC2ERKSs
FNDA:29,_ZN5neml26OptionISt6vectorIS1_IdSaIdEESaIS3_EEEC2ERKSs
FNDA:29,_ZN5neml26OptionISt6vectorIS1_IiSaIiEESaIS3_EEEC2ERKSs
FNDA:29,_ZN5neml26OptionISt6vectorIS1_IjSaIjEESaIS3_EEEC2ERKSs
FNDA:0,_ZN5neml26OptionISt6vectorIS1_IlSaIlEESaIS3_EEEC2ERKSs
FNDA:1405,_ZN5neml26OptionISt6vectorISsSaISsEEEC2ERKSs
FNDA:524,_ZN5neml26OptionISt6vectorIbSaIbEEEC2ERKSs
FNDA:720,_ZN5neml26OptionISt6vectorIdSaIdEEEC2ERKSs
FNDA:29,_ZN5neml26OptionISt6vectorIiSaIiEEEC2ERKSs
FNDA:29,_ZN5neml26OptionISt6vectorIjSaIjEEEC2ERKSs
FNDA:476,_ZN5neml26OptionISt6vectorIlSaIlEEEC2ERKSs
FNDA:36804,_ZN5neml26OptionIbEC2ERKSs
FNDA:17407,_ZN5neml26OptionIdEC2ERKSs
FNDA:2451,_ZN5neml26OptionIiEC2ERKSs
FNDA:4838,_ZN5neml26OptionIjEC2ERKSs
FNDA:3275,_ZN5neml26OptionIlEC2ERKSs
FNDA:0,_ZNK5neml26OptionIN3c1011SmallVectorIlLj8EEEEeqERKNS_10OptionBaseE
FNDA:0,_ZNK5neml26OptionINS_10TensorNameEEeqERKNS_10OptionBaseE
FNDA:0,_ZNK5neml26OptionINS_13EnumSelectionEEeqERKNS_10OptionBaseE
FNDA:0,_ZNK5neml26OptionINS_18MultiEnumSelectionEEeqERKNS_10OptionBaseE
FNDA:0,_ZNK5neml26OptionINS_19LabeledAxisAccessorEEeqERKNS_10OptionBaseE
FNDA:1,_ZNK5neml26OptionIPNS_11NEML2ObjectEEeqERKNS_10OptionBaseE
FNDA:0,_ZNK5neml26OptionISsEeqERKNS_10OptionBaseE
FNDA:0,_ZNK5neml26OptionISt6vectorIN3c1011SmallVectorIlLj8EEESaIS4_EEEeqERKNS_10OptionBaseE
FNDA:0,_ZNK5neml26OptionISt6vectorINS_10TensorNameESaIS2_EEEeqERKNS_10OptionBaseE
FNDA:0,_ZNK5neml26OptionISt6vectorINS_19LabeledAxisAccessorESaIS2_EEEeqERKNS_10OptionBaseE
FNDA:0,_ZNK5neml26OptionISt6vectorIS1_IN3c1011SmallVectorIlLj8EEESaIS4_EESaIS6_EEEeqERKNS_10OptionBaseE
FNDA:0,_ZNK5neml26OptionISt6vectorIS1_INS_10TensorNameESaIS2_EESaIS4_EEEeqERKNS_10OptionBaseE
FNDA:0,_ZNK5neml26OptionISt6vectorIS1_INS_19LabeledAxisAccessorESaIS2_EESaIS4_EEEeqERKNS_10OptionBaseE
FNDA:0,_ZNK5neml26OptionISt6vectorIS1_ISsSaISsEESaIS3_EEEeqERKNS_10OptionBaseE
FNDA:0,_ZNK5neml26OptionISt6vectorIS1_IbSaIbEESaIS3_EEEeqERKNS_10OptionBaseE
FNDA:0,_ZNK5neml26OptionISt6vectorIS1_IdSaIdEESaIS3_EEEeqERKNS_10OptionBaseE
FNDA:0,_ZNK5neml26OptionISt6vectorIS1_IiSaIiEESaIS3_EEEeqERKNS_10OptionBaseE
FNDA:0,_ZNK5neml26OptionISt6vectorIS1_IjSaIjEESaIS3_EEEeqERKNS_10OptionBaseE
FNDA:0,_ZNK5neml26OptionISt6vectorIS1_IlSaIlEESaIS3_EEEeqERKNS_10OptionBaseE
FNDA:0,_ZNK5neml26OptionISt6vectorISsSaISsEEEeqERKNS_10OptionBaseE
FNDA:0,_ZNK5neml26OptionISt6vectorIbSaIbEEEeqERKNS_10OptionBaseE
FNDA:0,_ZNK5neml26OptionISt6vectorIdSaIdEEEeqERKNS_10OptionBaseE
FNDA:0,_ZNK5neml26OptionISt6vectorIiSaIiEEEeqERKNS_10OptionBaseE
FNDA:0,_ZNK5neml26OptionISt6vectorIjSaIjEEEeqERKNS_10OptionBaseE
FNDA:0,_ZNK5neml26OptionISt6vectorIlSaIlEEEeqERKNS_10OptionBaseE
FNDA:0,_ZNK5neml26OptionIbEeqERKNS_10OptionBaseE
FNDA:0,_ZNK5neml26OptionIdEeqERKNS_10OptionBaseE
FNDA:0,_ZNK5neml26OptionIiEeqERKNS_10OptionBaseE
FNDA:0,_ZNK5neml26OptionIjEeqERKNS_10OptionBaseE
FNDA:0,_ZNK5neml26OptionIlEeqERKNS_10OptionBaseE
FNDA:0,_ZNK5neml26OptionIN3c1011SmallVectorIlLj8EEEEneERKNS_10OptionBaseE
FNDA:0,_ZNK5neml26OptionINS_10TensorNameEEneERKNS_10OptionBaseE
FNDA:0,_ZNK5neml26OptionINS_13EnumSelectionEEneERKNS_10OptionBaseE
FNDA:0,_ZNK5neml26OptionINS_18MultiEnumSelectionEEneERKNS_10OptionBaseE
FNDA:0,_ZNK5neml26OptionINS_19LabeledAxisAccessorEEneERKNS_10OptionBaseE
FNDA:1,_ZNK5neml26OptionIPNS_11NEML2ObjectEEneERKNS_10OptionBaseE
FNDA:0,_ZNK5neml26OptionISsEneERKNS_10OptionBaseE
FNDA:0,_ZNK5neml26OptionISt6vectorIN3c1011SmallVectorIlLj8EEESaIS4_EEEneERKNS_10OptionBaseE
FNDA:0,_ZNK5neml26OptionISt6vectorINS_10TensorNameESaIS2_EEEneERKNS_10OptionBaseE
FNDA:0,_ZNK5neml26OptionISt6vectorINS_19LabeledAxisAccessorESaIS2_EEEneERKNS_10OptionBaseE
FNDA:0,_ZNK5neml26OptionISt6vectorIS1_IN3c1011SmallVectorIlLj8EEESaIS4_EESaIS6_EEEneERKNS_10OptionBaseE
FNDA:0,_ZNK5neml26OptionISt6vectorIS1_INS_10TensorNameESaIS2_EESaIS4_EEEneERKNS_10OptionBaseE
FNDA:0,_ZNK5neml26OptionISt6vectorIS1_INS_19LabeledAxisAccessorESaIS2_EESaIS4_EEEneERKNS_10OptionBaseE
FNDA:0,_ZNK5neml26OptionISt6vectorIS1_ISsSaISsEESaIS3_EEEneERKNS_10OptionBaseE
FNDA:0,_ZNK5neml26OptionISt6vectorIS1_IbSaIbEESaIS3_EEEneERKNS_10OptionBaseE
FNDA:0,_ZNK5neml26OptionISt6vectorIS1_IdSaIdEESaIS3_EEEneERKNS_10OptionBaseE
FNDA:0,_ZNK5neml26OptionISt6vectorIS1_IiSaIiEESaIS3_EEEneERKNS_10OptionBaseE
FNDA:0,_ZNK5neml26OptionISt6vectorIS1_IjSaIjEESaIS3_EEEneERKNS_10OptionBaseE
FNDA:0,_ZNK5neml26OptionISt6vectorIS1_IlSaIlEESaIS3_EEEneERKNS_10OptionBaseE
FNDA:0,_ZNK5neml26OptionISt6vectorISsSaISsEEEneERKNS_10OptionBaseE
FNDA:0,_ZNK5neml26OptionISt6vectorIbSaIbEEEneERKNS_10OptionBaseE
FNDA:0,_ZNK5neml26OptionISt6vectorIdSaIdEEEneERKNS_10OptionBaseE
FNDA:0,_ZNK5neml26OptionISt6vectorIiSaIiEEEneERKNS_10OptionBaseE
FNDA:0,_ZNK5neml26OptionISt6vectorIjSaIjEEEneERKNS_10OptionBaseE
FNDA:0,_ZNK5neml26OptionISt6vectorIlSaIlEEEneERKNS_10OptionBaseE
FNDA:0,_ZNK5neml26OptionIbEneERKNS_10OptionBaseE
FNDA:0,_ZNK5neml26OptionIdEneERKNS_10OptionBaseE
FNDA:0,_ZNK5neml26OptionIiEneERKNS_10OptionBaseE
FNDA:0,_ZNK5neml26OptionIjEneERKNS_10OptionBaseE
FNDA:0,_ZNK5neml26OptionIlEneERKNS_10OptionBaseE
FNDA:6800,_ZNK5neml26OptionIN3c1011SmallVectorIlLj8EEEE5cloneEv
FNDA:6138,_ZNK5neml26OptionINS_10TensorNameEE5cloneEv
FNDA:1494,_ZNK5neml26OptionINS_13EnumSelectionEE5cloneEv
FNDA:276,_ZNK5neml26OptionINS_18MultiEnumSelectionEE5cloneEv
FNDA:7149,_ZNK5neml26OptionINS_19LabeledAxisAccessorEE5cloneEv
FNDA:15280,_ZNK5neml26OptionIPNS_11NEML2ObjectEE5cloneEv
FNDA:5825,_ZNK5neml26OptionISsE5cloneEv
FNDA:28,_ZNK5neml26OptionISt6vectorIN3c1011SmallVectorIlLj8EEESaIS4_EEE5cloneEv
FNDA:30377,_ZNK5neml26OptionISt6vectorINS_10TensorNameESaIS2_EEE5cloneEv
FNDA:30101,_ZNK5neml26OptionISt6vectorINS_19LabeledAxisAccessorESaIS2_EEE5cloneEv
FNDA:28,_ZNK5neml26OptionISt6vectorIS1_IN3c1011SmallVectorIlLj8EEESaIS4_EESaIS6_EEE5cloneEv
FNDA:0,_ZNK5neml26OptionISt6vectorIS1_INS_10TensorNameESaIS2_EESaIS4_EEE5cloneEv
FNDA:0,_ZNK5neml26OptionISt6vectorIS1_INS_19LabeledAxisAccessorESaIS2_EESaIS4_EEE5cloneEv
FNDA:28,_ZNK5neml26OptionISt6vectorIS1_ISsSaISsEESaIS3_EEE5cloneEv
FNDA:28,_ZNK5neml26OptionISt6vectorIS1_IbSaIbEESaIS3_EEE5cloneEv
FNDA:28,_ZNK5neml26OptionISt6vectorIS1_IdSaIdEESaIS3_EEE5cloneEv
FNDA:28,_ZNK5neml26OptionISt6vectorIS1_IiSaIiEESaIS3_EEE5cloneEv
FNDA:28,_ZNK5neml26OptionISt6vectorIS1_IjSaIjEESaIS3_EEE5cloneEv
FNDA:0,_ZNK5neml26OptionISt6vectorIS1_IlSaIlEESaIS3_EEE5cloneEv
FNDA:1396,_ZNK5neml26OptionISt6vectorISsSaISsEEE5cloneEv
FNDA:514,_ZNK5neml26OptionISt6vectorIbSaIbEEE5cloneEv
FNDA:690,_ZNK5neml26OptionISt6vectorIdSaIdEEE5cloneEv
FNDA:28,_ZNK5neml26OptionISt6vectorIiSaIiEEE5cloneEv
FNDA:28,_ZNK5neml26OptionISt6vectorIjSaIjEEE5cloneEv
FNDA:475,_ZNK5neml26OptionISt6vectorIlSaIlEEE5cloneEv
FNDA:35528,_ZNK5neml26OptionIbE5cloneEv
FNDA:15255,_ZNK5neml26OptionIdE5cloneEv
FNDA:1224,_ZNK5neml26OptionIiE5cloneEv
FNDA:4646,_ZNK5neml26OptionIjE5cloneEv
FNDA:3179,_ZNK5neml26OptionIlE5cloneEv
FNF:123
FNH:56
DA:38,176886
DA:39,176886
DA:41,176886
DA:42,176886
DA:43,176886
DA:47,1
DA:49,1
DA:50,1
DA:51,0
DA:53,1
DA:58,1
DA:60,1
DA:74,166599
DA:76,166599
DA:77,166599
DA:78,166599
DA:79,333198
DA:80,166599
DA:127,0
DA:129,0
DA:130,0
DA:134,0
DA:136,0
DA:137,0
DA:141,0
DA:143,0
DA:144,0
DA:145,0
LF:28
LH:17
end_of_record
TN:
SF:/home/runner/work/neml2/neml2/src/neml2/base/OptionCollection.cxx
FN:32,35,_ZN5neml216OptionCollectionC2Ev
FN:38,41,_ZN5neml216OptionCollectionixERKSs
FN:44,47,_ZNK5neml216OptionCollectionixERKSs
FNDA:613,_ZN5neml216OptionCollectionC2Ev
FNDA:4640,_ZN5neml216OptionCollectionixERKSs
FNDA:1,_ZNK5neml216OptionCollectionixERKSs
FNF:3
FNH:3
DA:32,613
DA:33,613
DA:35,613
DA:38,4640
DA:40,4640
DA:44,1
DA:46,1
LF:7
LH:7
end_of_record
TN:
SF:/home/runner/work/neml2/neml2/src/neml2/base/OptionSet.cxx
FN:108,114,_ZN5neml29OptionSetaSEOS0_
FN:117,121,_ZN5neml29OptionSetpLERKS0_
FN:124,128,_ZN5neml29OptionSetpLEOS0_
FN:178,181,_ZN5neml29OptionSet5beginEv
FN:184,187,_ZNK5neml29OptionSet5beginEv
FN:190,193,_ZN5neml29OptionSet3endEv
FN:196,199,_ZNK5neml29OptionSet3endEv
FN:34,44,_ZN5neml218options_compatibleERKNS_9OptionSetES2_
FN:47,50,_ZNK5neml29OptionSet8containsERKSs
FN:53,62,_ZNK5neml29OptionSet3getERKSs
FN:65,74,_ZN5neml29OptionSet3setERKSs
FN:77,80,_ZN5neml29OptionSet9set_inputERKSs
FN:83,86,_ZN5neml29OptionSet10set_outputERKSs
FN:89,92,_ZN5neml29OptionSet5clearEv
FN:94,94,_ZN5neml29OptionSetC2ERKS0_
FN:96,96,_ZN5neml29OptionSetC2EOS0_
FN:99,105,_ZN5neml29OptionSetaSERKS0_
FNDA:1458,_ZN5neml29OptionSetaSEOS0_
FNDA:16989,_ZN5neml29OptionSetpLERKS0_
FNDA:149,_ZN5neml29OptionSetpLEOS0_
FNDA:6780,_ZN5neml29OptionSet5beginEv
FNDA:1,_ZNK5neml29OptionSet5beginEv
FNDA:6780,_ZN5neml29OptionSet3endEv
FNDA:1,_ZNK5neml29OptionSet3endEv
FNDA:1,_ZN5neml218options_compatibleERKNS_9OptionSetES2_
FNDA:9513,_ZNK5neml29OptionSet8containsERKSs
FNDA:15,_ZNK5neml29OptionSet3getERKSs
FNDA:9492,_ZN5neml29OptionSet3setERKSs
FNDA:167,_ZN5neml29OptionSet9set_inputERKSs
FNDA:80,_ZN5neml29OptionSet10set_outputERKSs
FNDA:15628,_ZN5neml29OptionSet5clearEv
FNDA:10312,_ZN5neml29OptionSetC2ERKS0_
FNDA:1160,_ZN5neml29OptionSetC2EOS0_
FNDA:14170,_ZN5neml29OptionSetaSERKS0_
FNF:17
FNH:17
DA:34,1
DA:36,2
DA:38,1
DA:39,0
DA:40,1
DA:41,0
DA:43,1
DA:47,9513
DA:49,9513
DA:53,15
DA:55,15
DA:61,15
DA:65,9492
DA:67,9492
DA:73,9492
DA:77,167
DA:79,167
DA:83,80
DA:85,80
DA:89,15628
DA:91,15628
DA:92,15628
DA:94,10312
DA:96,1160
DA:99,14170
DA:101,14170
DA:102,14170
DA:103,14170
DA:104,14170
DA:108,1458
DA:110,1458
DA:111,1458
DA:112,1458
DA:113,1458
DA:117,16989
DA:119,183141
DA:120,166152
DA:121,16989
DA:124,149
DA:126,596
DA:127,447
DA:128,149
DA:178,6780
DA:180,6780
DA:184,1
DA:186,1
DA:190,6780
DA:192,6780
DA:196,1
DA:198,1
LF:50
LH:48
end_of_record
TN:
SF:/home/runner/work/neml2/neml2/src/neml2/base/Parser.cxx
FN:38,47,_ZN5neml25utils6parse_IbEEvRT_RKSs
FN:51,57,_ZN5neml25utils13parse_vector_IbEEvRSt6vectorIT_SaIS3_EERKSs
FN:61,65,_ZN5neml25utils6parse_INS_19LabeledAxisAccessorEEEvRT_RKSs
FN:69,81,_ZN5neml25utils6parse_IN3c1011SmallVectorIlLj8EEEEEvRT_RKSs
FNDA:196,_ZN5neml25utils6parse_IbEEvRT_RKSs
FNDA:42,_ZN5neml25utils13parse_vector_IbEEvRSt6vectorIT_SaIS3_EERKSs
FNDA:751,_ZN5neml25utils6parse_INS_19LabeledAxisAccessorEEEvRT_RKSs
FNDA:1534,_ZN5neml25utils6parse_IN3c1011SmallVectorIlLj8EEEEEvRT_RKSs
FNF:4
FNH:4
DA:38,196
DA:40,196
DA:41,196
DA:42,107
DA:43,89
DA:44,88
DA:46,3
DA:47,196
DA:51,42
DA:53,42
DA:54,42
DA:55,156
DA:56,114
DA:57,42
DA:61,751
DA:63,751
DA:64,751
DA:65,751
DA:69,1534
DA:71,1534
DA:72,2
DA:73,3
DA:75,3066
DA:76,1533
DA:78,1533
DA:79,4517
DA:80,2984
DA:81,1533
LF:28
LH:28
end_of_record
TN:
SF:/home/runner/work/neml2/neml2/src/neml2/base/Registry.cxx
FN:33,37,_ZN5neml28Registry3getEv
FN:40,44,_ZN5neml28Registry16expected_optionsEv
FN:47,55,_ZN5neml28Registry16expected_optionsERKSs
FN:58,62,_ZN5neml28Registry11syntax_typeERKSs
FN:65,73,_ZN5neml28Registry7builderERKSs
FN:76,90,_ZN5neml28Registry9add_innerERKSsS2_RKNS_9OptionSetEPFSt10shared_ptrINS_11NEML2ObjectEES5_E
FNDA:4920,_ZN5neml28Registry3getEv
FNDA:0,_ZN5neml28Registry16expected_optionsEv
FNDA:3210,_ZN5neml28Registry16expected_optionsERKSs
FNDA:0,_ZN5neml28Registry11syntax_typeERKSs
FNDA:1361,_ZN5neml28Registry7builderERKSs
FNDA:349,_ZN5neml28Registry9add_innerERKSsS2_RKNS_9OptionSetEPFSt10shared_ptrINS_11NEML2ObjectEES5_E
FNF:6
FNH:4
DA:33,4920
DA:35,4920
DA:36,4920
DA:40,0
DA:42,0
DA:43,0
DA:47,3210
DA:49,3210
DA:50,3210
DA:51,3210
DA:54,3210
DA:58,0
DA:60,0
DA:61,0
DA:65,1361
DA:67,1361
DA:68,1361
DA:69,1361
DA:72,1361
DA:76,349
DA:81,349
DA:82,349
DA:87,349
DA:88,349
DA:89,349
DA:90,349
LF:26
LH:20
end_of_record
TN:
SF:/home/runner/work/neml2/neml2/src/neml2/base/Settings.cxx
FN:100,132,_ZN5neml28SettingsC2ERKNS_9OptionSetE
FN:35,98,_ZN5neml28Settings16expected_optionsEv
FNDA:301,_ZN5neml28SettingsC2ERKNS_9OptionSetE
FNDA:613,_ZN5neml28Settings16expected_optionsEv
FNF:2
FNH:2
DA:35,613
DA:37,613
DA:38,613
DA:39,613
DA:41,1226
DA:46,3678
DA:47,613
DA:48,1226
DA:49,1839
DA:56,3678
DA:57,613
DA:58,1226
DA:59,1839
DA:61,1226
DA:62,1839
DA:67,613
DA:69,1226
DA:70,1839
DA:71,613
DA:73,1226
DA:74,1226
DA:76,1226
DA:77,1226
DA:79,1226
DA:80,1839
DA:81,613
DA:83,1226
DA:84,1839
DA:85,613
DA:87,1226
DA:88,2452
DA:90,613
DA:92,1226
DA:93,1226
DA:95,613
DA:97,1226
DA:98,613
DA:100,301
DA:103,301
DA:104,301
DA:107,602
DA:110,602
DA:113,602
DA:116,602
DA:117,602
DA:120,301
DA:121,301
DA:122,0
DA:125,301
DA:126,301
DA:127,0
DA:130,602
DA:131,301
DA:132,301
LF:54
LH:52
end_of_record
TN:
SF:/home/runner/work/neml2/neml2/src/neml2/base/TensorName.cxx
FN:32,44,_ZNK5neml210TensorNamecvN2at6TensorEEv
FN:46,58,_ZNK5neml210TensorNamecvNS_6TensorEEv
FN:73,73,_ZNK5neml210TensorNamecvNS_10QuaternionEEv
FN:73,73,_ZNK5neml210TensorNamecvNS_11MillerIndexEEv
FN:73,73,_ZNK5neml210TensorNamecvNS_2R2EEv
FN:73,73,_ZNK5neml210TensorNamecvNS_2R3EEv
FN:73,73,_ZNK5neml210TensorNamecvNS_2R4EEv
FN:73,73,_ZNK5neml210TensorNamecvNS_2R5EEv
FN:73,73,_ZNK5neml210TensorNamecvNS_2R8EEv
FN:73,73,_ZNK5neml210TensorNamecvNS_3RotEEv
FN:73,73,_ZNK5neml210TensorNamecvNS_3SR2EEv
FN:73,73,_ZNK5neml210TensorNamecvNS_3VecEEv
FN:73,73,_ZNK5neml210TensorNamecvNS_3WR2EEv
FN:73,73,_ZNK5neml210TensorNamecvNS_4SFR3EEv
FN:73,73,_ZNK5neml210TensorNamecvNS_4SFR4EEv
FN:73,73,_ZNK5neml210TensorNamecvNS_4SSR4EEv
FN:73,73,_ZNK5neml210TensorNamecvNS_4SWR4EEv
FN:73,73,_ZNK5neml210TensorNamecvNS_4WFR4EEv
FN:73,73,_ZNK5neml210TensorNamecvNS_4WSR4EEv
FN:73,73,_ZNK5neml210TensorNamecvNS_4WWR4EEv
FN:73,73,_ZNK5neml210TensorNamecvNS_5SFFR4EEv
FN:73,73,_ZNK5neml210TensorNamecvNS_5SSFR5EEv
FN:73,73,_ZNK5neml210TensorNamecvNS_6SSSSR8EEv
FN:73,73,_ZNK5neml210TensorNamecvNS_6ScalarEEv
FN:76,80,_ZN5neml210TensorNameaSERKSs
FN:83,87,_ZN5neml2lsERSoRKNS_10TensorNameE
FN:90,94,_ZN5neml2rsERSt18basic_stringstreamIcSt11char_traitsIcESaIcEERNS_10TensorNameE
FNDA:1,_ZNK5neml210TensorNamecvN2at6TensorEEv
FNDA:24,_ZNK5neml210TensorNamecvNS_6TensorEEv
FNDA:0,_ZNK5neml210TensorNamecvNS_10QuaternionEEv
FNDA:140,_ZNK5neml210TensorNamecvNS_11MillerIndexEEv
FNDA:31,_ZNK5neml210TensorNamecvNS_2R2EEv
FNDA:4,_ZNK5neml210TensorNamecvNS_2R3EEv
FNDA:4,_ZNK5neml210TensorNamecvNS_2R4EEv
FNDA:4,_ZNK5neml210TensorNamecvNS_2R5EEv
FNDA:0,_ZNK5neml210TensorNamecvNS_2R8EEv
FNDA:20,_ZNK5neml210TensorNamecvNS_3RotEEv
FNDA:145,_ZNK5neml210TensorNamecvNS_3SR2EEv
FNDA:28,_ZNK5neml210TensorNamecvNS_3VecEEv
FNDA:11,_ZNK5neml210TensorNamecvNS_3WR2EEv
FNDA:4,_ZNK5neml210TensorNamecvNS_4SFR3EEv
FNDA:4,_ZNK5neml210TensorNamecvNS_4SFR4EEv
FNDA:15,_ZNK5neml210TensorNamecvNS_4SSR4EEv
FNDA:0,_ZNK5neml210TensorNamecvNS_4SWR4EEv
FNDA:4,_ZNK5neml210TensorNamecvNS_4WFR4EEv
FNDA:0,_ZNK5neml210TensorNamecvNS_4WSR4EEv
FNDA:0,_ZNK5neml210TensorNamecvNS_4WWR4EEv
FNDA:0,_ZNK5neml210TensorNamecvNS_5SFFR4EEv
FNDA:4,_ZNK5neml210TensorNamecvNS_5SSFR5EEv
FNDA:0,_ZNK5neml210TensorNamecvNS_6SSSSR8EEv
FNDA:1385,_ZNK5neml210TensorNamecvNS_6ScalarEEv
FNDA:4,_ZN5neml210TensorNameaSERKSs
FNDA:0,_ZN5neml2lsERSoRKNS_10TensorNameE
FNDA:2329,_ZN5neml2rsERSt18basic_stringstreamIcSt11char_traitsIcESaIcEERNS_10TensorNameE
FNF:27
FNH:19
DA:32,1
DA:37,1
DA:39,0
DA:42,0
DA:43,0
DA:46,24
DA:51,24
DA:53,13
DA:56,39
DA:57,13
DA:73,3159
DA:76,4
DA:78,4
DA:79,4
DA:83,0
DA:85,0
DA:86,0
DA:90,2329
DA:92,2329
DA:93,2329
LF:20
LH:14
end_of_record
TN:
SF:/home/runner/work/neml2/neml2/src/neml2/drivers/Driver.cxx
FN:31,34,_ZN5neml210get_driverERKSs
FN:37,46,_ZN5neml26Driver16expected_optionsEv
FN:48,53,_ZN5neml26DriverC2ERKNS_9OptionSetE
FNDA:126,_ZN5neml210get_driverERKSs
FNDA:6,_ZN5neml26Driver16expected_optionsEv
FNDA:126,_ZN5neml26DriverC2ERKNS_9OptionSetE
FNF:3
FNH:3
DA:31,126
DA:33,378
DA:37,6
DA:39,6
DA:40,6
DA:42,12
DA:43,6
DA:45,6
DA:46,0
DA:48,126
DA:51,252
DA:53,126
LF:12
LH:11
end_of_record
TN:
SF:/home/runner/work/neml2/neml2/src/neml2/drivers/TransientDriver.cxx
FN:115,132,_ZN5neml215TransientDriverC2ERKNS_9OptionSetE
FN:135,154,_ZNK5neml215TransientDriver8diagnoseEv
FN:157,177,_ZN5neml215TransientDriver3runEv
FN:180,211,_ZN5neml215TransientDriver5solveEv
FN:214,231,_ZN5neml215TransientDriver12advance_stepEv
FN:234,238,_ZN5neml215TransientDriver13update_forcesEv
FN:241,252,_ZN5neml215TransientDriver8apply_icEv
FN:255,288,_ZN5neml215TransientDriver15apply_predictorEv
FN:291,294,_ZN5neml215TransientDriver10solve_stepEv
FN:297,300,_ZN5neml215TransientDriver11store_inputEv
FN:303,306,_ZNK5neml215TransientDriver12save_as_pathEv
FN:309,337,_ZNK5neml215TransientDriver6resultEv
FN:340,361,_ZNK5neml215TransientDriver6outputEv
FN:364,367,_ZNK5neml215TransientDriver9output_ptERKNSt10filesystem4pathE
FN:38,63,_ZN5neml26set_icINS_10QuaternionEEEvRSt3mapINS_19LabeledAxisAccessorENS_6TensorESt4lessIS3_ESaISt4pairIKS3_S4_EEERKNS_9OptionSetERKSsSH_RKN3c106DeviceE
FN:38,63,_ZN5neml26set_icINS_11MillerIndexEEEvRSt3mapINS_19LabeledAxisAccessorENS_6TensorESt4lessIS3_ESaISt4pairIKS3_S4_EEERKNS_9OptionSetERKSsSH_RKN3c106DeviceE
FN:38,63,_ZN5neml26set_icINS_2R2EEEvRSt3mapINS_19LabeledAxisAccessorENS_6TensorESt4lessIS3_ESaISt4pairIKS3_S4_EEERKNS_9OptionSetERKSsSH_RKN3c106DeviceE
FN:38,63,_ZN5neml26set_icINS_2R3EEEvRSt3mapINS_19LabeledAxisAccessorENS_6TensorESt4lessIS3_ESaISt4pairIKS3_S4_EEERKNS_9OptionSetERKSsSH_RKN3c106DeviceE
FN:38,63,_ZN5neml26set_icINS_2R4EEEvRSt3mapINS_19LabeledAxisAccessorENS_6TensorESt4lessIS3_ESaISt4pairIKS3_S4_EEERKNS_9OptionSetERKSsSH_RKN3c106DeviceE
FN:38,63,_ZN5neml26set_icINS_2R5EEEvRSt3mapINS_19LabeledAxisAccessorENS_6TensorESt4lessIS3_ESaISt4pairIKS3_S4_EEERKNS_9OptionSetERKSsSH_RKN3c106DeviceE
FN:38,63,_ZN5neml26set_icINS_2R8EEEvRSt3mapINS_19LabeledAxisAccessorENS_6TensorESt4lessIS3_ESaISt4pairIKS3_S4_EEERKNS_9OptionSetERKSsSH_RKN3c106DeviceE
FN:38,63,_ZN5neml26set_icINS_3RotEEEvRSt3mapINS_19LabeledAxisAccessorENS_6TensorESt4lessIS3_ESaISt4pairIKS3_S4_EEERKNS_9OptionSetERKSsSH_RKN3c106DeviceE
FN:38,63,_ZN5neml26set_icINS_3SR2EEEvRSt3mapINS_19LabeledAxisAccessorENS_6TensorESt4lessIS3_ESaISt4pairIKS3_S4_EEERKNS_9OptionSetERKSsSH_RKN3c106DeviceE
FN:38,63,_ZN5neml26set_icINS_3VecEEEvRSt3mapINS_19LabeledAxisAccessorENS_6TensorESt4lessIS3_ESaISt4pairIKS3_S4_EEERKNS_9OptionSetERKSsSH_RKN3c106DeviceE
FN:38,63,_ZN5neml26set_icINS_3WR2EEEvRSt3mapINS_19LabeledAxisAccessorENS_6TensorESt4lessIS3_ESaISt4pairIKS3_S4_EEERKNS_9OptionSetERKSsSH_RKN3c106DeviceE
FN:38,63,_ZN5neml26set_icINS_4SFR3EEEvRSt3mapINS_19LabeledAxisAccessorENS_6TensorESt4lessIS3_ESaISt4pairIKS3_S4_EEERKNS_9OptionSetERKSsSH_RKN3c106DeviceE
FN:38,63,_ZN5neml26set_icINS_4SFR4EEEvRSt3mapINS_19LabeledAxisAccessorENS_6TensorESt4lessIS3_ESaISt4pairIKS3_S4_EEERKNS_9OptionSetERKSsSH_RKN3c106DeviceE
FN:38,63,_ZN5neml26set_icINS_4SSR4EEEvRSt3mapINS_19LabeledAxisAccessorENS_6TensorESt4lessIS3_ESaISt4pairIKS3_S4_EEERKNS_9OptionSetERKSsSH_RKN3c106DeviceE
FN:38,63,_ZN5neml26set_icINS_4SWR4EEEvRSt3mapINS_19LabeledAxisAccessorENS_6TensorESt4lessIS3_ESaISt4pairIKS3_S4_EEERKNS_9OptionSetERKSsSH_RKN3c106DeviceE
FN:38,63,_ZN5neml26set_icINS_4WFR4EEEvRSt3mapINS_19LabeledAxisAccessorENS_6TensorESt4lessIS3_ESaISt4pairIKS3_S4_EEERKNS_9OptionSetERKSsSH_RKN3c106DeviceE
FN:38,63,_ZN5neml26set_icINS_4WSR4EEEvRSt3mapINS_19LabeledAxisAccessorENS_6TensorESt4lessIS3_ESaISt4pairIKS3_S4_EEERKNS_9OptionSetERKSsSH_RKN3c106DeviceE
FN:38,63,_ZN5neml26set_icINS_4WWR4EEEvRSt3mapINS_19LabeledAxisAccessorENS_6TensorESt4lessIS3_ESaISt4pairIKS3_S4_EEERKNS_9OptionSetERKSsSH_RKN3c106DeviceE
FN:38,63,_ZN5neml26set_icINS_5SFFR4EEEvRSt3mapINS_19LabeledAxisAccessorENS_6TensorESt4lessIS3_ESaISt4pairIKS3_S4_EEERKNS_9OptionSetERKSsSH_RKN3c106DeviceE
FN:38,63,_ZN5neml26set_icINS_5SSFR5EEEvRSt3mapINS_19LabeledAxisAccessorENS_6TensorESt4lessIS3_ESaISt4pairIKS3_S4_EEERKNS_9OptionSetERKSsSH_RKN3c106DeviceE
FN:38,63,_ZN5neml26set_icINS_6SSSSR8EEEvRSt3mapINS_19LabeledAxisAccessorENS_6TensorESt4lessIS3_ESaISt4pairIKS3_S4_EEERKNS_9OptionSetERKSsSH_RKN3c106DeviceE
FN:38,63,_ZN5neml26set_icINS_6ScalarEEEvRSt3mapINS_19LabeledAxisAccessorENS_6TensorESt4lessIS3_ESaISt4pairIKS3_S4_EEERKNS_9OptionSetERKSsSH_RKN3c106DeviceE
FN:38,63,_ZN5neml26set_icINS_6TensorEEEvRSt3mapINS_19LabeledAxisAccessorES1_St4lessIS3_ESaISt4pairIKS3_S1_EEERKNS_9OptionSetERKSsSG_RKN3c106DeviceE
FN:66,113,_ZN5neml215TransientDriver16expected_optionsEv
FNDA:7,_ZN5neml215TransientDriverC2ERKNS_9OptionSetE
FNDA:7,_ZNK5neml215TransientDriver8diagnoseEv
FNDA:7,_ZN5neml215TransientDriver3runEv
FNDA:7,_ZN5neml215TransientDriver5solveEv
FNDA:63,_ZN5neml215TransientDriver12advance_stepEv
FNDA:70,_ZN5neml215TransientDriver13update_forcesEv
FNDA:7,_ZN5neml215TransientDriver8apply_icEv
FNDA:63,_ZN5neml215TransientDriver15apply_predictorEv
FNDA:63,_ZN5neml215TransientDriver10solve_stepEv
FNDA:70,_ZN5neml215TransientDriver11store_inputEv
FNDA:12,_ZNK5neml215TransientDriver12save_as_pathEv
FNDA:5,_ZNK5neml215TransientDriver6resultEv
FNDA:5,_ZNK5neml215TransientDriver6outputEv
FNDA:5,_ZNK5neml215TransientDriver9output_ptERKNSt10filesystem4pathE
FNDA:7,_ZN5neml26set_icINS_10QuaternionEEEvRSt3mapINS_19LabeledAxisAccessorENS_6TensorESt4lessIS3_ESaISt4pairIKS3_S4_EEERKNS_9OptionSetERKSsSH_RKN3c106DeviceE
FNDA:7,_ZN5neml26set_icINS_11MillerIndexEEEvRSt3mapINS_19LabeledAxisAccessorENS_6TensorESt4lessIS3_ESaISt4pairIKS3_S4_EEERKNS_9OptionSetERKSsSH_RKN3c106DeviceE
FNDA:7,_ZN5neml26set_icINS_2R2EEEvRSt3mapINS_19LabeledAxisAccessorENS_6TensorESt4lessIS3_ESaISt4pairIKS3_S4_EEERKNS_9OptionSetERKSsSH_RKN3c106DeviceE
FNDA:7,_ZN5neml26set_icINS_2R3EEEvRSt3mapINS_19LabeledAxisAccessorENS_6TensorESt4lessIS3_ESaISt4pairIKS3_S4_EEERKNS_9OptionSetERKSsSH_RKN3c106DeviceE
FNDA:7,_ZN5neml26set_icINS_2R4EEEvRSt3mapINS_19LabeledAxisAccessorENS_6TensorESt4lessIS3_ESaISt4pairIKS3_S4_EEERKNS_9OptionSetERKSsSH_RKN3c106DeviceE
FNDA:7,_ZN5neml26set_icINS_2R5EEEvRSt3mapINS_19LabeledAxisAccessorENS_6TensorESt4lessIS3_ESaISt4pairIKS3_S4_EEERKNS_9OptionSetERKSsSH_RKN3c106DeviceE
FNDA:7,_ZN5neml26set_icINS_2R8EEEvRSt3mapINS_19LabeledAxisAccessorENS_6TensorESt4lessIS3_ESaISt4pairIKS3_S4_EEERKNS_9OptionSetERKSsSH_RKN3c106DeviceE
FNDA:7,_ZN5neml26set_icINS_3RotEEEvRSt3mapINS_19LabeledAxisAccessorENS_6TensorESt4lessIS3_ESaISt4pairIKS3_S4_EEERKNS_9OptionSetERKSsSH_RKN3c106DeviceE
FNDA:7,_ZN5neml26set_icINS_3SR2EEEvRSt3mapINS_19LabeledAxisAccessorENS_6TensorESt4lessIS3_ESaISt4pairIKS3_S4_EEERKNS_9OptionSetERKSsSH_RKN3c106DeviceE
FNDA:7,_ZN5neml26set_icINS_3VecEEEvRSt3mapINS_19LabeledAxisAccessorENS_6TensorESt4lessIS3_ESaISt4pairIKS3_S4_EEERKNS_9OptionSetERKSsSH_RKN3c106DeviceE
FNDA:7,_ZN5neml26set_icINS_3WR2EEEvRSt3mapINS_19LabeledAxisAccessorENS_6TensorESt4lessIS3_ESaISt4pairIKS3_S4_EEERKNS_9OptionSetERKSsSH_RKN3c106DeviceE
FNDA:7,_ZN5neml26set_icINS_4SFR3EEEvRSt3mapINS_19LabeledAxisAccessorENS_6TensorESt4lessIS3_ESaISt4pairIKS3_S4_EEERKNS_9OptionSetERKSsSH_RKN3c106DeviceE
FNDA:7,_ZN5neml26set_icINS_4SFR4EEEvRSt3mapINS_19LabeledAxisAccessorENS_6TensorESt4lessIS3_ESaISt4pairIKS3_S4_EEERKNS_9OptionSetERKSsSH_RKN3c106DeviceE
FNDA:7,_ZN5neml26set_icINS_4SSR4EEEvRSt3mapINS_19LabeledAxisAccessorENS_6TensorESt4lessIS3_ESaISt4pairIKS3_S4_EEERKNS_9OptionSetERKSsSH_RKN3c106DeviceE
FNDA:7,_ZN5neml26set_icINS_4SWR4EEEvRSt3mapINS_19LabeledAxisAccessorENS_6TensorESt4lessIS3_ESaISt4pairIKS3_S4_EEERKNS_9OptionSetERKSsSH_RKN3c106DeviceE
FNDA:7,_ZN5neml26set_icINS_4WFR4EEEvRSt3mapINS_19LabeledAxisAccessorENS_6TensorESt4lessIS3_ESaISt4pairIKS3_S4_EEERKNS_9OptionSetERKSsSH_RKN3c106DeviceE
FNDA:7,_ZN5neml26set_icINS_4WSR4EEEvRSt3mapINS_19LabeledAxisAccessorENS_6TensorESt4lessIS3_ESaISt4pairIKS3_S4_EEERKNS_9OptionSetERKSsSH_RKN3c106DeviceE
FNDA:7,_ZN5neml26set_icINS_4WWR4EEEvRSt3mapINS_19LabeledAxisAccessorENS_6TensorESt4lessIS3_ESaISt4pairIKS3_S4_EEERKNS_9OptionSetERKSsSH_RKN3c106DeviceE
FNDA:7,_ZN5neml26set_icINS_5SFFR4EEEvRSt3mapINS_19LabeledAxisAccessorENS_6TensorESt4lessIS3_ESaISt4pairIKS3_S4_EEERKNS_9OptionSetERKSsSH_RKN3c106DeviceE
FNDA:7,_ZN5neml26set_icINS_5SSFR5EEEvRSt3mapINS_19LabeledAxisAccessorENS_6TensorESt4lessIS3_ESaISt4pairIKS3_S4_EEERKNS_9OptionSetERKSsSH_RKN3c106DeviceE
FNDA:7,_ZN5neml26set_icINS_6SSSSR8EEEvRSt3mapINS_19LabeledAxisAccessorENS_6TensorESt4lessIS3_ESaISt4pairIKS3_S4_EEERKNS_9OptionSetERKSsSH_RKN3c106DeviceE
FNDA:7,_ZN5neml26set_icINS_6ScalarEEEvRSt3mapINS_19LabeledAxisAccessorENS_6TensorESt4lessIS3_ESaISt4pairIKS3_S4_EEERKNS_9OptionSetERKSsSH_RKN3c106DeviceE
FNDA:7,_ZN5neml26set_icINS_6TensorEEEvRSt3mapINS_19LabeledAxisAccessorES1_St4lessIS3_ESaISt4pairIKS3_S1_EEERKNS_9OptionSetERKSsSG_RKN3c106DeviceE
FNDA:3,_ZN5neml215TransientDriver16expected_optionsEv
FNF:38
FNH:38
DA:38,161
DA:44,161
DA:45,161
DA:46,161
DA:52,161
DA:54,161
DA:56,162
DA:58,1
DA:61,1
DA:63,161
DA:66,3
DA:68,3
DA:70,6
DA:71,3
DA:73,9
DA:74,6
DA:75,6
DA:76,9
DA:78,3
DA:80,12
DA:81,3
DA:82,6
DA:83,6
DA:84,9
DA:86,6
DA:87,9
DA:88,3
DA:90,6
DA:91,6
DA:92,6
DA:93,6
DA:94,6
DA:95,6
DA:97,6
DA:98,9
DA:103,3
DA:110,549
DA:112,6
DA:113,3
DA:115,7
DA:117,7
DA:118,14
DA:119,21
DA:120,7
DA:121,7
DA:122,7
DA:123,14
DA:124,21
DA:125,14
DA:126,14
DA:127,7
DA:128,14
DA:129,28
DA:131,7
DA:132,7
DA:135,7
DA:137,7
DA:138,7
DA:140,7
DA:141,7
DA:143,7
DA:146,7
DA:147,7
DA:148,7
DA:149,20
DA:150,13
DA:154,7
DA:157,7
DA:171,7
DA:173,7
DA:174,5
DA:176,7
DA:180,7
DA:182,77
DA:184,70
DA:189,70
DA:190,63
DA:191,70
DA:192,70
DA:194,7
DA:195,7
DA:199,63
DA:200,63
DA:201,63
DA:204,70
DA:210,7
DA:214,63
DA:217,63
DA:219,63
DA:220,180
DA:221,117
DA:222,63
DA:225,63
DA:227,63
DA:228,171
DA:229,108
DA:230,63
DA:231,63
DA:234,70
DA:236,70
DA:237,140
DA:238,140
DA:241,7
DA:245,644
DA:248,22
DA:249,15
DA:250,14
DA:251,28
DA:252,7
DA:255,63
DA:257,63
DA:258,27
DA:260,36
DA:261,117
DA:262,81
DA:264,162
DA:265,72
DA:266,18
DA:269,9
DA:270,1
DA:274,8
DA:275,8
DA:276,8
DA:277,8
DA:278,8
DA:280,8
DA:281,8
DA:282,8
DA:283,8
DA:286,0
DA:288,36
DA:291,63
DA:293,63
DA:294,63
DA:297,70
DA:299,70
DA:300,70
DA:303,12
DA:305,12
DA:309,5
DA:312,5
DA:313,55
DA:316,50
DA:317,414
DA:318,364
DA:319,50
DA:320,50
DA:323,5
DA:324,55
DA:327,50
DA:328,180
DA:329,130
DA:330,50
DA:331,50
DA:334,5
DA:335,25
DA:336,10
DA:337,10
DA:340,5
DA:342,5
DA:347,5
DA:348,5
DA:350,5
DA:351,5
DA:357,5
DA:361,5
DA:364,5
DA:366,5
DA:367,5
LF:169
LH:168
end_of_record
TN:
SF:/home/runner/work/neml2/neml2/src/neml2/drivers/solid_mechanics/LDISolidMechanicsDriver.cxx
FN:104,109,_ZN5neml223LDISolidMechanicsDriver22init_vorticity_controlERKNS_9OptionSetE
FN:112,138,_ZNK5neml223LDISolidMechanicsDriver8diagnoseEv
FN:141,145,_ZN5neml223LDISolidMechanicsDriver13update_forcesEv
FN:148,159,_ZN5neml223LDISolidMechanicsDriver15apply_predictorEv
FN:34,69,_ZN5neml223LDISolidMechanicsDriver16expected_optionsEv
FN:71,78,_ZN5neml223LDISolidMechanicsDriverC2ERKNS_9OptionSetE
FN:81,85,_ZN5neml223LDISolidMechanicsDriver5setupEv
FN:88,93,_ZN5neml223LDISolidMechanicsDriver19init_strain_controlERKNS_9OptionSetE
FN:96,101,_ZN5neml223LDISolidMechanicsDriver19init_stress_controlERKNS_9OptionSetE
FNDA:1,_ZN5neml223LDISolidMechanicsDriver22init_vorticity_controlERKNS_9OptionSetE
FNDA:1,_ZNK5neml223LDISolidMechanicsDriver8diagnoseEv
FNDA:10,_ZN5neml223LDISolidMechanicsDriver13update_forcesEv
FNDA:9,_ZN5neml223LDISolidMechanicsDriver15apply_predictorEv
FNDA:1,_ZN5neml223LDISolidMechanicsDriver16expected_optionsEv
FNDA:1,_ZN5neml223LDISolidMechanicsDriverC2ERKNS_9OptionSetE
FNDA:1,_ZN5neml223LDISolidMechanicsDriver5setupEv
FNDA:1,_ZN5neml223LDISolidMechanicsDriver19init_strain_controlERKNS_9OptionSetE
FNDA:0,_ZN5neml223LDISolidMechanicsDriver19init_stress_controlERKNS_9OptionSetE
FNF:9
FNH:8
DA:34,1
DA:36,1
DA:37,1
DA:38,1
DA:40,3
DA:41,2
DA:42,2
DA:43,2
DA:44,1
DA:46,3
DA:47,2
DA:48,2
DA:49,2
DA:50,1
DA:52,3
DA:53,2
DA:54,2
DA:55,2
DA:57,2
DA:58,3
DA:60,1
DA:61,2
DA:62,2
DA:63,1
DA:64,3
DA:65,2
DA:66,1
DA:68,1
DA:69,0
DA:71,1
DA:73,1
DA:74,2
DA:75,1
DA:76,4
DA:78,1
DA:81,1
DA:83,1
DA:84,1
DA:85,1
DA:88,2
DA:90,2
DA:91,1
DA:92,1
DA:93,1
DA:96,0
DA:98,0
DA:99,0
DA:100,0
DA:101,0
DA:104,1
DA:106,2
DA:107,1
DA:108,1
DA:109,1
DA:112,1
DA:114,1
DA:116,1
DA:118,1
DA:121,1
DA:122,1
DA:124,1
DA:126,2
DA:130,1
DA:132,1
DA:133,1
DA:135,1
DA:138,1
DA:141,10
DA:143,10
DA:144,20
DA:145,20
DA:148,9
DA:150,9
DA:152,9
DA:154,1
DA:155,1
DA:156,1
DA:157,1
DA:158,1
DA:159,9
LF:80
LH:74
end_of_record
TN:
SF:/home/runner/work/neml2/neml2/src/neml2/drivers/solid_mechanics/SDTSolidMechanicsDriver.cxx
FN:32,49,_ZN5neml223SDTSolidMechanicsDriver16expected_optionsEv
FN:51,54,_ZN5neml223SDTSolidMechanicsDriverC2ERKNS_9OptionSetE
FN:57,62,_ZN5neml223SDTSolidMechanicsDriver19init_strain_controlERKNS_9OptionSetE
FN:65,70,_ZN5neml223SDTSolidMechanicsDriver19init_stress_controlERKNS_9OptionSetE
FNDA:1,_ZN5neml223SDTSolidMechanicsDriver16expected_optionsEv
FNDA:6,_ZN5neml223SDTSolidMechanicsDriverC2ERKNS_9OptionSetE
FNDA:4,_ZN5neml223SDTSolidMechanicsDriver19init_strain_controlERKNS_9OptionSetE
FNDA:1,_ZN5neml223SDTSolidMechanicsDriver19init_stress_controlERKNS_9OptionSetE
FNF:4
FNH:4
DA:32,1
DA:34,1
DA:35,1
DA:36,1
DA:38,3
DA:39,2
DA:40,2
DA:41,1
DA:43,3
DA:44,2
DA:45,2
DA:46,1
DA:48,1
DA:49,0
DA:51,6
DA:52,6
DA:54,6
DA:57,4
DA:59,8
DA:60,4
DA:61,4
DA:62,4
DA:65,1
DA:67,2
DA:68,1
DA:69,1
DA:70,1
LF:27
LH:26
end_of_record
TN:
SF:/home/runner/work/neml2/neml2/src/neml2/drivers/solid_mechanics/SolidMechanicsDriver.cxx
FN:106,111,_ZN5neml220SolidMechanicsDriver24init_temperature_controlERKNS_9OptionSetE
FN:114,159,_ZNK5neml220SolidMechanicsDriver8diagnoseEv
FN:162,173,_ZN5neml220SolidMechanicsDriver13update_forcesEv
FN:31,64,_ZN5neml220SolidMechanicsDriver16expected_optionsEv
FN:66,71,_ZN5neml220SolidMechanicsDriverC2ERKNS_9OptionSetE
FN:74,91,_ZN5neml220SolidMechanicsDriver5setupEv
FN:94,103,_ZN5neml220SolidMechanicsDriver18init_mixed_controlERKNS_9OptionSetE
FNDA:1,_ZN5neml220SolidMechanicsDriver24init_temperature_controlERKNS_9OptionSetE
FNDA:7,_ZNK5neml220SolidMechanicsDriver8diagnoseEv
FNDA:70,_ZN5neml220SolidMechanicsDriver13update_forcesEv
FNDA:2,_ZN5neml220SolidMechanicsDriver16expected_optionsEv
FNDA:7,_ZN5neml220SolidMechanicsDriverC2ERKNS_9OptionSetE
FNDA:7,_ZN5neml220SolidMechanicsDriver5setupEv
FNDA:1,_ZN5neml220SolidMechanicsDriver18init_mixed_controlERKNS_9OptionSetE
FNF:7
FNH:7
DA:31,2
DA:33,2
DA:34,2
DA:36,8
DA:37,2
DA:38,4
DA:39,6
DA:41,6
DA:42,4
DA:43,4
DA:44,4
DA:45,2
DA:47,6
DA:48,4
DA:49,4
DA:50,4
DA:53,2
DA:55,6
DA:56,6
DA:57,2
DA:58,4
DA:59,4
DA:61,2
DA:63,4
DA:64,2
DA:66,7
DA:68,7
DA:69,28
DA:71,7
DA:74,7
DA:76,7
DA:78,14
DA:79,5
DA:80,4
DA:81,1
DA:82,2
DA:83,1
DA:89,7
DA:90,1
DA:91,7
DA:94,1
DA:96,2
DA:97,1
DA:98,1
DA:100,2
DA:101,1
DA:102,1
DA:103,1
DA:106,1
DA:108,2
DA:109,1
DA:110,1
DA:111,1
DA:114,7
DA:116,7
DA:118,7
DA:121,7
DA:123,7
DA:126,14
DA:128,14
DA:131,7
DA:133,1
DA:136,1
DA:138,1
DA:139,1
DA:141,2
DA:143,2
DA:147,14
DA:149,1
DA:152,1
DA:153,1
DA:154,1
DA:156,2
DA:159,7
DA:162,70
DA:164,70
DA:166,140
DA:168,70
DA:169,20
DA:171,140
DA:172,20
DA:173,160
LF:82
LH:82
end_of_record
TN:
SF:/home/runner/work/neml2/neml2/src/neml2/jit/TraceableSize.cxx
FN:33,36,_ZNK5neml213TraceableSize9traceableEv
FN:39,49,_ZNK5neml213TraceableSize8concreteEv
FN:52,58,_ZNK5neml213TraceableSize9as_tensorEv
FN:61,64,_ZN5neml2eqERKNS_13TraceableSizeES2_
FN:67,70,_ZN5neml2neERKNS_13TraceableSizeES2_
FN:73,77,_ZN5neml2lsERSoRKNS_13TraceableSizeE
FNDA:3264501,_ZNK5neml213TraceableSize9traceableEv
FNDA:3249628,_ZNK5neml213TraceableSize8concreteEv
FNDA:3800,_ZNK5neml213TraceableSize9as_tensorEv
FNDA:10,_ZN5neml2eqERKNS_13TraceableSizeES2_
FNDA:0,_ZN5neml2neERKNS_13TraceableSizeES2_
FNDA:0,_ZN5neml2lsERSoRKNS_13TraceableSizeE
FNF:6
FNH:4
DA:33,3264501
DA:35,3264501
DA:39,3249628
DA:41,3249628
DA:43,1532296
DA:44,1532296
DA:45,1532296
DA:48,1717332
DA:52,3800
DA:54,3800
DA:55,584
DA:57,3216
DA:61,10
DA:63,10
DA:67,0
DA:69,0
DA:73,0
DA:75,0
DA:76,0
LF:19
LH:14
end_of_record
TN:
SF:/home/runner/work/neml2/neml2/src/neml2/jit/TraceableTensorShape.cxx
FN:105,108,_ZN5neml2neERKNS_20TraceableTensorShapeES2_
FN:32,36,_ZN5neml220TraceableTensorShapeC2ERKN3c1011SmallVectorIlLj8EEE
FN:38,42,_ZN5neml220TraceableTensorShapeC2EN3c108ArrayRefIlEE
FN:44,47,_ZN5neml220TraceableTensorShapeC2El
FN:49,56,_ZN5neml220TraceableTensorShapeC2ERKN2at6TensorE
FN:59,67,_ZNK5neml220TraceableTensorShape5sliceEll
FN:70,75,_ZNK5neml220TraceableTensorShape5sliceEl
FN:78,84,_ZNK5neml220TraceableTensorShape8concreteEv
FN:87,96,_ZNK5neml220TraceableTensorShape9as_tensorEv
FN:99,102,_ZN5neml2eqERKNS_20TraceableTensorShapeES2_
FNDA:93751,_ZN5neml2neERKNS_20TraceableTensorShapeES2_
FNDA:94773,_ZN5neml220TraceableTensorShapeC2ERKN3c1011SmallVectorIlLj8EEE
FNDA:174069,_ZN5neml220TraceableTensorShapeC2EN3c108ArrayRefIlEE
FNDA:0,_ZN5neml220TraceableTensorShapeC2El
FNDA:1269,_ZN5neml220TraceableTensorShapeC2ERKN2at6TensorE
FNDA:1155919,_ZNK5neml220TraceableTensorShape5sliceEll
FNDA:0,_ZNK5neml220TraceableTensorShape5sliceEl
FNDA:10865386,_ZNK5neml220TraceableTensorShape8concreteEv
FNDA:19905,_ZNK5neml220TraceableTensorShape9as_tensorEv
FNDA:5378099,_ZN5neml2eqERKNS_20TraceableTensorShapeES2_
FNF:10
FNH:8
DA:32,94773
DA:34,145107
DA:35,50334
DA:36,94773
DA:38,174069
DA:40,240521
DA:41,66452
DA:42,174069
DA:44,0
DA:45,0
DA:47,0
DA:49,1269
DA:51,1269
DA:52,1269
DA:54,2579
DA:55,1310
DA:56,1269
DA:59,1155919
DA:61,1155919
DA:62,0
DA:63,1155919
DA:64,73
DA:66,1155919
DA:70,0
DA:72,0
DA:73,0
DA:74,0
DA:78,10865386
DA:80,10865386
DA:81,14111743
DA:82,3246357
DA:83,10865386
DA:84,0
DA:87,19905
DA:89,19905
DA:90,16153
DA:92,3752
DA:93,7552
DA:94,3800
DA:95,3752
DA:96,3752
DA:99,5378099
DA:101,5378099
DA:105,93751
DA:107,93751
LF:45
LH:36
end_of_record
TN:
SF:/home/runner/work/neml2/neml2/src/neml2/jit/utils.cxx
FN:32,35,_ZN5neml219neml_assert_tracingEv
FN:38,41,_ZN5neml223neml_assert_not_tracingEv
FN:44,49,_ZN5neml223neml_assert_tracing_dbgEv
FN:52,57,_ZN5neml227neml_assert_not_tracing_dbgEv
FN:62,75,_ZN5neml25utils19extract_batch_sizesERKN2at6TensorEl
FNDA:0,_ZN5neml219neml_assert_tracingEv
FNDA:0,_ZN5neml223neml_assert_not_tracingEv
FNDA:0,_ZN5neml223neml_assert_tracing_dbgEv
FNDA:0,_ZN5neml227neml_assert_not_tracing_dbgEv
FNDA:60082,_ZN5neml25utils19extract_batch_sizesERKN2at6TensorEl
FNF:5
FNH:1
DA:32,0
DA:34,0
DA:35,0
DA:38,0
DA:40,0
DA:41,0
DA:44,0
DA:47,0
DA:49,0
DA:52,0
DA:55,0
DA:57,0
DA:62,60082
DA:66,60082
DA:68,8477
DA:69,12012
DA:70,3535
DA:71,8477
DA:72,8477
DA:74,51605
LF:20
LH:8
end_of_record
TN:
SF:/home/runner/work/neml2/neml2/src/neml2/misc/defaults.cxx
FN:32,37,_ZN5neml222default_tensor_optionsEv
FN:40,45,_ZN5neml230default_integer_tensor_optionsEv
FN:48,52,_ZN5neml213default_dtypeEv
FN:55,59,_ZN5neml221default_integer_dtypeEv
FN:62,66,_ZN5neml214default_deviceEv
FN:69,73,_ZN5neml217machine_precisionEv
FN:76,80,_ZN5neml29toleranceEv
FN:83,87,_ZN5neml217tighter_toleranceEv
FN:90,94,_ZN5neml221buffer_name_separatorEv
FN:97,101,_ZN5neml224parameter_name_separatorEv
FNDA:3421,_ZN5neml222default_tensor_optionsEv
FNDA:160,_ZN5neml230default_integer_tensor_optionsEv
FNDA:605,_ZN5neml213default_dtypeEv
FNDA:910,_ZN5neml221default_integer_dtypeEv
FNDA:305,_ZN5neml214default_deviceEv
FNDA:396,_ZN5neml217machine_precisionEv
FNDA:303,_ZN5neml29toleranceEv
FNDA:303,_ZN5neml217tighter_toleranceEv
FNDA:464,_ZN5neml221buffer_name_separatorEv
FNDA:374,_ZN5neml224parameter_name_separatorEv
FNF:10
FNH:10
DA:32,3421
DA:35,3421
DA:36,3421
DA:40,160
DA:43,160
DA:44,160
DA:48,605
DA:51,605
DA:55,910
DA:58,910
DA:62,305
DA:64,305
DA:65,305
DA:69,396
DA:72,396
DA:76,303
DA:79,303
DA:83,303
DA:86,303
DA:90,464
DA:92,466
DA:93,464
DA:97,374
DA:99,376
DA:100,374
LF:25
LH:25
end_of_record
TN:
SF:/home/runner/work/neml2/neml2/src/neml2/misc/errors.cxx
FN:30,33,_ZNK5neml213NEMLException4whatEv
FN:36,39,_ZNK5neml215ParserException4whatEv
FNDA:18,_ZNK5neml213NEMLException4whatEv
FNDA:4,_ZNK5neml215ParserException4whatEv
FNF:2
FNH:2
DA:30,18
DA:32,18
DA:36,4
DA:38,4
LF:4
LH:4
end_of_record
TN:
SF:/home/runner/work/neml2/neml2/src/neml2/misc/string_utils.cxx
FN:32,36,_ZN5neml25utils8demangleEPKc
FN:39,49,_ZN5neml25utils4joinERKSt6vectorISsSaISsEERKSs
FN:52,70,_ZN5neml25utils5splitERKSsS2_
FN:73,80,_ZN5neml25utils4trimERKSsS2_
FN:83,86,_ZN5neml25utils10start_withESt17basic_string_viewIcSt11char_traitsIcEES4_
FN:89,93,_ZN5neml25utils8end_withESt17basic_string_viewIcSt11char_traitsIcEES4_
FNDA:292359,_ZN5neml25utils8demangleEPKc
FNDA:0,_ZN5neml25utils4joinERKSt6vectorISsSaISsEERKSs
FNDA:3656,_ZN5neml25utils5splitERKSsS2_
FNDA:14104,_ZN5neml25utils4trimERKSsS2_
FNDA:16411,_ZN5neml25utils10start_withESt17basic_string_viewIcSt11char_traitsIcEES4_
FNDA:1835,_ZN5neml25utils8end_withESt17basic_string_viewIcSt11char_traitsIcEES4_
FNF:6
FNH:5
DA:32,292359
DA:35,292359
DA:39,0
DA:41,0
DA:42,0
DA:44,0
DA:45,0
DA:46,0
DA:48,0
DA:49,0
DA:52,3656
DA:54,3656
DA:56,3656
DA:57,3656
DA:59,9363
DA:61,9347
DA:63,9347
DA:64,9347
DA:65,3640
DA:66,5707
DA:69,3656
DA:70,0
DA:73,14104
DA:75,14104
DA:76,14104
DA:77,34
DA:78,14087
DA:79,14087
DA:83,16411
DA:85,16411
DA:89,1835
DA:91,3670
DA:92,3670
LF:33
LH:24
end_of_record
TN:
SF:/home/runner/work/neml2/neml2/src/neml2/misc/types.cxx
FN:32,48,_ZN5neml2lsERSoNS_5FTypeE
FNDA:0,_ZN5neml2lsERSoNS_5FTypeE
FNF:1
FNH:0
DA:32,0
DA:34,0
DA:35,0
DA:36,0
DA:37,0
DA:38,0
DA:39,0
DA:40,0
DA:41,0
DA:42,0
DA:43,0
DA:45,0
DA:47,0
LF:13
LH:0
end_of_record
TN:
SF:/home/runner/work/neml2/neml2/src/neml2/models/ArrheniusParameter.cxx
FN:34,57,_ZN5neml218ArrheniusParameter16expected_optionsEv
FN:59,66,_ZN5neml218ArrheniusParameterC2ERKNS_9OptionSetE
FN:69,87,_ZN5neml218ArrheniusParameter9set_valueEbbb
FNDA:1,_ZN5neml218ArrheniusParameter16expected_optionsEv
FNDA:2,_ZN5neml218ArrheniusParameterC2ERKNS_9OptionSetE
FNDA:5,_ZN5neml218ArrheniusParameter9set_valueEbbb
FNF:3
FNH:3
DA:34,1
DA:36,1
DA:37,1
DA:40,1
DA:42,2
DA:44,2
DA:45,2
DA:47,2
DA:48,2
DA:50,2
DA:51,1
DA:53,3
DA:54,1
DA:56,1
DA:57,0
DA:59,2
DA:61,6
DA:62,10
DA:63,2
DA:64,4
DA:66,2
DA:69,5
DA:71,5
DA:73,5
DA:74,3
DA:76,5
DA:77,5
DA:79,2
DA:81,2
DA:82,1
DA:84,2
DA:85,1
DA:86,2
DA:87,5
LF:34
LH:33
end_of_record
TN:
SF:/home/runner/work/neml2/neml2/src/neml2/models/Assembler.cxx
FN:107,183,_ZNK5neml215MatrixAssembler20assemble_by_variableERKSt3mapINS_19LabeledAxisAccessorES1_IS2_NS_6TensorESt4lessIS2_ESaISt4pairIKS2_S3_EEES5_SaIS6_IS7_SA_EEE
FN:186,203,_ZNK5neml215MatrixAssembler17split_by_variableERKNS_6TensorE
FN:206,223,_ZNK5neml215MatrixAssembler16split_by_subaxisERKNS_6TensorE
FN:32,76,_ZNK5neml215VectorAssembler20assemble_by_variableERKSt3mapINS_19LabeledAxisAccessorENS_6TensorESt4lessIS2_ESaISt4pairIKS2_S3_EEE
FN:79,90,_ZNK5neml215VectorAssembler17split_by_variableERKNS_6TensorE
FN:93,104,_ZNK5neml215VectorAssembler16split_by_subaxisERKNS_6TensorE
FNDA:1247,_ZNK5neml215MatrixAssembler20assemble_by_variableERKSt3mapINS_19LabeledAxisAccessorES1_IS2_NS_6TensorESt4lessIS2_ESaISt4pairIKS2_S3_EEES5_SaIS6_IS7_SA_EEE
FNDA:9,_ZNK5neml215MatrixAssembler17split_by_variableERKNS_6TensorE
FNDA:3,_ZNK5neml215MatrixAssembler16split_by_subaxisERKNS_6TensorE
FNDA:1755,_ZNK5neml215VectorAssembler20assemble_by_variableERKSt3mapINS_19LabeledAxisAccessorENS_6TensorESt4lessIS2_ESaISt4pairIKS2_S3_EEE
FNDA:1590,_ZNK5neml215VectorAssembler17split_by_variableERKNS_6TensorE
FNDA:1,_ZNK5neml215VectorAssembler16split_by_subaxisERKNS_6TensorE
FNF:6
FNH:6
DA:32,1755
DA:34,1755
DA:37,1755
DA:38,1755
DA:43,1755
DA:44,6844
DA:46,5089
DA:47,5089
DA:49,5086
DA:50,5086
DA:52,5086
DA:54,5086
DA:56,5086
DA:57,5086
DA:59,1755
DA:60,1755
DA:65,1755
DA:68,1755
DA:69,6844
DA:70,5089
DA:71,5086
DA:73,3
DA:75,3510
DA:76,1755
DA:79,1590
DA:81,1590
DA:83,1590
DA:84,1590
DA:86,6231
DA:87,4641
DA:89,3180
DA:90,1590
DA:93,1
DA:95,1
DA:97,1
DA:98,1
DA:100,3
DA:101,2
DA:103,2
DA:104,1
DA:107,1247
DA:109,1247
DA:110,1247
DA:113,1247
DA:114,1247
DA:117,1247
DA:118,4905
DA:120,3658
DA:121,3658
DA:122,0
DA:127,3658
DA:128,14831
DA:130,11173
DA:131,11173
DA:133,11161
DA:134,11161
DA:136,11161
DA:138,11161
DA:140,11161
DA:142,22322
DA:143,11161
DA:145,11161
DA:147,11161
DA:149,22322
DA:151,11161
DA:152,11161
DA:154,1247
DA:155,1247
DA:160,3658
DA:163,3658
DA:164,14831
DA:165,11173
DA:166,11161
DA:168,24
DA:169,24
DA:171,3658
DA:172,3658
DA:175,1247
DA:176,4905
DA:177,3658
DA:178,3658
DA:180,0
DA:182,2494
DA:183,1247
DA:186,9
DA:188,9
DA:190,9
DA:191,9
DA:193,9
DA:194,30
DA:196,21
DA:197,60
DA:198,78
DA:199,117
DA:200,21
DA:202,18
DA:203,9
DA:206,3
DA:208,3
DA:210,3
DA:211,3
DA:213,3
DA:214,6
DA:216,3
DA:217,15
DA:218,24
DA:219,36
DA:220,3
DA:222,6
DA:223,3
LF:110
LH:108
end_of_record
TN:
SF:/home/runner/work/neml2/neml2/src/neml2/models/BackwardEulerTimeIntegration.cxx
FN:31,52,_ZN5neml228BackwardEulerTimeIntegrationINS_3SR2EE16expected_optionsEv
FN:31,52,_ZN5neml228BackwardEulerTimeIntegrationINS_3VecEE16expected_optionsEv
FN:31,52,_ZN5neml228BackwardEulerTimeIntegrationINS_6ScalarEE16expected_optionsEv
FN:55,66,_ZN5neml228BackwardEulerTimeIntegrationINS_3SR2EEC2ERKNS_9OptionSetE
FN:55,66,_ZN5neml228BackwardEulerTimeIntegrationINS_3VecEEC2ERKNS_9OptionSetE
FN:55,66,_ZN5neml228BackwardEulerTimeIntegrationINS_6ScalarEEC2ERKNS_9OptionSetE
FN:70,76,_ZNK5neml228BackwardEulerTimeIntegrationINS_3SR2EE8diagnoseEv
FN:70,76,_ZNK5neml228BackwardEulerTimeIntegrationINS_3VecEE8diagnoseEv
FN:70,76,_ZNK5neml228BackwardEulerTimeIntegrationINS_6ScalarEE8diagnoseEv
FN:80,99,_ZN5neml228BackwardEulerTimeIntegrationINS_3SR2EE9set_valueEbbb
FN:80,99,_ZN5neml228BackwardEulerTimeIntegrationINS_3VecEE9set_valueEbbb
FN:80,99,_ZN5neml228BackwardEulerTimeIntegrationINS_6ScalarEE9set_valueEbbb
FNDA:1,_ZN5neml228BackwardEulerTimeIntegrationINS_3SR2EE16expected_optionsEv
FNDA:1,_ZN5neml228BackwardEulerTimeIntegrationINS_3VecEE16expected_optionsEv
FNDA:1,_ZN5neml228BackwardEulerTimeIntegrationINS_6ScalarEE16expected_optionsEv
FNDA:9,_ZN5neml228BackwardEulerTimeIntegrationINS_3SR2EEC2ERKNS_9OptionSetE
FNDA:0,_ZN5neml228BackwardEulerTimeIntegrationINS_3VecEEC2ERKNS_9OptionSetE
FNDA:16,_ZN5neml228BackwardEulerTimeIntegrationINS_6ScalarEEC2ERKNS_9OptionSetE
FNDA:6,_ZNK5neml228BackwardEulerTimeIntegrationINS_3SR2EE8diagnoseEv
FNDA:0,_ZNK5neml228BackwardEulerTimeIntegrationINS_3VecEE8diagnoseEv
FNDA:3,_ZNK5neml228BackwardEulerTimeIntegrationINS_6ScalarEE8diagnoseEv
FNDA:40,_ZN5neml228BackwardEulerTimeIntegrationINS_3SR2EE9set_valueEbbb
FNDA:0,_ZN5neml228BackwardEulerTimeIntegrationINS_3VecEE9set_valueEbbb
FNDA:37,_ZN5neml228BackwardEulerTimeIntegrationINS_6ScalarEE9set_valueEbbb
FNF:12
FNH:9
DA:31,3
DA:33,3
DA:34,3
DA:40,3
DA:42,6
DA:43,6
DA:45,6
DA:46,3
DA:48,9
DA:49,3
DA:51,3
DA:52,0
DA:55,25
DA:57,25
DA:58,25
DA:59,25
DA:60,98
DA:61,25
DA:62,25
DA:63,25
DA:64,50
DA:66,25
DA:70,9
DA:72,9
DA:73,9
DA:74,9
DA:75,9
DA:76,9
DA:80,77
DA:82,77
DA:83,76
DA:85,77
DA:87,42
DA:89,42
DA:90,42
DA:92,42
DA:93,29
DA:95,13
DA:96,13
DA:97,13
DA:98,42
LF:41
LH:40
end_of_record
TN:
SF:/home/runner/work/neml2/neml2/src/neml2/models/BufferStore.cxx
FN:119,140,_ZN5neml211BufferStore19assign_buffer_stackERSt6vectorIN3c106IValueESaIS3_EE
FN:143,151,_ZNK5neml211BufferStore20collect_buffer_stackEv
FN:34,38,_ZN5neml211BufferStoreC2ENS_9OptionSetEPNS_11NEML2ObjectE
FN:41,46,_ZN5neml211BufferStore13named_buffersEv
FN:49,54,_ZN5neml211BufferStore10get_bufferERKSs
FN:57,61,_ZN5neml211BufferStore15send_buffers_toERKN3c1013TensorOptionsE
FN:65,86,_ZN5neml211BufferStore14declare_bufferINS_10QuaternionEvEERKT_RKSsS5_
FN:65,86,_ZN5neml211BufferStore14declare_bufferINS_11MillerIndexEvEERKT_RKSsS5_
FN:65,86,_ZN5neml211BufferStore14declare_bufferINS_2R2EvEERKT_RKSsS5_
FN:65,86,_ZN5neml211BufferStore14declare_bufferINS_2R3EvEERKT_RKSsS5_
FN:65,86,_ZN5neml211BufferStore14declare_bufferINS_2R4EvEERKT_RKSsS5_
FN:65,86,_ZN5neml211BufferStore14declare_bufferINS_2R5EvEERKT_RKSsS5_
FN:65,86,_ZN5neml211BufferStore14declare_bufferINS_2R8EvEERKT_RKSsS5_
FN:65,86,_ZN5neml211BufferStore14declare_bufferINS_3RotEvEERKT_RKSsS5_
FN:65,86,_ZN5neml211BufferStore14declare_bufferINS_3SR2EvEERKT_RKSsS5_
FN:65,86,_ZN5neml211BufferStore14declare_bufferINS_3VecEvEERKT_RKSsS5_
FN:65,86,_ZN5neml211BufferStore14declare_bufferINS_3WR2EvEERKT_RKSsS5_
FN:65,86,_ZN5neml211BufferStore14declare_bufferINS_4SFR3EvEERKT_RKSsS5_
FN:65,86,_ZN5neml211BufferStore14declare_bufferINS_4SFR4EvEERKT_RKSsS5_
FN:65,86,_ZN5neml211BufferStore14declare_bufferINS_4SSR4EvEERKT_RKSsS5_
FN:65,86,_ZN5neml211BufferStore14declare_bufferINS_4SWR4EvEERKT_RKSsS5_
FN:65,86,_ZN5neml211BufferStore14declare_bufferINS_4WFR4EvEERKT_RKSsS5_
FN:65,86,_ZN5neml211BufferStore14declare_bufferINS_4WSR4EvEERKT_RKSsS5_
FN:65,86,_ZN5neml211BufferStore14declare_bufferINS_4WWR4EvEERKT_RKSsS5_
FN:65,86,_ZN5neml211BufferStore14declare_bufferINS_5SFFR4EvEERKT_RKSsS5_
FN:65,86,_ZN5neml211BufferStore14declare_bufferINS_5SSFR5EvEERKT_RKSsS5_
FN:65,86,_ZN5neml211BufferStore14declare_bufferINS_6SSSSR8EvEERKT_RKSsS5_
FN:65,86,_ZN5neml211BufferStore14declare_bufferINS_6ScalarEvEERKT_RKSsS5_
FN:65,86,_ZN5neml211BufferStore14declare_bufferINS_6TensorEvEERKT_RKSsS5_
FN:90,93,_ZN5neml211BufferStore14declare_bufferINS_10QuaternionEvEERKT_RKSsRKNS_10TensorNameE
FN:90,93,_ZN5neml211BufferStore14declare_bufferINS_11MillerIndexEvEERKT_RKSsRKNS_10TensorNameE
FN:90,93,_ZN5neml211BufferStore14declare_bufferINS_2R2EvEERKT_RKSsRKNS_10TensorNameE
FN:90,93,_ZN5neml211BufferStore14declare_bufferINS_2R3EvEERKT_RKSsRKNS_10TensorNameE
FN:90,93,_ZN5neml211BufferStore14declare_bufferINS_2R4EvEERKT_RKSsRKNS_10TensorNameE
FN:90,93,_ZN5neml211BufferStore14declare_bufferINS_2R5EvEERKT_RKSsRKNS_10TensorNameE
FN:90,93,_ZN5neml211BufferStore14declare_bufferINS_2R8EvEERKT_RKSsRKNS_10TensorNameE
FN:90,93,_ZN5neml211BufferStore14declare_bufferINS_3RotEvEERKT_RKSsRKNS_10TensorNameE
FN:90,93,_ZN5neml211BufferStore14declare_bufferINS_3SR2EvEERKT_RKSsRKNS_10TensorNameE
FN:90,93,_ZN5neml211BufferStore14declare_bufferINS_3VecEvEERKT_RKSsRKNS_10TensorNameE
FN:90,93,_ZN5neml211BufferStore14declare_bufferINS_3WR2EvEERKT_RKSsRKNS_10TensorNameE
FN:90,93,_ZN5neml211BufferStore14declare_bufferINS_4SFR3EvEERKT_RKSsRKNS_10TensorNameE
FN:90,93,_ZN5neml211BufferStore14declare_bufferINS_4SFR4EvEERKT_RKSsRKNS_10TensorNameE
FN:90,93,_ZN5neml211BufferStore14declare_bufferINS_4SSR4EvEERKT_RKSsRKNS_10TensorNameE
FN:90,93,_ZN5neml211BufferStore14declare_bufferINS_4SWR4EvEERKT_RKSsRKNS_10TensorNameE
FN:90,93,_ZN5neml211BufferStore14declare_bufferINS_4WFR4EvEERKT_RKSsRKNS_10TensorNameE
FN:90,93,_ZN5neml211BufferStore14declare_bufferINS_4WSR4EvEERKT_RKSsRKNS_10TensorNameE
FN:90,93,_ZN5neml211BufferStore14declare_bufferINS_4WWR4EvEERKT_RKSsRKNS_10TensorNameE
FN:90,93,_ZN5neml211BufferStore14declare_bufferINS_5SFFR4EvEERKT_RKSsRKNS_10TensorNameE
FN:90,93,_ZN5neml211BufferStore14declare_bufferINS_5SSFR5EvEERKT_RKSsRKNS_10TensorNameE
FN:90,93,_ZN5neml211BufferStore14declare_bufferINS_6SSSSR8EvEERKT_RKSsRKNS_10TensorNameE
FN:90,93,_ZN5neml211BufferStore14declare_bufferINS_6ScalarEvEERKT_RKSsRKNS_10TensorNameE
FN:90,93,_ZN5neml211BufferStore14declare_bufferINS_6TensorEvEERKT_RKSsRKNS_10TensorNameE
FN:97,110,_ZN5neml211BufferStore14declare_bufferINS_10QuaternionEvEERKT_RKSsS7_
FN:97,110,_ZN5neml211BufferStore14declare_bufferINS_11MillerIndexEvEERKT_RKSsS7_
FN:97,110,_ZN5neml211BufferStore14declare_bufferINS_2R2EvEERKT_RKSsS7_
FN:97,110,_ZN5neml211BufferStore14declare_bufferINS_2R3EvEERKT_RKSsS7_
FN:97,110,_ZN5neml211BufferStore14declare_bufferINS_2R4EvEERKT_RKSsS7_
FN:97,110,_ZN5neml211BufferStore14declare_bufferINS_2R5EvEERKT_RKSsS7_
FN:97,110,_ZN5neml211BufferStore14declare_bufferINS_2R8EvEERKT_RKSsS7_
FN:97,110,_ZN5neml211BufferStore14declare_bufferINS_3RotEvEERKT_RKSsS7_
FN:97,110,_ZN5neml211BufferStore14declare_bufferINS_3SR2EvEERKT_RKSsS7_
FN:97,110,_ZN5neml211BufferStore14declare_bufferINS_3VecEvEERKT_RKSsS7_
FN:97,110,_ZN5neml211BufferStore14declare_bufferINS_3WR2EvEERKT_RKSsS7_
FN:97,110,_ZN5neml211BufferStore14declare_bufferINS_4SFR3EvEERKT_RKSsS7_
FN:97,110,_ZN5neml211BufferStore14declare_bufferINS_4SFR4EvEERKT_RKSsS7_
FN:97,110,_ZN5neml211BufferStore14declare_bufferINS_4SSR4EvEERKT_RKSsS7_
FN:97,110,_ZN5neml211BufferStore14declare_bufferINS_4SWR4EvEERKT_RKSsS7_
FN:97,110,_ZN5neml211BufferStore14declare_bufferINS_4WFR4EvEERKT_RKSsS7_
FN:97,110,_ZN5neml211BufferStore14declare_bufferINS_4WSR4EvEERKT_RKSsS7_
FN:97,110,_ZN5neml211BufferStore14declare_bufferINS_4WWR4EvEERKT_RKSsS7_
FN:97,110,_ZN5neml211BufferStore14declare_bufferINS_5SFFR4EvEERKT_RKSsS7_
FN:97,110,_ZN5neml211BufferStore14declare_bufferINS_5SSFR5EvEERKT_RKSsS7_
FN:97,110,_ZN5neml211BufferStore14declare_bufferINS_6SSSSR8EvEERKT_RKSsS7_
FN:97,110,_ZN5neml211BufferStore14declare_bufferINS_6ScalarEvEERKT_RKSsS7_
FN:97,110,_ZN5neml211BufferStore14declare_bufferINS_6TensorEvEERKT_RKSsS7_
FNDA:0,_ZN5neml211BufferStore19assign_buffer_stackERSt6vectorIN3c106IValueESaIS3_EE
FNDA:0,_ZNK5neml211BufferStore20collect_buffer_stackEv
FNDA:410,_ZN5neml211BufferStoreC2ENS_9OptionSetEPNS_11NEML2ObjectE
FNDA:278933,_ZN5neml211BufferStore13named_buffersEv
FNDA:52,_ZN5neml211BufferStore10get_bufferERKSs
FNDA:0,_ZN5neml211BufferStore15send_buffers_toERKN3c1013TensorOptionsE
FNDA:0,_ZN5neml211BufferStore14declare_bufferINS_10QuaternionEvEERKT_RKSsS5_
FNDA:96,_ZN5neml211BufferStore14declare_bufferINS_11MillerIndexEvEERKT_RKSsS5_
FNDA:48,_ZN5neml211BufferStore14declare_bufferINS_2R2EvEERKT_RKSsS5_
FNDA:0,_ZN5neml211BufferStore14declare_bufferINS_2R3EvEERKT_RKSsS5_
FNDA:0,_ZN5neml211BufferStore14declare_bufferINS_2R4EvEERKT_RKSsS5_
FNDA:0,_ZN5neml211BufferStore14declare_bufferINS_2R5EvEERKT_RKSsS5_
[...]
FN:48,52,_ZN5neml219OnesPrimitiveTensorINS_4SSR4EEC2ERKNS_9OptionSetE
FN:48,52,_ZN5neml219OnesPrimitiveTensorINS_4SWR4EEC2ERKNS_9OptionSetE
FN:48,52,_ZN5neml219OnesPrimitiveTensorINS_4WFR4EEC2ERKNS_9OptionSetE
FN:48,52,_ZN5neml219OnesPrimitiveTensorINS_4WSR4EEC2ERKNS_9OptionSetE
FN:48,52,_ZN5neml219OnesPrimitiveTensorINS_4WWR4EEC2ERKNS_9OptionSetE
FN:48,52,_ZN5neml219OnesPrimitiveTensorINS_5SFFR4EEC2ERKNS_9OptionSetE
FN:48,52,_ZN5neml219OnesPrimitiveTensorINS_5SSFR5EEC2ERKNS_9OptionSetE
FN:48,52,_ZN5neml219OnesPrimitiveTensorINS_6SSSSR8EEC2ERKNS_9OptionSetE
FN:48,52,_ZN5neml219OnesPrimitiveTensorINS_6ScalarEEC2ERKNS_9OptionSetE
FNDA:1,_ZN5neml219OnesPrimitiveTensorINS_10QuaternionEE16expected_optionsEv
FNDA:1,_ZN5neml219OnesPrimitiveTensorINS_11MillerIndexEE16expected_optionsEv
FNDA:1,_ZN5neml219OnesPrimitiveTensorINS_2R2EE16expected_optionsEv
FNDA:1,_ZN5neml219OnesPrimitiveTensorINS_2R3EE16expected_optionsEv
FNDA:1,_ZN5neml219OnesPrimitiveTensorINS_2R4EE16expected_optionsEv
FNDA:1,_ZN5neml219OnesPrimitiveTensorINS_2R5EE16expected_optionsEv
FNDA:1,_ZN5neml219OnesPrimitiveTensorINS_2R8EE16expected_optionsEv
FNDA:1,_ZN5neml219OnesPrimitiveTensorINS_3RotEE16expected_optionsEv
FNDA:1,_ZN5neml219OnesPrimitiveTensorINS_3SR2EE16expected_optionsEv
FNDA:1,_ZN5neml219OnesPrimitiveTensorINS_3VecEE16expected_optionsEv
FNDA:1,_ZN5neml219OnesPrimitiveTensorINS_3WR2EE16expected_optionsEv
FNDA:1,_ZN5neml219OnesPrimitiveTensorINS_4SFR3EE16expected_optionsEv
FNDA:1,_ZN5neml219OnesPrimitiveTensorINS_4SFR4EE16expected_optionsEv
FNDA:1,_ZN5neml219OnesPrimitiveTensorINS_4SSR4EE16expected_optionsEv
FNDA:1,_ZN5neml219OnesPrimitiveTensorINS_4SWR4EE16expected_optionsEv
FNDA:1,_ZN5neml219OnesPrimitiveTensorINS_4WFR4EE16expected_optionsEv
FNDA:1,_ZN5neml219OnesPrimitiveTensorINS_4WSR4EE16expected_optionsEv
FNDA:1,_ZN5neml219OnesPrimitiveTensorINS_4WWR4EE16expected_optionsEv
FNDA:1,_ZN5neml219OnesPrimitiveTensorINS_5SFFR4EE16expected_optionsEv
FNDA:1,_ZN5neml219OnesPrimitiveTensorINS_5SSFR5EE16expected_optionsEv
FNDA:1,_ZN5neml219OnesPrimitiveTensorINS_6SSSSR8EE16expected_optionsEv
FNDA:1,_ZN5neml219OnesPrimitiveTensorINS_6ScalarEE16expected_optionsEv
FNDA:0,_ZN5neml219OnesPrimitiveTensorINS_10QuaternionEEC2ERKNS_9OptionSetE
FNDA:0,_ZN5neml219OnesPrimitiveTensorINS_11MillerIndexEEC2ERKNS_9OptionSetE
FNDA:1,_ZN5neml219OnesPrimitiveTensorINS_2R2EEC2ERKNS_9OptionSetE
FNDA:1,_ZN5neml219OnesPrimitiveTensorINS_2R3EEC2ERKNS_9OptionSetE
FNDA:1,_ZN5neml219OnesPrimitiveTensorINS_2R4EEC2ERKNS_9OptionSetE
FNDA:1,_ZN5neml219OnesPrimitiveTensorINS_2R5EEC2ERKNS_9OptionSetE
FNDA:0,_ZN5neml219OnesPrimitiveTensorINS_2R8EEC2ERKNS_9OptionSetE
FNDA:1,_ZN5neml219OnesPrimitiveTensorINS_3RotEEC2ERKNS_9OptionSetE
FNDA:1,_ZN5neml219OnesPrimitiveTensorINS_3SR2EEC2ERKNS_9OptionSetE
FNDA:1,_ZN5neml219OnesPrimitiveTensorINS_3VecEEC2ERKNS_9OptionSetE
FNDA:0,_ZN5neml219OnesPrimitiveTensorINS_3WR2EEC2ERKNS_9OptionSetE
FNDA:1,_ZN5neml219OnesPrimitiveTensorINS_4SFR3EEC2ERKNS_9OptionSetE
FNDA:0,_ZN5neml219OnesPrimitiveTensorINS_4SFR4EEC2ERKNS_9OptionSetE
FNDA:1,_ZN5neml219OnesPrimitiveTensorINS_4SSR4EEC2ERKNS_9OptionSetE
FNDA:0,_ZN5neml219OnesPrimitiveTensorINS_4SWR4EEC2ERKNS_9OptionSetE
FNDA:0,_ZN5neml219OnesPrimitiveTensorINS_4WFR4EEC2ERKNS_9OptionSetE
FNDA:0,_ZN5neml219OnesPrimitiveTensorINS_4WSR4EEC2ERKNS_9OptionSetE
FNDA:0,_ZN5neml219OnesPrimitiveTensorINS_4WWR4EEC2ERKNS_9OptionSetE
FNDA:0,_ZN5neml219OnesPrimitiveTensorINS_5SFFR4EEC2ERKNS_9OptionSetE
FNDA:1,_ZN5neml219OnesPrimitiveTensorINS_5SSFR5EEC2ERKNS_9OptionSetE
FNDA:0,_ZN5neml219OnesPrimitiveTensorINS_6SSSSR8EEC2ERKNS_9OptionSetE
FNDA:1,_ZN5neml219OnesPrimitiveTensorINS_6ScalarEEC2ERKNS_9OptionSetE
FNF:44
FNH:33
DA:32,22
DA:36,22
DA:38,22
DA:39,22
DA:41,66
DA:42,22
DA:44,44
DA:45,22
DA:48,11
DA:49,33
DA:50,22
DA:52,11
LF:12
LH:12
end_of_record
TN:
SF:/home/runner/work/neml2/neml2/src/neml2/user_tensors/OnesTensor.cxx
FN:32,44,_ZN5neml210OnesTensor16expected_optionsEv
FN:46,52,_ZN5neml210OnesTensorC2ERKNS_9OptionSetE
FNDA:1,_ZN5neml210OnesTensor16expected_optionsEv
FNDA:1,_ZN5neml210OnesTensorC2ERKNS_9OptionSetE
FNF:2
FNH:2
DA:32,1
DA:34,1
DA:35,1
DA:37,3
DA:38,1
DA:40,3
DA:41,1
DA:43,1
DA:44,0
DA:46,1
DA:47,2
DA:49,1
DA:50,4
DA:52,1
LF:14
LH:13
end_of_record
TN:
SF:/home/runner/work/neml2/neml2/src/neml2/user_tensors/Orientation.cxx
FN:110,116,_ZNK5neml211Orientation16expand_as_neededERKNS_3RotEj
FN:37,72,_ZN5neml211Orientation16expected_optionsEv
FN:74,78,_ZN5neml211OrientationC2ERKNS_9OptionSetE
FN:81,107,_ZNK5neml211Orientation4fillERKNS_9OptionSetE
FNDA:6,_ZNK5neml211Orientation16expand_as_neededERKNS_3RotEj
FNDA:1,_ZN5neml211Orientation16expected_optionsEv
FNDA:6,_ZN5neml211OrientationC2ERKNS_9OptionSetE
FNDA:6,_ZNK5neml211Orientation4fillERKNS_9OptionSetE
FNF:4
FNH:4
DA:37,1
DA:39,1
DA:41,1
DA:45,1
DA:47,2
DA:48,3
DA:49,1
DA:51,2
DA:52,2
DA:54,2
DA:55,1
DA:57,3
DA:58,2
DA:60,2
DA:61,3
DA:63,1
DA:65,2
DA:66,2
DA:68,2
DA:69,1
DA:71,1
DA:72,0
DA:74,6
DA:76,6
DA:78,6
DA:81,6
DA:83,6
DA:85,6
DA:86,6
DA:88,6
DA:89,6
DA:90,6
DA:91,12
DA:92,12
DA:93,12
DA:94,18
DA:95,6
DA:96,0
DA:98,0
DA:101,0
DA:103,12
DA:104,0
DA:106,6
DA:107,6
DA:110,6
DA:112,6
DA:113,0
DA:115,6
DA:116,0
LF:49
LH:42
end_of_record
TN:
SF:/home/runner/work/neml2/neml2/src/neml2/user_tensors/SymmetryFromOrbifold.cxx
FN:33,44,_ZN5neml220SymmetryFromOrbifold16expected_optionsEv
FN:46,50,_ZN5neml220SymmetryFromOrbifoldC2ERKNS_9OptionSetE
FNDA:1,_ZN5neml220SymmetryFromOrbifold16expected_optionsEv
FNDA:66,_ZN5neml220SymmetryFromOrbifoldC2ERKNS_9OptionSetE
FNF:2
FNH:2
DA:33,1
DA:35,1
DA:36,1
DA:37,1
DA:39,2
DA:40,2
DA:42,1
DA:43,1
DA:44,0
DA:46,66
DA:47,198
DA:48,132
DA:50,66
LF:13
LH:12
end_of_record
TN:
SF:/home/runner/work/neml2/neml2/src/neml2/user_tensors/UserPrimitiveTensor.cxx
FN:34,52,_ZN5neml219UserPrimitiveTensorINS_10QuaternionEE16expected_optionsEv
FN:34,52,_ZN5neml219UserPrimitiveTensorINS_11MillerIndexEE16expected_optionsEv
FN:34,52,_ZN5neml219UserPrimitiveTensorINS_2R2EE16expected_optionsEv
FN:34,52,_ZN5neml219UserPrimitiveTensorINS_2R3EE16expected_optionsEv
FN:34,52,_ZN5neml219UserPrimitiveTensorINS_2R4EE16expected_optionsEv
FN:34,52,_ZN5neml219UserPrimitiveTensorINS_2R5EE16expected_optionsEv
FN:34,52,_ZN5neml219UserPrimitiveTensorINS_2R8EE16expected_optionsEv
FN:34,52,_ZN5neml219UserPrimitiveTensorINS_3RotEE16expected_optionsEv
FN:34,52,_ZN5neml219UserPrimitiveTensorINS_3SR2EE16expected_optionsEv
FN:34,52,_ZN5neml219UserPrimitiveTensorINS_3VecEE16expected_optionsEv
FN:34,52,_ZN5neml219UserPrimitiveTensorINS_3WR2EE16expected_optionsEv
FN:34,52,_ZN5neml219UserPrimitiveTensorINS_4SFR3EE16expected_optionsEv
FN:34,52,_ZN5neml219UserPrimitiveTensorINS_4SFR4EE16expected_optionsEv
FN:34,52,_ZN5neml219UserPrimitiveTensorINS_4SSR4EE16expected_optionsEv
FN:34,52,_ZN5neml219UserPrimitiveTensorINS_4SWR4EE16expected_optionsEv
FN:34,52,_ZN5neml219UserPrimitiveTensorINS_4WFR4EE16expected_optionsEv
FN:34,52,_ZN5neml219UserPrimitiveTensorINS_4WSR4EE16expected_optionsEv
FN:34,52,_ZN5neml219UserPrimitiveTensorINS_4WWR4EE16expected_optionsEv
FN:34,52,_ZN5neml219UserPrimitiveTensorINS_5SFFR4EE16expected_optionsEv
FN:34,52,_ZN5neml219UserPrimitiveTensorINS_5SSFR5EE16expected_optionsEv
FN:34,52,_ZN5neml219UserPrimitiveTensorINS_6SSSSR8EE16expected_optionsEv
FN:34,52,_ZN5neml219UserPrimitiveTensorINS_6ScalarEE16expected_optionsEv
FN:55,73,_ZN5neml219UserPrimitiveTensorINS_10QuaternionEEC2ERKNS_9OptionSetE
FN:55,73,_ZN5neml219UserPrimitiveTensorINS_11MillerIndexEEC2ERKNS_9OptionSetE
FN:55,73,_ZN5neml219UserPrimitiveTensorINS_2R2EEC2ERKNS_9OptionSetE
FN:55,73,_ZN5neml219UserPrimitiveTensorINS_2R3EEC2ERKNS_9OptionSetE
FN:55,73,_ZN5neml219UserPrimitiveTensorINS_2R4EEC2ERKNS_9OptionSetE
FN:55,73,_ZN5neml219UserPrimitiveTensorINS_2R5EEC2ERKNS_9OptionSetE
FN:55,73,_ZN5neml219UserPrimitiveTensorINS_2R8EEC2ERKNS_9OptionSetE
FN:55,73,_ZN5neml219UserPrimitiveTensorINS_3RotEEC2ERKNS_9OptionSetE
FN:55,73,_ZN5neml219UserPrimitiveTensorINS_3SR2EEC2ERKNS_9OptionSetE
FN:55,73,_ZN5neml219UserPrimitiveTensorINS_3VecEEC2ERKNS_9OptionSetE
FN:55,73,_ZN5neml219UserPrimitiveTensorINS_3WR2EEC2ERKNS_9OptionSetE
FN:55,73,_ZN5neml219UserPrimitiveTensorINS_4SFR3EEC2ERKNS_9OptionSetE
FN:55,73,_ZN5neml219UserPrimitiveTensorINS_4SFR4EEC2ERKNS_9OptionSetE
FN:55,73,_ZN5neml219UserPrimitiveTensorINS_4SSR4EEC2ERKNS_9OptionSetE
FN:55,73,_ZN5neml219UserPrimitiveTensorINS_4SWR4EEC2ERKNS_9OptionSetE
FN:55,73,_ZN5neml219UserPrimitiveTensorINS_4WFR4EEC2ERKNS_9OptionSetE
FN:55,73,_ZN5neml219UserPrimitiveTensorINS_4WSR4EEC2ERKNS_9OptionSetE
FN:55,73,_ZN5neml219UserPrimitiveTensorINS_4WWR4EEC2ERKNS_9OptionSetE
FN:55,73,_ZN5neml219UserPrimitiveTensorINS_5SFFR4EEC2ERKNS_9OptionSetE
FN:55,73,_ZN5neml219UserPrimitiveTensorINS_5SSFR5EEC2ERKNS_9OptionSetE
FN:55,73,_ZN5neml219UserPrimitiveTensorINS_6SSSSR8EEC2ERKNS_9OptionSetE
FN:55,73,_ZN5neml219UserPrimitiveTensorINS_6ScalarEEC2ERKNS_9OptionSetE
FNDA:1,_ZN5neml219UserPrimitiveTensorINS_10QuaternionEE16expected_optionsEv
FNDA:1,_ZN5neml219UserPrimitiveTensorINS_11MillerIndexEE16expected_optionsEv
FNDA:1,_ZN5neml219UserPrimitiveTensorINS_2R2EE16expected_optionsEv
FNDA:1,_ZN5neml219UserPrimitiveTensorINS_2R3EE16expected_optionsEv
FNDA:1,_ZN5neml219UserPrimitiveTensorINS_2R4EE16expected_optionsEv
FNDA:1,_ZN5neml219UserPrimitiveTensorINS_2R5EE16expected_optionsEv
FNDA:1,_ZN5neml219UserPrimitiveTensorINS_2R8EE16expected_optionsEv
FNDA:1,_ZN5neml219UserPrimitiveTensorINS_3RotEE16expected_optionsEv
FNDA:1,_ZN5neml219UserPrimitiveTensorINS_3SR2EE16expected_optionsEv
FNDA:1,_ZN5neml219UserPrimitiveTensorINS_3VecEE16expected_optionsEv
FNDA:1,_ZN5neml219UserPrimitiveTensorINS_3WR2EE16expected_optionsEv
FNDA:1,_ZN5neml219UserPrimitiveTensorINS_4SFR3EE16expected_optionsEv
FNDA:1,_ZN5neml219UserPrimitiveTensorINS_4SFR4EE16expected_optionsEv
FNDA:1,_ZN5neml219UserPrimitiveTensorINS_4SSR4EE16expected_optionsEv
FNDA:1,_ZN5neml219UserPrimitiveTensorINS_4SWR4EE16expected_optionsEv
FNDA:1,_ZN5neml219UserPrimitiveTensorINS_4WFR4EE16expected_optionsEv
FNDA:1,_ZN5neml219UserPrimitiveTensorINS_4WSR4EE16expected_optionsEv
FNDA:1,_ZN5neml219UserPrimitiveTensorINS_4WWR4EE16expected_optionsEv
FNDA:1,_ZN5neml219UserPrimitiveTensorINS_5SFFR4EE16expected_optionsEv
FNDA:1,_ZN5neml219UserPrimitiveTensorINS_5SSFR5EE16expected_optionsEv
FNDA:1,_ZN5neml219UserPrimitiveTensorINS_6SSSSR8EE16expected_optionsEv
FNDA:1,_ZN5neml219UserPrimitiveTensorINS_6ScalarEE16expected_optionsEv
FNDA:0,_ZN5neml219UserPrimitiveTensorINS_10QuaternionEEC2ERKNS_9OptionSetE
FNDA:0,_ZN5neml219UserPrimitiveTensorINS_11MillerIndexEEC2ERKNS_9OptionSetE
FNDA:1,_ZN5neml219UserPrimitiveTensorINS_2R2EEC2ERKNS_9OptionSetE
FNDA:1,_ZN5neml219UserPrimitiveTensorINS_2R3EEC2ERKNS_9OptionSetE
FNDA:1,_ZN5neml219UserPrimitiveTensorINS_2R4EEC2ERKNS_9OptionSetE
FNDA:1,_ZN5neml219UserPrimitiveTensorINS_2R5EEC2ERKNS_9OptionSetE
FNDA:0,_ZN5neml219UserPrimitiveTensorINS_2R8EEC2ERKNS_9OptionSetE
FNDA:1,_ZN5neml219UserPrimitiveTensorINS_3RotEEC2ERKNS_9OptionSetE
FNDA:3,_ZN5neml219UserPrimitiveTensorINS_3SR2EEC2ERKNS_9OptionSetE
FNDA:25,_ZN5neml219UserPrimitiveTensorINS_3VecEEC2ERKNS_9OptionSetE
FNDA:0,_ZN5neml219UserPrimitiveTensorINS_3WR2EEC2ERKNS_9OptionSetE
FNDA:1,_ZN5neml219UserPrimitiveTensorINS_4SFR3EEC2ERKNS_9OptionSetE
FNDA:1,_ZN5neml219UserPrimitiveTensorINS_4SFR4EEC2ERKNS_9OptionSetE
FNDA:10,_ZN5neml219UserPrimitiveTensorINS_4SSR4EEC2ERKNS_9OptionSetE
FNDA:0,_ZN5neml219UserPrimitiveTensorINS_4SWR4EEC2ERKNS_9OptionSetE
FNDA:1,_ZN5neml219UserPrimitiveTensorINS_4WFR4EEC2ERKNS_9OptionSetE
FNDA:0,_ZN5neml219UserPrimitiveTensorINS_4WSR4EEC2ERKNS_9OptionSetE
FNDA:0,_ZN5neml219UserPrimitiveTensorINS_4WWR4EEC2ERKNS_9OptionSetE
FNDA:0,_ZN5neml219UserPrimitiveTensorINS_5SFFR4EEC2ERKNS_9OptionSetE
FNDA:1,_ZN5neml219UserPrimitiveTensorINS_5SSFR5EEC2ERKNS_9OptionSetE
FNDA:0,_ZN5neml219UserPrimitiveTensorINS_6SSSSR8EEC2ERKNS_9OptionSetE
FNDA:56,_ZN5neml219UserPrimitiveTensorINS_6ScalarEEC2ERKNS_9OptionSetE
FNF:44
FNH:35
DA:34,22
DA:38,22
DA:40,22
DA:41,22
DA:45,44
DA:46,22
DA:48,66
DA:49,22
DA:51,44
DA:52,22
DA:55,103
DA:56,309
DA:57,206
DA:59,103
DA:60,103
DA:61,103
DA:62,171
DA:63,46
DA:64,138
DA:66,0
DA:68,0
DA:70,0
DA:72,0
DA:73,206
LF:24
LH:20
end_of_record
TN:
SF:/home/runner/work/neml2/neml2/src/neml2/user_tensors/UserTensor.cxx
FN:33,49,_ZN5neml210UserTensor16expected_optionsEv
FN:51,71,_ZN5neml210UserTensorC2ERKNS_9OptionSetE
FNDA:1,_ZN5neml210UserTensor16expected_optionsEv
FNDA:10,_ZN5neml210UserTensorC2ERKNS_9OptionSetE
FNF:2
FNH:2
DA:33,1
DA:35,1
DA:36,1
DA:37,1
DA:39,2
DA:40,1
DA:42,3
DA:43,1
DA:45,3
DA:46,1
DA:48,1
DA:49,0
DA:51,10
DA:52,20
DA:54,10
DA:55,40
DA:57,10
DA:58,10
DA:59,10
DA:60,21
DA:61,3
DA:62,6
DA:64,1
DA:66,1
DA:68,2
DA:70,2
DA:71,22
LF:27
LH:26
end_of_record
TN:
SF:/home/runner/work/neml2/neml2/src/neml2/user_tensors/UserTensorBase.cxx
FN:30,35,_ZN5neml214UserTensorBase16expected_optionsEv
FN:37,40,_ZN5neml214UserTensorBaseC2ERKNS_9OptionSetE
FNDA:169,_ZN5neml214UserTensorBase16expected_optionsEv
FNDA:815,_ZN5neml214UserTensorBaseC2ERKNS_9OptionSetE
FNF:2
FNH:2
DA:30,169
DA:32,169
DA:33,169
DA:34,169
DA:35,0
DA:37,815
DA:38,815
DA:40,815
LF:8
LH:7
end_of_record
TN:
SF:/home/runner/work/neml2/neml2/src/neml2/user_tensors/ZerosPrimitiveTensor.cxx
FN:33,46,_ZN5neml220ZerosPrimitiveTensorINS_10QuaternionEE16expected_optionsEv
FN:33,46,_ZN5neml220ZerosPrimitiveTensorINS_11MillerIndexEE16expected_optionsEv
FN:33,46,_ZN5neml220ZerosPrimitiveTensorINS_2R2EE16expected_optionsEv
FN:33,46,_ZN5neml220ZerosPrimitiveTensorINS_2R3EE16expected_optionsEv
FN:33,46,_ZN5neml220ZerosPrimitiveTensorINS_2R4EE16expected_optionsEv
FN:33,46,_ZN5neml220ZerosPrimitiveTensorINS_2R5EE16expected_optionsEv
FN:33,46,_ZN5neml220ZerosPrimitiveTensorINS_2R8EE16expected_optionsEv
FN:33,46,_ZN5neml220ZerosPrimitiveTensorINS_3RotEE16expected_optionsEv
FN:33,46,_ZN5neml220ZerosPrimitiveTensorINS_3SR2EE16expected_optionsEv
FN:33,46,_ZN5neml220ZerosPrimitiveTensorINS_3VecEE16expected_optionsEv
FN:33,46,_ZN5neml220ZerosPrimitiveTensorINS_3WR2EE16expected_optionsEv
FN:33,46,_ZN5neml220ZerosPrimitiveTensorINS_4SFR3EE16expected_optionsEv
FN:33,46,_ZN5neml220ZerosPrimitiveTensorINS_4SFR4EE16expected_optionsEv
FN:33,46,_ZN5neml220ZerosPrimitiveTensorINS_4SSR4EE16expected_optionsEv
FN:33,46,_ZN5neml220ZerosPrimitiveTensorINS_4SWR4EE16expected_optionsEv
FN:33,46,_ZN5neml220ZerosPrimitiveTensorINS_4WFR4EE16expected_optionsEv
FN:33,46,_ZN5neml220ZerosPrimitiveTensorINS_4WSR4EE16expected_optionsEv
FN:33,46,_ZN5neml220ZerosPrimitiveTensorINS_4WWR4EE16expected_optionsEv
FN:33,46,_ZN5neml220ZerosPrimitiveTensorINS_5SFFR4EE16expected_optionsEv
FN:33,46,_ZN5neml220ZerosPrimitiveTensorINS_5SSFR5EE16expected_optionsEv
FN:33,46,_ZN5neml220ZerosPrimitiveTensorINS_6SSSSR8EE16expected_optionsEv
FN:33,46,_ZN5neml220ZerosPrimitiveTensorINS_6ScalarEE16expected_optionsEv
FN:49,53,_ZN5neml220ZerosPrimitiveTensorINS_10QuaternionEEC2ERKNS_9OptionSetE
FN:49,53,_ZN5neml220ZerosPrimitiveTensorINS_11MillerIndexEEC2ERKNS_9OptionSetE
FN:49,53,_ZN5neml220ZerosPrimitiveTensorINS_2R2EEC2ERKNS_9OptionSetE
FN:49,53,_ZN5neml220ZerosPrimitiveTensorINS_2R3EEC2ERKNS_9OptionSetE
FN:49,53,_ZN5neml220ZerosPrimitiveTensorINS_2R4EEC2ERKNS_9OptionSetE
FN:49,53,_ZN5neml220ZerosPrimitiveTensorINS_2R5EEC2ERKNS_9OptionSetE
FN:49,53,_ZN5neml220ZerosPrimitiveTensorINS_2R8EEC2ERKNS_9OptionSetE
FN:49,53,_ZN5neml220ZerosPrimitiveTensorINS_3RotEEC2ERKNS_9OptionSetE
FN:49,53,_ZN5neml220ZerosPrimitiveTensorINS_3SR2EEC2ERKNS_9OptionSetE
FN:49,53,_ZN5neml220ZerosPrimitiveTensorINS_3VecEEC2ERKNS_9OptionSetE
FN:49,53,_ZN5neml220ZerosPrimitiveTensorINS_3WR2EEC2ERKNS_9OptionSetE
FN:49,53,_ZN5neml220ZerosPrimitiveTensorINS_4SFR3EEC2ERKNS_9OptionSetE
FN:49,53,_ZN5neml220ZerosPrimitiveTensorINS_4SFR4EEC2ERKNS_9OptionSetE
FN:49,53,_ZN5neml220ZerosPrimitiveTensorINS_4SSR4EEC2ERKNS_9OptionSetE
FN:49,53,_ZN5neml220ZerosPrimitiveTensorINS_4SWR4EEC2ERKNS_9OptionSetE
FN:49,53,_ZN5neml220ZerosPrimitiveTensorINS_4WFR4EEC2ERKNS_9OptionSetE
FN:49,53,_ZN5neml220ZerosPrimitiveTensorINS_4WSR4EEC2ERKNS_9OptionSetE
FN:49,53,_ZN5neml220ZerosPrimitiveTensorINS_4WWR4EEC2ERKNS_9OptionSetE
FN:49,53,_ZN5neml220ZerosPrimitiveTensorINS_5SFFR4EEC2ERKNS_9OptionSetE
FN:49,53,_ZN5neml220ZerosPrimitiveTensorINS_5SSFR5EEC2ERKNS_9OptionSetE
FN:49,53,_ZN5neml220ZerosPrimitiveTensorINS_6SSSSR8EEC2ERKNS_9OptionSetE
FN:49,53,_ZN5neml220ZerosPrimitiveTensorINS_6ScalarEEC2ERKNS_9OptionSetE
FNDA:1,_ZN5neml220ZerosPrimitiveTensorINS_10QuaternionEE16expected_optionsEv
FNDA:1,_ZN5neml220ZerosPrimitiveTensorINS_11MillerIndexEE16expected_optionsEv
FNDA:1,_ZN5neml220ZerosPrimitiveTensorINS_2R2EE16expected_optionsEv
FNDA:1,_ZN5neml220ZerosPrimitiveTensorINS_2R3EE16expected_optionsEv
FNDA:1,_ZN5neml220ZerosPrimitiveTensorINS_2R4EE16expected_optionsEv
FNDA:1,_ZN5neml220ZerosPrimitiveTensorINS_2R5EE16expected_optionsEv
FNDA:1,_ZN5neml220ZerosPrimitiveTensorINS_2R8EE16expected_optionsEv
FNDA:1,_ZN5neml220ZerosPrimitiveTensorINS_3RotEE16expected_optionsEv
FNDA:1,_ZN5neml220ZerosPrimitiveTensorINS_3SR2EE16expected_optionsEv
FNDA:1,_ZN5neml220ZerosPrimitiveTensorINS_3VecEE16expected_optionsEv
FNDA:1,_ZN5neml220ZerosPrimitiveTensorINS_3WR2EE16expected_optionsEv
FNDA:1,_ZN5neml220ZerosPrimitiveTensorINS_4SFR3EE16expected_optionsEv
FNDA:1,_ZN5neml220ZerosPrimitiveTensorINS_4SFR4EE16expected_optionsEv
FNDA:1,_ZN5neml220ZerosPrimitiveTensorINS_4SSR4EE16expected_optionsEv
FNDA:1,_ZN5neml220ZerosPrimitiveTensorINS_4SWR4EE16expected_optionsEv
FNDA:1,_ZN5neml220ZerosPrimitiveTensorINS_4WFR4EE16expected_optionsEv
FNDA:1,_ZN5neml220ZerosPrimitiveTensorINS_4WSR4EE16expected_optionsEv
FNDA:1,_ZN5neml220ZerosPrimitiveTensorINS_4WWR4EE16expected_optionsEv
FNDA:1,_ZN5neml220ZerosPrimitiveTensorINS_5SFFR4EE16expected_optionsEv
FNDA:1,_ZN5neml220ZerosPrimitiveTensorINS_5SSFR5EE16expected_optionsEv
FNDA:1,_ZN5neml220ZerosPrimitiveTensorINS_6SSSSR8EE16expected_optionsEv
FNDA:1,_ZN5neml220ZerosPrimitiveTensorINS_6ScalarEE16expected_optionsEv
FNDA:0,_ZN5neml220ZerosPrimitiveTensorINS_10QuaternionEEC2ERKNS_9OptionSetE
FNDA:0,_ZN5neml220ZerosPrimitiveTensorINS_11MillerIndexEEC2ERKNS_9OptionSetE
FNDA:1,_ZN5neml220ZerosPrimitiveTensorINS_2R2EEC2ERKNS_9OptionSetE
FNDA:1,_ZN5neml220ZerosPrimitiveTensorINS_2R3EEC2ERKNS_9OptionSetE
FNDA:1,_ZN5neml220ZerosPrimitiveTensorINS_2R4EEC2ERKNS_9OptionSetE
FNDA:1,_ZN5neml220ZerosPrimitiveTensorINS_2R5EEC2ERKNS_9OptionSetE
FNDA:0,_ZN5neml220ZerosPrimitiveTensorINS_2R8EEC2ERKNS_9OptionSetE
FNDA:1,_ZN5neml220ZerosPrimitiveTensorINS_3RotEEC2ERKNS_9OptionSetE
FNDA:1,_ZN5neml220ZerosPrimitiveTensorINS_3SR2EEC2ERKNS_9OptionSetE
FNDA:1,_ZN5neml220ZerosPrimitiveTensorINS_3VecEEC2ERKNS_9OptionSetE
FNDA:0,_ZN5neml220ZerosPrimitiveTensorINS_3WR2EEC2ERKNS_9OptionSetE
FNDA:1,_ZN5neml220ZerosPrimitiveTensorINS_4SFR3EEC2ERKNS_9OptionSetE
FNDA:1,_ZN5neml220ZerosPrimitiveTensorINS_4SFR4EEC2ERKNS_9OptionSetE
FNDA:1,_ZN5neml220ZerosPrimitiveTensorINS_4SSR4EEC2ERKNS_9OptionSetE
FNDA:0,_ZN5neml220ZerosPrimitiveTensorINS_4SWR4EEC2ERKNS_9OptionSetE
FNDA:1,_ZN5neml220ZerosPrimitiveTensorINS_4WFR4EEC2ERKNS_9OptionSetE
FNDA:0,_ZN5neml220ZerosPrimitiveTensorINS_4WSR4EEC2ERKNS_9OptionSetE
FNDA:0,_ZN5neml220ZerosPrimitiveTensorINS_4WWR4EEC2ERKNS_9OptionSetE
FNDA:0,_ZN5neml220ZerosPrimitiveTensorINS_5SFFR4EEC2ERKNS_9OptionSetE
FNDA:1,_ZN5neml220ZerosPrimitiveTensorINS_5SSFR5EEC2ERKNS_9OptionSetE
FNDA:0,_ZN5neml220ZerosPrimitiveTensorINS_6SSSSR8EEC2ERKNS_9OptionSetE
FNDA:1,_ZN5neml220ZerosPrimitiveTensorINS_6ScalarEEC2ERKNS_9OptionSetE
FNF:44
FNH:35
DA:33,22
DA:37,22
DA:39,22
DA:40,22
DA:42,66
DA:43,22
DA:45,44
DA:46,22
DA:49,13
DA:50,39
DA:51,26
DA:53,13
LF:12
LH:12
end_of_record
TN:
SF:/home/runner/work/neml2/neml2/src/neml2/user_tensors/ZerosTensor.cxx
FN:32,44,_ZN5neml211ZerosTensor16expected_optionsEv
FN:46,52,_ZN5neml211ZerosTensorC2ERKNS_9OptionSetE
FNDA:1,_ZN5neml211ZerosTensor16expected_optionsEv
FNDA:1,_ZN5neml211ZerosTensorC2ERKNS_9OptionSetE
FNF:2
FNH:2
DA:32,1
DA:34,1
DA:35,1
DA:37,3
DA:38,1
DA:40,3
DA:41,1
DA:43,1
DA:44,0
DA:46,1
DA:47,2
DA:49,1
DA:50,4
DA:52,1
LF:14
LH:13
end_of_record
