TN:
SF:/home/runner/work/neml2/neml2/src/neml2/base/DiagnosticsInterface.cxx
FN:31,35,_ZN5neml210DiagnosingC2Eb
FN:37,37,_ZN5neml210DiagnosingD2Ev
FN:40,44,_ZN5neml224current_diagnostic_stateEv
FN:47,51,_ZN5neml217current_diagnosesEv
FN:54,77,_ZN5neml28diagnoseERKNS_20DiagnosticsInterfaceE
FN:79,82,_ZN5neml220DiagnosticsInterfaceC2EPNS_11NEML2ObjectE
FNDA:245,_ZN5neml210DiagnosingC2Eb
FNDA:245,_ZN5neml210DiagnosingD2Ev
FNDA:984,_ZN5neml224current_diagnostic_stateEv
FNDA:401,_ZN5neml217current_diagnosesEv
FNDA:245,_ZN5neml28diagnoseERKNS_20DiagnosticsInterfaceE
FNDA:555,_ZN5neml220DiagnosticsInterfaceC2EPNS_11NEML2ObjectE
FNF:6
FNH:6
DA:31,245
DA:32,245
DA:34,245
DA:35,245
DA:37,245
DA:40,984
DA:42,984
DA:43,984
DA:47,401
DA:49,401
DA:50,401
DA:54,245
DA:56,245
DA:57,245
DA:58,245
DA:62,245
DA:63,245
DA:64,245
DA:67,245
DA:70,245
DA:72,152
DA:73,152
DA:76,245
DA:77,0
DA:79,555
DA:80,555
DA:82,555
LF:27
LH:26
end_of_record
TN:
SF:/home/runner/work/neml2/neml2/src/neml2/base/EnumSelection.cxx
FN:32,36,_ZN5neml2lsERSoRKNS_13EnumSelectionE
FN:39,43,_ZN5neml2rsERSt18basic_stringstreamIcSt11char_traitsIcESaIcEERNS_13EnumSelectionE
FN:45,50,_ZN5neml213EnumSelectionC2ERKSt6vectorISsSaISsEERKSs
FN:52,58,_ZN5neml213EnumSelectionC2ERKSt6vectorISsSaISsEERKS1_IiSaIiEERKSs
FN:61,65,_ZNK5neml213EnumSelectioneqERKS0_
FN:68,71,_ZNK5neml213EnumSelectionneERKS0_
FN:74,77,_ZNK5neml213EnumSelectioneqERKSs
FN:80,83,_ZNK5neml213EnumSelectionneERKSs
FN:86,93,_ZN5neml213EnumSelection6selectERKSs
FNDA:1,_ZN5neml2lsERSoRKNS_13EnumSelectionE
FNDA:37,_ZN5neml2rsERSt18basic_stringstreamIcSt11char_traitsIcESaIcEERNS_13EnumSelectionE
FNDA:25,_ZN5neml213EnumSelectionC2ERKSt6vectorISsSaISsEERKSs
FNDA:680,_ZN5neml213EnumSelectionC2ERKSt6vectorISsSaISsEERKS1_IiSaIiEERKSs
FNDA:7,_ZNK5neml213EnumSelectioneqERKS0_
FNDA:5,_ZNK5neml213EnumSelectionneERKS0_
FNDA:363,_ZNK5neml213EnumSelectioneqERKSs
FNDA:0,_ZNK5neml213EnumSelectionneERKSs
FNDA:739,_ZN5neml213EnumSelection6selectERKSs
FNF:9
FNH:8
DA:32,1
DA:34,1
DA:35,1
DA:39,37
DA:41,37
DA:42,36
DA:45,25
DA:46,25
DA:47,49
DA:49,24
DA:50,25
DA:52,680
DA:54,680
DA:55,1358
DA:57,678
DA:58,679
DA:61,7
DA:63,9
DA:64,9
DA:68,5
DA:70,5
DA:74,363
DA:76,363
DA:80,0
DA:82,0
DA:86,739
DA:88,739
DA:90,1478
DA:91,736
DA:92,736
DA:93,736
LF:31
LH:29
end_of_record
TN:
SF:/home/runner/work/neml2/neml2/src/neml2/base/EnumSelectionBase.cxx
FN:31,40,_ZN5neml217EnumSelectionBaseC2ERKSt6vectorISsSaISsEE
FN:42,57,_ZN5neml217EnumSelectionBaseC2ERKSt6vectorISsSaISsEERKS1_IiSaIiEE
FN:60,66,_ZNK5neml217EnumSelectionBase14candidates_strEv
FNDA:28,_ZN5neml217EnumSelectionBaseC2ERKSt6vectorISsSaISsEE
FNDA:697,_ZN5neml217EnumSelectionBaseC2ERKSt6vectorISsSaISsEERKS1_IiSaIiEE
FNDA:1514,_ZNK5neml217EnumSelectionBase14candidates_strEv
FNF:3
FNH:3
DA:31,28
DA:33,28
DA:34,28
DA:37,27
DA:38,91
DA:39,64
DA:40,29
DA:42,697
DA:43,697
DA:45,697
DA:48,696
DA:49,696
DA:52,696
DA:53,696
DA:55,3480
DA:56,2785
DA:57,699
DA:60,1514
DA:62,1514
DA:63,7663
DA:64,6149
DA:65,3028
DA:66,1514
LF:23
LH:23
end_of_record
TN:
SF:/home/runner/work/neml2/neml2/src/neml2/base/Factory.cxx
FN:120,123,_ZN5neml27Factory5clearEv
FN:34,48,_ZN5neml210load_inputERKNSt10filesystem4pathERKSs
FN:51,55,_ZN5neml212reload_inputERKNSt10filesystem4pathERKSs
FN:58,62,_ZN5neml27Factory3getEv
FN:65,69,_ZN5neml27Factory7optionsEv
FN:72,76,_ZN5neml27Factory10has_objectERKSsS2_
FN:79,82,_ZN5neml27Factory12load_optionsERKNS_16OptionCollectionE
FN:85,103,_ZN5neml27Factory13create_objectERKSsRKNS_9OptionSetE
FNDA:326,_ZN5neml27Factory5clearEv
FNDA:325,_ZN5neml210load_inputERKNSt10filesystem4pathERKSs
FNDA:324,_ZN5neml212reload_inputERKNSt10filesystem4pathERKSs
FNDA:1789,_ZN5neml27Factory3getEv
FNDA:3352,_ZN5neml27Factory7optionsEv
FNDA:0,_ZN5neml27Factory10has_objectERKSsS2_
FNDA:325,_ZN5neml27Factory12load_optionsERKNS_16OptionCollectionE
FNDA:1337,_ZN5neml27Factory13create_objectERKSsRKNS_9OptionSetE
FNF:8
FNH:7
DA:34,325
DA:36,325
DA:39,325
DA:41,325
DA:42,325
DA:43,325
DA:45,0
DA:47,323
DA:48,325
DA:51,324
DA:53,324
DA:54,324
DA:55,322
DA:58,1789
DA:60,1789
DA:61,1789
DA:65,3352
DA:67,3352
DA:68,3352
DA:72,0
DA:74,0
DA:75,0
DA:79,325
DA:81,325
DA:82,325
DA:85,1337
DA:87,1337
DA:88,1337
DA:90,1337
DA:91,1337
DA:92,1335
DA:96,1335
DA:98,0
DA:100,0
DA:101,0
DA:102,0
DA:103,1335
DA:120,326
DA:122,326
DA:123,326
LF:40
LH:32
end_of_record
TN:
SF:/home/runner/work/neml2/neml2/src/neml2/base/HITParser.cxx
FN:103,117,_ZNK5neml29HITParser22extract_object_optionsEPN3hit4NodeES3_
FN:120,125,_ZNK5neml29HITParser15extract_optionsEPN3hit4NodeERNS_9OptionSetE
FN:129,182,_ZNK5neml29HITParser14extract_optionEPN3hit4NodeERNS_9OptionSetE
FN:40,100,_ZNK5neml29HITParser5parseERKNSt10filesystem4pathERKSs
FNDA:3252,_ZNK5neml29HITParser22extract_object_optionsEPN3hit4NodeES3_
FNDA:3264,_ZNK5neml29HITParser15extract_optionsEPN3hit4NodeERNS_9OptionSetE
FNDA:7089,_ZNK5neml29HITParser14extract_optionEPN3hit4NodeERNS_9OptionSetE
FNDA:336,_ZNK5neml29HITParser5parseERKNSt10filesystem4pathERKSs
FNF:4
FNH:4
DA:40,336
DA:43,336
DA:44,336
DA:47,336
DA:48,336
DA:49,336
DA:52,336
DA:53,336
DA:56,336
DA:59,336
DA:60,336
DA:61,336
DA:64,336
DA:65,336
DA:66,336
DA:67,672
DA:68,336
DA:69,336
DA:71,336
DA:74,672
DA:75,336
DA:76,12
DA:82,336
DA:85,2340
DA:87,2007
DA:88,2007
DA:90,647
DA:91,3896
DA:93,3252
DA:94,3249
DA:95,3249
DA:96,647
DA:99,666
DA:100,360
DA:103,3252
DA:106,6504
DA:108,3252
DA:109,3252
DA:112,3249
DA:113,3249
DA:114,3249
DA:116,6498
DA:117,3255
DA:120,3264
DA:122,13602
DA:123,10341
DA:124,10350
DA:125,3261
DA:129,7089
DA:143,7089
DA:145,7089
DA:146,81717
DA:147,81717
DA:149,7089
DA:151,7089
DA:154,7088
DA:158,7088
DA:159,5611
DA:160,5482
DA:161,5449
DA:162,5410
DA:163,5410
DA:164,4560
DA:165,3353
DA:166,2401
DA:167,1774
DA:168,1739
DA:169,1721
DA:170,30
DA:171,30
DA:176,7086
DA:178,7086
DA:180,7086
DA:182,7086
LF:74
LH:74
end_of_record
TN:
SF:/home/runner/work/neml2/neml2/src/neml2/base/LabeledAxis.cxx
FN:147,160,_ZNK5neml211LabeledAxis4sizeEv
FN:163,191,_ZNK5neml211LabeledAxis4sizeERKNS_19LabeledAxisAccessorE
FN:194,214,_ZNK5neml211LabeledAxis5sliceERKNS_19LabeledAxisAccessorE
FN:217,228,_ZNK5neml211LabeledAxis9nvariableEv
FN:231,246,_ZNK5neml211LabeledAxis12has_variableERKNS_19LabeledAxisAccessorE
FN:249,260,_ZNK5neml211LabeledAxis11variable_idERKNS_19LabeledAxisAccessorE
FN:263,267,_ZNK5neml211LabeledAxis14variable_namesEv
FN:270,274,_ZNK5neml211LabeledAxis15variable_slicesEv
FN:277,281,_ZNK5neml211LabeledAxis14variable_sliceERKNS_19LabeledAxisAccessorE
FN:284,288,_ZNK5neml211LabeledAxis14variable_sizesEv
FN:291,310,_ZNK5neml211LabeledAxis13variable_sizeERKNS_19LabeledAxisAccessorE
FN:313,316,_ZNK5neml211LabeledAxis8nsubaxisEv
FN:319,329,_ZNK5neml211LabeledAxis11has_subaxisERKNS_19LabeledAxisAccessorE
FN:33,36,_ZN5neml211LabeledAxisC2ENS_19LabeledAxisAccessorE
FN:332,342,_ZNK5neml211LabeledAxis10subaxis_idERKSs
FN:345,349,_ZNK5neml211LabeledAxis7subaxesEv
FN:352,364,_ZNK5neml211LabeledAxis7subaxisERKNS_19LabeledAxisAccessorE
FN:367,371,_ZN5neml211LabeledAxis7subaxisERKNS_19LabeledAxisAccessorE
FN:374,378,_ZNK5neml211LabeledAxis13subaxis_namesEv
FN:381,385,_ZNK5neml211LabeledAxis14subaxis_slicesEv
FN:388,403,_ZNK5neml211LabeledAxis13subaxis_sliceERKNS_19LabeledAxisAccessorE
FN:39,42,_ZNK5neml211LabeledAxis7qualifyERKNS_19LabeledAxisAccessorE
FN:406,410,_ZNK5neml211LabeledAxis13subaxis_sizesEv
FN:413,423,_ZNK5neml211LabeledAxis12subaxis_sizeERKNS_19LabeledAxisAccessorE
FN:426,447,_ZNK5neml211LabeledAxis6equalsERKS0_
FN:45,55,_ZN5neml211LabeledAxis11add_subaxisERKSs
FN:450,464,_ZN5neml211LabeledAxis22cache_reserved_subaxisERKSs
FN:467,470,_ZNK5neml211LabeledAxis16ensure_setup_dbgEv
FN:473,500,_ZN5neml2lsERSoRKNS_11LabeledAxisE
FN:503,506,_ZN5neml2eqERKNS_11LabeledAxisES2_
FN:509,512,_ZN5neml2neERKNS_11LabeledAxisES2_
FN:58,73,_ZN5neml211LabeledAxis12add_variableERKNS_19LabeledAxisAccessorEl
FN:77,81,_ZN5neml211LabeledAxis12add_variableINS_10QuaternionEEEvRKNS_19LabeledAxisAccessorE
FN:77,81,_ZN5neml211LabeledAxis12add_variableINS_11MillerIndexEEEvRKNS_19LabeledAxisAccessorE
FN:77,81,_ZN5neml211LabeledAxis12add_variableINS_2R2EEEvRKNS_19LabeledAxisAccessorE
FN:77,81,_ZN5neml211LabeledAxis12add_variableINS_2R3EEEvRKNS_19LabeledAxisAccessorE
FN:77,81,_ZN5neml211LabeledAxis12add_variableINS_2R4EEEvRKNS_19LabeledAxisAccessorE
FN:77,81,_ZN5neml211LabeledAxis12add_variableINS_2R5EEEvRKNS_19LabeledAxisAccessorE
FN:77,81,_ZN5neml211LabeledAxis12add_variableINS_2R8EEEvRKNS_19LabeledAxisAccessorE
FN:77,81,_ZN5neml211LabeledAxis12add_variableINS_3RotEEEvRKNS_19LabeledAxisAccessorE
FN:77,81,_ZN5neml211LabeledAxis12add_variableINS_3SR2EEEvRKNS_19LabeledAxisAccessorE
FN:77,81,_ZN5neml211LabeledAxis12add_variableINS_3VecEEEvRKNS_19LabeledAxisAccessorE
FN:77,81,_ZN5neml211LabeledAxis12add_variableINS_3WR2EEEvRKNS_19LabeledAxisAccessorE
FN:77,81,_ZN5neml211LabeledAxis12add_variableINS_4SFR3EEEvRKNS_19LabeledAxisAccessorE
FN:77,81,_ZN5neml211LabeledAxis12add_variableINS_4SFR4EEEvRKNS_19LabeledAxisAccessorE
FN:77,81,_ZN5neml211LabeledAxis12add_variableINS_4SSR4EEEvRKNS_19LabeledAxisAccessorE
FN:77,81,_ZN5neml211LabeledAxis12add_variableINS_4SWR4EEEvRKNS_19LabeledAxisAccessorE
FN:77,81,_ZN5neml211LabeledAxis12add_variableINS_4WFR4EEEvRKNS_19LabeledAxisAccessorE
FN:77,81,_ZN5neml211LabeledAxis12add_variableINS_4WSR4EEEvRKNS_19LabeledAxisAccessorE
FN:77,81,_ZN5neml211LabeledAxis12add_variableINS_4WWR4EEEvRKNS_19LabeledAxisAccessorE
FN:77,81,_ZN5neml211LabeledAxis12add_variableINS_5SFFR4EEEvRKNS_19LabeledAxisAccessorE
FN:77,81,_ZN5neml211LabeledAxis12add_variableINS_5SSFR5EEEvRKNS_19LabeledAxisAccessorE
FN:77,81,_ZN5neml211LabeledAxis12add_variableINS_6SSSSR8EEEvRKNS_19LabeledAxisAccessorE
FN:77,81,_ZN5neml211LabeledAxis12add_variableINS_6ScalarEEEvRKNS_19LabeledAxisAccessorE
FN:87,144,_ZN5neml211LabeledAxis12setup_layoutEv
FNDA:1472,_ZNK5neml211LabeledAxis4sizeEv
FNDA:78,_ZNK5neml211LabeledAxis4sizeERKNS_19LabeledAxisAccessorE
FNDA:27,_ZNK5neml211LabeledAxis5sliceERKNS_19LabeledAxisAccessorE
FNDA:360,_ZNK5neml211LabeledAxis9nvariableEv
FNDA:14557,_ZNK5neml211LabeledAxis12has_variableERKNS_19LabeledAxisAccessorE
FNDA:88,_ZNK5neml211LabeledAxis11variable_idERKNS_19LabeledAxisAccessorE
FNDA:25182,_ZNK5neml211LabeledAxis14variable_namesEv
FNDA:16,_ZNK5neml211LabeledAxis15variable_slicesEv
FNDA:40,_ZNK5neml211LabeledAxis14variable_sliceERKNS_19LabeledAxisAccessorE
FNDA:56467,_ZNK5neml211LabeledAxis14variable_sizesEv
FNDA:62,_ZNK5neml211LabeledAxis13variable_sizeERKNS_19LabeledAxisAccessorE
FNDA:13,_ZNK5neml211LabeledAxis8nsubaxisEv
FNDA:27,_ZNK5neml211LabeledAxis11has_subaxisERKNS_19LabeledAxisAccessorE
FNDA:2074,_ZN5neml211LabeledAxisC2ENS_19LabeledAxisAccessorE
FNDA:17,_ZNK5neml211LabeledAxis10subaxis_idERKSs
FNDA:2,_ZNK5neml211LabeledAxis7subaxesEv
FNDA:6659,_ZNK5neml211LabeledAxis7subaxisERKNS_19LabeledAxisAccessorE
FNDA:6571,_ZN5neml211LabeledAxis7subaxisERKNS_19LabeledAxisAccessorE
FNDA:9,_ZNK5neml211LabeledAxis13subaxis_namesEv
FNDA:3,_ZNK5neml211LabeledAxis14subaxis_slicesEv
FNDA:14,_ZNK5neml211LabeledAxis13subaxis_sliceERKNS_19LabeledAxisAccessorE
FNDA:24665,_ZNK5neml211LabeledAxis7qualifyERKNS_19LabeledAxisAccessorE
FNDA:9,_ZNK5neml211LabeledAxis13subaxis_sizesEv
FNDA:14,_ZNK5neml211LabeledAxis12subaxis_sizeERKNS_19LabeledAxisAccessorE
FNDA:10,_ZNK5neml211LabeledAxis6equalsERKS0_
FNDA:2074,_ZN5neml211LabeledAxis11add_subaxisERKSs
FNDA:1498,_ZN5neml211LabeledAxis22cache_reserved_subaxisERKSs
FNDA:81874,_ZNK5neml211LabeledAxis16ensure_setup_dbgEv
FNDA:0,_ZN5neml2lsERSoRKNS_11LabeledAxisE
FNDA:6,_ZN5neml2eqERKNS_11LabeledAxisES2_
FNDA:4,_ZN5neml2neERKNS_11LabeledAxisES2_
FNDA:3818,_ZN5neml211LabeledAxis12add_variableERKNS_19LabeledAxisAccessorEl
FNDA:0,_ZN5neml211LabeledAxis12add_variableINS_10QuaternionEEEvRKNS_19LabeledAxisAccessorE
FNDA:0,_ZN5neml211LabeledAxis12add_variableINS_11MillerIndexEEEvRKNS_19LabeledAxisAccessorE
FNDA:0,_ZN5neml211LabeledAxis12add_variableINS_2R2EEEvRKNS_19LabeledAxisAccessorE
FNDA:0,_ZN5neml211LabeledAxis12add_variableINS_2R3EEEvRKNS_19LabeledAxisAccessorE
FNDA:0,_ZN5neml211LabeledAxis12add_variableINS_2R4EEEvRKNS_19LabeledAxisAccessorE
FNDA:0,_ZN5neml211LabeledAxis12add_variableINS_2R5EEEvRKNS_19LabeledAxisAccessorE
FNDA:0,_ZN5neml211LabeledAxis12add_variableINS_2R8EEEvRKNS_19LabeledAxisAccessorE
FNDA:0,_ZN5neml211LabeledAxis12add_variableINS_3RotEEEvRKNS_19LabeledAxisAccessorE
FNDA:136,_ZN5neml211LabeledAxis12add_variableINS_3SR2EEEvRKNS_19LabeledAxisAccessorE
FNDA:0,_ZN5neml211LabeledAxis12add_variableINS_3VecEEEvRKNS_19LabeledAxisAccessorE
FNDA:0,_ZN5neml211LabeledAxis12add_variableINS_3WR2EEEvRKNS_19LabeledAxisAccessorE
FNDA:0,_ZN5neml211LabeledAxis12add_variableINS_4SFR3EEEvRKNS_19LabeledAxisAccessorE
FNDA:0,_ZN5neml211LabeledAxis12add_variableINS_4SFR4EEEvRKNS_19LabeledAxisAccessorE
FNDA:0,_ZN5neml211LabeledAxis12add_variableINS_4SSR4EEEvRKNS_19LabeledAxisAccessorE
FNDA:0,_ZN5neml211LabeledAxis12add_variableINS_4SWR4EEEvRKNS_19LabeledAxisAccessorE
FNDA:0,_ZN5neml211LabeledAxis12add_variableINS_4WFR4EEEvRKNS_19LabeledAxisAccessorE
FNDA:0,_ZN5neml211LabeledAxis12add_variableINS_4WSR4EEEvRKNS_19LabeledAxisAccessorE
FNDA:0,_ZN5neml211LabeledAxis12add_variableINS_4WWR4EEEvRKNS_19LabeledAxisAccessorE
FNDA:0,_ZN5neml211LabeledAxis12add_variableINS_5SFFR4EEEvRKNS_19LabeledAxisAccessorE
FNDA:0,_ZN5neml211LabeledAxis12add_variableINS_5SSFR5EEEvRKNS_19LabeledAxisAccessorE
FNDA:0,_ZN5neml211LabeledAxis12add_variableINS_6SSSSR8EEEvRKNS_19LabeledAxisAccessorE
FNDA:181,_ZN5neml211LabeledAxis12add_variableINS_6ScalarEEEvRKNS_19LabeledAxisAccessorE
FNDA:2273,_ZN5neml211LabeledAxis12setup_layoutEv
FNF:55
FNH:34
DA:33,2074
DA:34,2074
DA:36,2074
DA:39,24665
DA:41,24665
DA:45,2074
DA:47,2074
DA:48,2074
DA:49,2074
DA:50,2074
DA:51,2074
DA:52,2074
DA:53,1498
DA:54,4148
DA:58,3818
DA:60,3818
DA:61,3818
DA:63,3818
DA:65,1870
DA:67,1870
DA:69,1870
DA:72,1948
DA:73,3818
DA:77,317
DA:79,317
DA:80,317
DA:81,317
DA:87,2273
DA:90,2273
DA:92,2273
DA:93,2273
DA:94,2273
DA:95,2273
DA:97,2273
DA:98,2273
DA:99,2273
DA:100,2273
DA:101,2273
DA:104,3975
DA:106,1702
DA:107,1702
DA:108,1702
DA:109,1702
DA:110,1702
DA:114,3708
DA:116,1435
DA:117,1435
DA:118,1435
DA:119,1435
DA:120,1435
DA:121,1435
DA:122,1435
DA:123,1435
DA:126,3593
DA:128,2158
DA:129,2158
DA:130,2158
DA:131,2158
DA:132,2158
DA:135,2158
DA:136,2158
DA:137,2158
DA:138,2158
DA:139,2158
DA:143,2273
DA:144,2273
DA:147,1472
DA:150,1472
DA:151,1449
DA:154,23
DA:155,69
DA:156,46
DA:157,32
DA:158,9
DA:159,23
DA:163,78
DA:165,78
DA:168,78
DA:170,46
DA:171,46
DA:172,36
DA:174,10
DA:175,10
DA:180,10
DA:184,32
DA:185,32
DA:190,32
DA:194,27
DA:196,27
DA:197,27
DA:200,27
DA:202,22
DA:203,22
DA:207,5
DA:212,5
DA:213,5
DA:217,360
DA:220,360
DA:221,351
DA:224,9
DA:225,14
DA:226,5
DA:227,9
DA:231,14557
DA:233,14557
DA:236,14557
DA:237,13817
DA:238,27634
DA:241,740
DA:242,268
DA:244,472
DA:245,472
DA:249,88
DA:251,88
DA:252,88
DA:253,88
DA:254,88
DA:259,176
DA:263,25182
DA:265,25182
DA:266,25182
DA:270,16
DA:272,16
DA:273,16
DA:277,40
DA:279,40
DA:280,40
DA:284,56467
DA:286,56467
DA:287,56467
DA:291,62
DA:294,62
DA:295,30
DA:298,32
DA:300,18
DA:301,18
DA:302,18
DA:303,18
DA:306,14
DA:307,14
DA:308,14
DA:309,14
DA:313,13
DA:315,13
DA:319,27
DA:321,27
DA:323,27
DA:325,27
DA:326,23
DA:328,4
DA:332,17
DA:334,17
DA:335,17
DA:336,17
DA:341,34
DA:345,2
DA:347,2
DA:348,2
DA:352,6659
DA:354,6659
DA:356,6659
DA:357,6659
DA:358,6659
DA:360,6659
DA:361,6655
DA:363,4
DA:367,6571
DA:370,6571
DA:374,9
DA:376,9
DA:377,9
DA:381,3
DA:383,3
DA:384,3
DA:388,14
DA:390,14
DA:393,14
DA:394,10
DA:397,4
DA:398,4
DA:399,4
DA:400,4
DA:401,4
DA:402,4
DA:406,9
DA:408,9
DA:409,9
DA:413,14
DA:415,14
DA:416,14
DA:417,14
DA:419,14
DA:420,10
DA:422,4
DA:426,10
DA:429,10
DA:430,2
DA:433,8
DA:434,0
DA:437,10
DA:439,2
DA:440,0
DA:442,2
DA:443,0
DA:446,8
DA:450,1498
DA:452,1498
DA:453,658
DA:454,840
DA:455,61
DA:456,779
DA:457,147
DA:458,632
DA:459,70
DA:460,562
DA:461,49
DA:462,513
DA:463,50
DA:464,1498
DA:467,81874
DA:469,81874
DA:470,81874
DA:473,0
DA:476,0
DA:479,0
DA:480,0
DA:482,0
DA:483,0
DA:484,0
DA:485,0
DA:488,0
DA:490,0
DA:491,0
DA:492,0
DA:493,0
DA:494,0
DA:495,0
DA:496,0
DA:499,0
DA:500,0
DA:503,6
DA:505,6
DA:509,4
DA:511,4
LF:244
LH:223
end_of_record
TN:
SF:/home/runner/work/neml2/neml2/src/neml2/base/LabeledAxisAccessor.cxx
FN:101,109,_ZNK5neml219LabeledAxisAccessor5sliceEll
FN:112,115,_ZNK5neml219LabeledAxisAccessor7remountERKS0_l
FN:118,121,_ZNK5neml219LabeledAxisAccessor10start_withERKS0_
FN:124,127,_ZNK5neml219LabeledAxisAccessor8is_stateEv
FN:130,133,_ZNK5neml219LabeledAxisAccessor12is_old_stateEv
FN:136,139,_ZNK5neml219LabeledAxisAccessor8is_forceEv
FN:142,145,_ZNK5neml219LabeledAxisAccessor12is_old_forceEv
FN:148,151,_ZNK5neml219LabeledAxisAccessor11is_residualEv
FN:154,157,_ZNK5neml219LabeledAxisAccessor12is_parameterEv
FN:160,169,_ZNK5neml219LabeledAxisAccessor7currentEv
FN:172,181,_ZNK5neml219LabeledAxisAccessor3oldEv
FN:184,192,_ZNK5neml219LabeledAxisAccessor18validate_item_nameERKSs
FN:195,198,_ZN5neml2neERKNS_19LabeledAxisAccessorES2_
FN:201,204,_ZN5neml2eqERKNS_19LabeledAxisAccessorES2_
FN:207,210,_ZN5neml2ltERKNS_19LabeledAxisAccessorES2_
FN:213,222,_ZN5neml2lsERSoRKNS_19LabeledAxisAccessorE
FN:34,37,_ZN5neml222reserved_subaxis_namesEv
FN:39,43,_ZNK5neml219LabeledAxisAccessorcvSt6vectorISsSaISsEEEv
FN:46,49,_ZNK5neml219LabeledAxisAccessor3strEv
FN:52,55,_ZNK5neml219LabeledAxisAccessor5emptyEv
FN:58,61,_ZNK5neml219LabeledAxisAccessor4sizeEv
FN:64,67,_ZNK5neml219LabeledAxisAccessorixEm
FN:70,75,_ZNK5neml219LabeledAxisAccessor11with_suffixERKSs
FN:78,81,_ZNK5neml219LabeledAxisAccessor6appendERKS0_
FN:84,89,_ZNK5neml219LabeledAxisAccessor7prependERKS0_
FN:92,98,_ZNK5neml219LabeledAxisAccessor5sliceEl
FNDA:1563,_ZNK5neml219LabeledAxisAccessor5sliceEll
FNDA:133,_ZNK5neml219LabeledAxisAccessor7remountERKS0_l
FNDA:1561,_ZNK5neml219LabeledAxisAccessor10start_withERKS0_
FNDA:827,_ZNK5neml219LabeledAxisAccessor8is_stateEv
FNDA:163,_ZNK5neml219LabeledAxisAccessor12is_old_stateEv
FNDA:167,_ZNK5neml219LabeledAxisAccessor8is_forceEv
FNDA:47,_ZNK5neml219LabeledAxisAccessor12is_old_forceEv
FNDA:134,_ZNK5neml219LabeledAxisAccessor11is_residualEv
FNDA:88,_ZNK5neml219LabeledAxisAccessor12is_parameterEv
FNDA:0,_ZNK5neml219LabeledAxisAccessor7currentEv
FNDA:85,_ZNK5neml219LabeledAxisAccessor3oldEv
FNDA:86687,_ZNK5neml219LabeledAxisAccessor18validate_item_nameERKSs
FNDA:7349,_ZN5neml2neERKNS_19LabeledAxisAccessorES2_
FNDA:66061,_ZN5neml2eqERKNS_19LabeledAxisAccessorES2_
FNDA:469895,_ZN5neml2ltERKNS_19LabeledAxisAccessorES2_
FNDA:2522,_ZN5neml2lsERSoRKNS_19LabeledAxisAccessorE
FNDA:0,_ZN5neml222reserved_subaxis_namesEv
FNDA:1,_ZNK5neml219LabeledAxisAccessorcvSt6vectorISsSaISsEEEv
FNDA:411,_ZNK5neml219LabeledAxisAccessor3strEv
FNDA:26274,_ZNK5neml219LabeledAxisAccessor5emptyEv
FNDA:18534,_ZNK5neml219LabeledAxisAccessor4sizeEv
FNDA:17011,_ZNK5neml219LabeledAxisAccessorixEm
FNDA:149,_ZNK5neml219LabeledAxisAccessor11with_suffixERKSs
FNDA:2075,_ZNK5neml219LabeledAxisAccessor6appendERKS0_
FNDA:29734,_ZNK5neml219LabeledAxisAccessor7prependERKS0_
FNDA:2465,_ZNK5neml219LabeledAxisAccessor5sliceEl
FNF:26
FNH:24
DA:34,0
DA:36,0
DA:37,0
DA:39,1
DA:41,1
DA:42,1
DA:46,411
DA:48,411
DA:52,26274
DA:54,26274
DA:58,18534
DA:60,18534
DA:64,17011
DA:66,17011
DA:70,149
DA:72,149
DA:73,149
DA:74,298
DA:75,149
DA:78,2075
DA:80,2075
DA:84,29734
DA:86,29734
DA:87,29734
DA:88,59468
DA:89,29734
DA:92,2465
DA:94,2465
DA:95,2465
DA:96,2465
DA:97,4930
DA:98,2465
DA:101,1563
DA:103,1563
DA:104,1563
DA:105,1563
DA:106,1563
DA:107,1563
DA:108,3126
DA:109,1563
DA:112,133
DA:114,133
DA:118,1561
DA:120,1561
DA:124,827
DA:126,827
DA:130,163
DA:132,163
DA:136,167
DA:138,167
DA:142,47
DA:144,47
DA:148,134
DA:150,134
DA:154,88
DA:156,88
DA:160,0
DA:162,0
DA:163,0
DA:164,0
DA:165,0
DA:166,0
DA:167,0
DA:168,0
DA:172,85
DA:174,85
DA:175,85
DA:176,35
DA:177,50
DA:178,50
DA:179,0
DA:180,0
DA:184,86687
DA:186,86687
DA:187,86687
DA:188,86687
DA:192,86686
DA:195,7349
DA:197,7349
DA:201,66061
DA:203,66061
DA:207,469895
DA:209,469895
DA:213,2522
DA:215,8285
DA:217,5763
DA:218,3241
DA:219,5763
DA:221,2522
LF:89
LH:76
end_of_record
TN:
SF:/home/runner/work/neml2/neml2/src/neml2/base/MultiEnumSelection.cxx
FN:32,44,_ZN5neml2lsERSoRKNS_18MultiEnumSelectionE
FN:47,51,_ZN5neml2rsERSt18basic_stringstreamIcSt11char_traitsIcESaIcEERNS_18MultiEnumSelectionE
FN:53,58,_ZN5neml218MultiEnumSelectionC2ERKSt6vectorISsSaISsEES5_
FN:60,66,_ZN5neml218MultiEnumSelectionC2ERKSt6vectorISsSaISsEERKS1_IiSaIiEES5_
FN:69,73,_ZNK5neml218MultiEnumSelectioneqERKS0_
FN:76,79,_ZNK5neml218MultiEnumSelectionneERKS0_
FN:82,94,_ZN5neml218MultiEnumSelection6selectERKSt6vectorISsSaISsEE
FNDA:1,_ZN5neml2lsERSoRKNS_18MultiEnumSelectionE
FNDA:26,_ZN5neml2rsERSt18basic_stringstreamIcSt11char_traitsIcESaIcEERNS_18MultiEnumSelectionE
FNDA:3,_ZN5neml218MultiEnumSelectionC2ERKSt6vectorISsSaISsEES5_
FNDA:17,_ZN5neml218MultiEnumSelectionC2ERKSt6vectorISsSaISsEERKS1_IiSaIiEES5_
FNDA:4,_ZNK5neml218MultiEnumSelectioneqERKS0_
FNDA:3,_ZNK5neml218MultiEnumSelectionneERKS0_
FNDA:46,_ZN5neml218MultiEnumSelection6selectERKSt6vectorISsSaISsEE
FNF:7
FNH:7
DA:32,1
DA:34,1
DA:35,1
DA:36,3
DA:38,2
DA:39,2
DA:40,1
DA:42,1
DA:43,1
DA:44,1
DA:47,26
DA:49,28
DA:50,25
DA:53,3
DA:54,3
DA:55,3
DA:57,3
DA:58,5
DA:60,17
DA:62,17
DA:63,17
DA:65,17
DA:66,19
DA:69,4
DA:71,5
DA:72,5
DA:76,3
DA:78,3
DA:82,46
DA:84,46
DA:85,46
DA:86,123
DA:88,80
DA:90,163
DA:91,77
DA:92,77
DA:94,43
LF:37
LH:37
end_of_record
TN:
SF:/home/runner/work/neml2/neml2/src/neml2/base/NEML2Object.cxx
FN:30,36,_ZN5neml211NEML2Object16expected_optionsEv
FN:38,42,_ZN5neml211NEML2ObjectC2ERKNS_9OptionSetE
FNDA:862,_ZN5neml211NEML2Object16expected_optionsEv
FNDA:1359,_ZN5neml211NEML2ObjectC2ERKNS_9OptionSetE
FNF:2
FNH:2
DA:30,862
DA:32,862
DA:33,1724
DA:34,862
DA:35,862
DA:36,0
DA:38,1359
DA:39,1359
DA:40,2718
DA:42,1359
LF:10
LH:9
end_of_record
TN:
SF:/home/runner/work/neml2/neml2/src/neml2/base/Option.cxx
FN:149,152,_ZN5neml27details13_print_helperIcEEvRSoPKT_
FN:156,159,_ZN5neml27details13_print_helperIhEEvRSoPKT_
FN:163,167,_ZN5neml27details13_print_helperIbEEvRSoPKSt6vectorIT_SaIS4_EE
FN:38,43,_ZN5neml26OptionIN3c1011SmallVectorIlLj8EEEEC2ERKSs
FN:38,43,_ZN5neml26OptionINS_10TensorNameIN2at6TensorEEEEC2ERKSs
FN:38,43,_ZN5neml26OptionINS_10TensorNameINS_10QuaternionEEEEC2ERKSs
FN:38,43,_ZN5neml26OptionINS_10TensorNameINS_11MillerIndexEEEEC2ERKSs
FN:38,43,_ZN5neml26OptionINS_10TensorNameINS_2R2EEEEC2ERKSs
FN:38,43,_ZN5neml26OptionINS_10TensorNameINS_2R3EEEEC2ERKSs
FN:38,43,_ZN5neml26OptionINS_10TensorNameINS_2R4EEEEC2ERKSs
FN:38,43,_ZN5neml26OptionINS_10TensorNameINS_2R5EEEEC2ERKSs
FN:38,43,_ZN5neml26OptionINS_10TensorNameINS_2R8EEEEC2ERKSs
FN:38,43,_ZN5neml26OptionINS_10TensorNameINS_3RotEEEEC2ERKSs
FN:38,43,_ZN5neml26OptionINS_10TensorNameINS_3SR2EEEEC2ERKSs
FN:38,43,_ZN5neml26OptionINS_10TensorNameINS_3VecEEEEC2ERKSs
FN:38,43,_ZN5neml26OptionINS_10TensorNameINS_3WR2EEEEC2ERKSs
FN:38,43,_ZN5neml26OptionINS_10TensorNameINS_4SFR3EEEEC2ERKSs
FN:38,43,_ZN5neml26OptionINS_10TensorNameINS_4SFR4EEEEC2ERKSs
FN:38,43,_ZN5neml26OptionINS_10TensorNameINS_4SSR4EEEEC2ERKSs
FN:38,43,_ZN5neml26OptionINS_10TensorNameINS_4SWR4EEEEC2ERKSs
FN:38,43,_ZN5neml26OptionINS_10TensorNameINS_4WFR4EEEEC2ERKSs
FN:38,43,_ZN5neml26OptionINS_10TensorNameINS_4WSR4EEEEC2ERKSs
FN:38,43,_ZN5neml26OptionINS_10TensorNameINS_4WWR4EEEEC2ERKSs
FN:38,43,_ZN5neml26OptionINS_10TensorNameINS_5SFFR4EEEEC2ERKSs
FN:38,43,_ZN5neml26OptionINS_10TensorNameINS_5SSFR5EEEEC2ERKSs
FN:38,43,_ZN5neml26OptionINS_10TensorNameINS_6SSSSR8EEEEC2ERKSs
FN:38,43,_ZN5neml26OptionINS_10TensorNameINS_6ScalarEEEEC2ERKSs
FN:38,43,_ZN5neml26OptionINS_10TensorNameINS_6TensorEEEEC2ERKSs
FN:38,43,_ZN5neml26OptionINS_13EnumSelectionEEC2ERKSs
FN:38,43,_ZN5neml26OptionINS_18MultiEnumSelectionEEC2ERKSs
FN:38,43,_ZN5neml26OptionINS_19LabeledAxisAccessorEEC2ERKSs
FN:38,43,_ZN5neml26OptionIPNS_11NEML2ObjectEEC2ERKSs
FN:38,43,_ZN5neml26OptionISsEC2ERKSs
FN:38,43,_ZN5neml26OptionISt6vectorIN3c1011SmallVectorIlLj8EEESaIS4_EEEC2ERKSs
FN:38,43,_ZN5neml26OptionISt6vectorIN3c106DeviceESaIS3_EEEC2ERKSs
FN:38,43,_ZN5neml26OptionISt6vectorINS_10TensorNameIN2at6TensorEEESaIS5_EEEC2ERKSs
FN:38,43,_ZN5neml26OptionISt6vectorINS_10TensorNameINS_10QuaternionEEESaIS4_EEEC2ERKSs
FN:38,43,_ZN5neml26OptionISt6vectorINS_10TensorNameINS_11MillerIndexEEESaIS4_EEEC2ERKSs
FN:38,43,_ZN5neml26OptionISt6vectorINS_10TensorNameINS_2R2EEESaIS4_EEEC2ERKSs
FN:38,43,_ZN5neml26OptionISt6vectorINS_10TensorNameINS_2R3EEESaIS4_EEEC2ERKSs
FN:38,43,_ZN5neml26OptionISt6vectorINS_10TensorNameINS_2R4EEESaIS4_EEEC2ERKSs
FN:38,43,_ZN5neml26OptionISt6vectorINS_10TensorNameINS_2R5EEESaIS4_EEEC2ERKSs
FN:38,43,_ZN5neml26OptionISt6vectorINS_10TensorNameINS_2R8EEESaIS4_EEEC2ERKSs
FN:38,43,_ZN5neml26OptionISt6vectorINS_10TensorNameINS_3RotEEESaIS4_EEEC2ERKSs
FN:38,43,_ZN5neml26OptionISt6vectorINS_10TensorNameINS_3SR2EEESaIS4_EEEC2ERKSs
FN:38,43,_ZN5neml26OptionISt6vectorINS_10TensorNameINS_3VecEEESaIS4_EEEC2ERKSs
FN:38,43,_ZN5neml26OptionISt6vectorINS_10TensorNameINS_3WR2EEESaIS4_EEEC2ERKSs
FN:38,43,_ZN5neml26OptionISt6vectorINS_10TensorNameINS_4SFR3EEESaIS4_EEEC2ERKSs
FN:38,43,_ZN5neml26OptionISt6vectorINS_10TensorNameINS_4SFR4EEESaIS4_EEEC2ERKSs
FN:38,43,_ZN5neml26OptionISt6vectorINS_10TensorNameINS_4SSR4EEESaIS4_EEEC2ERKSs
FN:38,43,_ZN5neml26OptionISt6vectorINS_10TensorNameINS_4SWR4EEESaIS4_EEEC2ERKSs
FN:38,43,_ZN5neml26OptionISt6vectorINS_10TensorNameINS_4WFR4EEESaIS4_EEEC2ERKSs
FN:38,43,_ZN5neml26OptionISt6vectorINS_10TensorNameINS_4WSR4EEESaIS4_EEEC2ERKSs
FN:38,43,_ZN5neml26OptionISt6vectorINS_10TensorNameINS_4WWR4EEESaIS4_EEEC2ERKSs
FN:38,43,_ZN5neml26OptionISt6vectorINS_10TensorNameINS_5SFFR4EEESaIS4_EEEC2ERKSs
FN:38,43,_ZN5neml26OptionISt6vectorINS_10TensorNameINS_5SSFR5EEESaIS4_EEEC2ERKSs
FN:38,43,_ZN5neml26OptionISt6vectorINS_10TensorNameINS_6SSSSR8EEESaIS4_EEEC2ERKSs
FN:38,43,_ZN5neml26OptionISt6vectorINS_10TensorNameINS_6ScalarEEESaIS4_EEEC2ERKSs
FN:38,43,_ZN5neml26OptionISt6vectorINS_10TensorNameINS_6TensorEEESaIS4_EEEC2ERKSs
FN:38,43,_ZN5neml26OptionISt6vectorINS_19LabeledAxisAccessorESaIS2_EEEC2ERKSs
FN:38,43,_ZN5neml26OptionISt6vectorIS1_IN3c1011SmallVectorIlLj8EEESaIS4_EESaIS6_EEEC2ERKSs
FN:38,43,_ZN5neml26OptionISt6vectorIS1_IN3c106DeviceESaIS3_EESaIS5_EEEC2ERKSs
FN:38,43,_ZN5neml26OptionISt6vectorIS1_INS_10TensorNameIN2at6TensorEEESaIS5_EESaIS7_EEEC2ERKSs
FN:38,43,_ZN5neml26OptionISt6vectorIS1_INS_10TensorNameINS_10QuaternionEEESaIS4_EESaIS6_EEEC2ERKSs
FN:38,43,_ZN5neml26OptionISt6vectorIS1_INS_10TensorNameINS_11MillerIndexEEESaIS4_EESaIS6_EEEC2ERKSs
FN:38,43,_ZN5neml26OptionISt6vectorIS1_INS_10TensorNameINS_2R2EEESaIS4_EESaIS6_EEEC2ERKSs
FN:38,43,_ZN5neml26OptionISt6vectorIS1_INS_10TensorNameINS_2R3EEESaIS4_EESaIS6_EEEC2ERKSs
FN:38,43,_ZN5neml26OptionISt6vectorIS1_INS_10TensorNameINS_2R4EEESaIS4_EESaIS6_EEEC2ERKSs
FN:38,43,_ZN5neml26OptionISt6vectorIS1_INS_10TensorNameINS_2R5EEESaIS4_EESaIS6_EEEC2ERKSs
FN:38,43,_ZN5neml26OptionISt6vectorIS1_INS_10TensorNameINS_2R8EEESaIS4_EESaIS6_EEEC2ERKSs
FN:38,43,_ZN5neml26OptionISt6vectorIS1_INS_10TensorNameINS_3RotEEESaIS4_EESaIS6_EEEC2ERKSs
FN:38,43,_ZN5neml26OptionISt6vectorIS1_INS_10TensorNameINS_3SR2EEESaIS4_EESaIS6_EEEC2ERKSs
FN:38,43,_ZN5neml26OptionISt6vectorIS1_INS_10TensorNameINS_3VecEEESaIS4_EESaIS6_EEEC2ERKSs
FN:38,43,_ZN5neml26OptionISt6vectorIS1_INS_10TensorNameINS_3WR2EEESaIS4_EESaIS6_EEEC2ERKSs
FN:38,43,_ZN5neml26OptionISt6vectorIS1_INS_10TensorNameINS_4SFR3EEESaIS4_EESaIS6_EEEC2ERKSs
FN:38,43,_ZN5neml26OptionISt6vectorIS1_INS_10TensorNameINS_4SFR4EEESaIS4_EESaIS6_EEEC2ERKSs
FN:38,43,_ZN5neml26OptionISt6vectorIS1_INS_10TensorNameINS_4SSR4EEESaIS4_EESaIS6_EEEC2ERKSs
FN:38,43,_ZN5neml26OptionISt6vectorIS1_INS_10TensorNameINS_4SWR4EEESaIS4_EESaIS6_EEEC2ERKSs
FN:38,43,_ZN5neml26OptionISt6vectorIS1_INS_10TensorNameINS_4WFR4EEESaIS4_EESaIS6_EEEC2ERKSs
FN:38,43,_ZN5neml26OptionISt6vectorIS1_INS_10TensorNameINS_4WSR4EEESaIS4_EESaIS6_EEEC2ERKSs
FN:38,43,_ZN5neml26OptionISt6vectorIS1_INS_10TensorNameINS_4WWR4EEESaIS4_EESaIS6_EEEC2ERKSs
FN:38,43,_ZN5neml26OptionISt6vectorIS1_INS_10TensorNameINS_5SFFR4EEESaIS4_EESaIS6_EEEC2ERKSs
FN:38,43,_ZN5neml26OptionISt6vectorIS1_INS_10TensorNameINS_5SSFR5EEESaIS4_EESaIS6_EEEC2ERKSs
FN:38,43,_ZN5neml26OptionISt6vectorIS1_INS_10TensorNameINS_6SSSSR8EEESaIS4_EESaIS6_EEEC2ERKSs
FN:38,43,_ZN5neml26OptionISt6vectorIS1_INS_10TensorNameINS_6ScalarEEESaIS4_EESaIS6_EEEC2ERKSs
FN:38,43,_ZN5neml26OptionISt6vectorIS1_INS_10TensorNameINS_6TensorEEESaIS4_EESaIS6_EEEC2ERKSs
FN:38,43,_ZN5neml26OptionISt6vectorIS1_INS_19LabeledAxisAccessorESaIS2_EESaIS4_EEEC2ERKSs
FN:38,43,_ZN5neml26OptionISt6vectorIS1_ISsSaISsEESaIS3_EEEC2ERKSs
FN:38,43,_ZN5neml26OptionISt6vectorIS1_IbSaIbEESaIS3_EEEC2ERKSs
FN:38,43,_ZN5neml26OptionISt6vectorIS1_IdSaIdEESaIS3_EEEC2ERKSs
FN:38,43,_ZN5neml26OptionISt6vectorIS1_IiSaIiEESaIS3_EEEC2ERKSs
FN:38,43,_ZN5neml26OptionISt6vectorIS1_IjSaIjEESaIS3_EEEC2ERKSs
FN:38,43,_ZN5neml26OptionISt6vectorIS1_IlSaIlEESaIS3_EEEC2ERKSs
FN:38,43,_ZN5neml26OptionISt6vectorIS1_ImSaImEESaIS3_EEEC2ERKSs
FN:38,43,_ZN5neml26OptionISt6vectorISsSaISsEEEC2ERKSs
FN:38,43,_ZN5neml26OptionISt6vectorIbSaIbEEEC2ERKSs
FN:38,43,_ZN5neml26OptionISt6vectorIdSaIdEEEC2ERKSs
FN:38,43,_ZN5neml26OptionISt6vectorIiSaIiEEEC2ERKSs
FN:38,43,_ZN5neml26OptionISt6vectorIjSaIjEEEC2ERKSs
FN:38,43,_ZN5neml26OptionISt6vectorIlSaIlEEEC2ERKSs
FN:38,43,_ZN5neml26OptionISt6vectorImSaImEEEC2ERKSs
FN:38,43,_ZN5neml26OptionIbEC2ERKSs
FN:38,43,_ZN5neml26OptionIdEC2ERKSs
FN:38,43,_ZN5neml26OptionIiEC2ERKSs
FN:38,43,_ZN5neml26OptionIjEC2ERKSs
FN:38,43,_ZN5neml26OptionIlEC2ERKSs
FN:38,43,_ZN5neml26OptionImEC2ERKSs
FN:46,51,_ZN5neml26OptionIN3c106DeviceEEC2ERKSs
FN:55,62,_ZNK5neml26OptionIN3c1011SmallVectorIlLj8EEEEeqERKNS_10OptionBaseE
FN:55,62,_ZNK5neml26OptionIN3c106DeviceEEeqERKNS_10OptionBaseE
FN:55,62,_ZNK5neml26OptionINS_10TensorNameIN2at6TensorEEEEeqERKNS_10OptionBaseE
FN:55,62,_ZNK5neml26OptionINS_10TensorNameINS_10QuaternionEEEEeqERKNS_10OptionBaseE
FN:55,62,_ZNK5neml26OptionINS_10TensorNameINS_11MillerIndexEEEEeqERKNS_10OptionBaseE
FN:55,62,_ZNK5neml26OptionINS_10TensorNameINS_2R2EEEEeqERKNS_10OptionBaseE
FN:55,62,_ZNK5neml26OptionINS_10TensorNameINS_2R3EEEEeqERKNS_10OptionBaseE
FN:55,62,_ZNK5neml26OptionINS_10TensorNameINS_2R4EEEEeqERKNS_10OptionBaseE
FN:55,62,_ZNK5neml26OptionINS_10TensorNameINS_2R5EEEEeqERKNS_10OptionBaseE
FN:55,62,_ZNK5neml26OptionINS_10TensorNameINS_2R8EEEEeqERKNS_10OptionBaseE
FN:55,62,_ZNK5neml26OptionINS_10TensorNameINS_3RotEEEEeqERKNS_10OptionBaseE
FN:55,62,_ZNK5neml26OptionINS_10TensorNameINS_3SR2EEEEeqERKNS_10OptionBaseE
FN:55,62,_ZNK5neml26OptionINS_10TensorNameINS_3VecEEEEeqERKNS_10OptionBaseE
FN:55,62,_ZNK5neml26OptionINS_10TensorNameINS_3WR2EEEEeqERKNS_10OptionBaseE
FN:55,62,_ZNK5neml26OptionINS_10TensorNameINS_4SFR3EEEEeqERKNS_10OptionBaseE
FN:55,62,_ZNK5neml26OptionINS_10TensorNameINS_4SFR4EEEEeqERKNS_10OptionBaseE
FN:55,62,_ZNK5neml26OptionINS_10TensorNameINS_4SSR4EEEEeqERKNS_10OptionBaseE
FN:55,62,_ZNK5neml26OptionINS_10TensorNameINS_4SWR4EEEEeqERKNS_10OptionBaseE
FN:55,62,_ZNK5neml26OptionINS_10TensorNameINS_4WFR4EEEEeqERKNS_10OptionBaseE
FN:55,62,_ZNK5neml26OptionINS_10TensorNameINS_4WSR4EEEEeqERKNS_10OptionBaseE
FN:55,62,_ZNK5neml26OptionINS_10TensorNameINS_4WWR4EEEEeqERKNS_10OptionBaseE
FN:55,62,_ZNK5neml26OptionINS_10TensorNameINS_5SFFR4EEEEeqERKNS_10OptionBaseE
FN:55,62,_ZNK5neml26OptionINS_10TensorNameINS_5SSFR5EEEEeqERKNS_10OptionBaseE
FN:55,62,_ZNK5neml26OptionINS_10TensorNameINS_6SSSSR8EEEEeqERKNS_10OptionBaseE
FN:55,62,_ZNK5neml26OptionINS_10TensorNameINS_6ScalarEEEEeqERKNS_10OptionBaseE
FN:55,62,_ZNK5neml26OptionINS_10TensorNameINS_6TensorEEEEeqERKNS_10OptionBaseE
FN:55,62,_ZNK5neml26OptionINS_13EnumSelectionEEeqERKNS_10OptionBaseE
FN:55,62,_ZNK5neml26OptionINS_18MultiEnumSelectionEEeqERKNS_10OptionBaseE
FN:55,62,_ZNK5neml26OptionINS_19LabeledAxisAccessorEEeqERKNS_10OptionBaseE
FN:55,62,_ZNK5neml26OptionIPNS_11NEML2ObjectEEeqERKNS_10OptionBaseE
FN:55,62,_ZNK5neml26OptionISsEeqERKNS_10OptionBaseE
FN:55,62,_ZNK5neml26OptionISt6vectorIN3c1011SmallVectorIlLj8EEESaIS4_EEEeqERKNS_10OptionBaseE
FN:55,62,_ZNK5neml26OptionISt6vectorIN3c106DeviceESaIS3_EEEeqERKNS_10OptionBaseE
FN:55,62,_ZNK5neml26OptionISt6vectorINS_10TensorNameIN2at6TensorEEESaIS5_EEEeqERKNS_10OptionBaseE
FN:55,62,_ZNK5neml26OptionISt6vectorINS_10TensorNameINS_10QuaternionEEESaIS4_EEEeqERKNS_10OptionBaseE
FN:55,62,_ZNK5neml26OptionISt6vectorINS_10TensorNameINS_11MillerIndexEEESaIS4_EEEeqERKNS_10OptionBaseE
FN:55,62,_ZNK5neml26OptionISt6vectorINS_10TensorNameINS_2R2EEESaIS4_EEEeqERKNS_10OptionBaseE
FN:55,62,_ZNK5neml26OptionISt6vectorINS_10TensorNameINS_2R3EEESaIS4_EEEeqERKNS_10OptionBaseE
FN:55,62,_ZNK5neml26OptionISt6vectorINS_10TensorNameINS_2R4EEESaIS4_EEEeqERKNS_10OptionBaseE
FN:55,62,_ZNK5neml26OptionISt6vectorINS_10TensorNameINS_2R5EEESaIS4_EEEeqERKNS_10OptionBaseE
FN:55,62,_ZNK5neml26OptionISt6vectorINS_10TensorNameINS_2R8EEESaIS4_EEEeqERKNS_10OptionBaseE
FN:55,62,_ZNK5neml26OptionISt6vectorINS_10TensorNameINS_3RotEEESaIS4_EEEeqERKNS_10OptionBaseE
FN:55,62,_ZNK5neml26OptionISt6vectorINS_10TensorNameINS_3SR2EEESaIS4_EEEeqERKNS_10OptionBaseE
FN:55,62,_ZNK5neml26OptionISt6vectorINS_10TensorNameINS_3VecEEESaIS4_EEEeqERKNS_10OptionBaseE
FN:55,62,_ZNK5neml26OptionISt6vectorINS_10TensorNameINS_3WR2EEESaIS4_EEEeqERKNS_10OptionBaseE
FN:55,62,_ZNK5neml26OptionISt6vectorINS_10TensorNameINS_4SFR3EEESaIS4_EEEeqERKNS_10OptionBaseE
FN:55,62,_ZNK5neml26OptionISt6vectorINS_10TensorNameINS_4SFR4EEESaIS4_EEEeqERKNS_10OptionBaseE
FN:55,62,_ZNK5neml26OptionISt6vectorINS_10TensorNameINS_4SSR4EEESaIS4_EEEeqERKNS_10OptionBaseE
FN:55,62,_ZNK5neml26OptionISt6vectorINS_10TensorNameINS_4SWR4EEESaIS4_EEEeqERKNS_10OptionBaseE
FN:55,62,_ZNK5neml26OptionISt6vectorINS_10TensorNameINS_4WFR4EEESaIS4_EEEeqERKNS_10OptionBaseE
FN:55,62,_ZNK5neml26OptionISt6vectorINS_10TensorNameINS_4WSR4EEESaIS4_EEEeqERKNS_10OptionBaseE
FN:55,62,_ZNK5neml26OptionISt6vectorINS_10TensorNameINS_4WWR4EEESaIS4_EEEeqERKNS_10OptionBaseE
FN:55,62,_ZNK5neml26OptionISt6vectorINS_10TensorNameINS_5SFFR4EEESaIS4_EEEeqERKNS_10OptionBaseE
FN:55,62,_ZNK5neml26OptionISt6vectorINS_10TensorNameINS_5SSFR5EEESaIS4_EEEeqERKNS_10OptionBaseE
FN:55,62,_ZNK5neml26OptionISt6vectorINS_10TensorNameINS_6SSSSR8EEESaIS4_EEEeqERKNS_10OptionBaseE
FN:55,62,_ZNK5neml26OptionISt6vectorINS_10TensorNameINS_6ScalarEEESaIS4_EEEeqERKNS_10OptionBaseE
FN:55,62,_ZNK5neml26OptionISt6vectorINS_10TensorNameINS_6TensorEEESaIS4_EEEeqERKNS_10OptionBaseE
FN:55,62,_ZNK5neml26OptionISt6vectorINS_19LabeledAxisAccessorESaIS2_EEEeqERKNS_10OptionBaseE
FN:55,62,_ZNK5neml26OptionISt6vectorIS1_IN3c1011SmallVectorIlLj8EEESaIS4_EESaIS6_EEEeqERKNS_10OptionBaseE
FN:55,62,_ZNK5neml26OptionISt6vectorIS1_IN3c106DeviceESaIS3_EESaIS5_EEEeqERKNS_10OptionBaseE
FN:55,62,_ZNK5neml26OptionISt6vectorIS1_INS_10TensorNameIN2at6TensorEEESaIS5_EESaIS7_EEEeqERKNS_10OptionBaseE
FN:55,62,_ZNK5neml26OptionISt6vectorIS1_INS_10TensorNameINS_10QuaternionEEESaIS4_EESaIS6_EEEeqERKNS_10OptionBaseE
FN:55,62,_ZNK5neml26OptionISt6vectorIS1_INS_10TensorNameINS_11MillerIndexEEESaIS4_EESaIS6_EEEeqERKNS_10OptionBaseE
FN:55,62,_ZNK5neml26OptionISt6vectorIS1_INS_10TensorNameINS_2R2EEESaIS4_EESaIS6_EEEeqERKNS_10OptionBaseE
FN:55,62,_ZNK5neml26OptionISt6vectorIS1_INS_10TensorNameINS_2R3EEESaIS4_EESaIS6_EEEeqERKNS_10OptionBaseE
FN:55,62,_ZNK5neml26OptionISt6vectorIS1_INS_10TensorNameINS_2R4EEESaIS4_EESaIS6_EEEeqERKNS_10OptionBaseE
FN:55,62,_ZNK5neml26OptionISt6vectorIS1_INS_10TensorNameINS_2R5EEESaIS4_EESaIS6_EEEeqERKNS_10OptionBaseE
FN:55,62,_ZNK5neml26OptionISt6vectorIS1_INS_10TensorNameINS_2R8EEESaIS4_EESaIS6_EEEeqERKNS_10OptionBaseE
FN:55,62,_ZNK5neml26OptionISt6vectorIS1_INS_10TensorNameINS_3RotEEESaIS4_EESaIS6_EEEeqERKNS_10OptionBaseE
FN:55,62,_ZNK5neml26OptionISt6vectorIS1_INS_10TensorNameINS_3SR2EEESaIS4_EESaIS6_EEEeqERKNS_10OptionBaseE
FN:55,62,_ZNK5neml26OptionISt6vectorIS1_INS_10TensorNameINS_3VecEEESaIS4_EESaIS6_EEEeqERKNS_10OptionBaseE
FN:55,62,_ZNK5neml26OptionISt6vectorIS1_INS_10TensorNameINS_3WR2EEESaIS4_EESaIS6_EEEeqERKNS_10OptionBaseE
FN:55,62,_ZNK5neml26OptionISt6vectorIS1_INS_10TensorNameINS_4SFR3EEESaIS4_EESaIS6_EEEeqERKNS_10OptionBaseE
FN:55,62,_ZNK5neml26OptionISt6vectorIS1_INS_10TensorNameINS_4SFR4EEESaIS4_EESaIS6_EEEeqERKNS_10OptionBaseE
FN:55,62,_ZNK5neml26OptionISt6vectorIS1_INS_10TensorNameINS_4SSR4EEESaIS4_EESaIS6_EEEeqERKNS_10OptionBaseE
FN:55,62,_ZNK5neml26OptionISt6vectorIS1_INS_10TensorNameINS_4SWR4EEESaIS4_EESaIS6_EEEeqERKNS_10OptionBaseE
FN:55,62,_ZNK5neml26OptionISt6vectorIS1_INS_10TensorNameINS_4WFR4EEESaIS4_EESaIS6_EEEeqERKNS_10OptionBaseE
FN:55,62,_ZNK5neml26OptionISt6vectorIS1_INS_10TensorNameINS_4WSR4EEESaIS4_EESaIS6_EEEeqERKNS_10OptionBaseE
FN:55,62,_ZNK5neml26OptionISt6vectorIS1_INS_10TensorNameINS_4WWR4EEESaIS4_EESaIS6_EEEeqERKNS_10OptionBaseE
FN:55,62,_ZNK5neml26OptionISt6vectorIS1_INS_10TensorNameINS_5SFFR4EEESaIS4_EESaIS6_EEEeqERKNS_10OptionBaseE
FN:55,62,_ZNK5neml26OptionISt6vectorIS1_INS_10TensorNameINS_5SSFR5EEESaIS4_EESaIS6_EEEeqERKNS_10OptionBaseE
FN:55,62,_ZNK5neml26OptionISt6vectorIS1_INS_10TensorNameINS_6SSSSR8EEESaIS4_EESaIS6_EEEeqERKNS_10OptionBaseE
FN:55,62,_ZNK5neml26OptionISt6vectorIS1_INS_10TensorNameINS_6ScalarEEESaIS4_EESaIS6_EEEeqERKNS_10OptionBaseE
FN:55,62,_ZNK5neml26OptionISt6vectorIS1_INS_10TensorNameINS_6TensorEEESaIS4_EESaIS6_EEEeqERKNS_10OptionBaseE
FN:55,62,_ZNK5neml26OptionISt6vectorIS1_INS_19LabeledAxisAccessorESaIS2_EESaIS4_EEEeqERKNS_10OptionBaseE
FN:55,62,_ZNK5neml26OptionISt6vectorIS1_ISsSaISsEESaIS3_EEEeqERKNS_10OptionBaseE
FN:55,62,_ZNK5neml26OptionISt6vectorIS1_IbSaIbEESaIS3_EEEeqERKNS_10OptionBaseE
FN:55,62,_ZNK5neml26OptionISt6vectorIS1_IdSaIdEESaIS3_EEEeqERKNS_10OptionBaseE
FN:55,62,_ZNK5neml26OptionISt6vectorIS1_IiSaIiEESaIS3_EEEeqERKNS_10OptionBaseE
FN:55,62,_ZNK5neml26OptionISt6vectorIS1_IjSaIjEESaIS3_EEEeqERKNS_10OptionBaseE
FN:55,62,_ZNK5neml26OptionISt6vectorIS1_IlSaIlEESaIS3_EEEeqERKNS_10OptionBaseE
FN:55,62,_ZNK5neml26OptionISt6vectorIS1_ImSaImEESaIS3_EEEeqERKNS_10OptionBaseE
FN:55,62,_ZNK5neml26OptionISt6vectorISsSaISsEEEeqERKNS_10OptionBaseE
FN:55,62,_ZNK5neml26OptionISt6vectorIbSaIbEEEeqERKNS_10OptionBaseE
FN:55,62,_ZNK5neml26OptionISt6vectorIdSaIdEEEeqERKNS_10OptionBaseE
FN:55,62,_ZNK5neml26OptionISt6vectorIiSaIiEEEeqERKNS_10OptionBaseE
FN:55,62,_ZNK5neml26OptionISt6vectorIjSaIjEEEeqERKNS_10OptionBaseE
FN:55,62,_ZNK5neml26OptionISt6vectorIlSaIlEEEeqERKNS_10OptionBaseE
FN:55,62,_ZNK5neml26OptionISt6vectorImSaImEEEeqERKNS_10OptionBaseE
FN:55,62,_ZNK5neml26OptionIbEeqERKNS_10OptionBaseE
FN:55,62,_ZNK5neml26OptionIdEeqERKNS_10OptionBaseE
FN:55,62,_ZNK5neml26OptionIiEeqERKNS_10OptionBaseE
FN:55,62,_ZNK5neml26OptionIjEeqERKNS_10OptionBaseE
FN:55,62,_ZNK5neml26OptionIlEeqERKNS_10OptionBaseE
FN:55,62,_ZNK5neml26OptionImEeqERKNS_10OptionBaseE
FN:66,69,_ZNK5neml26OptionIN3c1011SmallVectorIlLj8EEEEneERKNS_10OptionBaseE
FN:66,69,_ZNK5neml26OptionIN3c106DeviceEEneERKNS_10OptionBaseE
FN:66,69,_ZNK5neml26OptionINS_10TensorNameIN2at6TensorEEEEneERKNS_10OptionBaseE
FN:66,69,_ZNK5neml26OptionINS_10TensorNameINS_10QuaternionEEEEneERKNS_10OptionBaseE
FN:66,69,_ZNK5neml26OptionINS_10TensorNameINS_11MillerIndexEEEEneERKNS_10OptionBaseE
FN:66,69,_ZNK5neml26OptionINS_10TensorNameINS_2R2EEEEneERKNS_10OptionBaseE
FN:66,69,_ZNK5neml26OptionINS_10TensorNameINS_2R3EEEEneERKNS_10OptionBaseE
FN:66,69,_ZNK5neml26OptionINS_10TensorNameINS_2R4EEEEneERKNS_10OptionBaseE
FN:66,69,_ZNK5neml26OptionINS_10TensorNameINS_2R5EEEEneERKNS_10OptionBaseE
FN:66,69,_ZNK5neml26OptionINS_10TensorNameINS_2R8EEEEneERKNS_10OptionBaseE
FN:66,69,_ZNK5neml26OptionINS_10TensorNameINS_3RotEEEEneERKNS_10OptionBaseE
FN:66,69,_ZNK5neml26OptionINS_10TensorNameINS_3SR2EEEEneERKNS_10OptionBaseE
FN:66,69,_ZNK5neml26OptionINS_10TensorNameINS_3VecEEEEneERKNS_10OptionBaseE
FN:66,69,_ZNK5neml26OptionINS_10TensorNameINS_3WR2EEEEneERKNS_10OptionBaseE
FN:66,69,_ZNK5neml26OptionINS_10TensorNameINS_4SFR3EEEEneERKNS_10OptionBaseE
FN:66,69,_ZNK5neml26OptionINS_10TensorNameINS_4SFR4EEEEneERKNS_10OptionBaseE
FN:66,69,_ZNK5neml26OptionINS_10TensorNameINS_4SSR4EEEEneERKNS_10OptionBaseE
FN:66,69,_ZNK5neml26OptionINS_10TensorNameINS_4SWR4EEEEneERKNS_10OptionBaseE
FN:66,69,_ZNK5neml26OptionINS_10TensorNameINS_4WFR4EEEEneERKNS_10OptionBaseE
FN:66,69,_ZNK5neml26OptionINS_10TensorNameINS_4WSR4EEEEneERKNS_10OptionBaseE
FN:66,69,_ZNK5neml26OptionINS_10TensorNameINS_4WWR4EEEEneERKNS_10OptionBaseE
FN:66,69,_ZNK5neml26OptionINS_10TensorNameINS_5SFFR4EEEEneERKNS_10OptionBaseE
FN:66,69,_ZNK5neml26OptionINS_10TensorNameINS_5SSFR5EEEEneERKNS_10OptionBaseE
FN:66,69,_ZNK5neml26OptionINS_10TensorNameINS_6SSSSR8EEEEneERKNS_10OptionBaseE
FN:66,69,_ZNK5neml26OptionINS_10TensorNameINS_6ScalarEEEEneERKNS_10OptionBaseE
FN:66,69,_ZNK5neml26OptionINS_10TensorNameINS_6TensorEEEEneERKNS_10OptionBaseE
FN:66,69,_ZNK5neml26OptionINS_13EnumSelectionEEneERKNS_10OptionBaseE
FN:66,69,_ZNK5neml26OptionINS_18MultiEnumSelectionEEneERKNS_10OptionBaseE
FN:66,69,_ZNK5neml26OptionINS_19LabeledAxisAccessorEEneERKNS_10OptionBaseE
FN:66,69,_ZNK5neml26OptionIPNS_11NEML2ObjectEEneERKNS_10OptionBaseE
FN:66,69,_ZNK5neml26OptionISsEneERKNS_10OptionBaseE
FN:66,69,_ZNK5neml26OptionISt6vectorIN3c1011SmallVectorIlLj8EEESaIS4_EEEneERKNS_10OptionBaseE
FN:66,69,_ZNK5neml26OptionISt6vectorIN3c106DeviceESaIS3_EEEneERKNS_10OptionBaseE
FN:66,69,_ZNK5neml26OptionISt6vectorINS_10TensorNameIN2at6TensorEEESaIS5_EEEneERKNS_10OptionBaseE
FN:66,69,_ZNK5neml26OptionISt6vectorINS_10TensorNameINS_10QuaternionEEESaIS4_EEEneERKNS_10OptionBaseE
FN:66,69,_ZNK5neml26OptionISt6vectorINS_10TensorNameINS_11MillerIndexEEESaIS4_EEEneERKNS_10OptionBaseE
FN:66,69,_ZNK5neml26OptionISt6vectorINS_10TensorNameINS_2R2EEESaIS4_EEEneERKNS_10OptionBaseE
FN:66,69,_ZNK5neml26OptionISt6vectorINS_10TensorNameINS_2R3EEESaIS4_EEEneERKNS_10OptionBaseE
FN:66,69,_ZNK5neml26OptionISt6vectorINS_10TensorNameINS_2R4EEESaIS4_EEEneERKNS_10OptionBaseE
FN:66,69,_ZNK5neml26OptionISt6vectorINS_10TensorNameINS_2R5EEESaIS4_EEEneERKNS_10OptionBaseE
FN:66,69,_ZNK5neml26OptionISt6vectorINS_10TensorNameINS_2R8EEESaIS4_EEEneERKNS_10OptionBaseE
FN:66,69,_ZNK5neml26OptionISt6vectorINS_10TensorNameINS_3RotEEESaIS4_EEEneERKNS_10OptionBaseE
FN:66,69,_ZNK5neml26OptionISt6vectorINS_10TensorNameINS_3SR2EEESaIS4_EEEneERKNS_10OptionBaseE
FN:66,69,_ZNK5neml26OptionISt6vectorINS_10TensorNameINS_3VecEEESaIS4_EEEneERKNS_10OptionBaseE
FN:66,69,_ZNK5neml26OptionISt6vectorINS_10TensorNameINS_3WR2EEESaIS4_EEEneERKNS_10OptionBaseE
FN:66,69,_ZNK5neml26OptionISt6vectorINS_10TensorNameINS_4SFR3EEESaIS4_EEEneERKNS_10OptionBaseE
FN:66,69,_ZNK5neml26OptionISt6vectorINS_10TensorNameINS_4SFR4EEESaIS4_EEEneERKNS_10OptionBaseE
FN:66,69,_ZNK5neml26OptionISt6vectorINS_10TensorNameINS_4SSR4EEESaIS4_EEEneERKNS_10OptionBaseE
FN:66,69,_ZNK5neml26OptionISt6vectorINS_10TensorNameINS_4SWR4EEESaIS4_EEEneERKNS_10OptionBaseE
FN:66,69,_ZNK5neml26OptionISt6vectorINS_10TensorNameINS_4WFR4EEESaIS4_EEEneERKNS_10OptionBaseE
FN:66,69,_ZNK5neml26OptionISt6vectorINS_10TensorNameINS_4WSR4EEESaIS4_EEEneERKNS_10OptionBaseE
FN:66,69,_ZNK5neml26OptionISt6vectorINS_10TensorNameINS_4WWR4EEESaIS4_EEEneERKNS_10OptionBaseE
FN:66,69,_ZNK5neml26OptionISt6vectorINS_10TensorNameINS_5SFFR4EEESaIS4_EEEneERKNS_10OptionBaseE
FN:66,69,_ZNK5neml26OptionISt6vectorINS_10TensorNameINS_5SSFR5EEESaIS4_EEEneERKNS_10OptionBaseE
FN:66,69,_ZNK5neml26OptionISt6vectorINS_10TensorNameINS_6SSSSR8EEESaIS4_EEEneERKNS_10OptionBaseE
FN:66,69,_ZNK5neml26OptionISt6vectorINS_10TensorNameINS_6ScalarEEESaIS4_EEEneERKNS_10OptionBaseE
FN:66,69,_ZNK5neml26OptionISt6vectorINS_10TensorNameINS_6TensorEEESaIS4_EEEneERKNS_10OptionBaseE
FN:66,69,_ZNK5neml26OptionISt6vectorINS_19LabeledAxisAccessorESaIS2_EEEneERKNS_10OptionBaseE
FN:66,69,_ZNK5neml26OptionISt6vectorIS1_IN3c1011SmallVectorIlLj8EEESaIS4_EESaIS6_EEEneERKNS_10OptionBaseE
FN:66,69,_ZNK5neml26OptionISt6vectorIS1_IN3c106DeviceESaIS3_EESaIS5_EEEneERKNS_10OptionBaseE
FN:66,69,_ZNK5neml26OptionISt6vectorIS1_INS_10TensorNameIN2at6TensorEEESaIS5_EESaIS7_EEEneERKNS_10OptionBaseE
FN:66,69,_ZNK5neml26OptionISt6vectorIS1_INS_10TensorNameINS_10QuaternionEEESaIS4_EESaIS6_EEEneERKNS_10OptionBaseE
FN:66,69,_ZNK5neml26OptionISt6vectorIS1_INS_10TensorNameINS_11MillerIndexEEESaIS4_EESaIS6_EEEneERKNS_10OptionBaseE
FN:66,69,_ZNK5neml26OptionISt6vectorIS1_INS_10TensorNameINS_2R2EEESaIS4_EESaIS6_EEEneERKNS_10OptionBaseE
FN:66,69,_ZNK5neml26OptionISt6vectorIS1_INS_10TensorNameINS_2R3EEESaIS4_EESaIS6_EEEneERKNS_10OptionBaseE
FN:66,69,_ZNK5neml26OptionISt6vectorIS1_INS_10TensorNameINS_2R4EEESaIS4_EESaIS6_EEEneERKNS_10OptionBaseE
FN:66,69,_ZNK5neml26OptionISt6vectorIS1_INS_10TensorNameINS_2R5EEESaIS4_EESaIS6_EEEneERKNS_10OptionBaseE
FN:66,69,_ZNK5neml26OptionISt6vectorIS1_INS_10TensorNameINS_2R8EEESaIS4_EESaIS6_EEEneERKNS_10OptionBaseE
FN:66,69,_ZNK5neml26OptionISt6vectorIS1_INS_10TensorNameINS_3RotEEESaIS4_EESaIS6_EEEneERKNS_10OptionBaseE
FN:66,69,_ZNK5neml26OptionISt6vectorIS1_INS_10TensorNameINS_3SR2EEESaIS4_EESaIS6_EEEneERKNS_10OptionBaseE
FN:66,69,_ZNK5neml26OptionISt6vectorIS1_INS_10TensorNameINS_3VecEEESaIS4_EESaIS6_EEEneERKNS_10OptionBaseE
FN:66,69,_ZNK5neml26OptionISt6vectorIS1_INS_10TensorNameINS_3WR2EEESaIS4_EESaIS6_EEEneERKNS_10OptionBaseE
FN:66,69,_ZNK5neml26OptionISt6vectorIS1_INS_10TensorNameINS_4SFR3EEESaIS4_EESaIS6_EEEneERKNS_10OptionBaseE
FN:66,69,_ZNK5neml26OptionISt6vectorIS1_INS_10TensorNameINS_4SFR4EEESaIS4_EESaIS6_EEEneERKNS_10OptionBaseE
FN:66,69,_ZNK5neml26OptionISt6vectorIS1_INS_10TensorNameINS_4SSR4EEESaIS4_EESaIS6_EEEneERKNS_10OptionBaseE
FN:66,69,_ZNK5neml26OptionISt6vectorIS1_INS_10TensorNameINS_4SWR4EEESaIS4_EESaIS6_EEEneERKNS_10OptionBaseE
FN:66,69,_ZNK5neml26OptionISt6vectorIS1_INS_10TensorNameINS_4WFR4EEESaIS4_EESaIS6_EEEneERKNS_10OptionBaseE
FN:66,69,_ZNK5neml26OptionISt6vectorIS1_INS_10TensorNameINS_4WSR4EEESaIS4_EESaIS6_EEEneERKNS_10OptionBaseE
FN:66,69,_ZNK5neml26OptionISt6vectorIS1_INS_10TensorNameINS_4WWR4EEESaIS4_EESaIS6_EEEneERKNS_10OptionBaseE
FN:66,69,_ZNK5neml26OptionISt6vectorIS1_INS_10TensorNameINS_5SFFR4EEESaIS4_EESaIS6_EEEneERKNS_10OptionBaseE
FN:66,69,_ZNK5neml26OptionISt6vectorIS1_INS_10TensorNameINS_5SSFR5EEESaIS4_EESaIS6_EEEneERKNS_10OptionBaseE
FN:66,69,_ZNK5neml26OptionISt6vectorIS1_INS_10TensorNameINS_6SSSSR8EEESaIS4_EESaIS6_EEEneERKNS_10OptionBaseE
FN:66,69,_ZNK5neml26OptionISt6vectorIS1_INS_10TensorNameINS_6ScalarEEESaIS4_EESaIS6_EEEneERKNS_10OptionBaseE
FN:66,69,_ZNK5neml26OptionISt6vectorIS1_INS_10TensorNameINS_6TensorEEESaIS4_EESaIS6_EEEneERKNS_10OptionBaseE
FN:66,69,_ZNK5neml26OptionISt6vectorIS1_INS_19LabeledAxisAccessorESaIS2_EESaIS4_EEEneERKNS_10OptionBaseE
FN:66,69,_ZNK5neml26OptionISt6vectorIS1_ISsSaISsEESaIS3_EEEneERKNS_10OptionBaseE
FN:66,69,_ZNK5neml26OptionISt6vectorIS1_IbSaIbEESaIS3_EEEneERKNS_10OptionBaseE
FN:66,69,_ZNK5neml26OptionISt6vectorIS1_IdSaIdEESaIS3_EEEneERKNS_10OptionBaseE
FN:66,69,_ZNK5neml26OptionISt6vectorIS1_IiSaIiEESaIS3_EEEneERKNS_10OptionBaseE
FN:66,69,_ZNK5neml26OptionISt6vectorIS1_IjSaIjEESaIS3_EEEneERKNS_10OptionBaseE
FN:66,69,_ZNK5neml26OptionISt6vectorIS1_IlSaIlEESaIS3_EEEneERKNS_10OptionBaseE
FN:66,69,_ZNK5neml26OptionISt6vectorIS1_ImSaImEESaIS3_EEEneERKNS_10OptionBaseE
FN:66,69,_ZNK5neml26OptionISt6vectorISsSaISsEEEneERKNS_10OptionBaseE
FN:66,69,_ZNK5neml26OptionISt6vectorIbSaIbEEEneERKNS_10OptionBaseE
FN:66,69,_ZNK5neml26OptionISt6vectorIdSaIdEEEneERKNS_10OptionBaseE
FN:66,69,_ZNK5neml26OptionISt6vectorIiSaIiEEEneERKNS_10OptionBaseE
FN:66,69,_ZNK5neml26OptionISt6vectorIjSaIjEEEneERKNS_10OptionBaseE
FN:66,69,_ZNK5neml26OptionISt6vectorIlSaIlEEEneERKNS_10OptionBaseE
FN:66,69,_ZNK5neml26OptionISt6vectorImSaImEEEneERKNS_10OptionBaseE
FN:66,69,_ZNK5neml26OptionIbEneERKNS_10OptionBaseE
FN:66,69,_ZNK5neml26OptionIdEneERKNS_10OptionBaseE
FN:66,69,_ZNK5neml26OptionIiEneERKNS_10OptionBaseE
FN:66,69,_ZNK5neml26OptionIjEneERKNS_10OptionBaseE
FN:66,69,_ZNK5neml26OptionIlEneERKNS_10OptionBaseE
FN:66,69,_ZNK5neml26OptionImEneERKNS_10OptionBaseE
FN:82,88,_ZNK5neml26OptionIN3c1011SmallVectorIlLj8EEEE5cloneEv
FN:82,88,_ZNK5neml26OptionIN3c106DeviceEE5cloneEv
FN:82,88,_ZNK5neml26OptionINS_10TensorNameIN2at6TensorEEEE5cloneEv
FN:82,88,_ZNK5neml26OptionINS_10TensorNameINS_10QuaternionEEEE5cloneEv
FN:82,88,_ZNK5neml26OptionINS_10TensorNameINS_11MillerIndexEEEE5cloneEv
FN:82,88,_ZNK5neml26OptionINS_10TensorNameINS_2R2EEEE5cloneEv
FN:82,88,_ZNK5neml26OptionINS_10TensorNameINS_2R3EEEE5cloneEv
FN:82,88,_ZNK5neml26OptionINS_10TensorNameINS_2R4EEEE5cloneEv
FN:82,88,_ZNK5neml26OptionINS_10TensorNameINS_2R5EEEE5cloneEv
FN:82,88,_ZNK5neml26OptionINS_10TensorNameINS_2R8EEEE5cloneEv
FN:82,88,_ZNK5neml26OptionINS_10TensorNameINS_3RotEEEE5cloneEv
FN:82,88,_ZNK5neml26OptionINS_10TensorNameINS_3SR2EEEE5cloneEv
FN:82,88,_ZNK5neml26OptionINS_10TensorNameINS_3VecEEEE5cloneEv
FN:82,88,_ZNK5neml26OptionINS_10TensorNameINS_3WR2EEEE5cloneEv
FN:82,88,_ZNK5neml26OptionINS_10TensorNameINS_4SFR3EEEE5cloneEv
FN:82,88,_ZNK5neml26OptionINS_10TensorNameINS_4SFR4EEEE5cloneEv
FN:82,88,_ZNK5neml26OptionINS_10TensorNameINS_4SSR4EEEE5cloneEv
FN:82,88,_ZNK5neml26OptionINS_10TensorNameINS_4SWR4EEEE5cloneEv
FN:82,88,_ZNK5neml26OptionINS_10TensorNameINS_4WFR4EEEE5cloneEv
FN:82,88,_ZNK5neml26OptionINS_10TensorNameINS_4WSR4EEEE5cloneEv
FN:82,88,_ZNK5neml26OptionINS_10TensorNameINS_4WWR4EEEE5cloneEv
FN:82,88,_ZNK5neml26OptionINS_10TensorNameINS_5SFFR4EEEE5cloneEv
FN:82,88,_ZNK5neml26OptionINS_10TensorNameINS_5SSFR5EEEE5cloneEv
FN:82,88,_ZNK5neml26OptionINS_10TensorNameINS_6SSSSR8EEEE5cloneEv
FN:82,88,_ZNK5neml26OptionINS_10TensorNameINS_6ScalarEEEE5cloneEv
FN:82,88,_ZNK5neml26OptionINS_10TensorNameINS_6TensorEEEE5cloneEv
FN:82,88,_ZNK5neml26OptionINS_13EnumSelectionEE5cloneEv
FN:82,88,_ZNK5neml26OptionINS_18MultiEnumSelectionEE5cloneEv
FN:82,88,_ZNK5neml26OptionINS_19LabeledAxisAccessorEE5cloneEv
FN:82,88,_ZNK5neml26OptionIPNS_11NEML2ObjectEE5cloneEv
FN:82,88,_ZNK5neml26OptionISsE5cloneEv
FN:82,88,_ZNK5neml26OptionISt6vectorIN3c1011SmallVectorIlLj8EEESaIS4_EEE5cloneEv
FN:82,88,_ZNK5neml26OptionISt6vectorIN3c106DeviceESaIS3_EEE5cloneEv
FN:82,88,_ZNK5neml26OptionISt6vectorINS_10TensorNameIN2at6TensorEEESaIS5_EEE5cloneEv
FN:82,88,_ZNK5neml26OptionISt6vectorINS_10TensorNameINS_10QuaternionEEESaIS4_EEE5cloneEv
FN:82,88,_ZNK5neml26OptionISt6vectorINS_10TensorNameINS_11MillerIndexEEESaIS4_EEE5cloneEv
FN:82,88,_ZNK5neml26OptionISt6vectorINS_10TensorNameINS_2R2EEESaIS4_EEE5cloneEv
FN:82,88,_ZNK5neml26OptionISt6vectorINS_10TensorNameINS_2R3EEESaIS4_EEE5cloneEv
FN:82,88,_ZNK5neml26OptionISt6vectorINS_10TensorNameINS_2R4EEESaIS4_EEE5cloneEv
FN:82,88,_ZNK5neml26OptionISt6vectorINS_10TensorNameINS_2R5EEESaIS4_EEE5cloneEv
FN:82,88,_ZNK5neml26OptionISt6vectorINS_10TensorNameINS_2R8EEESaIS4_EEE5cloneEv
FN:82,88,_ZNK5neml26OptionISt6vectorINS_10TensorNameINS_3RotEEESaIS4_EEE5cloneEv
FN:82,88,_ZNK5neml26OptionISt6vectorINS_10TensorNameINS_3SR2EEESaIS4_EEE5cloneEv
FN:82,88,_ZNK5neml26OptionISt6vectorINS_10TensorNameINS_3VecEEESaIS4_EEE5cloneEv
FN:82,88,_ZNK5neml26OptionISt6vectorINS_10TensorNameINS_3WR2EEESaIS4_EEE5cloneEv
FN:82,88,_ZNK5neml26OptionISt6vectorINS_10TensorNameINS_4SFR3EEESaIS4_EEE5cloneEv
FN:82,88,_ZNK5neml26OptionISt6vectorINS_10TensorNameINS_4SFR4EEESaIS4_EEE5cloneEv
FN:82,88,_ZNK5neml26OptionISt6vectorINS_10TensorNameINS_4SSR4EEESaIS4_EEE5cloneEv
FN:82,88,_ZNK5neml26OptionISt6vectorINS_10TensorNameINS_4SWR4EEESaIS4_EEE5cloneEv
FN:82,88,_ZNK5neml26OptionISt6vectorINS_10TensorNameINS_4WFR4EEESaIS4_EEE5cloneEv
FN:82,88,_ZNK5neml26OptionISt6vectorINS_10TensorNameINS_4WSR4EEESaIS4_EEE5cloneEv
FN:82,88,_ZNK5neml26OptionISt6vectorINS_10TensorNameINS_4WWR4EEESaIS4_EEE5cloneEv
FN:82,88,_ZNK5neml26OptionISt6vectorINS_10TensorNameINS_5SFFR4EEESaIS4_EEE5cloneEv
FN:82,88,_ZNK5neml26OptionISt6vectorINS_10TensorNameINS_5SSFR5EEESaIS4_EEE5cloneEv
FN:82,88,_ZNK5neml26OptionISt6vectorINS_10TensorNameINS_6SSSSR8EEESaIS4_EEE5cloneEv
FN:82,88,_ZNK5neml26OptionISt6vectorINS_10TensorNameINS_6ScalarEEESaIS4_EEE5cloneEv
FN:82,88,_ZNK5neml26OptionISt6vectorINS_10TensorNameINS_6TensorEEESaIS4_EEE5cloneEv
FN:82,88,_ZNK5neml26OptionISt6vectorINS_19LabeledAxisAccessorESaIS2_EEE5cloneEv
FN:82,88,_ZNK5neml26OptionISt6vectorIS1_IN3c1011SmallVectorIlLj8EEESaIS4_EESaIS6_EEE5cloneEv
FN:82,88,_ZNK5neml26OptionISt6vectorIS1_IN3c106DeviceESaIS3_EESaIS5_EEE5cloneEv
FN:82,88,_ZNK5neml26OptionISt6vectorIS1_INS_10TensorNameIN2at6TensorEEESaIS5_EESaIS7_EEE5cloneEv
FN:82,88,_ZNK5neml26OptionISt6vectorIS1_INS_10TensorNameINS_10QuaternionEEESaIS4_EESaIS6_EEE5cloneEv
FN:82,88,_ZNK5neml26OptionISt6vectorIS1_INS_10TensorNameINS_11MillerIndexEEESaIS4_EESaIS6_EEE5cloneEv
FN:82,88,_ZNK5neml26OptionISt6vectorIS1_INS_10TensorNameINS_2R2EEESaIS4_EESaIS6_EEE5cloneEv
FN:82,88,_ZNK5neml26OptionISt6vectorIS1_INS_10TensorNameINS_2R3EEESaIS4_EESaIS6_EEE5cloneEv
FN:82,88,_ZNK5neml26OptionISt6vectorIS1_INS_10TensorNameINS_2R4EEESaIS4_EESaIS6_EEE5cloneEv
FN:82,88,_ZNK5neml26OptionISt6vectorIS1_INS_10TensorNameINS_2R5EEESaIS4_EESaIS6_EEE5cloneEv
FN:82,88,_ZNK5neml26OptionISt6vectorIS1_INS_10TensorNameINS_2R8EEESaIS4_EESaIS6_EEE5cloneEv
FN:82,88,_ZNK5neml26OptionISt6vectorIS1_INS_10TensorNameINS_3RotEEESaIS4_EESaIS6_EEE5cloneEv
FN:82,88,_ZNK5neml26OptionISt6vectorIS1_INS_10TensorNameINS_3SR2EEESaIS4_EESaIS6_EEE5cloneEv
FN:82,88,_ZNK5neml26OptionISt6vectorIS1_INS_10TensorNameINS_3VecEEESaIS4_EESaIS6_EEE5cloneEv
FN:82,88,_ZNK5neml26OptionISt6vectorIS1_INS_10TensorNameINS_3WR2EEESaIS4_EESaIS6_EEE5cloneEv
FN:82,88,_ZNK5neml26OptionISt6vectorIS1_INS_10TensorNameINS_4SFR3EEESaIS4_EESaIS6_EEE5cloneEv
FN:82,88,_ZNK5neml26OptionISt6vectorIS1_INS_10TensorNameINS_4SFR4EEESaIS4_EESaIS6_EEE5cloneEv
FN:82,88,_ZNK5neml26OptionISt6vectorIS1_INS_10TensorNameINS_4SSR4EEESaIS4_EESaIS6_EEE5cloneEv
FN:82,88,_ZNK5neml26OptionISt6vectorIS1_INS_10TensorNameINS_4SWR4EEESaIS4_EESaIS6_EEE5cloneEv
FN:82,88,_ZNK5neml26OptionISt6vectorIS1_INS_10TensorNameINS_4WFR4EEESaIS4_EESaIS6_EEE5cloneEv
FN:82,88,_ZNK5neml26OptionISt6vectorIS1_INS_10TensorNameINS_4WSR4EEESaIS4_EESaIS6_EEE5cloneEv
FN:82,88,_ZNK5neml26OptionISt6vectorIS1_INS_10TensorNameINS_4WWR4EEESaIS4_EESaIS6_EEE5cloneEv
FN:82,88,_ZNK5neml26OptionISt6vectorIS1_INS_10TensorNameINS_5SFFR4EEESaIS4_EESaIS6_EEE5cloneEv
FN:82,88,_ZNK5neml26OptionISt6vectorIS1_INS_10TensorNameINS_5SSFR5EEESaIS4_EESaIS6_EEE5cloneEv
FN:82,88,_ZNK5neml26OptionISt6vectorIS1_INS_10TensorNameINS_6SSSSR8EEESaIS4_EESaIS6_EEE5cloneEv
FN:82,88,_ZNK5neml26OptionISt6vectorIS1_INS_10TensorNameINS_6ScalarEEESaIS4_EESaIS6_EEE5cloneEv
FN:82,88,_ZNK5neml26OptionISt6vectorIS1_INS_10TensorNameINS_6TensorEEESaIS4_EESaIS6_EEE5cloneEv
FN:82,88,_ZNK5neml26OptionISt6vectorIS1_INS_19LabeledAxisAccessorESaIS2_EESaIS4_EEE5cloneEv
FN:82,88,_ZNK5neml26OptionISt6vectorIS1_ISsSaISsEESaIS3_EEE5cloneEv
FN:82,88,_ZNK5neml26OptionISt6vectorIS1_IbSaIbEESaIS3_EEE5cloneEv
FN:82,88,_ZNK5neml26OptionISt6vectorIS1_IdSaIdEESaIS3_EEE5cloneEv
FN:82,88,_ZNK5neml26OptionISt6vectorIS1_IiSaIiEESaIS3_EEE5cloneEv
FN:82,88,_ZNK5neml26OptionISt6vectorIS1_IjSaIjEESaIS3_EEE5cloneEv
FN:82,88,_ZNK5neml26OptionISt6vectorIS1_IlSaIlEESaIS3_EEE5cloneEv
FN:82,88,_ZNK5neml26OptionISt6vectorIS1_ImSaImEESaIS3_EEE5cloneEv
FN:82,88,_ZNK5neml26OptionISt6vectorISsSaISsEEE5cloneEv
FN:82,88,_ZNK5neml26OptionISt6vectorIbSaIbEEE5cloneEv
FN:82,88,_ZNK5neml26OptionISt6vectorIdSaIdEEE5cloneEv
FN:82,88,_ZNK5neml26OptionISt6vectorIiSaIiEEE5cloneEv
FN:82,88,_ZNK5neml26OptionISt6vectorIjSaIjEEE5cloneEv
FN:82,88,_ZNK5neml26OptionISt6vectorIlSaIlEEE5cloneEv
FN:82,88,_ZNK5neml26OptionISt6vectorImSaImEEE5cloneEv
FN:82,88,_ZNK5neml26OptionIbE5cloneEv
FN:82,88,_ZNK5neml26OptionIdE5cloneEv
FN:82,88,_ZNK5neml26OptionIiE5cloneEv
FN:82,88,_ZNK5neml26OptionIjE5cloneEv
FN:82,88,_ZNK5neml26OptionIlE5cloneEv
FN:82,88,_ZNK5neml26OptionImE5cloneEv
FNDA:0,_ZN5neml27details13_print_helperIcEEvRSoPKT_
FNDA:0,_ZN5neml27details13_print_helperIhEEvRSoPKT_
FNDA:0,_ZN5neml27details13_print_helperIbEEvRSoPKSt6vectorIT_SaIS4_EE
FNDA:7694,_ZN5neml26OptionIN3c1011SmallVectorIlLj8EEEEC2ERKSs
FNDA:0,_ZN5neml26OptionINS_10TensorNameIN2at6TensorEEEEC2ERKSs
FNDA:30,_ZN5neml26OptionINS_10TensorNameINS_10QuaternionEEEEC2ERKSs
FNDA:364,_ZN5neml26OptionINS_10TensorNameINS_11MillerIndexEEEEC2ERKSs
FNDA:367,_ZN5neml26OptionINS_10TensorNameINS_2R2EEEEC2ERKSs
FNDA:194,_ZN5neml26OptionINS_10TensorNameINS_2R3EEEEC2ERKSs
FNDA:194,_ZN5neml26OptionINS_10TensorNameINS_2R4EEEEC2ERKSs
FNDA:194,_ZN5neml26OptionINS_10TensorNameINS_2R5EEEEC2ERKSs
FNDA:30,_ZN5neml26OptionINS_10TensorNameINS_2R8EEEEC2ERKSs
FNDA:194,_ZN5neml26OptionINS_10TensorNameINS_3RotEEEEC2ERKSs
FNDA:523,_ZN5neml26OptionINS_10TensorNameINS_3SR2EEEEC2ERKSs
FNDA:367,_ZN5neml26OptionINS_10TensorNameINS_3VecEEEEC2ERKSs
FNDA:51,_ZN5neml26OptionINS_10TensorNameINS_3WR2EEEEC2ERKSs
FNDA:194,_ZN5neml26OptionINS_10TensorNameINS_4SFR3EEEEC2ERKSs
FNDA:194,_ZN5neml26OptionINS_10TensorNameINS_4SFR4EEEEC2ERKSs
FNDA:225,_ZN5neml26OptionINS_10TensorNameINS_4SSR4EEEEC2ERKSs
FNDA:30,_ZN5neml26OptionINS_10TensorNameINS_4SWR4EEEEC2ERKSs
FNDA:194,_ZN5neml26OptionINS_10TensorNameINS_4WFR4EEEEC2ERKSs
FNDA:30,_ZN5neml26OptionINS_10TensorNameINS_4WSR4EEEEC2ERKSs
FNDA:30,_ZN5neml26OptionINS_10TensorNameINS_4WWR4EEEEC2ERKSs
FNDA:30,_ZN5neml26OptionINS_10TensorNameINS_5SFFR4EEEEC2ERKSs
FNDA:194,_ZN5neml26OptionINS_10TensorNameINS_5SSFR5EEEEC2ERKSs
FNDA:30,_ZN5neml26OptionINS_10TensorNameINS_6SSSSR8EEEEC2ERKSs
FNDA:2257,_ZN5neml26OptionINS_10TensorNameINS_6ScalarEEEEC2ERKSs
FNDA:154,_ZN5neml26OptionINS_10TensorNameINS_6TensorEEEEC2ERKSs
FNDA:1579,_ZN5neml26OptionINS_13EnumSelectionEEC2ERKSs
FNDA:146,_ZN5neml26OptionINS_18MultiEnumSelectionEEC2ERKSs
FNDA:5763,_ZN5neml26OptionINS_19LabeledAxisAccessorEEC2ERKSs
FNDA:15443,_ZN5neml26OptionIPNS_11NEML2ObjectEEC2ERKSs
FNDA:8517,_ZN5neml26OptionISsEC2ERKSs
FNDA:36,_ZN5neml26OptionISt6vectorIN3c1011SmallVectorIlLj8EEESaIS4_EEEC2ERKSs
FNDA:52,_ZN5neml26OptionISt6vectorIN3c106DeviceESaIS3_EEEC2ERKSs
FNDA:6,_ZN5neml26OptionISt6vectorINS_10TensorNameIN2at6TensorEEESaIS5_EEEC2ERKSs
FNDA:1592,_ZN5neml26OptionISt6vectorINS_10TensorNameINS_10QuaternionEEESaIS4_EEEC2ERKSs
FNDA:1592,_ZN5neml26OptionISt6vectorINS_10TensorNameINS_11MillerIndexEEESaIS4_EEEC2ERKSs
FNDA:1592,_ZN5neml26OptionISt6vectorINS_10TensorNameINS_2R2EEESaIS4_EEEC2ERKSs
FNDA:1592,_ZN5neml26OptionISt6vectorINS_10TensorNameINS_2R3EEESaIS4_EEEC2ERKSs
FNDA:1592,_ZN5neml26OptionISt6vectorINS_10TensorNameINS_2R4EEESaIS4_EEEC2ERKSs
FNDA:1592,_ZN5neml26OptionISt6vectorINS_10TensorNameINS_2R5EEESaIS4_EEEC2ERKSs
FNDA:1592,_ZN5neml26OptionISt6vectorINS_10TensorNameINS_2R8EEESaIS4_EEEC2ERKSs
FNDA:1592,_ZN5neml26OptionISt6vectorINS_10TensorNameINS_3RotEEESaIS4_EEEC2ERKSs
FNDA:1592,_ZN5neml26OptionISt6vectorINS_10TensorNameINS_3SR2EEESaIS4_EEEC2ERKSs
FNDA:1592,_ZN5neml26OptionISt6vectorINS_10TensorNameINS_3VecEEESaIS4_EEEC2ERKSs
FNDA:1592,_ZN5neml26OptionISt6vectorINS_10TensorNameINS_3WR2EEESaIS4_EEEC2ERKSs
FNDA:1592,_ZN5neml26OptionISt6vectorINS_10TensorNameINS_4SFR3EEESaIS4_EEEC2ERKSs
FNDA:1592,_ZN5neml26OptionISt6vectorINS_10TensorNameINS_4SFR4EEESaIS4_EEEC2ERKSs
FNDA:1592,_ZN5neml26OptionISt6vectorINS_10TensorNameINS_4SSR4EEESaIS4_EEEC2ERKSs
FNDA:1592,_ZN5neml26OptionISt6vectorINS_10TensorNameINS_4SWR4EEESaIS4_EEEC2ERKSs
FNDA:1592,_ZN5neml26OptionISt6vectorINS_10TensorNameINS_4WFR4EEESaIS4_EEEC2ERKSs
FNDA:1592,_ZN5neml26OptionISt6vectorINS_10TensorNameINS_4WSR4EEESaIS4_EEEC2ERKSs
FNDA:1592,_ZN5neml26OptionISt6vectorINS_10TensorNameINS_4WWR4EEESaIS4_EEEC2ERKSs
FNDA:1592,_ZN5neml26OptionISt6vectorINS_10TensorNameINS_5SFFR4EEESaIS4_EEEC2ERKSs
FNDA:1592,_ZN5neml26OptionISt6vectorINS_10TensorNameINS_5SSFR5EEESaIS4_EEEC2ERKSs
FNDA:1592,_ZN5neml26OptionISt6vectorINS_10TensorNameINS_6SSSSR8EEESaIS4_EEEC2ERKSs
FNDA:2743,_ZN5neml26OptionISt6vectorINS_10TensorNameINS_6ScalarEEESaIS4_EEEC2ERKSs
FNDA:1592,_ZN5neml26OptionISt6vectorINS_10TensorNameINS_6TensorEEESaIS4_EEEC2ERKSs
FNDA:37143,_ZN5neml26OptionISt6vectorINS_19LabeledAxisAccessorESaIS2_EEEC2ERKSs
FNDA:36,_ZN5neml26OptionISt6vectorIS1_IN3c1011SmallVectorIlLj8EEESaIS4_EESaIS6_EEEC2ERKSs
FNDA:36,_ZN5neml26OptionISt6vectorIS1_IN3c106DeviceESaIS3_EESaIS5_EEEC2ERKSs
FNDA:0,_ZN5neml26OptionISt6vectorIS1_INS_10TensorNameIN2at6TensorEEESaIS5_EESaIS7_EEEC2ERKSs
FNDA:0,_ZN5neml26OptionISt6vectorIS1_INS_10TensorNameINS_10QuaternionEEESaIS4_EESaIS6_EEEC2ERKSs
FNDA:0,_ZN5neml26OptionISt6vectorIS1_INS_10TensorNameINS_11MillerIndexEEESaIS4_EESaIS6_EEEC2ERKSs
FNDA:0,_ZN5neml26OptionISt6vectorIS1_INS_10TensorNameINS_2R2EEESaIS4_EESaIS6_EEEC2ERKSs
FNDA:0,_ZN5neml26OptionISt6vectorIS1_INS_10TensorNameINS_2R3EEESaIS4_EESaIS6_EEEC2ERKSs
FNDA:0,_ZN5neml26OptionISt6vectorIS1_INS_10TensorNameINS_2R4EEESaIS4_EESaIS6_EEEC2ERKSs
FNDA:0,_ZN5neml26OptionISt6vectorIS1_INS_10TensorNameINS_2R5EEESaIS4_EESaIS6_EEEC2ERKSs
FNDA:0,_ZN5neml26OptionISt6vectorIS1_INS_10TensorNameINS_2R8EEESaIS4_EESaIS6_EEEC2ERKSs
FNDA:0,_ZN5neml26OptionISt6vectorIS1_INS_10TensorNameINS_3RotEEESaIS4_EESaIS6_EEEC2ERKSs
FNDA:0,_ZN5neml26OptionISt6vectorIS1_INS_10TensorNameINS_3SR2EEESaIS4_EESaIS6_EEEC2ERKSs
FNDA:0,_ZN5neml26OptionISt6vectorIS1_INS_10TensorNameINS_3VecEEESaIS4_EESaIS6_EEEC2ERKSs
FNDA:0,_ZN5neml26OptionISt6vectorIS1_INS_10TensorNameINS_3WR2EEESaIS4_EESaIS6_EEEC2ERKSs
FNDA:0,_ZN5neml26OptionISt6vectorIS1_INS_10TensorNameINS_4SFR3EEESaIS4_EESaIS6_EEEC2ERKSs
FNDA:0,_ZN5neml26OptionISt6vectorIS1_INS_10TensorNameINS_4SFR4EEESaIS4_EESaIS6_EEEC2ERKSs
FNDA:0,_ZN5neml26OptionISt6vectorIS1_INS_10TensorNameINS_4SSR4EEESaIS4_EESaIS6_EEEC2ERKSs
FNDA:0,_ZN5neml26OptionISt6vectorIS1_INS_10TensorNameINS_4SWR4EEESaIS4_EESaIS6_EEEC2ERKSs
FNDA:0,_ZN5neml26OptionISt6vectorIS1_INS_10TensorNameINS_4WFR4EEESaIS4_EESaIS6_EEEC2ERKSs
FNDA:0,_ZN5neml26OptionISt6vectorIS1_INS_10TensorNameINS_4WSR4EEESaIS4_EESaIS6_EEEC2ERKSs
FNDA:0,_ZN5neml26OptionISt6vectorIS1_INS_10TensorNameINS_4WWR4EEESaIS4_EESaIS6_EEEC2ERKSs
FNDA:0,_ZN5neml26OptionISt6vectorIS1_INS_10TensorNameINS_5SFFR4EEESaIS4_EESaIS6_EEEC2ERKSs
FNDA:0,_ZN5neml26OptionISt6vectorIS1_INS_10TensorNameINS_5SSFR5EEESaIS4_EESaIS6_EEEC2ERKSs
FNDA:0,_ZN5neml26OptionISt6vectorIS1_INS_10TensorNameINS_6SSSSR8EEESaIS4_EESaIS6_EEEC2ERKSs
FNDA:0,_ZN5neml26OptionISt6vectorIS1_INS_10TensorNameINS_6ScalarEEESaIS4_EESaIS6_EEEC2ERKSs
FNDA:0,_ZN5neml26OptionISt6vectorIS1_INS_10TensorNameINS_6TensorEEESaIS4_EESaIS6_EEEC2ERKSs
FNDA:0,_ZN5neml26OptionISt6vectorIS1_INS_19LabeledAxisAccessorESaIS2_EESaIS4_EEEC2ERKSs
FNDA:36,_ZN5neml26OptionISt6vectorIS1_ISsSaISsEESaIS3_EEEC2ERKSs
FNDA:36,_ZN5neml26OptionISt6vectorIS1_IbSaIbEESaIS3_EEEC2ERKSs
FNDA:36,_ZN5neml26OptionISt6vectorIS1_IdSaIdEESaIS3_EEEC2ERKSs
FNDA:36,_ZN5neml26OptionISt6vectorIS1_IiSaIiEESaIS3_EEEC2ERKSs
FNDA:36,_ZN5neml26OptionISt6vectorIS1_IjSaIjEESaIS3_EEEC2ERKSs
FNDA:0,_ZN5neml26OptionISt6vectorIS1_IlSaIlEESaIS3_EEEC2ERKSs
FNDA:0,_ZN5neml26OptionISt6vectorIS1_ImSaImEESaIS3_EEEC2ERKSs
FNDA:2022,_ZN5neml26OptionISt6vectorISsSaISsEEEC2ERKSs
FNDA:326,_ZN5neml26OptionISt6vectorIbSaIbEEEC2ERKSs
FNDA:891,_ZN5neml26OptionISt6vectorIdSaIdEEEC2ERKSs
FNDA:36,_ZN5neml26OptionISt6vectorIiSaIiEEEC2ERKSs
FNDA:36,_ZN5neml26OptionISt6vectorIjSaIjEEEC2ERKSs
FNDA:330,_ZN5neml26OptionISt6vectorIlSaIlEEEC2ERKSs
FNDA:32,_ZN5neml26OptionISt6vectorImSaImEEEC2ERKSs
FNDA:29973,_ZN5neml26OptionIbEC2ERKSs
FNDA:17684,_ZN5neml26OptionIdEC2ERKSs
FNDA:36,_ZN5neml26OptionIiEC2ERKSs
FNDA:3636,_ZN5neml26OptionIjEC2ERKSs
FNDA:4338,_ZN5neml26OptionIlEC2ERKSs
FNDA:48,_ZN5neml26OptionImEC2ERKSs
FNDA:36,_ZN5neml26OptionIN3c106DeviceEEC2ERKSs
FNDA:0,_ZNK5neml26OptionIN3c1011SmallVectorIlLj8EEEEeqERKNS_10OptionBaseE
FNDA:0,_ZNK5neml26OptionIN3c106DeviceEEeqERKNS_10OptionBaseE
FNDA:0,_ZNK5neml26OptionINS_10TensorNameIN2at6TensorEEEEeqERKNS_10OptionBaseE
FNDA:0,_ZNK5neml26OptionINS_10TensorNameINS_10QuaternionEEEEeqERKNS_10OptionBaseE
FNDA:0,_ZNK5neml26OptionINS_10TensorNameINS_11MillerIndexEEEEeqERKNS_10OptionBaseE
FNDA:0,_ZNK5neml26OptionINS_10TensorNameINS_2R2EEEEeqERKNS_10OptionBaseE
FNDA:0,_ZNK5neml26OptionINS_10TensorNameINS_2R3EEEEeqERKNS_10OptionBaseE
FNDA:0,_ZNK5neml26OptionINS_10TensorNameINS_2R4EEEEeqERKNS_10OptionBaseE
FNDA:0,_ZNK5neml26OptionINS_10TensorNameINS_2R5EEEEeqERKNS_10OptionBaseE
FNDA:0,_ZNK5neml26OptionINS_10TensorNameINS_2R8EEEEeqERKNS_10OptionBaseE
FNDA:0,_ZNK5neml26OptionINS_10TensorNameINS_3RotEEEEeqERKNS_10OptionBaseE
FNDA:0,_ZNK5neml26OptionINS_10TensorNameINS_3SR2EEEEeqERKNS_10OptionBaseE
FNDA:0,_ZNK5neml26OptionINS_10TensorNameINS_3VecEEEEeqERKNS_10OptionBaseE
FNDA:0,_ZNK5neml26OptionINS_10TensorNameINS_3WR2EEEEeqERKNS_10OptionBaseE
FNDA:0,_ZNK5neml26OptionINS_10TensorNameINS_4SFR3EEEEeqERKNS_10OptionBaseE
FNDA:0,_ZNK5neml26OptionINS_10TensorNameINS_4SFR4EEEEeqERKNS_10OptionBaseE
FNDA:0,_ZNK5neml26OptionINS_10TensorNameINS_4SSR4EEEEeqERKNS_10OptionBaseE
FNDA:0,_ZNK5neml26OptionINS_10TensorNameINS_4SWR4EEEEeqERKNS_10OptionBaseE
FNDA:0,_ZNK5neml26OptionINS_10TensorNameINS_4WFR4EEEEeqERKNS_10OptionBaseE
FNDA:0,_ZNK5neml26OptionINS_10TensorNameINS_4WSR4EEEEeqERKNS_10OptionBaseE
FNDA:0,_ZNK5neml26OptionINS_10TensorNameINS_4WWR4EEEEeqERKNS_10OptionBaseE
FNDA:0,_ZNK5neml26OptionINS_10TensorNameINS_5SFFR4EEEEeqERKNS_10OptionBaseE
FNDA:0,_ZNK5neml26OptionINS_10TensorNameINS_5SSFR5EEEEeqERKNS_10OptionBaseE
FNDA:0,_ZNK5neml26OptionINS_10TensorNameINS_6SSSSR8EEEEeqERKNS_10OptionBaseE
FNDA:0,_ZNK5neml26OptionINS_10TensorNameINS_6ScalarEEEEeqERKNS_10OptionBaseE
FNDA:0,_ZNK5neml26OptionINS_10TensorNameINS_6TensorEEEEeqERKNS_10OptionBaseE
FNDA:0,_ZNK5neml26OptionINS_13EnumSelectionEEeqERKNS_10OptionBaseE
FNDA:0,_ZNK5neml26OptionINS_18MultiEnumSelectionEEeqERKNS_10OptionBaseE
FNDA:0,_ZNK5neml26OptionINS_19LabeledAxisAccessorEEeqERKNS_10OptionBaseE
FNDA:6,_ZNK5neml26OptionIPNS_11NEML2ObjectEEeqERKNS_10OptionBaseE
FNDA:0,_ZNK5neml26OptionISsEeqERKNS_10OptionBaseE
FNDA:0,_ZNK5neml26OptionISt6vectorIN3c1011SmallVectorIlLj8EEESaIS4_EEEeqERKNS_10OptionBaseE
FNDA:0,_ZNK5neml26OptionISt6vectorIN3c106DeviceESaIS3_EEEeqERKNS_10OptionBaseE
FNDA:0,_ZNK5neml26OptionISt6vectorINS_10TensorNameIN2at6TensorEEESaIS5_EEEeqERKNS_10OptionBaseE
FNDA:0,_ZNK5neml26OptionISt6vectorINS_10TensorNameINS_10QuaternionEEESaIS4_EEEeqERKNS_10OptionBaseE
FNDA:0,_ZNK5neml26OptionISt6vectorINS_10TensorNameINS_11MillerIndexEEESaIS4_EEEeqERKNS_10OptionBaseE
FNDA:0,_ZNK5neml26OptionISt6vectorINS_10TensorNameINS_2R2EEESaIS4_EEEeqERKNS_10OptionBaseE
FNDA:0,_ZNK5neml26OptionISt6vectorINS_10TensorNameINS_2R3EEESaIS4_EEEeqERKNS_10OptionBaseE
FNDA:0,_ZNK5neml26OptionISt6vectorINS_10TensorNameINS_2R4EEESaIS4_EEEeqERKNS_10OptionBaseE
FNDA:0,_ZNK5neml26OptionISt6vectorINS_10TensorNameINS_2R5EEESaIS4_EEEeqERKNS_10OptionBaseE
FNDA:0,_ZNK5neml26OptionISt6vectorINS_10TensorNameINS_2R8EEESaIS4_EEEeqERKNS_10OptionBaseE
FNDA:0,_ZNK5neml26OptionISt6vectorINS_10TensorNameINS_3RotEEESaIS4_EEEeqERKNS_10OptionBaseE
FNDA:0,_ZNK5neml26OptionISt6vectorINS_10TensorNameINS_3SR2EEESaIS4_EEEeqERKNS_10OptionBaseE
FNDA:0,_ZNK5neml26OptionISt6vectorINS_10TensorNameINS_3VecEEESaIS4_EEEeqERKNS_10OptionBaseE
FNDA:0,_ZNK5neml26OptionISt6vectorINS_10TensorNameINS_3WR2EEESaIS4_EEEeqERKNS_10OptionBaseE
FNDA:0,_ZNK5neml26OptionISt6vectorINS_10TensorNameINS_4SFR3EEESaIS4_EEEeqERKNS_10OptionBaseE
FNDA:0,_ZNK5neml26OptionISt6vectorINS_10TensorNameINS_4SFR4EEESaIS4_EEEeqERKNS_10OptionBaseE
FNDA:0,_ZNK5neml26OptionISt6vectorINS_10TensorNameINS_4SSR4EEESaIS4_EEEeqERKNS_10OptionBaseE
FNDA:0,_ZNK5neml26OptionISt6vectorINS_10TensorNameINS_4SWR4EEESaIS4_EEEeqERKNS_10OptionBaseE
FNDA:0,_ZNK5neml26OptionISt6vectorINS_10TensorNameINS_4WFR4EEESaIS4_EEEeqERKNS_10OptionBaseE
FNDA:0,_ZNK5neml26OptionISt6vectorINS_10TensorNameINS_4WSR4EEESaIS4_EEEeqERKNS_10OptionBaseE
FNDA:0,_ZNK5neml26OptionISt6vectorINS_10TensorNameINS_4WWR4EEESaIS4_EEEeqERKNS_10OptionBaseE
FNDA:0,_ZNK5neml26OptionISt6vectorINS_10TensorNameINS_5SFFR4EEESaIS4_EEEeqERKNS_10OptionBaseE
FNDA:0,_ZNK5neml26OptionISt6vectorINS_10TensorNameINS_5SSFR5EEESaIS4_EEEeqERKNS_10OptionBaseE
FNDA:0,_ZNK5neml26OptionISt6vectorINS_10TensorNameINS_6SSSSR8EEESaIS4_EEEeqERKNS_10OptionBaseE
FNDA:0,_ZNK5neml26OptionISt6vectorINS_10TensorNameINS_6ScalarEEESaIS4_EEEeqERKNS_10OptionBaseE
FNDA:0,_ZNK5neml26OptionISt6vectorINS_10TensorNameINS_6TensorEEESaIS4_EEEeqERKNS_10OptionBaseE
FNDA:0,_ZNK5neml26OptionISt6vectorINS_19LabeledAxisAccessorESaIS2_EEEeqERKNS_10OptionBaseE
FNDA:0,_ZNK5neml26OptionISt6vectorIS1_IN3c1011SmallVectorIlLj8EEESaIS4_EESaIS6_EEEeqERKNS_10OptionBaseE
FNDA:0,_ZNK5neml26OptionISt6vectorIS1_IN3c106DeviceESaIS3_EESaIS5_EEEeqERKNS_10OptionBaseE
FNDA:0,_ZNK5neml26OptionISt6vectorIS1_INS_10TensorNameIN2at6TensorEEESaIS5_EESaIS7_EEEeqERKNS_10OptionBaseE
FNDA:0,_ZNK5neml26OptionISt6vectorIS1_INS_10TensorNameINS_10QuaternionEEESaIS4_EESaIS6_EEEeqERKNS_10OptionBaseE
FNDA:0,_ZNK5neml26OptionISt6vectorIS1_INS_10TensorNameINS_11MillerIndexEEESaIS4_EESaIS6_EEEeqERKNS_10OptionBaseE
FNDA:0,_ZNK5neml26OptionISt6vectorIS1_INS_10TensorNameINS_2R2EEESaIS4_EESaIS6_EEEeqERKNS_10OptionBaseE
FNDA:0,_ZNK5neml26OptionISt6vectorIS1_INS_10TensorNameINS_2R3EEESaIS4_EESaIS6_EEEeqERKNS_10OptionBaseE
FNDA:0,_ZNK5neml26OptionISt6vectorIS1_INS_10TensorNameINS_2R4EEESaIS4_EESaIS6_EEEeqERKNS_10OptionBaseE
FNDA:0,_ZNK5neml26OptionISt6vectorIS1_INS_10TensorNameINS_2R5EEESaIS4_EESaIS6_EEEeqERKNS_10OptionBaseE
FNDA:0,_ZNK5neml26OptionISt6vectorIS1_INS_10TensorNameINS_2R8EEESaIS4_EESaIS6_EEEeqERKNS_10OptionBaseE
FNDA:0,_ZNK5neml26OptionISt6vectorIS1_INS_10TensorNameINS_3RotEEESaIS4_EESaIS6_EEEeqERKNS_10OptionBaseE
FNDA:0,_ZNK5neml26OptionISt6vectorIS1_INS_10TensorNameINS_3SR2EEESaIS4_EESaIS6_EEEeqERKNS_10OptionBaseE
FNDA:0,_ZNK5neml26OptionISt6vectorIS1_INS_10TensorNameINS_3VecEEESaIS4_EESaIS6_EEEeqERKNS_10OptionBaseE
FNDA:0,_ZNK5neml26OptionISt6vectorIS1_INS_10TensorNameINS_3WR2EEESaIS4_EESaIS6_EEEeqERKNS_10OptionBaseE
FNDA:0,_ZNK5neml26OptionISt6vectorIS1_INS_10TensorNameINS_4SFR3EEESaIS4_EESaIS6_EEEeqERKNS_10OptionBaseE
FNDA:0,_ZNK5neml26OptionISt6vectorIS1_INS_10TensorNameINS_4SFR4EEESaIS4_EESaIS6_EEEeqERKNS_10OptionBaseE
FNDA:0,_ZNK5neml26OptionISt6vectorIS1_INS_10TensorNameINS_4SSR4EEESaIS4_EESaIS6_EEEeqERKNS_10OptionBaseE
FNDA:0,_ZNK5neml26OptionISt6vectorIS1_INS_10TensorNameINS_4SWR4EEESaIS4_EESaIS6_EEEeqERKNS_10OptionBaseE
FNDA:0,_ZNK5neml26OptionISt6vectorIS1_INS_10TensorNameINS_4WFR4EEESaIS4_EESaIS6_EEEeqERKNS_10OptionBaseE
FNDA:0,_ZNK5neml26OptionISt6vectorIS1_INS_10TensorNameINS_4WSR4EEESaIS4_EESaIS6_EEEeqERKNS_10OptionBaseE
FNDA:0,_ZNK5neml26OptionISt6vectorIS1_INS_10TensorNameINS_4WWR4EEESaIS4_EESaIS6_EEEeqERKNS_10OptionBaseE
FNDA:0,_ZNK5neml26OptionISt6vectorIS1_INS_10TensorNameINS_5SFFR4EEESaIS4_EESaIS6_EEEeqERKNS_10OptionBaseE
FNDA:0,_ZNK5neml26OptionISt6vectorIS1_INS_10TensorNameINS_5SSFR5EEESaIS4_EESaIS6_EEEeqERKNS_10OptionBaseE
FNDA:0,_ZNK5neml26OptionISt6vectorIS1_INS_10TensorNameINS_6SSSSR8EEESaIS4_EESaIS6_EEEeqERKNS_10OptionBaseE
FNDA:0,_ZNK5neml26OptionISt6vectorIS1_INS_10TensorNameINS_6ScalarEEESaIS4_EESaIS6_EEEeqERKNS_10OptionBaseE
FNDA:0,_ZNK5neml26OptionISt6vectorIS1_INS_10TensorNameINS_6TensorEEESaIS4_EESaIS6_EEEeqERKNS_10OptionBaseE
FNDA:0,_ZNK5neml26OptionISt6vectorIS1_INS_19LabeledAxisAccessorESaIS2_EESaIS4_EEEeqERKNS_10OptionBaseE
FNDA:0,_ZNK5neml26OptionISt6vectorIS1_ISsSaISsEESaIS3_EEEeqERKNS_10OptionBaseE
FNDA:0,_ZNK5neml26OptionISt6vectorIS1_IbSaIbEESaIS3_EEEeqERKNS_10OptionBaseE
FNDA:0,_ZNK5neml26OptionISt6vectorIS1_IdSaIdEESaIS3_EEEeqERKNS_10OptionBaseE
FNDA:0,_ZNK5neml26OptionISt6vectorIS1_IiSaIiEESaIS3_EEEeqERKNS_10OptionBaseE
FNDA:0,_ZNK5neml26OptionISt6vectorIS1_IjSaIjEESaIS3_EEEeqERKNS_10OptionBaseE
FNDA:0,_ZNK5neml26OptionISt6vectorIS1_IlSaIlEESaIS3_EEEeqERKNS_10OptionBaseE
FNDA:0,_ZNK5neml26OptionISt6vectorIS1_ImSaImEESaIS3_EEEeqERKNS_10OptionBaseE
FNDA:0,_ZNK5neml26OptionISt6vectorISsSaISsEEEeqERKNS_10OptionBaseE
FNDA:0,_ZNK5neml26OptionISt6vectorIbSaIbEEEeqERKNS_10OptionBaseE
FNDA:0,_ZNK5neml26OptionISt6vectorIdSaIdEEEeqERKNS_10OptionBaseE
FNDA:0,_ZNK5neml26OptionISt6vectorIiSaIiEEEeqERKNS_10OptionBaseE
FNDA:0,_ZNK5neml26OptionISt6vectorIjSaIjEEEeqERKNS_10OptionBaseE
FNDA:0,_ZNK5neml26OptionISt6vectorIlSaIlEEEeqERKNS_10OptionBaseE
FNDA:0,_ZNK5neml26OptionISt6vectorImSaImEEEeqERKNS_10OptionBaseE
FNDA:0,_ZNK5neml26OptionIbEeqERKNS_10OptionBaseE
FNDA:0,_ZNK5neml26OptionIdEeqERKNS_10OptionBaseE
FNDA:0,_ZNK5neml26OptionIiEeqERKNS_10OptionBaseE
FNDA:0,_ZNK5neml26OptionIjEeqERKNS_10OptionBaseE
FNDA:0,_ZNK5neml26OptionIlEeqERKNS_10OptionBaseE
FNDA:0,_ZNK5neml26OptionImEeqERKNS_10OptionBaseE
FNDA:0,_ZNK5neml26OptionIN3c1011SmallVectorIlLj8EEEEneERKNS_10OptionBaseE
FNDA:0,_ZNK5neml26OptionIN3c106DeviceEEneERKNS_10OptionBaseE
FNDA:0,_ZNK5neml26OptionINS_10TensorNameIN2at6TensorEEEEneERKNS_10OptionBaseE
FNDA:0,_ZNK5neml26OptionINS_10TensorNameINS_10QuaternionEEEEneERKNS_10OptionBaseE
FNDA:0,_ZNK5neml26OptionINS_10TensorNameINS_11MillerIndexEEEEneERKNS_10OptionBaseE
FNDA:0,_ZNK5neml26OptionINS_10TensorNameINS_2R2EEEEneERKNS_10OptionBaseE
FNDA:0,_ZNK5neml26OptionINS_10TensorNameINS_2R3EEEEneERKNS_10OptionBaseE
FNDA:0,_ZNK5neml26OptionINS_10TensorNameINS_2R4EEEEneERKNS_10OptionBaseE
FNDA:0,_ZNK5neml26OptionINS_10TensorNameINS_2R5EEEEneERKNS_10OptionBaseE
FNDA:0,_ZNK5neml26OptionINS_10TensorNameINS_2R8EEEEneERKNS_10OptionBaseE
FNDA:0,_ZNK5neml26OptionINS_10TensorNameINS_3RotEEEEneERKNS_10OptionBaseE
FNDA:0,_ZNK5neml26OptionINS_10TensorNameINS_3SR2EEEEneERKNS_10OptionBaseE
FNDA:0,_ZNK5neml26OptionINS_10TensorNameINS_3VecEEEEneERKNS_10OptionBaseE
FNDA:0,_ZNK5neml26OptionINS_10TensorNameINS_3WR2EEEEneERKNS_10OptionBaseE
FNDA:0,_ZNK5neml26OptionINS_10TensorNameINS_4SFR3EEEEneERKNS_10OptionBaseE
FNDA:0,_ZNK5neml26OptionINS_10TensorNameINS_4SFR4EEEEneERKNS_10OptionBaseE
FNDA:0,_ZNK5neml26OptionINS_10TensorNameINS_4SSR4EEEEneERKNS_10OptionBaseE
FNDA:0,_ZNK5neml26OptionINS_10TensorNameINS_4SWR4EEEEneERKNS_10OptionBaseE
FNDA:0,_ZNK5neml26OptionINS_10TensorNameINS_4WFR4EEEEneERKNS_10OptionBaseE
FNDA:0,_ZNK5neml26OptionINS_10TensorNameINS_4WSR4EEEEneERKNS_10OptionBaseE
FNDA:0,_ZNK5neml26OptionINS_10TensorNameINS_4WWR4EEEEneERKNS_10OptionBaseE
FNDA:0,_ZNK5neml26OptionINS_10TensorNameINS_5SFFR4EEEEneERKNS_10OptionBaseE
FNDA:0,_ZNK5neml26OptionINS_10TensorNameINS_5SSFR5EEEEneERKNS_10OptionBaseE
FNDA:0,_ZNK5neml26OptionINS_10TensorNameINS_6SSSSR8EEEEneERKNS_10OptionBaseE
FNDA:0,_ZNK5neml26OptionINS_10TensorNameINS_6ScalarEEEEneERKNS_10OptionBaseE
FNDA:0,_ZNK5neml26OptionINS_10TensorNameINS_6TensorEEEEneERKNS_10OptionBaseE
FNDA:0,_ZNK5neml26OptionINS_13EnumSelectionEEneERKNS_10OptionBaseE
FNDA:0,_ZNK5neml26OptionINS_18MultiEnumSelectionEEneERKNS_10OptionBaseE
FNDA:0,_ZNK5neml26OptionINS_19LabeledAxisAccessorEEneERKNS_10OptionBaseE
FNDA:6,_ZNK5neml26OptionIPNS_11NEML2ObjectEEneERKNS_10OptionBaseE
FNDA:0,_ZNK5neml26OptionISsEneERKNS_10OptionBaseE
FNDA:0,_ZNK5neml26OptionISt6vectorIN3c1011SmallVectorIlLj8EEESaIS4_EEEneERKNS_10OptionBaseE
FNDA:0,_ZNK5neml26OptionISt6vectorIN3c106DeviceESaIS3_EEEneERKNS_10OptionBaseE
FNDA:0,_ZNK5neml26OptionISt6vectorINS_10TensorNameIN2at6TensorEEESaIS5_EEEneERKNS_10OptionBaseE
FNDA:0,_ZNK5neml26OptionISt6vectorINS_10TensorNameINS_10QuaternionEEESaIS4_EEEneERKNS_10OptionBaseE
FNDA:0,_ZNK5neml26OptionISt6vectorINS_10TensorNameINS_11MillerIndexEEESaIS4_EEEneERKNS_10OptionBaseE
FNDA:0,_ZNK5neml26OptionISt6vectorINS_10TensorNameINS_2R2EEESaIS4_EEEneERKNS_10OptionBaseE
FNDA:0,_ZNK5neml26OptionISt6vectorINS_10TensorNameINS_2R3EEESaIS4_EEEneERKNS_10OptionBaseE
FNDA:0,_ZNK5neml26OptionISt6vectorINS_10TensorNameINS_2R4EEESaIS4_EEEneERKNS_10OptionBaseE
FNDA:0,_ZNK5neml26OptionISt6vectorINS_10TensorNameINS_2R5EEESaIS4_EEEneERKNS_10OptionBaseE
FNDA:0,_ZNK5neml26OptionISt6vectorINS_10TensorNameINS_2R8EEESaIS4_EEEneERKNS_10OptionBaseE
FNDA:0,_ZNK5neml26OptionISt6vectorINS_10TensorNameINS_3RotEEESaIS4_EEEneERKNS_10OptionBaseE
FNDA:0,_ZNK5neml26OptionISt6vectorINS_10TensorNameINS_3SR2EEESaIS4_EEEneERKNS_10OptionBaseE
FNDA:0,_ZNK5neml26OptionISt6vectorINS_10TensorNameINS_3VecEEESaIS4_EEEneERKNS_10OptionBaseE
FNDA:0,_ZNK5neml26OptionISt6vectorINS_10TensorNameINS_3WR2EEESaIS4_EEEneERKNS_10OptionBaseE
FNDA:0,_ZNK5neml26OptionISt6vectorINS_10TensorNameINS_4SFR3EEESaIS4_EEEneERKNS_10OptionBaseE
FNDA:0,_ZNK5neml26OptionISt6vectorINS_10TensorNameINS_4SFR4EEESaIS4_EEEneERKNS_10OptionBaseE
FNDA:0,_ZNK5neml26OptionISt6vectorINS_10TensorNameINS_4SSR4EEESaIS4_EEEneERKNS_10OptionBaseE
FNDA:0,_ZNK5neml26OptionISt6vectorINS_10TensorNameINS_4SWR4EEESaIS4_EEEneERKNS_10OptionBaseE
FNDA:0,_ZNK5neml26OptionISt6vectorINS_10TensorNameINS_4WFR4EEESaIS4_EEEneERKNS_10OptionBaseE
FNDA:0,_ZNK5neml26OptionISt6vectorINS_10TensorNameINS_4WSR4EEESaIS4_EEEneERKNS_10OptionBaseE
FNDA:0,_ZNK5neml26OptionISt6vectorINS_10TensorNameINS_4WWR4EEESaIS4_EEEneERKNS_10OptionBaseE
FNDA:0,_ZNK5neml26OptionISt6vectorINS_10TensorNameINS_5SFFR4EEESaIS4_EEEneERKNS_10OptionBaseE
FNDA:0,_ZNK5neml26OptionISt6vectorINS_10TensorNameINS_5SSFR5EEESaIS4_EEEneERKNS_10OptionBaseE
FNDA:0,_ZNK5neml26OptionISt6vectorINS_10TensorNameINS_6SSSSR8EEESaIS4_EEEneERKNS_10OptionBaseE
FNDA:0,_ZNK5neml26OptionISt6vectorINS_10TensorNameINS_6ScalarEEESaIS4_EEEneERKNS_10OptionBaseE
FNDA:0,_ZNK5neml26OptionISt6vectorINS_10TensorNameINS_6TensorEEESaIS4_EEEneERKNS_10OptionBaseE
FNDA:0,_ZNK5neml26OptionISt6vectorINS_19LabeledAxisAccessorESaIS2_EEEneERKNS_10OptionBaseE
FNDA:0,_ZNK5neml26OptionISt6vectorIS1_IN3c1011SmallVectorIlLj8EEESaIS4_EESaIS6_EEEneERKNS_10OptionBaseE
FNDA:0,_ZNK5neml26OptionISt6vectorIS1_IN3c106DeviceESaIS3_EESaIS5_EEEneERKNS_10OptionBaseE
FNDA:0,_ZNK5neml26OptionISt6vectorIS1_INS_10TensorNameIN2at6TensorEEESaIS5_EESaIS7_EEEneERKNS_10OptionBaseE
FNDA:0,_ZNK5neml26OptionISt6vectorIS1_INS_10TensorNameINS_10QuaternionEEESaIS4_EESaIS6_EEEneERKNS_10OptionBaseE
FNDA:0,_ZNK5neml26OptionISt6vectorIS1_INS_10TensorNameINS_11MillerIndexEEESaIS4_EESaIS6_EEEneERKNS_10OptionBaseE
FNDA:0,_ZNK5neml26OptionISt6vectorIS1_INS_10TensorNameINS_2R2EEESaIS4_EESaIS6_EEEneERKNS_10OptionBaseE
FNDA:0,_ZNK5neml26OptionISt6vectorIS1_INS_10TensorNameINS_2R3EEESaIS4_EESaIS6_EEEneERKNS_10OptionBaseE
FNDA:0,_ZNK5neml26OptionISt6vectorIS1_INS_10TensorNameINS_2R4EEESaIS4_EESaIS6_EEEneERKNS_10OptionBaseE
FNDA:0,_ZNK5neml26OptionISt6vectorIS1_INS_10TensorNameINS_2R5EEESaIS4_EESaIS6_EEEneERKNS_10OptionBaseE
FNDA:0,_ZNK5neml26OptionISt6vectorIS1_INS_10TensorNameINS_2R8EEESaIS4_EESaIS6_EEEneERKNS_10OptionBaseE
FNDA:0,_ZNK5neml26OptionISt6vectorIS1_INS_10TensorNameINS_3RotEEESaIS4_EESaIS6_EEEneERKNS_10OptionBaseE
FNDA:0,_ZNK5neml26OptionISt6vectorIS1_INS_10TensorNameINS_3SR2EEESaIS4_EESaIS6_EEEneERKNS_10OptionBaseE
FNDA:0,_ZNK5neml26OptionISt6vectorIS1_INS_10TensorNameINS_3VecEEESaIS4_EESaIS6_EEEneERKNS_10OptionBaseE
FNDA:0,_ZNK5neml26OptionISt6vectorIS1_INS_10TensorNameINS_3WR2EEESaIS4_EESaIS6_EEEneERKNS_10OptionBaseE
FNDA:0,_ZNK5neml26OptionISt6vectorIS1_INS_10TensorNameINS_4SFR3EEESaIS4_EESaIS6_EEEneERKNS_10OptionBaseE
FNDA:0,_ZNK5neml26OptionISt6vectorIS1_INS_10TensorNameINS_4SFR4EEESaIS4_EESaIS6_EEEneERKNS_10OptionBaseE
FNDA:0,_ZNK5neml26OptionISt6vectorIS1_INS_10TensorNameINS_4SSR4EEESaIS4_EESaIS6_EEEneERKNS_10OptionBaseE
FNDA:0,_ZNK5neml26OptionISt6vectorIS1_INS_10TensorNameINS_4SWR4EEESaIS4_EESaIS6_EEEneERKNS_10OptionBaseE
FNDA:0,_ZNK5neml26OptionISt6vectorIS1_INS_10TensorNameINS_4WFR4EEESaIS4_EESaIS6_EEEneERKNS_10OptionBaseE
FNDA:0,_ZNK5neml26OptionISt6vectorIS1_INS_10TensorNameINS_4WSR4EEESaIS4_EESaIS6_EEEneERKNS_10OptionBaseE
FNDA:0,_ZNK5neml26OptionISt6vectorIS1_INS_10TensorNameINS_4WWR4EEESaIS4_EESaIS6_EEEneERKNS_10OptionBaseE
FNDA:0,_ZNK5neml26OptionISt6vectorIS1_INS_10TensorNameINS_5SFFR4EEESaIS4_EESaIS6_EEEneERKNS_10OptionBaseE
FNDA:0,_ZNK5neml26OptionISt6vectorIS1_INS_10TensorNameINS_5SSFR5EEESaIS4_EESaIS6_EEEneERKNS_10OptionBaseE
FNDA:0,_ZNK5neml26OptionISt6vectorIS1_INS_10TensorNameINS_6SSSSR8EEESaIS4_EESaIS6_EEEneERKNS_10OptionBaseE
FNDA:0,_ZNK5neml26OptionISt6vectorIS1_INS_10TensorNameINS_6ScalarEEESaIS4_EESaIS6_EEEneERKNS_10OptionBaseE
FNDA:0,_ZNK5neml26OptionISt6vectorIS1_INS_10TensorNameINS_6TensorEEESaIS4_EESaIS6_EEEneERKNS_10OptionBaseE
FNDA:0,_ZNK5neml26OptionISt6vectorIS1_INS_19LabeledAxisAccessorESaIS2_EESaIS4_EEEneERKNS_10OptionBaseE
FNDA:0,_ZNK5neml26OptionISt6vectorIS1_ISsSaISsEESaIS3_EEEneERKNS_10OptionBaseE
FNDA:0,_ZNK5neml26OptionISt6vectorIS1_IbSaIbEESaIS3_EEEneERKNS_10OptionBaseE
FNDA:0,_ZNK5neml26OptionISt6vectorIS1_IdSaIdEESaIS3_EEEneERKNS_10OptionBaseE
[...]
FN:45,49,_ZN5neml230PrimitiveTensorFromTorchScriptINS_3SR2EEC2ERKNS_9OptionSetE
FN:45,49,_ZN5neml230PrimitiveTensorFromTorchScriptINS_3VecEEC2ERKNS_9OptionSetE
FN:45,49,_ZN5neml230PrimitiveTensorFromTorchScriptINS_3WR2EEC2ERKNS_9OptionSetE
FN:45,49,_ZN5neml230PrimitiveTensorFromTorchScriptINS_4SFR3EEC2ERKNS_9OptionSetE
FN:45,49,_ZN5neml230PrimitiveTensorFromTorchScriptINS_4SFR4EEC2ERKNS_9OptionSetE
FN:45,49,_ZN5neml230PrimitiveTensorFromTorchScriptINS_4SSR4EEC2ERKNS_9OptionSetE
FN:45,49,_ZN5neml230PrimitiveTensorFromTorchScriptINS_4SWR4EEC2ERKNS_9OptionSetE
FN:45,49,_ZN5neml230PrimitiveTensorFromTorchScriptINS_4WFR4EEC2ERKNS_9OptionSetE
FN:45,49,_ZN5neml230PrimitiveTensorFromTorchScriptINS_4WSR4EEC2ERKNS_9OptionSetE
FN:45,49,_ZN5neml230PrimitiveTensorFromTorchScriptINS_4WWR4EEC2ERKNS_9OptionSetE
FN:45,49,_ZN5neml230PrimitiveTensorFromTorchScriptINS_5SFFR4EEC2ERKNS_9OptionSetE
FN:45,49,_ZN5neml230PrimitiveTensorFromTorchScriptINS_5SSFR5EEC2ERKNS_9OptionSetE
FN:45,49,_ZN5neml230PrimitiveTensorFromTorchScriptINS_6SSSSR8EEC2ERKNS_9OptionSetE
FN:45,49,_ZN5neml230PrimitiveTensorFromTorchScriptINS_6ScalarEEC2ERKNS_9OptionSetE
FNDA:2,_ZN5neml230PrimitiveTensorFromTorchScriptINS_10QuaternionEE16expected_optionsEv
FNDA:2,_ZN5neml230PrimitiveTensorFromTorchScriptINS_11MillerIndexEE16expected_optionsEv
FNDA:2,_ZN5neml230PrimitiveTensorFromTorchScriptINS_2R2EE16expected_optionsEv
FNDA:2,_ZN5neml230PrimitiveTensorFromTorchScriptINS_2R3EE16expected_optionsEv
FNDA:2,_ZN5neml230PrimitiveTensorFromTorchScriptINS_2R4EE16expected_optionsEv
FNDA:2,_ZN5neml230PrimitiveTensorFromTorchScriptINS_2R5EE16expected_optionsEv
FNDA:2,_ZN5neml230PrimitiveTensorFromTorchScriptINS_2R8EE16expected_optionsEv
FNDA:2,_ZN5neml230PrimitiveTensorFromTorchScriptINS_3RotEE16expected_optionsEv
FNDA:2,_ZN5neml230PrimitiveTensorFromTorchScriptINS_3SR2EE16expected_optionsEv
FNDA:2,_ZN5neml230PrimitiveTensorFromTorchScriptINS_3VecEE16expected_optionsEv
FNDA:2,_ZN5neml230PrimitiveTensorFromTorchScriptINS_3WR2EE16expected_optionsEv
FNDA:2,_ZN5neml230PrimitiveTensorFromTorchScriptINS_4SFR3EE16expected_optionsEv
FNDA:2,_ZN5neml230PrimitiveTensorFromTorchScriptINS_4SFR4EE16expected_optionsEv
FNDA:2,_ZN5neml230PrimitiveTensorFromTorchScriptINS_4SSR4EE16expected_optionsEv
FNDA:2,_ZN5neml230PrimitiveTensorFromTorchScriptINS_4SWR4EE16expected_optionsEv
FNDA:2,_ZN5neml230PrimitiveTensorFromTorchScriptINS_4WFR4EE16expected_optionsEv
FNDA:2,_ZN5neml230PrimitiveTensorFromTorchScriptINS_4WSR4EE16expected_optionsEv
FNDA:2,_ZN5neml230PrimitiveTensorFromTorchScriptINS_4WWR4EE16expected_optionsEv
FNDA:2,_ZN5neml230PrimitiveTensorFromTorchScriptINS_5SFFR4EE16expected_optionsEv
FNDA:2,_ZN5neml230PrimitiveTensorFromTorchScriptINS_5SSFR5EE16expected_optionsEv
FNDA:2,_ZN5neml230PrimitiveTensorFromTorchScriptINS_6SSSSR8EE16expected_optionsEv
FNDA:2,_ZN5neml230PrimitiveTensorFromTorchScriptINS_6ScalarEE16expected_optionsEv
FNDA:0,_ZN5neml230PrimitiveTensorFromTorchScriptINS_10QuaternionEEC2ERKNS_9OptionSetE
FNDA:0,_ZN5neml230PrimitiveTensorFromTorchScriptINS_11MillerIndexEEC2ERKNS_9OptionSetE
FNDA:0,_ZN5neml230PrimitiveTensorFromTorchScriptINS_2R2EEC2ERKNS_9OptionSetE
FNDA:0,_ZN5neml230PrimitiveTensorFromTorchScriptINS_2R3EEC2ERKNS_9OptionSetE
FNDA:0,_ZN5neml230PrimitiveTensorFromTorchScriptINS_2R4EEC2ERKNS_9OptionSetE
FNDA:0,_ZN5neml230PrimitiveTensorFromTorchScriptINS_2R5EEC2ERKNS_9OptionSetE
FNDA:0,_ZN5neml230PrimitiveTensorFromTorchScriptINS_2R8EEC2ERKNS_9OptionSetE
FNDA:0,_ZN5neml230PrimitiveTensorFromTorchScriptINS_3RotEEC2ERKNS_9OptionSetE
FNDA:0,_ZN5neml230PrimitiveTensorFromTorchScriptINS_3SR2EEC2ERKNS_9OptionSetE
FNDA:0,_ZN5neml230PrimitiveTensorFromTorchScriptINS_3VecEEC2ERKNS_9OptionSetE
FNDA:0,_ZN5neml230PrimitiveTensorFromTorchScriptINS_3WR2EEC2ERKNS_9OptionSetE
FNDA:0,_ZN5neml230PrimitiveTensorFromTorchScriptINS_4SFR3EEC2ERKNS_9OptionSetE
FNDA:0,_ZN5neml230PrimitiveTensorFromTorchScriptINS_4SFR4EEC2ERKNS_9OptionSetE
FNDA:0,_ZN5neml230PrimitiveTensorFromTorchScriptINS_4SSR4EEC2ERKNS_9OptionSetE
FNDA:0,_ZN5neml230PrimitiveTensorFromTorchScriptINS_4SWR4EEC2ERKNS_9OptionSetE
FNDA:0,_ZN5neml230PrimitiveTensorFromTorchScriptINS_4WFR4EEC2ERKNS_9OptionSetE
FNDA:0,_ZN5neml230PrimitiveTensorFromTorchScriptINS_4WSR4EEC2ERKNS_9OptionSetE
FNDA:0,_ZN5neml230PrimitiveTensorFromTorchScriptINS_4WWR4EEC2ERKNS_9OptionSetE
FNDA:0,_ZN5neml230PrimitiveTensorFromTorchScriptINS_5SFFR4EEC2ERKNS_9OptionSetE
FNDA:0,_ZN5neml230PrimitiveTensorFromTorchScriptINS_5SSFR5EEC2ERKNS_9OptionSetE
FNDA:0,_ZN5neml230PrimitiveTensorFromTorchScriptINS_6SSSSR8EEC2ERKNS_9OptionSetE
FNDA:0,_ZN5neml230PrimitiveTensorFromTorchScriptINS_6ScalarEEC2ERKNS_9OptionSetE
FNF:44
FNH:22
DA:38,44
DA:40,44
DA:41,44
DA:45,0
DA:47,0
DA:49,0
LF:6
LH:3
end_of_record
TN:
SF:/home/runner/work/neml2/neml2/src/neml2/user_tensors/SymmetryFromOrbifold.cxx
FN:33,44,_ZN5neml220SymmetryFromOrbifold16expected_optionsEv
FN:46,50,_ZN5neml220SymmetryFromOrbifoldC2ERKNS_9OptionSetE
FNDA:2,_ZN5neml220SymmetryFromOrbifold16expected_optionsEv
FNDA:55,_ZN5neml220SymmetryFromOrbifoldC2ERKNS_9OptionSetE
FNF:2
FNH:2
DA:33,2
DA:35,2
DA:36,2
DA:37,2
DA:39,4
DA:40,4
DA:42,2
DA:43,2
DA:44,0
DA:46,55
DA:47,220
DA:48,110
DA:50,55
LF:13
LH:12
end_of_record
TN:
SF:/home/runner/work/neml2/neml2/src/neml2/user_tensors/TensorFromTorchScript.cxx
FN:32,40,_ZN5neml221TensorFromTorchScript16expected_optionsEv
FN:42,46,_ZN5neml221TensorFromTorchScriptC2ERKNS_9OptionSetE
FNDA:2,_ZN5neml221TensorFromTorchScript16expected_optionsEv
FNDA:0,_ZN5neml221TensorFromTorchScriptC2ERKNS_9OptionSetE
FNF:2
FNH:1
DA:32,2
DA:34,2
DA:36,4
DA:37,2
DA:39,2
DA:40,0
DA:42,0
DA:44,0
DA:46,0
LF:9
LH:5
end_of_record
TN:
SF:/home/runner/work/neml2/neml2/src/neml2/user_tensors/UserPrimitiveTensor.cxx
FN:34,52,_ZN5neml219UserPrimitiveTensorINS_10QuaternionEE16expected_optionsEv
FN:34,52,_ZN5neml219UserPrimitiveTensorINS_11MillerIndexEE16expected_optionsEv
FN:34,52,_ZN5neml219UserPrimitiveTensorINS_2R2EE16expected_optionsEv
FN:34,52,_ZN5neml219UserPrimitiveTensorINS_2R3EE16expected_optionsEv
FN:34,52,_ZN5neml219UserPrimitiveTensorINS_2R4EE16expected_optionsEv
FN:34,52,_ZN5neml219UserPrimitiveTensorINS_2R5EE16expected_optionsEv
FN:34,52,_ZN5neml219UserPrimitiveTensorINS_2R8EE16expected_optionsEv
FN:34,52,_ZN5neml219UserPrimitiveTensorINS_3RotEE16expected_optionsEv
FN:34,52,_ZN5neml219UserPrimitiveTensorINS_3SR2EE16expected_optionsEv
FN:34,52,_ZN5neml219UserPrimitiveTensorINS_3VecEE16expected_optionsEv
FN:34,52,_ZN5neml219UserPrimitiveTensorINS_3WR2EE16expected_optionsEv
FN:34,52,_ZN5neml219UserPrimitiveTensorINS_4SFR3EE16expected_optionsEv
FN:34,52,_ZN5neml219UserPrimitiveTensorINS_4SFR4EE16expected_optionsEv
FN:34,52,_ZN5neml219UserPrimitiveTensorINS_4SSR4EE16expected_optionsEv
FN:34,52,_ZN5neml219UserPrimitiveTensorINS_4SWR4EE16expected_optionsEv
FN:34,52,_ZN5neml219UserPrimitiveTensorINS_4WFR4EE16expected_optionsEv
FN:34,52,_ZN5neml219UserPrimitiveTensorINS_4WSR4EE16expected_optionsEv
FN:34,52,_ZN5neml219UserPrimitiveTensorINS_4WWR4EE16expected_optionsEv
FN:34,52,_ZN5neml219UserPrimitiveTensorINS_5SFFR4EE16expected_optionsEv
FN:34,52,_ZN5neml219UserPrimitiveTensorINS_5SSFR5EE16expected_optionsEv
FN:34,52,_ZN5neml219UserPrimitiveTensorINS_6SSSSR8EE16expected_optionsEv
FN:34,52,_ZN5neml219UserPrimitiveTensorINS_6ScalarEE16expected_optionsEv
FN:55,73,_ZN5neml219UserPrimitiveTensorINS_10QuaternionEEC2ERKNS_9OptionSetE
FN:55,73,_ZN5neml219UserPrimitiveTensorINS_11MillerIndexEEC2ERKNS_9OptionSetE
FN:55,73,_ZN5neml219UserPrimitiveTensorINS_2R2EEC2ERKNS_9OptionSetE
FN:55,73,_ZN5neml219UserPrimitiveTensorINS_2R3EEC2ERKNS_9OptionSetE
FN:55,73,_ZN5neml219UserPrimitiveTensorINS_2R4EEC2ERKNS_9OptionSetE
FN:55,73,_ZN5neml219UserPrimitiveTensorINS_2R5EEC2ERKNS_9OptionSetE
FN:55,73,_ZN5neml219UserPrimitiveTensorINS_2R8EEC2ERKNS_9OptionSetE
FN:55,73,_ZN5neml219UserPrimitiveTensorINS_3RotEEC2ERKNS_9OptionSetE
FN:55,73,_ZN5neml219UserPrimitiveTensorINS_3SR2EEC2ERKNS_9OptionSetE
FN:55,73,_ZN5neml219UserPrimitiveTensorINS_3VecEEC2ERKNS_9OptionSetE
FN:55,73,_ZN5neml219UserPrimitiveTensorINS_3WR2EEC2ERKNS_9OptionSetE
FN:55,73,_ZN5neml219UserPrimitiveTensorINS_4SFR3EEC2ERKNS_9OptionSetE
FN:55,73,_ZN5neml219UserPrimitiveTensorINS_4SFR4EEC2ERKNS_9OptionSetE
FN:55,73,_ZN5neml219UserPrimitiveTensorINS_4SSR4EEC2ERKNS_9OptionSetE
FN:55,73,_ZN5neml219UserPrimitiveTensorINS_4SWR4EEC2ERKNS_9OptionSetE
FN:55,73,_ZN5neml219UserPrimitiveTensorINS_4WFR4EEC2ERKNS_9OptionSetE
FN:55,73,_ZN5neml219UserPrimitiveTensorINS_4WSR4EEC2ERKNS_9OptionSetE
FN:55,73,_ZN5neml219UserPrimitiveTensorINS_4WWR4EEC2ERKNS_9OptionSetE
FN:55,73,_ZN5neml219UserPrimitiveTensorINS_5SFFR4EEC2ERKNS_9OptionSetE
FN:55,73,_ZN5neml219UserPrimitiveTensorINS_5SSFR5EEC2ERKNS_9OptionSetE
FN:55,73,_ZN5neml219UserPrimitiveTensorINS_6SSSSR8EEC2ERKNS_9OptionSetE
FN:55,73,_ZN5neml219UserPrimitiveTensorINS_6ScalarEEC2ERKNS_9OptionSetE
FNDA:2,_ZN5neml219UserPrimitiveTensorINS_10QuaternionEE16expected_optionsEv
FNDA:2,_ZN5neml219UserPrimitiveTensorINS_11MillerIndexEE16expected_optionsEv
FNDA:2,_ZN5neml219UserPrimitiveTensorINS_2R2EE16expected_optionsEv
FNDA:2,_ZN5neml219UserPrimitiveTensorINS_2R3EE16expected_optionsEv
FNDA:2,_ZN5neml219UserPrimitiveTensorINS_2R4EE16expected_optionsEv
FNDA:2,_ZN5neml219UserPrimitiveTensorINS_2R5EE16expected_optionsEv
FNDA:2,_ZN5neml219UserPrimitiveTensorINS_2R8EE16expected_optionsEv
FNDA:2,_ZN5neml219UserPrimitiveTensorINS_3RotEE16expected_optionsEv
FNDA:2,_ZN5neml219UserPrimitiveTensorINS_3SR2EE16expected_optionsEv
FNDA:2,_ZN5neml219UserPrimitiveTensorINS_3VecEE16expected_optionsEv
FNDA:2,_ZN5neml219UserPrimitiveTensorINS_3WR2EE16expected_optionsEv
FNDA:2,_ZN5neml219UserPrimitiveTensorINS_4SFR3EE16expected_optionsEv
FNDA:2,_ZN5neml219UserPrimitiveTensorINS_4SFR4EE16expected_optionsEv
FNDA:2,_ZN5neml219UserPrimitiveTensorINS_4SSR4EE16expected_optionsEv
FNDA:2,_ZN5neml219UserPrimitiveTensorINS_4SWR4EE16expected_optionsEv
FNDA:2,_ZN5neml219UserPrimitiveTensorINS_4WFR4EE16expected_optionsEv
FNDA:2,_ZN5neml219UserPrimitiveTensorINS_4WSR4EE16expected_optionsEv
FNDA:2,_ZN5neml219UserPrimitiveTensorINS_4WWR4EE16expected_optionsEv
FNDA:2,_ZN5neml219UserPrimitiveTensorINS_5SFFR4EE16expected_optionsEv
FNDA:2,_ZN5neml219UserPrimitiveTensorINS_5SSFR5EE16expected_optionsEv
FNDA:2,_ZN5neml219UserPrimitiveTensorINS_6SSSSR8EE16expected_optionsEv
FNDA:2,_ZN5neml219UserPrimitiveTensorINS_6ScalarEE16expected_optionsEv
FNDA:0,_ZN5neml219UserPrimitiveTensorINS_10QuaternionEEC2ERKNS_9OptionSetE
FNDA:0,_ZN5neml219UserPrimitiveTensorINS_11MillerIndexEEC2ERKNS_9OptionSetE
FNDA:1,_ZN5neml219UserPrimitiveTensorINS_2R2EEC2ERKNS_9OptionSetE
FNDA:1,_ZN5neml219UserPrimitiveTensorINS_2R3EEC2ERKNS_9OptionSetE
FNDA:1,_ZN5neml219UserPrimitiveTensorINS_2R4EEC2ERKNS_9OptionSetE
FNDA:1,_ZN5neml219UserPrimitiveTensorINS_2R5EEC2ERKNS_9OptionSetE
FNDA:0,_ZN5neml219UserPrimitiveTensorINS_2R8EEC2ERKNS_9OptionSetE
FNDA:1,_ZN5neml219UserPrimitiveTensorINS_3RotEEC2ERKNS_9OptionSetE
FNDA:3,_ZN5neml219UserPrimitiveTensorINS_3SR2EEC2ERKNS_9OptionSetE
FNDA:14,_ZN5neml219UserPrimitiveTensorINS_3VecEEC2ERKNS_9OptionSetE
FNDA:0,_ZN5neml219UserPrimitiveTensorINS_3WR2EEC2ERKNS_9OptionSetE
FNDA:1,_ZN5neml219UserPrimitiveTensorINS_4SFR3EEC2ERKNS_9OptionSetE
FNDA:1,_ZN5neml219UserPrimitiveTensorINS_4SFR4EEC2ERKNS_9OptionSetE
FNDA:10,_ZN5neml219UserPrimitiveTensorINS_4SSR4EEC2ERKNS_9OptionSetE
FNDA:0,_ZN5neml219UserPrimitiveTensorINS_4SWR4EEC2ERKNS_9OptionSetE
FNDA:1,_ZN5neml219UserPrimitiveTensorINS_4WFR4EEC2ERKNS_9OptionSetE
FNDA:0,_ZN5neml219UserPrimitiveTensorINS_4WSR4EEC2ERKNS_9OptionSetE
FNDA:0,_ZN5neml219UserPrimitiveTensorINS_4WWR4EEC2ERKNS_9OptionSetE
FNDA:0,_ZN5neml219UserPrimitiveTensorINS_5SFFR4EEC2ERKNS_9OptionSetE
FNDA:1,_ZN5neml219UserPrimitiveTensorINS_5SSFR5EEC2ERKNS_9OptionSetE
FNDA:0,_ZN5neml219UserPrimitiveTensorINS_6SSSSR8EEC2ERKNS_9OptionSetE
FNDA:69,_ZN5neml219UserPrimitiveTensorINS_6ScalarEEC2ERKNS_9OptionSetE
FNF:44
FNH:35
DA:34,44
DA:38,44
DA:40,44
DA:41,44
DA:45,88
DA:46,44
DA:48,132
DA:49,44
DA:51,88
DA:52,44
DA:55,105
DA:56,315
DA:57,210
DA:59,105
DA:60,105
DA:61,105
DA:62,159
DA:63,52
DA:64,156
DA:66,0
DA:68,0
DA:70,0
DA:72,0
DA:73,210
LF:24
LH:20
end_of_record
TN:
SF:/home/runner/work/neml2/neml2/src/neml2/user_tensors/UserTensor.cxx
FN:33,49,_ZN5neml210UserTensor16expected_optionsEv
FN:51,71,_ZN5neml210UserTensorC2ERKNS_9OptionSetE
FNDA:2,_ZN5neml210UserTensor16expected_optionsEv
FNDA:10,_ZN5neml210UserTensorC2ERKNS_9OptionSetE
FNF:2
FNH:2
DA:33,2
DA:35,2
DA:36,2
DA:37,2
DA:39,4
DA:40,2
DA:42,6
DA:43,2
DA:45,6
DA:46,2
DA:48,2
DA:49,0
DA:51,10
DA:52,20
DA:54,10
DA:55,40
DA:57,10
DA:58,10
DA:59,10
DA:60,21
DA:61,3
DA:62,6
DA:64,1
DA:66,1
DA:68,2
DA:70,2
DA:71,22
LF:27
LH:26
end_of_record
TN:
SF:/home/runner/work/neml2/neml2/src/neml2/user_tensors/UserTensorBase.cxx
FN:30,35,_ZN5neml214UserTensorBase16expected_optionsEv
FN:37,40,_ZN5neml214UserTensorBaseC2ERKNS_9OptionSetE
FNDA:384,_ZN5neml214UserTensorBase16expected_optionsEv
FNDA:741,_ZN5neml214UserTensorBaseC2ERKNS_9OptionSetE
FNF:2
FNH:2
DA:30,384
DA:32,384
DA:33,384
DA:34,384
DA:35,0
DA:37,741
DA:38,741
DA:40,741
LF:8
LH:7
end_of_record
TN:
SF:/home/runner/work/neml2/neml2/src/neml2/user_tensors/ZerosPrimitiveTensor.cxx
FN:33,46,_ZN5neml220ZerosPrimitiveTensorINS_10QuaternionEE16expected_optionsEv
FN:33,46,_ZN5neml220ZerosPrimitiveTensorINS_11MillerIndexEE16expected_optionsEv
FN:33,46,_ZN5neml220ZerosPrimitiveTensorINS_2R2EE16expected_optionsEv
FN:33,46,_ZN5neml220ZerosPrimitiveTensorINS_2R3EE16expected_optionsEv
FN:33,46,_ZN5neml220ZerosPrimitiveTensorINS_2R4EE16expected_optionsEv
FN:33,46,_ZN5neml220ZerosPrimitiveTensorINS_2R5EE16expected_optionsEv
FN:33,46,_ZN5neml220ZerosPrimitiveTensorINS_2R8EE16expected_optionsEv
FN:33,46,_ZN5neml220ZerosPrimitiveTensorINS_3RotEE16expected_optionsEv
FN:33,46,_ZN5neml220ZerosPrimitiveTensorINS_3SR2EE16expected_optionsEv
FN:33,46,_ZN5neml220ZerosPrimitiveTensorINS_3VecEE16expected_optionsEv
FN:33,46,_ZN5neml220ZerosPrimitiveTensorINS_3WR2EE16expected_optionsEv
FN:33,46,_ZN5neml220ZerosPrimitiveTensorINS_4SFR3EE16expected_optionsEv
FN:33,46,_ZN5neml220ZerosPrimitiveTensorINS_4SFR4EE16expected_optionsEv
FN:33,46,_ZN5neml220ZerosPrimitiveTensorINS_4SSR4EE16expected_optionsEv
FN:33,46,_ZN5neml220ZerosPrimitiveTensorINS_4SWR4EE16expected_optionsEv
FN:33,46,_ZN5neml220ZerosPrimitiveTensorINS_4WFR4EE16expected_optionsEv
FN:33,46,_ZN5neml220ZerosPrimitiveTensorINS_4WSR4EE16expected_optionsEv
FN:33,46,_ZN5neml220ZerosPrimitiveTensorINS_4WWR4EE16expected_optionsEv
FN:33,46,_ZN5neml220ZerosPrimitiveTensorINS_5SFFR4EE16expected_optionsEv
FN:33,46,_ZN5neml220ZerosPrimitiveTensorINS_5SSFR5EE16expected_optionsEv
FN:33,46,_ZN5neml220ZerosPrimitiveTensorINS_6SSSSR8EE16expected_optionsEv
FN:33,46,_ZN5neml220ZerosPrimitiveTensorINS_6ScalarEE16expected_optionsEv
FN:49,53,_ZN5neml220ZerosPrimitiveTensorINS_10QuaternionEEC2ERKNS_9OptionSetE
FN:49,53,_ZN5neml220ZerosPrimitiveTensorINS_11MillerIndexEEC2ERKNS_9OptionSetE
FN:49,53,_ZN5neml220ZerosPrimitiveTensorINS_2R2EEC2ERKNS_9OptionSetE
FN:49,53,_ZN5neml220ZerosPrimitiveTensorINS_2R3EEC2ERKNS_9OptionSetE
FN:49,53,_ZN5neml220ZerosPrimitiveTensorINS_2R4EEC2ERKNS_9OptionSetE
FN:49,53,_ZN5neml220ZerosPrimitiveTensorINS_2R5EEC2ERKNS_9OptionSetE
FN:49,53,_ZN5neml220ZerosPrimitiveTensorINS_2R8EEC2ERKNS_9OptionSetE
FN:49,53,_ZN5neml220ZerosPrimitiveTensorINS_3RotEEC2ERKNS_9OptionSetE
FN:49,53,_ZN5neml220ZerosPrimitiveTensorINS_3SR2EEC2ERKNS_9OptionSetE
FN:49,53,_ZN5neml220ZerosPrimitiveTensorINS_3VecEEC2ERKNS_9OptionSetE
FN:49,53,_ZN5neml220ZerosPrimitiveTensorINS_3WR2EEC2ERKNS_9OptionSetE
FN:49,53,_ZN5neml220ZerosPrimitiveTensorINS_4SFR3EEC2ERKNS_9OptionSetE
FN:49,53,_ZN5neml220ZerosPrimitiveTensorINS_4SFR4EEC2ERKNS_9OptionSetE
FN:49,53,_ZN5neml220ZerosPrimitiveTensorINS_4SSR4EEC2ERKNS_9OptionSetE
FN:49,53,_ZN5neml220ZerosPrimitiveTensorINS_4SWR4EEC2ERKNS_9OptionSetE
FN:49,53,_ZN5neml220ZerosPrimitiveTensorINS_4WFR4EEC2ERKNS_9OptionSetE
FN:49,53,_ZN5neml220ZerosPrimitiveTensorINS_4WSR4EEC2ERKNS_9OptionSetE
FN:49,53,_ZN5neml220ZerosPrimitiveTensorINS_4WWR4EEC2ERKNS_9OptionSetE
FN:49,53,_ZN5neml220ZerosPrimitiveTensorINS_5SFFR4EEC2ERKNS_9OptionSetE
FN:49,53,_ZN5neml220ZerosPrimitiveTensorINS_5SSFR5EEC2ERKNS_9OptionSetE
FN:49,53,_ZN5neml220ZerosPrimitiveTensorINS_6SSSSR8EEC2ERKNS_9OptionSetE
FN:49,53,_ZN5neml220ZerosPrimitiveTensorINS_6ScalarEEC2ERKNS_9OptionSetE
FNDA:2,_ZN5neml220ZerosPrimitiveTensorINS_10QuaternionEE16expected_optionsEv
FNDA:2,_ZN5neml220ZerosPrimitiveTensorINS_11MillerIndexEE16expected_optionsEv
FNDA:2,_ZN5neml220ZerosPrimitiveTensorINS_2R2EE16expected_optionsEv
FNDA:2,_ZN5neml220ZerosPrimitiveTensorINS_2R3EE16expected_optionsEv
FNDA:2,_ZN5neml220ZerosPrimitiveTensorINS_2R4EE16expected_optionsEv
FNDA:2,_ZN5neml220ZerosPrimitiveTensorINS_2R5EE16expected_optionsEv
FNDA:2,_ZN5neml220ZerosPrimitiveTensorINS_2R8EE16expected_optionsEv
FNDA:2,_ZN5neml220ZerosPrimitiveTensorINS_3RotEE16expected_optionsEv
FNDA:2,_ZN5neml220ZerosPrimitiveTensorINS_3SR2EE16expected_optionsEv
FNDA:2,_ZN5neml220ZerosPrimitiveTensorINS_3VecEE16expected_optionsEv
FNDA:2,_ZN5neml220ZerosPrimitiveTensorINS_3WR2EE16expected_optionsEv
FNDA:2,_ZN5neml220ZerosPrimitiveTensorINS_4SFR3EE16expected_optionsEv
FNDA:2,_ZN5neml220ZerosPrimitiveTensorINS_4SFR4EE16expected_optionsEv
FNDA:2,_ZN5neml220ZerosPrimitiveTensorINS_4SSR4EE16expected_optionsEv
FNDA:2,_ZN5neml220ZerosPrimitiveTensorINS_4SWR4EE16expected_optionsEv
FNDA:2,_ZN5neml220ZerosPrimitiveTensorINS_4WFR4EE16expected_optionsEv
FNDA:2,_ZN5neml220ZerosPrimitiveTensorINS_4WSR4EE16expected_optionsEv
FNDA:2,_ZN5neml220ZerosPrimitiveTensorINS_4WWR4EE16expected_optionsEv
FNDA:2,_ZN5neml220ZerosPrimitiveTensorINS_5SFFR4EE16expected_optionsEv
FNDA:2,_ZN5neml220ZerosPrimitiveTensorINS_5SSFR5EE16expected_optionsEv
FNDA:2,_ZN5neml220ZerosPrimitiveTensorINS_6SSSSR8EE16expected_optionsEv
FNDA:2,_ZN5neml220ZerosPrimitiveTensorINS_6ScalarEE16expected_optionsEv
FNDA:0,_ZN5neml220ZerosPrimitiveTensorINS_10QuaternionEEC2ERKNS_9OptionSetE
FNDA:0,_ZN5neml220ZerosPrimitiveTensorINS_11MillerIndexEEC2ERKNS_9OptionSetE
FNDA:1,_ZN5neml220ZerosPrimitiveTensorINS_2R2EEC2ERKNS_9OptionSetE
FNDA:1,_ZN5neml220ZerosPrimitiveTensorINS_2R3EEC2ERKNS_9OptionSetE
FNDA:1,_ZN5neml220ZerosPrimitiveTensorINS_2R4EEC2ERKNS_9OptionSetE
FNDA:1,_ZN5neml220ZerosPrimitiveTensorINS_2R5EEC2ERKNS_9OptionSetE
FNDA:0,_ZN5neml220ZerosPrimitiveTensorINS_2R8EEC2ERKNS_9OptionSetE
FNDA:1,_ZN5neml220ZerosPrimitiveTensorINS_3RotEEC2ERKNS_9OptionSetE
FNDA:1,_ZN5neml220ZerosPrimitiveTensorINS_3SR2EEC2ERKNS_9OptionSetE
FNDA:1,_ZN5neml220ZerosPrimitiveTensorINS_3VecEEC2ERKNS_9OptionSetE
FNDA:0,_ZN5neml220ZerosPrimitiveTensorINS_3WR2EEC2ERKNS_9OptionSetE
FNDA:1,_ZN5neml220ZerosPrimitiveTensorINS_4SFR3EEC2ERKNS_9OptionSetE
FNDA:1,_ZN5neml220ZerosPrimitiveTensorINS_4SFR4EEC2ERKNS_9OptionSetE
FNDA:1,_ZN5neml220ZerosPrimitiveTensorINS_4SSR4EEC2ERKNS_9OptionSetE
FNDA:0,_ZN5neml220ZerosPrimitiveTensorINS_4SWR4EEC2ERKNS_9OptionSetE
FNDA:1,_ZN5neml220ZerosPrimitiveTensorINS_4WFR4EEC2ERKNS_9OptionSetE
FNDA:0,_ZN5neml220ZerosPrimitiveTensorINS_4WSR4EEC2ERKNS_9OptionSetE
FNDA:0,_ZN5neml220ZerosPrimitiveTensorINS_4WWR4EEC2ERKNS_9OptionSetE
FNDA:0,_ZN5neml220ZerosPrimitiveTensorINS_5SFFR4EEC2ERKNS_9OptionSetE
FNDA:1,_ZN5neml220ZerosPrimitiveTensorINS_5SSFR5EEC2ERKNS_9OptionSetE
FNDA:0,_ZN5neml220ZerosPrimitiveTensorINS_6SSSSR8EEC2ERKNS_9OptionSetE
FNDA:1,_ZN5neml220ZerosPrimitiveTensorINS_6ScalarEEC2ERKNS_9OptionSetE
FNF:44
FNH:35
DA:33,44
DA:37,44
DA:39,44
DA:40,44
DA:42,132
DA:43,44
DA:45,88
DA:46,44
DA:49,13
DA:50,39
DA:51,26
DA:53,13
LF:12
LH:12
end_of_record
TN:
SF:/home/runner/work/neml2/neml2/src/neml2/user_tensors/ZerosTensor.cxx
FN:32,44,_ZN5neml211ZerosTensor16expected_optionsEv
FN:46,52,_ZN5neml211ZerosTensorC2ERKNS_9OptionSetE
FNDA:2,_ZN5neml211ZerosTensor16expected_optionsEv
FNDA:1,_ZN5neml211ZerosTensorC2ERKNS_9OptionSetE
FNF:2
FNH:2
DA:32,2
DA:34,2
DA:35,2
DA:37,6
DA:38,2
DA:40,6
DA:41,2
DA:43,2
DA:44,0
DA:46,1
DA:47,2
DA:49,1
DA:50,4
DA:52,1
LF:14
LH:13
end_of_record
