TN:
SF:/home/runner/work/neml2/neml2/src/neml2/base/DiagnosticsInterface.cxx
FN:31,35,_ZN5neml210DiagnosingC2Eb
FN:37,37,_ZN5neml210DiagnosingD2Ev
FN:40,44,_ZN5neml224current_diagnostic_stateEv
FN:47,51,_ZN5neml217current_diagnosesEv
FN:54,77,_ZN5neml28diagnoseERKNS_20DiagnosticsInterfaceE
FN:80,94,_ZN5neml218diagnose_and_throwERKNS_20DiagnosticsInterfaceE
FN:96,99,_ZN5neml220DiagnosticsInterfaceC2EPNS_11NEML2ObjectE
FNDA:289,_ZN5neml210DiagnosingC2Eb
FNDA:289,_ZN5neml210DiagnosingD2Ev
FNDA:1352,_ZN5neml224current_diagnostic_stateEv
FNDA:488,_ZN5neml217current_diagnosesEv
FNDA:289,_ZN5neml28diagnoseERKNS_20DiagnosticsInterfaceE
FNDA:191,_ZN5neml218diagnose_and_throwERKNS_20DiagnosticsInterfaceE
FNDA:669,_ZN5neml220DiagnosticsInterfaceC2EPNS_11NEML2ObjectE
FNF:7
FNH:7
DA:31,289
DA:32,289
DA:34,289
DA:35,289
DA:37,289
DA:40,1352
DA:42,1352
DA:43,1352
DA:47,488
DA:49,488
DA:50,488
DA:54,289
DA:56,289
DA:57,289
DA:58,289
DA:62,289
DA:63,289
DA:64,289
DA:67,289
DA:70,289
DA:72,194
DA:73,194
DA:76,289
DA:77,0
DA:80,191
DA:82,191
DA:83,191
DA:85,191
DA:86,191
DA:88,1
DA:89,1
DA:90,2
DA:91,1
DA:92,1
DA:93,1
DA:94,191
DA:96,669
DA:97,669
DA:99,669
LF:39
LH:38
end_of_record
TN:
SF:/home/runner/work/neml2/neml2/src/neml2/base/EnumSelection.cxx
FN:31,35,_ZN5neml2lsERSoRKNS_13EnumSelectionE
FN:38,42,_ZN5neml2rsERNSt7__cxx1118basic_stringstreamIcSt11char_traitsIcESaIcEEERNS_13EnumSelectionE
FN:44,49,_ZN5neml213EnumSelectionC2ERKSt6vectorINSt7__cxx1112basic_stringIcSt11char_traitsIcESaIcEEESaIS7_EERKS7_
FN:51,57,_ZN5neml213EnumSelectionC2ERKSt6vectorINSt7__cxx1112basic_stringIcSt11char_traitsIcESaIcEEESaIS7_EERKS1_IiSaIiEERKS7_
FN:60,64,_ZNK5neml213EnumSelectioneqERKS0_
FN:67,70,_ZNK5neml213EnumSelectionneERKS0_
FN:73,76,_ZNK5neml213EnumSelectioneqERKNSt7__cxx1112basic_stringIcSt11char_traitsIcESaIcEEE
FN:79,82,_ZNK5neml213EnumSelectionneERKNSt7__cxx1112basic_stringIcSt11char_traitsIcESaIcEEE
FN:85,92,_ZN5neml213EnumSelection6selectERKNSt7__cxx1112basic_stringIcSt11char_traitsIcESaIcEEE
FNDA:1,_ZN5neml2lsERSoRKNS_13EnumSelectionE
FNDA:59,_ZN5neml2rsERNSt7__cxx1118basic_stringstreamIcSt11char_traitsIcESaIcEEERNS_13EnumSelectionE
FNDA:29,_ZN5neml213EnumSelectionC2ERKSt6vectorINSt7__cxx1112basic_stringIcSt11char_traitsIcESaIcEEESaIS7_EERKS7_
FNDA:18,_ZN5neml213EnumSelectionC2ERKSt6vectorINSt7__cxx1112basic_stringIcSt11char_traitsIcESaIcEEESaIS7_EERKS1_IiSaIiEERKS7_
FNDA:7,_ZNK5neml213EnumSelectioneqERKS0_
FNDA:5,_ZNK5neml213EnumSelectionneERKS0_
FNDA:374,_ZNK5neml213EnumSelectioneqERKNSt7__cxx1112basic_stringIcSt11char_traitsIcESaIcEEE
FNDA:0,_ZNK5neml213EnumSelectionneERKNSt7__cxx1112basic_stringIcSt11char_traitsIcESaIcEEE
FNDA:103,_ZN5neml213EnumSelection6selectERKNSt7__cxx1112basic_stringIcSt11char_traitsIcESaIcEEE
FNF:9
FNH:8
DA:31,1
DA:33,1
DA:34,1
DA:38,59
DA:40,59
DA:41,58
DA:44,29
DA:45,29
DA:46,57
DA:48,28
DA:49,29
DA:51,18
DA:53,18
DA:54,34
DA:56,16
DA:57,17
DA:60,7
DA:62,9
DA:63,9
DA:67,5
DA:69,5
DA:73,374
DA:75,374
DA:79,0
DA:81,0
DA:85,103
DA:87,103
DA:89,206
DA:90,100
DA:91,100
DA:92,100
LF:31
LH:29
end_of_record
TN:
SF:/home/runner/work/neml2/neml2/src/neml2/base/EnumSelectionBase.cxx
FN:32,41,_ZN5neml217EnumSelectionBaseC2ERKSt6vectorINSt7__cxx1112basic_stringIcSt11char_traitsIcESaIcEEESaIS7_EE
FN:43,58,_ZN5neml217EnumSelectionBaseC2ERKSt6vectorINSt7__cxx1112basic_stringIcSt11char_traitsIcESaIcEEESaIS7_EERKS1_IiSaIiEE
FN:61,67,_ZNK5neml217EnumSelectionBase14candidates_strB5cxx11Ev
FNDA:32,_ZN5neml217EnumSelectionBaseC2ERKSt6vectorINSt7__cxx1112basic_stringIcSt11char_traitsIcESaIcEEESaIS7_EE
FNDA:37,_ZN5neml217EnumSelectionBaseC2ERKSt6vectorINSt7__cxx1112basic_stringIcSt11char_traitsIcESaIcEEESaIS7_EERKS1_IiSaIiEE
FNDA:246,_ZNK5neml217EnumSelectionBase14candidates_strB5cxx11Ev
FNF:3
FNH:3
DA:32,32
DA:34,32
DA:35,32
DA:38,31
DA:39,105
DA:40,74
DA:41,33
DA:43,37
DA:44,37
DA:46,37
DA:49,36
DA:50,36
DA:53,36
DA:54,36
DA:56,186
DA:57,151
DA:58,39
DA:61,246
DA:63,246
DA:64,1357
DA:65,1111
DA:66,492
DA:67,246
LF:23
LH:23
end_of_record
TN:
SF:/home/runner/work/neml2/neml2/src/neml2/base/Factory.cxx
FN:101,104,_ZN5neml27Factory5clearEv
FN:34,45,_ZN5neml210load_inputERKNSt10filesystem7__cxx114pathERKNSt7__cxx1112basic_stringIcSt11char_traitsIcESaIcEEE
FN:47,51,_ZN5neml27FactoryC2ENS_9InputFileE
FN:54,57,_ZN5neml27Factory10has_objectERKNSt7__cxx1112basic_stringIcSt11char_traitsIcESaIcEEES8_
FN:60,78,_ZN5neml27Factory13create_objectERKNSt7__cxx1112basic_stringIcSt11char_traitsIcESaIcEEERKNS_9OptionSetE
FN:81,84,_ZNK5neml27Factory18options_compatibleERKSt10shared_ptrINS_11NEML2ObjectEERKNS_9OptionSetE
FNDA:0,_ZN5neml27Factory5clearEv
FNDA:380,_ZN5neml210load_inputERKNSt10filesystem7__cxx114pathERKNSt7__cxx1112basic_stringIcSt11char_traitsIcESaIcEEE
FNDA:379,_ZN5neml27FactoryC2ENS_9InputFileE
FNDA:0,_ZN5neml27Factory10has_objectERKNSt7__cxx1112basic_stringIcSt11char_traitsIcESaIcEEES8_
FNDA:1628,_ZN5neml27Factory13create_objectERKNSt7__cxx1112basic_stringIcSt11char_traitsIcESaIcEEERKNS_9OptionSetE
FNDA:8,_ZNK5neml27Factory18options_compatibleERKSt10shared_ptrINS_11NEML2ObjectEERKNS_9OptionSetE
FNF:6
FNH:4
DA:34,380
DA:37,380
DA:39,380
DA:40,380
DA:41,756
DA:42,380
DA:44,0
DA:47,379
DA:48,379
DA:49,379
DA:51,379
DA:54,0
DA:56,0
DA:60,1628
DA:62,1628
DA:63,1628
DA:65,1628
DA:66,1628
DA:67,1616
DA:71,1616
DA:73,0
DA:75,0
DA:76,0
DA:77,0
DA:78,1616
DA:81,8
DA:83,8
DA:101,0
DA:103,0
DA:104,0
LF:30
LH:20
end_of_record
TN:
SF:/home/runner/work/neml2/neml2/src/neml2/base/HITParser.cxx
FN:100,114,_ZNK5neml29HITParser22extract_object_optionsEPN3hit4NodeES3_
FN:117,122,_ZNK5neml29HITParser15extract_optionsEPN3hit4NodeERNS_9OptionSetE
FN:126,179,_ZNK5neml29HITParser14extract_optionEPN3hit4NodeERNS_9OptionSetE
FN:42,70,_ZNK5neml29HITParser5parseERKNSt10filesystem7__cxx114pathERKNSt7__cxx1112basic_stringIcSt11char_traitsIcESaIcEEE
FN:73,97,_ZNK5neml29HITParser5parseEPN3hit4NodeE
FNDA:3671,_ZNK5neml29HITParser22extract_object_optionsEPN3hit4NodeES3_
FNDA:3685,_ZNK5neml29HITParser15extract_optionsEPN3hit4NodeERNS_9OptionSetE
FNDA:8222,_ZNK5neml29HITParser14extract_optionEPN3hit4NodeERNS_9OptionSetE
FNDA:391,_ZNK5neml29HITParser5parseERKNSt10filesystem7__cxx114pathERKNSt7__cxx1112basic_stringIcSt11char_traitsIcESaIcEEE
FNDA:391,_ZNK5neml29HITParser5parseEPN3hit4NodeE
FNF:5
FNH:5
DA:42,391
DA:45,391
DA:46,391
DA:49,391
DA:50,391
DA:51,391
DA:54,391
DA:55,391
DA:58,391
DA:59,391
DA:62,391
DA:63,391
DA:64,391
DA:65,782
DA:66,391
DA:67,391
DA:69,779
DA:70,412
DA:73,391
DA:76,391
DA:77,1173
DA:78,14
DA:81,391
DA:82,2725
DA:84,2337
DA:85,2337
DA:87,782
DA:88,4450
DA:90,3671
DA:91,3668
DA:92,3668
DA:93,782
DA:96,776
DA:97,394
DA:100,3671
DA:103,7342
DA:105,3671
DA:106,3671
DA:109,3668
DA:110,3668
DA:111,3668
DA:113,7336
DA:114,3674
DA:117,3685
DA:119,15575
DA:120,11893
DA:121,11904
DA:122,3682
DA:126,8222
DA:140,8222
DA:142,8222
DA:143,119224
DA:144,119224
DA:146,8222
DA:148,8222
DA:151,8221
DA:155,8221
DA:156,6675
DA:157,6428
DA:158,6362
DA:159,6245
DA:160,6245
DA:161,5383
DA:162,4095
DA:163,2821
DA:164,2008
DA:165,1951
DA:166,1922
DA:167,30
DA:168,30
DA:173,8219
DA:175,8219
DA:177,8219
DA:179,8219
LF:74
LH:74
end_of_record
TN:
SF:/home/runner/work/neml2/neml2/src/neml2/base/InputFile.cxx
FN:32,36,_ZN5neml29InputFileC2ERKNS_9OptionSetE
FN:39,42,_ZN5neml29InputFileixERKNSt7__cxx1112basic_stringIcSt11char_traitsIcESaIcEEE
FN:45,48,_ZNK5neml29InputFileixERKNSt7__cxx1112basic_stringIcSt11char_traitsIcESaIcEEE
FNDA:392,_ZN5neml29InputFileC2ERKNS_9OptionSetE
FNDA:5585,_ZN5neml29InputFileixERKNSt7__cxx1112basic_stringIcSt11char_traitsIcESaIcEEE
FNDA:0,_ZNK5neml29InputFileixERKNSt7__cxx1112basic_stringIcSt11char_traitsIcESaIcEEE
FNF:3
FNH:2
DA:32,392
DA:33,392
DA:34,392
DA:36,392
DA:39,5585
DA:41,5585
DA:45,0
DA:47,0
LF:8
LH:6
end_of_record
TN:
SF:/home/runner/work/neml2/neml2/src/neml2/base/LabeledAxis.cxx
FN:146,159,_ZNK5neml211LabeledAxis4sizeEv
FN:162,190,_ZNK5neml211LabeledAxis4sizeERKNS_19LabeledAxisAccessorE
FN:193,213,_ZNK5neml211LabeledAxis5sliceERKNS_19LabeledAxisAccessorE
FN:216,227,_ZNK5neml211LabeledAxis9nvariableEv
FN:230,245,_ZNK5neml211LabeledAxis12has_variableERKNS_19LabeledAxisAccessorE
FN:248,259,_ZNK5neml211LabeledAxis11variable_idERKNS_19LabeledAxisAccessorE
FN:262,266,_ZNK5neml211LabeledAxis14variable_namesEv
FN:269,273,_ZNK5neml211LabeledAxis15variable_slicesEv
FN:276,280,_ZNK5neml211LabeledAxis14variable_sliceERKNS_19LabeledAxisAccessorE
FN:283,287,_ZNK5neml211LabeledAxis14variable_sizesEv
FN:290,309,_ZNK5neml211LabeledAxis13variable_sizeERKNS_19LabeledAxisAccessorE
FN:312,315,_ZNK5neml211LabeledAxis8nsubaxisEv
FN:318,328,_ZNK5neml211LabeledAxis11has_subaxisERKNS_19LabeledAxisAccessorE
FN:32,35,_ZN5neml211LabeledAxisC2ENS_19LabeledAxisAccessorE
FN:331,341,_ZNK5neml211LabeledAxis10subaxis_idERKNSt7__cxx1112basic_stringIcSt11char_traitsIcESaIcEEE
FN:344,348,_ZNK5neml211LabeledAxis7subaxesEv
FN:351,363,_ZNK5neml211LabeledAxis7subaxisERKNS_19LabeledAxisAccessorE
FN:366,370,_ZN5neml211LabeledAxis7subaxisERKNS_19LabeledAxisAccessorE
FN:373,377,_ZNK5neml211LabeledAxis13subaxis_namesB5cxx11Ev
FN:38,41,_ZNK5neml211LabeledAxis7qualifyERKNS_19LabeledAxisAccessorE
FN:380,384,_ZNK5neml211LabeledAxis14subaxis_slicesEv
FN:387,402,_ZNK5neml211LabeledAxis13subaxis_sliceERKNS_19LabeledAxisAccessorE
FN:405,409,_ZNK5neml211LabeledAxis13subaxis_sizesEv
FN:412,422,_ZNK5neml211LabeledAxis12subaxis_sizeERKNS_19LabeledAxisAccessorE
FN:425,446,_ZNK5neml211LabeledAxis6equalsERKS0_
FN:44,54,_ZN5neml211LabeledAxis11add_subaxisERKNSt7__cxx1112basic_stringIcSt11char_traitsIcESaIcEEE
FN:449,463,_ZN5neml211LabeledAxis22cache_reserved_subaxisERKNSt7__cxx1112basic_stringIcSt11char_traitsIcESaIcEEE
FN:466,469,_ZNK5neml211LabeledAxis16ensure_setup_dbgEv
FN:472,499,_ZN5neml2lsERSoRKNS_11LabeledAxisE
FN:502,505,_ZN5neml2eqERKNS_11LabeledAxisES2_
FN:508,511,_ZN5neml2neERKNS_11LabeledAxisES2_
FN:57,72,_ZN5neml211LabeledAxis12add_variableERKNS_19LabeledAxisAccessorEl
FN:76,80,_ZN5neml211LabeledAxis12add_variableINS_10QuaternionEEEvRKNS_19LabeledAxisAccessorE
FN:76,80,_ZN5neml211LabeledAxis12add_variableINS_11MillerIndexEEEvRKNS_19LabeledAxisAccessorE
FN:76,80,_ZN5neml211LabeledAxis12add_variableINS_2R2EEEvRKNS_19LabeledAxisAccessorE
FN:76,80,_ZN5neml211LabeledAxis12add_variableINS_2R3EEEvRKNS_19LabeledAxisAccessorE
FN:76,80,_ZN5neml211LabeledAxis12add_variableINS_2R4EEEvRKNS_19LabeledAxisAccessorE
FN:76,80,_ZN5neml211LabeledAxis12add_variableINS_2R5EEEvRKNS_19LabeledAxisAccessorE
FN:76,80,_ZN5neml211LabeledAxis12add_variableINS_2R8EEEvRKNS_19LabeledAxisAccessorE
FN:76,80,_ZN5neml211LabeledAxis12add_variableINS_3RotEEEvRKNS_19LabeledAxisAccessorE
FN:76,80,_ZN5neml211LabeledAxis12add_variableINS_3SR2EEEvRKNS_19LabeledAxisAccessorE
FN:76,80,_ZN5neml211LabeledAxis12add_variableINS_3VecEEEvRKNS_19LabeledAxisAccessorE
FN:76,80,_ZN5neml211LabeledAxis12add_variableINS_3WR2EEEvRKNS_19LabeledAxisAccessorE
FN:76,80,_ZN5neml211LabeledAxis12add_variableINS_4SFR3EEEvRKNS_19LabeledAxisAccessorE
FN:76,80,_ZN5neml211LabeledAxis12add_variableINS_4SFR4EEEvRKNS_19LabeledAxisAccessorE
FN:76,80,_ZN5neml211LabeledAxis12add_variableINS_4SSR4EEEvRKNS_19LabeledAxisAccessorE
FN:76,80,_ZN5neml211LabeledAxis12add_variableINS_4SWR4EEEvRKNS_19LabeledAxisAccessorE
FN:76,80,_ZN5neml211LabeledAxis12add_variableINS_4WFR4EEEvRKNS_19LabeledAxisAccessorE
FN:76,80,_ZN5neml211LabeledAxis12add_variableINS_4WSR4EEEvRKNS_19LabeledAxisAccessorE
FN:76,80,_ZN5neml211LabeledAxis12add_variableINS_4WWR4EEEvRKNS_19LabeledAxisAccessorE
FN:76,80,_ZN5neml211LabeledAxis12add_variableINS_5SFFR4EEEvRKNS_19LabeledAxisAccessorE
FN:76,80,_ZN5neml211LabeledAxis12add_variableINS_5SSFR5EEEvRKNS_19LabeledAxisAccessorE
FN:76,80,_ZN5neml211LabeledAxis12add_variableINS_6SSSSR8EEEvRKNS_19LabeledAxisAccessorE
FN:76,80,_ZN5neml211LabeledAxis12add_variableINS_6ScalarEEEvRKNS_19LabeledAxisAccessorE
FN:86,143,_ZN5neml211LabeledAxis12setup_layoutEv
FNDA:1671,_ZNK5neml211LabeledAxis4sizeEv
FNDA:78,_ZNK5neml211LabeledAxis4sizeERKNS_19LabeledAxisAccessorE
FNDA:27,_ZNK5neml211LabeledAxis5sliceERKNS_19LabeledAxisAccessorE
FNDA:474,_ZNK5neml211LabeledAxis9nvariableEv
FNDA:16942,_ZNK5neml211LabeledAxis12has_variableERKNS_19LabeledAxisAccessorE
FNDA:102,_ZNK5neml211LabeledAxis11variable_idERKNS_19LabeledAxisAccessorE
FNDA:28932,_ZNK5neml211LabeledAxis14variable_namesEv
FNDA:16,_ZNK5neml211LabeledAxis15variable_slicesEv
FNDA:40,_ZNK5neml211LabeledAxis14variable_sliceERKNS_19LabeledAxisAccessorE
FNDA:56794,_ZNK5neml211LabeledAxis14variable_sizesEv
FNDA:76,_ZNK5neml211LabeledAxis13variable_sizeERKNS_19LabeledAxisAccessorE
FNDA:13,_ZNK5neml211LabeledAxis8nsubaxisEv
FNDA:27,_ZNK5neml211LabeledAxis11has_subaxisERKNS_19LabeledAxisAccessorE
FNDA:2364,_ZN5neml211LabeledAxisC2ENS_19LabeledAxisAccessorE
FNDA:17,_ZNK5neml211LabeledAxis10subaxis_idERKNSt7__cxx1112basic_stringIcSt11char_traitsIcESaIcEEE
FNDA:2,_ZNK5neml211LabeledAxis7subaxesEv
FNDA:6693,_ZNK5neml211LabeledAxis7subaxisERKNS_19LabeledAxisAccessorE
FNDA:6605,_ZN5neml211LabeledAxis7subaxisERKNS_19LabeledAxisAccessorE
FNDA:9,_ZNK5neml211LabeledAxis13subaxis_namesB5cxx11Ev
FNDA:24809,_ZNK5neml211LabeledAxis7qualifyERKNS_19LabeledAxisAccessorE
FNDA:3,_ZNK5neml211LabeledAxis14subaxis_slicesEv
FNDA:14,_ZNK5neml211LabeledAxis13subaxis_sliceERKNS_19LabeledAxisAccessorE
FNDA:9,_ZNK5neml211LabeledAxis13subaxis_sizesEv
FNDA:14,_ZNK5neml211LabeledAxis12subaxis_sizeERKNS_19LabeledAxisAccessorE
FNDA:10,_ZNK5neml211LabeledAxis6equalsERKS0_
FNDA:2364,_ZN5neml211LabeledAxis11add_subaxisERKNSt7__cxx1112basic_stringIcSt11char_traitsIcESaIcEEE
FNDA:1697,_ZN5neml211LabeledAxis22cache_reserved_subaxisERKNSt7__cxx1112basic_stringIcSt11char_traitsIcESaIcEEE
FNDA:85965,_ZNK5neml211LabeledAxis16ensure_setup_dbgEv
FNDA:0,_ZN5neml2lsERSoRKNS_11LabeledAxisE
FNDA:6,_ZN5neml2eqERKNS_11LabeledAxisES2_
FNDA:4,_ZN5neml2neERKNS_11LabeledAxisES2_
FNDA:4357,_ZN5neml211LabeledAxis12add_variableERKNS_19LabeledAxisAccessorEl
FNDA:0,_ZN5neml211LabeledAxis12add_variableINS_10QuaternionEEEvRKNS_19LabeledAxisAccessorE
FNDA:0,_ZN5neml211LabeledAxis12add_variableINS_11MillerIndexEEEvRKNS_19LabeledAxisAccessorE
FNDA:0,_ZN5neml211LabeledAxis12add_variableINS_2R2EEEvRKNS_19LabeledAxisAccessorE
FNDA:0,_ZN5neml211LabeledAxis12add_variableINS_2R3EEEvRKNS_19LabeledAxisAccessorE
FNDA:0,_ZN5neml211LabeledAxis12add_variableINS_2R4EEEvRKNS_19LabeledAxisAccessorE
FNDA:0,_ZN5neml211LabeledAxis12add_variableINS_2R5EEEvRKNS_19LabeledAxisAccessorE
FNDA:0,_ZN5neml211LabeledAxis12add_variableINS_2R8EEEvRKNS_19LabeledAxisAccessorE
FNDA:0,_ZN5neml211LabeledAxis12add_variableINS_3RotEEEvRKNS_19LabeledAxisAccessorE
FNDA:136,_ZN5neml211LabeledAxis12add_variableINS_3SR2EEEvRKNS_19LabeledAxisAccessorE
FNDA:0,_ZN5neml211LabeledAxis12add_variableINS_3VecEEEvRKNS_19LabeledAxisAccessorE
FNDA:0,_ZN5neml211LabeledAxis12add_variableINS_3WR2EEEvRKNS_19LabeledAxisAccessorE
FNDA:0,_ZN5neml211LabeledAxis12add_variableINS_4SFR3EEEvRKNS_19LabeledAxisAccessorE
FNDA:0,_ZN5neml211LabeledAxis12add_variableINS_4SFR4EEEvRKNS_19LabeledAxisAccessorE
FNDA:0,_ZN5neml211LabeledAxis12add_variableINS_4SSR4EEEvRKNS_19LabeledAxisAccessorE
FNDA:0,_ZN5neml211LabeledAxis12add_variableINS_4SWR4EEEvRKNS_19LabeledAxisAccessorE
FNDA:0,_ZN5neml211LabeledAxis12add_variableINS_4WFR4EEEvRKNS_19LabeledAxisAccessorE
FNDA:0,_ZN5neml211LabeledAxis12add_variableINS_4WSR4EEEvRKNS_19LabeledAxisAccessorE
FNDA:0,_ZN5neml211LabeledAxis12add_variableINS_4WWR4EEEvRKNS_19LabeledAxisAccessorE
FNDA:0,_ZN5neml211LabeledAxis12add_variableINS_5SFFR4EEEvRKNS_19LabeledAxisAccessorE
FNDA:0,_ZN5neml211LabeledAxis12add_variableINS_5SSFR5EEEvRKNS_19LabeledAxisAccessorE
FNDA:0,_ZN5neml211LabeledAxis12add_variableINS_6SSSSR8EEEvRKNS_19LabeledAxisAccessorE
FNDA:181,_ZN5neml211LabeledAxis12add_variableINS_6ScalarEEEvRKNS_19LabeledAxisAccessorE
FNDA:2618,_ZN5neml211LabeledAxis12setup_layoutEv
FNF:55
FNH:34
DA:32,2364
DA:33,2364
DA:35,2364
DA:38,24809
DA:40,24809
DA:44,2364
DA:46,2364
DA:47,2364
DA:48,2364
DA:49,2364
DA:50,2364
DA:51,2364
DA:52,1697
DA:53,4728
DA:57,4357
DA:59,4357
DA:60,4357
DA:62,4357
DA:64,2119
DA:66,2119
DA:68,2119
DA:71,2238
DA:72,4357
DA:76,317
DA:78,317
DA:79,317
DA:80,317
DA:86,2618
DA:89,2618
DA:91,2618
DA:92,2618
DA:93,2618
DA:94,2618
DA:96,2618
DA:97,2618
DA:98,2618
DA:99,2618
DA:100,2618
DA:103,4569
DA:105,1951
DA:106,1951
DA:107,1951
DA:108,1951
DA:109,1951
DA:113,4252
DA:115,1634
DA:116,1634
DA:117,1634
DA:118,1634
DA:119,1634
DA:120,1634
DA:121,1634
DA:122,1634
DA:125,4082
DA:127,2448
DA:128,2448
DA:129,2448
DA:130,2448
DA:131,2448
DA:134,2448
DA:135,2448
DA:136,2448
DA:137,2448
DA:138,2448
DA:142,2618
DA:143,2618
DA:146,1671
DA:149,1671
DA:150,1648
DA:153,23
DA:154,69
DA:155,46
DA:156,32
DA:157,9
DA:158,23
DA:162,78
DA:164,78
DA:167,78
DA:169,46
DA:170,46
DA:171,36
DA:173,10
DA:174,10
DA:179,10
DA:183,32
DA:184,32
DA:189,32
DA:193,27
DA:195,27
DA:196,27
DA:199,27
DA:201,22
DA:202,22
DA:206,5
DA:211,5
DA:212,5
DA:216,474
DA:219,474
DA:220,465
DA:223,9
DA:224,14
DA:225,5
DA:226,9
DA:230,16942
DA:232,16942
DA:235,16942
DA:236,15963
DA:237,31926
DA:240,979
DA:241,362
DA:243,617
DA:244,617
DA:248,102
DA:250,102
DA:251,102
DA:252,102
DA:253,102
DA:258,204
DA:262,28932
DA:264,28932
DA:265,28932
DA:269,16
DA:271,16
DA:272,16
DA:276,40
DA:278,40
DA:279,40
DA:283,56794
DA:285,56794
DA:286,56794
DA:290,76
DA:293,76
DA:294,44
DA:297,32
DA:299,18
DA:300,18
DA:301,18
DA:302,18
DA:305,14
DA:306,14
DA:307,14
DA:308,14
DA:312,13
DA:314,13
DA:318,27
DA:320,27
DA:322,27
DA:324,27
DA:325,23
DA:327,4
DA:331,17
DA:333,17
DA:334,17
DA:335,17
DA:340,34
DA:344,2
DA:346,2
DA:347,2
DA:351,6693
DA:353,6693
DA:355,6693
DA:356,6693
DA:357,6693
DA:359,6693
DA:360,6689
DA:362,4
DA:366,6605
DA:369,6605
DA:373,9
DA:375,9
DA:376,9
DA:380,3
DA:382,3
DA:383,3
DA:387,14
DA:389,14
DA:392,14
DA:393,10
DA:396,4
DA:397,4
DA:398,4
DA:399,4
DA:400,4
DA:401,4
DA:405,9
DA:407,9
DA:408,9
DA:412,14
DA:414,14
DA:415,14
DA:416,14
DA:418,14
DA:419,10
DA:421,4
DA:425,10
DA:428,10
DA:429,2
DA:432,8
DA:433,0
DA:436,10
DA:438,2
DA:439,0
DA:441,2
DA:442,0
DA:445,8
DA:449,1697
DA:451,1697
DA:452,786
DA:453,911
DA:454,66
DA:455,845
DA:456,160
DA:457,685
DA:458,75
DA:459,610
DA:460,53
DA:461,557
DA:462,55
DA:463,1697
DA:466,85965
DA:468,85965
DA:469,85965
DA:472,0
DA:475,0
DA:478,0
DA:479,0
DA:481,0
DA:482,0
DA:483,0
DA:484,0
DA:487,0
DA:489,0
DA:490,0
DA:491,0
DA:492,0
DA:493,0
DA:494,0
DA:495,0
DA:498,0
DA:499,0
DA:502,6
DA:504,6
DA:508,4
DA:510,4
LF:244
LH:223
end_of_record
TN:
SF:/home/runner/work/neml2/neml2/src/neml2/base/LabeledAxisAccessor.cxx
FN:101,109,_ZNK5neml219LabeledAxisAccessor5sliceEll
FN:112,115,_ZNK5neml219LabeledAxisAccessor7remountERKS0_l
FN:118,121,_ZNK5neml219LabeledAxisAccessor10start_withERKS0_
FN:124,127,_ZNK5neml219LabeledAxisAccessor8is_stateEv
FN:130,133,_ZNK5neml219LabeledAxisAccessor12is_old_stateEv
FN:136,139,_ZNK5neml219LabeledAxisAccessor8is_forceEv
FN:142,145,_ZNK5neml219LabeledAxisAccessor12is_old_forceEv
FN:148,151,_ZNK5neml219LabeledAxisAccessor11is_residualEv
FN:154,157,_ZNK5neml219LabeledAxisAccessor12is_parameterEv
FN:160,169,_ZNK5neml219LabeledAxisAccessor7currentEv
FN:172,181,_ZNK5neml219LabeledAxisAccessor3oldEv
FN:184,192,_ZNK5neml219LabeledAxisAccessor18validate_item_nameERKNSt7__cxx1112basic_stringIcSt11char_traitsIcESaIcEEE
FN:195,198,_ZN5neml2neERKNS_19LabeledAxisAccessorES2_
FN:201,204,_ZN5neml2eqERKNS_19LabeledAxisAccessorES2_
FN:207,210,_ZN5neml2ltERKNS_19LabeledAxisAccessorES2_
FN:213,222,_ZN5neml2lsERSoRKNS_19LabeledAxisAccessorE
FN:34,37,_ZN5neml222reserved_subaxis_namesB5cxx11Ev
FN:39,43,_ZNK5neml219LabeledAxisAccessorcvSt6vectorINSt7__cxx1112basic_stringIcSt11char_traitsIcESaIcEEESaIS7_EEEv
FN:46,49,_ZNK5neml219LabeledAxisAccessor3strB5cxx11Ev
FN:52,55,_ZNK5neml219LabeledAxisAccessor5emptyEv
FN:58,61,_ZNK5neml219LabeledAxisAccessor4sizeEv
FN:64,67,_ZNK5neml219LabeledAxisAccessorixB5cxx11Em
FN:70,75,_ZNK5neml219LabeledAxisAccessor11with_suffixERKNSt7__cxx1112basic_stringIcSt11char_traitsIcESaIcEEE
FN:78,81,_ZNK5neml219LabeledAxisAccessor6appendERKS0_
FN:84,89,_ZNK5neml219LabeledAxisAccessor7prependERKS0_
FN:92,98,_ZNK5neml219LabeledAxisAccessor5sliceEl
FNDA:1603,_ZNK5neml219LabeledAxisAccessor5sliceEll
FNDA:145,_ZNK5neml219LabeledAxisAccessor7remountERKS0_l
FNDA:1601,_ZNK5neml219LabeledAxisAccessor10start_withERKS0_
FNDA:846,_ZNK5neml219LabeledAxisAccessor8is_stateEv
FNDA:166,_ZNK5neml219LabeledAxisAccessor12is_old_stateEv
FNDA:171,_ZNK5neml219LabeledAxisAccessor8is_forceEv
FNDA:48,_ZNK5neml219LabeledAxisAccessor12is_old_forceEv
FNDA:136,_ZNK5neml219LabeledAxisAccessor11is_residualEv
FNDA:90,_ZNK5neml219LabeledAxisAccessor12is_parameterEv
FNDA:0,_ZNK5neml219LabeledAxisAccessor7currentEv
FNDA:91,_ZNK5neml219LabeledAxisAccessor3oldEv
FNDA:90358,_ZNK5neml219LabeledAxisAccessor18validate_item_nameERKNSt7__cxx1112basic_stringIcSt11char_traitsIcESaIcEEE
FNDA:7785,_ZN5neml2neERKNS_19LabeledAxisAccessorES2_
FNDA:70716,_ZN5neml2eqERKNS_19LabeledAxisAccessorES2_
FNDA:514360,_ZN5neml2ltERKNS_19LabeledAxisAccessorES2_
FNDA:2954,_ZN5neml2lsERSoRKNS_19LabeledAxisAccessorE
FNDA:0,_ZN5neml222reserved_subaxis_namesB5cxx11Ev
FNDA:1,_ZNK5neml219LabeledAxisAccessorcvSt6vectorINSt7__cxx1112basic_stringIcSt11char_traitsIcESaIcEEESaIS7_EEEv
FNDA:472,_ZNK5neml219LabeledAxisAccessor3strB5cxx11Ev
FNDA:29379,_ZNK5neml219LabeledAxisAccessor5emptyEv
FNDA:19869,_ZNK5neml219LabeledAxisAccessor4sizeEv
FNDA:18570,_ZNK5neml219LabeledAxisAccessorixB5cxx11Em
FNDA:167,_ZNK5neml219LabeledAxisAccessor11with_suffixERKNSt7__cxx1112basic_stringIcSt11char_traitsIcESaIcEEE
FNDA:2365,_ZNK5neml219LabeledAxisAccessor6appendERKS0_
FNDA:30470,_ZNK5neml219LabeledAxisAccessor7prependERKS0_
FNDA:2868,_ZNK5neml219LabeledAxisAccessor5sliceEl
FNF:26
FNH:24
DA:34,0
DA:36,0
DA:37,0
DA:39,1
DA:41,1
DA:42,1
DA:46,472
DA:48,472
DA:52,29379
DA:54,29379
DA:58,19869
DA:60,19869
DA:64,18570
DA:66,18570
DA:70,167
DA:72,167
DA:73,167
DA:74,334
DA:75,167
DA:78,2365
DA:80,2365
DA:84,30470
DA:86,30470
DA:87,30470
DA:88,60940
DA:89,30470
DA:92,2868
DA:94,2868
DA:95,2868
DA:96,2868
DA:97,5736
DA:98,2868
DA:101,1603
DA:103,1603
DA:104,1603
DA:105,1603
DA:106,1603
DA:107,1603
DA:108,3206
DA:109,1603
DA:112,145
DA:114,145
DA:118,1601
DA:120,1601
DA:124,846
DA:126,846
DA:130,166
DA:132,166
DA:136,171
DA:138,171
DA:142,48
DA:144,48
DA:148,136
DA:150,136
DA:154,90
DA:156,90
DA:160,0
DA:162,0
DA:163,0
DA:164,0
DA:165,0
DA:166,0
DA:167,0
DA:168,0
DA:172,91
DA:174,91
DA:175,91
DA:176,38
DA:177,53
DA:178,53
DA:179,0
DA:180,0
DA:184,90358
DA:186,90358
DA:187,90358
DA:188,90358
DA:192,90357
DA:195,7785
DA:197,7785
DA:201,70716
DA:203,70716
DA:207,514360
DA:209,514360
DA:213,2954
DA:215,9718
DA:217,6764
DA:218,3810
DA:219,6764
DA:221,2954
LF:89
LH:76
end_of_record
TN:
SF:/home/runner/work/neml2/neml2/src/neml2/base/MultiEnumSelection.cxx
FN:32,44,_ZN5neml2lsERSoRKNS_18MultiEnumSelectionE
FN:47,51,_ZN5neml2rsERNSt7__cxx1118basic_stringstreamIcSt11char_traitsIcESaIcEEERNS_18MultiEnumSelectionE
FN:53,58,_ZN5neml218MultiEnumSelectionC2ERKSt6vectorINSt7__cxx1112basic_stringIcSt11char_traitsIcESaIcEEESaIS7_EESB_
FN:60,66,_ZN5neml218MultiEnumSelectionC2ERKSt6vectorINSt7__cxx1112basic_stringIcSt11char_traitsIcESaIcEEESaIS7_EERKS1_IiSaIiEESB_
FN:69,73,_ZNK5neml218MultiEnumSelectioneqERKS0_
FN:76,79,_ZNK5neml218MultiEnumSelectionneERKS0_
FN:82,94,_ZN5neml218MultiEnumSelection6selectERKSt6vectorINSt7__cxx1112basic_stringIcSt11char_traitsIcESaIcEEESaIS7_EE
FNDA:1,_ZN5neml2lsERSoRKNS_18MultiEnumSelectionE
FNDA:37,_ZN5neml2rsERNSt7__cxx1118basic_stringstreamIcSt11char_traitsIcESaIcEEERNS_18MultiEnumSelectionE
FNDA:3,_ZN5neml218MultiEnumSelectionC2ERKSt6vectorINSt7__cxx1112basic_stringIcSt11char_traitsIcESaIcEEESaIS7_EESB_
FNDA:19,_ZN5neml218MultiEnumSelectionC2ERKSt6vectorINSt7__cxx1112basic_stringIcSt11char_traitsIcESaIcEEESaIS7_EERKS1_IiSaIiEESB_
FNDA:4,_ZNK5neml218MultiEnumSelectioneqERKS0_
FNDA:3,_ZNK5neml218MultiEnumSelectionneERKS0_
FNDA:59,_ZN5neml218MultiEnumSelection6selectERKSt6vectorINSt7__cxx1112basic_stringIcSt11char_traitsIcESaIcEEESaIS7_EE
FNF:7
FNH:7
DA:32,1
DA:34,1
DA:35,1
DA:36,3
DA:38,2
DA:39,2
DA:40,1
DA:42,1
DA:43,1
DA:44,1
DA:47,37
DA:49,39
DA:50,36
DA:53,3
DA:54,3
DA:55,3
DA:57,3
DA:58,5
DA:60,19
DA:62,19
DA:63,19
DA:65,19
DA:66,21
DA:69,4
DA:71,5
DA:72,5
DA:76,3
DA:78,3
DA:82,59
DA:84,59
DA:85,59
DA:86,160
DA:88,104
DA:90,211
DA:91,101
DA:92,101
DA:94,56
LF:37
LH:37
end_of_record
TN:
SF:/home/runner/work/neml2/neml2/src/neml2/base/NEML2Object.cxx
FN:33,47,_ZN5neml211NEML2Object16expected_optionsEv
FN:49,55,_ZN5neml211NEML2ObjectC2ERKNS_9OptionSetE
FN:59,65,_ZN5neml211NEML2Object14resolve_tensorINS_10QuaternionEEERKT_RKNSt7__cxx1112basic_stringIcSt11char_traitsIcESaIcEEE
FN:59,65,_ZN5neml211NEML2Object14resolve_tensorINS_11MillerIndexEEERKT_RKNSt7__cxx1112basic_stringIcSt11char_traitsIcESaIcEEE
FN:59,65,_ZN5neml211NEML2Object14resolve_tensorINS_2R2EEERKT_RKNSt7__cxx1112basic_stringIcSt11char_traitsIcESaIcEEE
FN:59,65,_ZN5neml211NEML2Object14resolve_tensorINS_2R3EEERKT_RKNSt7__cxx1112basic_stringIcSt11char_traitsIcESaIcEEE
FN:59,65,_ZN5neml211NEML2Object14resolve_tensorINS_2R4EEERKT_RKNSt7__cxx1112basic_stringIcSt11char_traitsIcESaIcEEE
FN:59,65,_ZN5neml211NEML2Object14resolve_tensorINS_2R5EEERKT_RKNSt7__cxx1112basic_stringIcSt11char_traitsIcESaIcEEE
FN:59,65,_ZN5neml211NEML2Object14resolve_tensorINS_2R8EEERKT_RKNSt7__cxx1112basic_stringIcSt11char_traitsIcESaIcEEE
FN:59,65,_ZN5neml211NEML2Object14resolve_tensorINS_3RotEEERKT_RKNSt7__cxx1112basic_stringIcSt11char_traitsIcESaIcEEE
FN:59,65,_ZN5neml211NEML2Object14resolve_tensorINS_3SR2EEERKT_RKNSt7__cxx1112basic_stringIcSt11char_traitsIcESaIcEEE
FN:59,65,_ZN5neml211NEML2Object14resolve_tensorINS_3VecEEERKT_RKNSt7__cxx1112basic_stringIcSt11char_traitsIcESaIcEEE
FN:59,65,_ZN5neml211NEML2Object14resolve_tensorINS_3WR2EEERKT_RKNSt7__cxx1112basic_stringIcSt11char_traitsIcESaIcEEE
FN:59,65,_ZN5neml211NEML2Object14resolve_tensorINS_4SFR3EEERKT_RKNSt7__cxx1112basic_stringIcSt11char_traitsIcESaIcEEE
FN:59,65,_ZN5neml211NEML2Object14resolve_tensorINS_4SFR4EEERKT_RKNSt7__cxx1112basic_stringIcSt11char_traitsIcESaIcEEE
FN:59,65,_ZN5neml211NEML2Object14resolve_tensorINS_4SSR4EEERKT_RKNSt7__cxx1112basic_stringIcSt11char_traitsIcESaIcEEE
FN:59,65,_ZN5neml211NEML2Object14resolve_tensorINS_4SWR4EEERKT_RKNSt7__cxx1112basic_stringIcSt11char_traitsIcESaIcEEE
FN:59,65,_ZN5neml211NEML2Object14resolve_tensorINS_4WFR4EEERKT_RKNSt7__cxx1112basic_stringIcSt11char_traitsIcESaIcEEE
FN:59,65,_ZN5neml211NEML2Object14resolve_tensorINS_4WSR4EEERKT_RKNSt7__cxx1112basic_stringIcSt11char_traitsIcESaIcEEE
FN:59,65,_ZN5neml211NEML2Object14resolve_tensorINS_4WWR4EEERKT_RKNSt7__cxx1112basic_stringIcSt11char_traitsIcESaIcEEE
FN:59,65,_ZN5neml211NEML2Object14resolve_tensorINS_5SFFR4EEERKT_RKNSt7__cxx1112basic_stringIcSt11char_traitsIcESaIcEEE
FN:59,65,_ZN5neml211NEML2Object14resolve_tensorINS_5SSFR5EEERKT_RKNSt7__cxx1112basic_stringIcSt11char_traitsIcESaIcEEE
FN:59,65,_ZN5neml211NEML2Object14resolve_tensorINS_6SSSSR8EEERKT_RKNSt7__cxx1112basic_stringIcSt11char_traitsIcESaIcEEE
FN:59,65,_ZN5neml211NEML2Object14resolve_tensorINS_6ScalarEEERKT_RKNSt7__cxx1112basic_stringIcSt11char_traitsIcESaIcEEE
FN:59,65,_ZN5neml211NEML2Object14resolve_tensorINS_6TensorEEERKT_RKNSt7__cxx1112basic_stringIcSt11char_traitsIcESaIcEEE
FNDA:964,_ZN5neml211NEML2Object16expected_optionsEv
FNDA:1650,_ZN5neml211NEML2ObjectC2ERKNS_9OptionSetE
FNDA:0,_ZN5neml211NEML2Object14resolve_tensorINS_10QuaternionEEERKT_RKNSt7__cxx1112basic_stringIcSt11char_traitsIcESaIcEEE
FNDA:0,_ZN5neml211NEML2Object14resolve_tensorINS_11MillerIndexEEERKT_RKNSt7__cxx1112basic_stringIcSt11char_traitsIcESaIcEEE
FNDA:0,_ZN5neml211NEML2Object14resolve_tensorINS_2R2EEERKT_RKNSt7__cxx1112basic_stringIcSt11char_traitsIcESaIcEEE
FNDA:0,_ZN5neml211NEML2Object14resolve_tensorINS_2R3EEERKT_RKNSt7__cxx1112basic_stringIcSt11char_traitsIcESaIcEEE
FNDA:0,_ZN5neml211NEML2Object14resolve_tensorINS_2R4EEERKT_RKNSt7__cxx1112basic_stringIcSt11char_traitsIcESaIcEEE
FNDA:0,_ZN5neml211NEML2Object14resolve_tensorINS_2R5EEERKT_RKNSt7__cxx1112basic_stringIcSt11char_traitsIcESaIcEEE
FNDA:0,_ZN5neml211NEML2Object14resolve_tensorINS_2R8EEERKT_RKNSt7__cxx1112basic_stringIcSt11char_traitsIcESaIcEEE
FNDA:0,_ZN5neml211NEML2Object14resolve_tensorINS_3RotEEERKT_RKNSt7__cxx1112basic_stringIcSt11char_traitsIcESaIcEEE
FNDA:8,_ZN5neml211NEML2Object14resolve_tensorINS_3SR2EEERKT_RKNSt7__cxx1112basic_stringIcSt11char_traitsIcESaIcEEE
FNDA:0,_ZN5neml211NEML2Object14resolve_tensorINS_3VecEEERKT_RKNSt7__cxx1112basic_stringIcSt11char_traitsIcESaIcEEE
FNDA:1,_ZN5neml211NEML2Object14resolve_tensorINS_3WR2EEERKT_RKNSt7__cxx1112basic_stringIcSt11char_traitsIcESaIcEEE
FNDA:0,_ZN5neml211NEML2Object14resolve_tensorINS_4SFR3EEERKT_RKNSt7__cxx1112basic_stringIcSt11char_traitsIcESaIcEEE
FNDA:0,_ZN5neml211NEML2Object14resolve_tensorINS_4SFR4EEERKT_RKNSt7__cxx1112basic_stringIcSt11char_traitsIcESaIcEEE
FNDA:0,_ZN5neml211NEML2Object14resolve_tensorINS_4SSR4EEERKT_RKNSt7__cxx1112basic_stringIcSt11char_traitsIcESaIcEEE
FNDA:0,_ZN5neml211NEML2Object14resolve_tensorINS_4SWR4EEERKT_RKNSt7__cxx1112basic_stringIcSt11char_traitsIcESaIcEEE
FNDA:0,_ZN5neml211NEML2Object14resolve_tensorINS_4WFR4EEERKT_RKNSt7__cxx1112basic_stringIcSt11char_traitsIcESaIcEEE
FNDA:0,_ZN5neml211NEML2Object14resolve_tensorINS_4WSR4EEERKT_RKNSt7__cxx1112basic_stringIcSt11char_traitsIcESaIcEEE
FNDA:0,_ZN5neml211NEML2Object14resolve_tensorINS_4WWR4EEERKT_RKNSt7__cxx1112basic_stringIcSt11char_traitsIcESaIcEEE
FNDA:0,_ZN5neml211NEML2Object14resolve_tensorINS_5SFFR4EEERKT_RKNSt7__cxx1112basic_stringIcSt11char_traitsIcESaIcEEE
FNDA:0,_ZN5neml211NEML2Object14resolve_tensorINS_5SSFR5EEERKT_RKNSt7__cxx1112basic_stringIcSt11char_traitsIcESaIcEEE
FNDA:0,_ZN5neml211NEML2Object14resolve_tensorINS_6SSSSR8EEERKT_RKNSt7__cxx1112basic_stringIcSt11char_traitsIcESaIcEEE
FNDA:8,_ZN5neml211NEML2Object14resolve_tensorINS_6ScalarEEERKT_RKNSt7__cxx1112basic_stringIcSt11char_traitsIcESaIcEEE
FNDA:0,_ZN5neml211NEML2Object14resolve_tensorINS_6TensorEEERKT_RKNSt7__cxx1112basic_stringIcSt11char_traitsIcESaIcEEE
FNF:25
FNH:5
DA:33,964
DA:35,964
DA:37,1928
DA:38,964
DA:40,2892
DA:41,1928
DA:43,1928
DA:44,964
DA:46,964
DA:47,0
DA:49,1650
DA:50,1650
DA:51,3300
DA:52,3300
DA:53,3300
DA:55,1650
DA:59,17
DA:61,17
DA:62,0
DA:63,0
DA:64,17
LF:21
LH:18
end_of_record
TN:
SF:/home/runner/work/neml2/neml2/src/neml2/base/Option.cxx
FN:153,156,_ZN5neml27details13_print_helperIcEEvRSoPKT_
FN:160,163,_ZN5neml27details13_print_helperIhEEvRSoPKT_
FN:167,171,_ZN5neml27details13_print_helperIbEEvRSoPKSt6vectorIT_SaIS4_EE
FN:40,45,_ZN5neml26OptionIN3c1011SmallVectorIlLj8EEEEC2ERKNSt7__cxx1112basic_stringIcSt11char_traitsIcESaIcEEE
FN:40,45,_ZN5neml26OptionINS_10TensorNameIN2at6TensorEEEEC2ERKNSt7__cxx1112basic_stringIcSt11char_traitsIcESaIcEEE
FN:40,45,_ZN5neml26OptionINS_10TensorNameINS_10QuaternionEEEEC2ERKNSt7__cxx1112basic_stringIcSt11char_traitsIcESaIcEEE
FN:40,45,_ZN5neml26OptionINS_10TensorNameINS_11MillerIndexEEEEC2ERKNSt7__cxx1112basic_stringIcSt11char_traitsIcESaIcEEE
FN:40,45,_ZN5neml26OptionINS_10TensorNameINS_2R2EEEEC2ERKNSt7__cxx1112basic_stringIcSt11char_traitsIcESaIcEEE
FN:40,45,_ZN5neml26OptionINS_10TensorNameINS_2R3EEEEC2ERKNSt7__cxx1112basic_stringIcSt11char_traitsIcESaIcEEE
FN:40,45,_ZN5neml26OptionINS_10TensorNameINS_2R4EEEEC2ERKNSt7__cxx1112basic_stringIcSt11char_traitsIcESaIcEEE
FN:40,45,_ZN5neml26OptionINS_10TensorNameINS_2R5EEEEC2ERKNSt7__cxx1112basic_stringIcSt11char_traitsIcESaIcEEE
FN:40,45,_ZN5neml26OptionINS_10TensorNameINS_2R8EEEEC2ERKNSt7__cxx1112basic_stringIcSt11char_traitsIcESaIcEEE
FN:40,45,_ZN5neml26OptionINS_10TensorNameINS_3RotEEEEC2ERKNSt7__cxx1112basic_stringIcSt11char_traitsIcESaIcEEE
FN:40,45,_ZN5neml26OptionINS_10TensorNameINS_3SR2EEEEC2ERKNSt7__cxx1112basic_stringIcSt11char_traitsIcESaIcEEE
FN:40,45,_ZN5neml26OptionINS_10TensorNameINS_3VecEEEEC2ERKNSt7__cxx1112basic_stringIcSt11char_traitsIcESaIcEEE
FN:40,45,_ZN5neml26OptionINS_10TensorNameINS_3WR2EEEEC2ERKNSt7__cxx1112basic_stringIcSt11char_traitsIcESaIcEEE
FN:40,45,_ZN5neml26OptionINS_10TensorNameINS_4SFR3EEEEC2ERKNSt7__cxx1112basic_stringIcSt11char_traitsIcESaIcEEE
FN:40,45,_ZN5neml26OptionINS_10TensorNameINS_4SFR4EEEEC2ERKNSt7__cxx1112basic_stringIcSt11char_traitsIcESaIcEEE
FN:40,45,_ZN5neml26OptionINS_10TensorNameINS_4SSR4EEEEC2ERKNSt7__cxx1112basic_stringIcSt11char_traitsIcESaIcEEE
FN:40,45,_ZN5neml26OptionINS_10TensorNameINS_4SWR4EEEEC2ERKNSt7__cxx1112basic_stringIcSt11char_traitsIcESaIcEEE
FN:40,45,_ZN5neml26OptionINS_10TensorNameINS_4WFR4EEEEC2ERKNSt7__cxx1112basic_stringIcSt11char_traitsIcESaIcEEE
FN:40,45,_ZN5neml26OptionINS_10TensorNameINS_4WSR4EEEEC2ERKNSt7__cxx1112basic_stringIcSt11char_traitsIcESaIcEEE
FN:40,45,_ZN5neml26OptionINS_10TensorNameINS_4WWR4EEEEC2ERKNSt7__cxx1112basic_stringIcSt11char_traitsIcESaIcEEE
FN:40,45,_ZN5neml26OptionINS_10TensorNameINS_5SFFR4EEEEC2ERKNSt7__cxx1112basic_stringIcSt11char_traitsIcESaIcEEE
FN:40,45,_ZN5neml26OptionINS_10TensorNameINS_5SSFR5EEEEC2ERKNSt7__cxx1112basic_stringIcSt11char_traitsIcESaIcEEE
FN:40,45,_ZN5neml26OptionINS_10TensorNameINS_6SSSSR8EEEEC2ERKNSt7__cxx1112basic_stringIcSt11char_traitsIcESaIcEEE
FN:40,45,_ZN5neml26OptionINS_10TensorNameINS_6ScalarEEEEC2ERKNSt7__cxx1112basic_stringIcSt11char_traitsIcESaIcEEE
FN:40,45,_ZN5neml26OptionINS_10TensorNameINS_6TensorEEEEC2ERKNSt7__cxx1112basic_stringIcSt11char_traitsIcESaIcEEE
FN:40,45,_ZN5neml26OptionINS_13EnumSelectionEEC2ERKNSt7__cxx1112basic_stringIcSt11char_traitsIcESaIcEEE
FN:40,45,_ZN5neml26OptionINS_18MultiEnumSelectionEEC2ERKNSt7__cxx1112basic_stringIcSt11char_traitsIcESaIcEEE
FN:40,45,_ZN5neml26OptionINS_19LabeledAxisAccessorEEC2ERKNSt7__cxx1112basic_stringIcSt11char_traitsIcESaIcEEE
FN:40,45,_ZN5neml26OptionINSt7__cxx1112basic_stringIcSt11char_traitsIcESaIcEEEEC2ERKS6_
FN:40,45,_ZN5neml26OptionIPNS_11NEML2ObjectEEC2ERKNSt7__cxx1112basic_stringIcSt11char_traitsIcESaIcEEE
FN:40,45,_ZN5neml26OptionIPNS_7FactoryEEC2ERKNSt7__cxx1112basic_stringIcSt11char_traitsIcESaIcEEE
FN:40,45,_ZN5neml26OptionISt10shared_ptrINS_8SettingsEEEC2ERKNSt7__cxx1112basic_stringIcSt11char_traitsIcESaIcEEE
FN:40,45,_ZN5neml26OptionISt6vectorIN3c1011SmallVectorIlLj8EEESaIS4_EEEC2ERKNSt7__cxx1112basic_stringIcSt11char_traitsIcESaIcEEE
FN:40,45,_ZN5neml26OptionISt6vectorIN3c106DeviceESaIS3_EEEC2ERKNSt7__cxx1112basic_stringIcSt11char_traitsIcESaIcEEE
FN:40,45,_ZN5neml26OptionISt6vectorINS_10TensorNameIN2at6TensorEEESaIS5_EEEC2ERKNSt7__cxx1112basic_stringIcSt11char_traitsIcESaIcEEE
FN:40,45,_ZN5neml26OptionISt6vectorINS_10TensorNameINS_10QuaternionEEESaIS4_EEEC2ERKNSt7__cxx1112basic_stringIcSt11char_traitsIcESaIcEEE
FN:40,45,_ZN5neml26OptionISt6vectorINS_10TensorNameINS_11MillerIndexEEESaIS4_EEEC2ERKNSt7__cxx1112basic_stringIcSt11char_traitsIcESaIcEEE
FN:40,45,_ZN5neml26OptionISt6vectorINS_10TensorNameINS_2R2EEESaIS4_EEEC2ERKNSt7__cxx1112basic_stringIcSt11char_traitsIcESaIcEEE
FN:40,45,_ZN5neml26OptionISt6vectorINS_10TensorNameINS_2R3EEESaIS4_EEEC2ERKNSt7__cxx1112basic_stringIcSt11char_traitsIcESaIcEEE
FN:40,45,_ZN5neml26OptionISt6vectorINS_10TensorNameINS_2R4EEESaIS4_EEEC2ERKNSt7__cxx1112basic_stringIcSt11char_traitsIcESaIcEEE
FN:40,45,_ZN5neml26OptionISt6vectorINS_10TensorNameINS_2R5EEESaIS4_EEEC2ERKNSt7__cxx1112basic_stringIcSt11char_traitsIcESaIcEEE
FN:40,45,_ZN5neml26OptionISt6vectorINS_10TensorNameINS_2R8EEESaIS4_EEEC2ERKNSt7__cxx1112basic_stringIcSt11char_traitsIcESaIcEEE
FN:40,45,_ZN5neml26OptionISt6vectorINS_10TensorNameINS_3RotEEESaIS4_EEEC2ERKNSt7__cxx1112basic_stringIcSt11char_traitsIcESaIcEEE
FN:40,45,_ZN5neml26OptionISt6vectorINS_10TensorNameINS_3SR2EEESaIS4_EEEC2ERKNSt7__cxx1112basic_stringIcSt11char_traitsIcESaIcEEE
FN:40,45,_ZN5neml26OptionISt6vectorINS_10TensorNameINS_3VecEEESaIS4_EEEC2ERKNSt7__cxx1112basic_stringIcSt11char_traitsIcESaIcEEE
FN:40,45,_ZN5neml26OptionISt6vectorINS_10TensorNameINS_3WR2EEESaIS4_EEEC2ERKNSt7__cxx1112basic_stringIcSt11char_traitsIcESaIcEEE
FN:40,45,_ZN5neml26OptionISt6vectorINS_10TensorNameINS_4SFR3EEESaIS4_EEEC2ERKNSt7__cxx1112basic_stringIcSt11char_traitsIcESaIcEEE
FN:40,45,_ZN5neml26OptionISt6vectorINS_10TensorNameINS_4SFR4EEESaIS4_EEEC2ERKNSt7__cxx1112basic_stringIcSt11char_traitsIcESaIcEEE
FN:40,45,_ZN5neml26OptionISt6vectorINS_10TensorNameINS_4SSR4EEESaIS4_EEEC2ERKNSt7__cxx1112basic_stringIcSt11char_traitsIcESaIcEEE
FN:40,45,_ZN5neml26OptionISt6vectorINS_10TensorNameINS_4SWR4EEESaIS4_EEEC2ERKNSt7__cxx1112basic_stringIcSt11char_traitsIcESaIcEEE
FN:40,45,_ZN5neml26OptionISt6vectorINS_10TensorNameINS_4WFR4EEESaIS4_EEEC2ERKNSt7__cxx1112basic_stringIcSt11char_traitsIcESaIcEEE
FN:40,45,_ZN5neml26OptionISt6vectorINS_10TensorNameINS_4WSR4EEESaIS4_EEEC2ERKNSt7__cxx1112basic_stringIcSt11char_traitsIcESaIcEEE
FN:40,45,_ZN5neml26OptionISt6vectorINS_10TensorNameINS_4WWR4EEESaIS4_EEEC2ERKNSt7__cxx1112basic_stringIcSt11char_traitsIcESaIcEEE
FN:40,45,_ZN5neml26OptionISt6vectorINS_10TensorNameINS_5SFFR4EEESaIS4_EEEC2ERKNSt7__cxx1112basic_stringIcSt11char_traitsIcESaIcEEE
FN:40,45,_ZN5neml26OptionISt6vectorINS_10TensorNameINS_5SSFR5EEESaIS4_EEEC2ERKNSt7__cxx1112basic_stringIcSt11char_traitsIcESaIcEEE
FN:40,45,_ZN5neml26OptionISt6vectorINS_10TensorNameINS_6SSSSR8EEESaIS4_EEEC2ERKNSt7__cxx1112basic_stringIcSt11char_traitsIcESaIcEEE
FN:40,45,_ZN5neml26OptionISt6vectorINS_10TensorNameINS_6ScalarEEESaIS4_EEEC2ERKNSt7__cxx1112basic_stringIcSt11char_traitsIcESaIcEEE
FN:40,45,_ZN5neml26OptionISt6vectorINS_10TensorNameINS_6TensorEEESaIS4_EEEC2ERKNSt7__cxx1112basic_stringIcSt11char_traitsIcESaIcEEE
FN:40,45,_ZN5neml26OptionISt6vectorINS_19LabeledAxisAccessorESaIS2_EEEC2ERKNSt7__cxx1112basic_stringIcSt11char_traitsIcESaIcEEE
FN:40,45,_ZN5neml26OptionISt6vectorINSt7__cxx1112basic_stringIcSt11char_traitsIcESaIcEEESaIS7_EEEC2ERKS7_
FN:40,45,_ZN5neml26OptionISt6vectorIS1_IN3c1011SmallVectorIlLj8EEESaIS4_EESaIS6_EEEC2ERKNSt7__cxx1112basic_stringIcSt11char_traitsIcESaIcEEE
FN:40,45,_ZN5neml26OptionISt6vectorIS1_IN3c106DeviceESaIS3_EESaIS5_EEEC2ERKNSt7__cxx1112basic_stringIcSt11char_traitsIcESaIcEEE
FN:40,45,_ZN5neml26OptionISt6vectorIS1_INS_10TensorNameIN2at6TensorEEESaIS5_EESaIS7_EEEC2ERKNSt7__cxx1112basic_stringIcSt11char_traitsIcESaIcEEE
FN:40,45,_ZN5neml26OptionISt6vectorIS1_INS_10TensorNameINS_10QuaternionEEESaIS4_EESaIS6_EEEC2ERKNSt7__cxx1112basic_stringIcSt11char_traitsIcESaIcEEE
FN:40,45,_ZN5neml26OptionISt6vectorIS1_INS_10TensorNameINS_11MillerIndexEEESaIS4_EESaIS6_EEEC2ERKNSt7__cxx1112basic_stringIcSt11char_traitsIcESaIcEEE
FN:40,45,_ZN5neml26OptionISt6vectorIS1_INS_10TensorNameINS_2R2EEESaIS4_EESaIS6_EEEC2ERKNSt7__cxx1112basic_stringIcSt11char_traitsIcESaIcEEE
FN:40,45,_ZN5neml26OptionISt6vectorIS1_INS_10TensorNameINS_2R3EEESaIS4_EESaIS6_EEEC2ERKNSt7__cxx1112basic_stringIcSt11char_traitsIcESaIcEEE
FN:40,45,_ZN5neml26OptionISt6vectorIS1_INS_10TensorNameINS_2R4EEESaIS4_EESaIS6_EEEC2ERKNSt7__cxx1112basic_stringIcSt11char_traitsIcESaIcEEE
FN:40,45,_ZN5neml26OptionISt6vectorIS1_INS_10TensorNameINS_2R5EEESaIS4_EESaIS6_EEEC2ERKNSt7__cxx1112basic_stringIcSt11char_traitsIcESaIcEEE
FN:40,45,_ZN5neml26OptionISt6vectorIS1_INS_10TensorNameINS_2R8EEESaIS4_EESaIS6_EEEC2ERKNSt7__cxx1112basic_stringIcSt11char_traitsIcESaIcEEE
FN:40,45,_ZN5neml26OptionISt6vectorIS1_INS_10TensorNameINS_3RotEEESaIS4_EESaIS6_EEEC2ERKNSt7__cxx1112basic_stringIcSt11char_traitsIcESaIcEEE
FN:40,45,_ZN5neml26OptionISt6vectorIS1_INS_10TensorNameINS_3SR2EEESaIS4_EESaIS6_EEEC2ERKNSt7__cxx1112basic_stringIcSt11char_traitsIcESaIcEEE
FN:40,45,_ZN5neml26OptionISt6vectorIS1_INS_10TensorNameINS_3VecEEESaIS4_EESaIS6_EEEC2ERKNSt7__cxx1112basic_stringIcSt11char_traitsIcESaIcEEE
FN:40,45,_ZN5neml26OptionISt6vectorIS1_INS_10TensorNameINS_3WR2EEESaIS4_EESaIS6_EEEC2ERKNSt7__cxx1112basic_stringIcSt11char_traitsIcESaIcEEE
FN:40,45,_ZN5neml26OptionISt6vectorIS1_INS_10TensorNameINS_4SFR3EEESaIS4_EESaIS6_EEEC2ERKNSt7__cxx1112basic_stringIcSt11char_traitsIcESaIcEEE
FN:40,45,_ZN5neml26OptionISt6vectorIS1_INS_10TensorNameINS_4SFR4EEESaIS4_EESaIS6_EEEC2ERKNSt7__cxx1112basic_stringIcSt11char_traitsIcESaIcEEE
FN:40,45,_ZN5neml26OptionISt6vectorIS1_INS_10TensorNameINS_4SSR4EEESaIS4_EESaIS6_EEEC2ERKNSt7__cxx1112basic_stringIcSt11char_traitsIcESaIcEEE
FN:40,45,_ZN5neml26OptionISt6vectorIS1_INS_10TensorNameINS_4SWR4EEESaIS4_EESaIS6_EEEC2ERKNSt7__cxx1112basic_stringIcSt11char_traitsIcESaIcEEE
FN:40,45,_ZN5neml26OptionISt6vectorIS1_INS_10TensorNameINS_4WFR4EEESaIS4_EESaIS6_EEEC2ERKNSt7__cxx1112basic_stringIcSt11char_traitsIcESaIcEEE
FN:40,45,_ZN5neml26OptionISt6vectorIS1_INS_10TensorNameINS_4WSR4EEESaIS4_EESaIS6_EEEC2ERKNSt7__cxx1112basic_stringIcSt11char_traitsIcESaIcEEE
FN:40,45,_ZN5neml26OptionISt6vectorIS1_INS_10TensorNameINS_4WWR4EEESaIS4_EESaIS6_EEEC2ERKNSt7__cxx1112basic_stringIcSt11char_traitsIcESaIcEEE
FN:40,45,_ZN5neml26OptionISt6vectorIS1_INS_10TensorNameINS_5SFFR4EEESaIS4_EESaIS6_EEEC2ERKNSt7__cxx1112basic_stringIcSt11char_traitsIcESaIcEEE
FN:40,45,_ZN5neml26OptionISt6vectorIS1_INS_10TensorNameINS_5SSFR5EEESaIS4_EESaIS6_EEEC2ERKNSt7__cxx1112basic_stringIcSt11char_traitsIcESaIcEEE
FN:40,45,_ZN5neml26OptionISt6vectorIS1_INS_10TensorNameINS_6SSSSR8EEESaIS4_EESaIS6_EEEC2ERKNSt7__cxx1112basic_stringIcSt11char_traitsIcESaIcEEE
FN:40,45,_ZN5neml26OptionISt6vectorIS1_INS_10TensorNameINS_6ScalarEEESaIS4_EESaIS6_EEEC2ERKNSt7__cxx1112basic_stringIcSt11char_traitsIcESaIcEEE
FN:40,45,_ZN5neml26OptionISt6vectorIS1_INS_10TensorNameINS_6TensorEEESaIS4_EESaIS6_EEEC2ERKNSt7__cxx1112basic_stringIcSt11char_traitsIcESaIcEEE
FN:40,45,_ZN5neml26OptionISt6vectorIS1_INS_19LabeledAxisAccessorESaIS2_EESaIS4_EEEC2ERKNSt7__cxx1112basic_stringIcSt11char_traitsIcESaIcEEE
FN:40,45,_ZN5neml26OptionISt6vectorIS1_INSt7__cxx1112basic_stringIcSt11char_traitsIcESaIcEEESaIS7_EESaIS9_EEEC2ERKS7_
FN:40,45,_ZN5neml26OptionISt6vectorIS1_IbSaIbEESaIS3_EEEC2ERKNSt7__cxx1112basic_stringIcSt11char_traitsIcESaIcEEE
FN:40,45,_ZN5neml26OptionISt6vectorIS1_IdSaIdEESaIS3_EEEC2ERKNSt7__cxx1112basic_stringIcSt11char_traitsIcESaIcEEE
FN:40,45,_ZN5neml26OptionISt6vectorIS1_IiSaIiEESaIS3_EEEC2ERKNSt7__cxx1112basic_stringIcSt11char_traitsIcESaIcEEE
FN:40,45,_ZN5neml26OptionISt6vectorIS1_IjSaIjEESaIS3_EEEC2ERKNSt7__cxx1112basic_stringIcSt11char_traitsIcESaIcEEE
FN:40,45,_ZN5neml26OptionISt6vectorIS1_IlSaIlEESaIS3_EEEC2ERKNSt7__cxx1112basic_stringIcSt11char_traitsIcESaIcEEE
FN:40,45,_ZN5neml26OptionISt6vectorIS1_ImSaImEESaIS3_EEEC2ERKNSt7__cxx1112basic_stringIcSt11char_traitsIcESaIcEEE
FN:40,45,_ZN5neml26OptionISt6vectorIbSaIbEEEC2ERKNSt7__cxx1112basic_stringIcSt11char_traitsIcESaIcEEE
FN:40,45,_ZN5neml26OptionISt6vectorIdSaIdEEEC2ERKNSt7__cxx1112basic_stringIcSt11char_traitsIcESaIcEEE
FN:40,45,_ZN5neml26OptionISt6vectorIiSaIiEEEC2ERKNSt7__cxx1112basic_stringIcSt11char_traitsIcESaIcEEE
FN:40,45,_ZN5neml26OptionISt6vectorIjSaIjEEEC2ERKNSt7__cxx1112basic_stringIcSt11char_traitsIcESaIcEEE
FN:40,45,_ZN5neml26OptionISt6vectorIlSaIlEEEC2ERKNSt7__cxx1112basic_stringIcSt11char_traitsIcESaIcEEE
FN:40,45,_ZN5neml26OptionISt6vectorImSaImEEEC2ERKNSt7__cxx1112basic_stringIcSt11char_traitsIcESaIcEEE
FN:40,45,_ZN5neml26OptionIbEC2ERKNSt7__cxx1112basic_stringIcSt11char_traitsIcESaIcEEE
FN:40,45,_ZN5neml26OptionIdEC2ERKNSt7__cxx1112basic_stringIcSt11char_traitsIcESaIcEEE
FN:40,45,_ZN5neml26OptionIiEC2ERKNSt7__cxx1112basic_stringIcSt11char_traitsIcESaIcEEE
FN:40,45,_ZN5neml26OptionIjEC2ERKNSt7__cxx1112basic_stringIcSt11char_traitsIcESaIcEEE
FN:40,45,_ZN5neml26OptionIlEC2ERKNSt7__cxx1112basic_stringIcSt11char_traitsIcESaIcEEE
FN:40,45,_ZN5neml26OptionImEC2ERKNSt7__cxx1112basic_stringIcSt11char_traitsIcESaIcEEE
FN:48,53,_ZN5neml26OptionIN3c106DeviceEEC2ERKNSt7__cxx1112basic_stringIcSt11char_traitsIcESaIcEEE
FN:57,64,_ZNK5neml26OptionIN3c1011SmallVectorIlLj8EEEEeqERKNS_10OptionBaseE
FN:57,64,_ZNK5neml26OptionIN3c106DeviceEEeqERKNS_10OptionBaseE
FN:57,64,_ZNK5neml26OptionINS_10TensorNameIN2at6TensorEEEEeqERKNS_10OptionBaseE
FN:57,64,_ZNK5neml26OptionINS_10TensorNameINS_10QuaternionEEEEeqERKNS_10OptionBaseE
FN:57,64,_ZNK5neml26OptionINS_10TensorNameINS_11MillerIndexEEEEeqERKNS_10OptionBaseE
FN:57,64,_ZNK5neml26OptionINS_10TensorNameINS_2R2EEEEeqERKNS_10OptionBaseE
FN:57,64,_ZNK5neml26OptionINS_10TensorNameINS_2R3EEEEeqERKNS_10OptionBaseE
FN:57,64,_ZNK5neml26OptionINS_10TensorNameINS_2R4EEEEeqERKNS_10OptionBaseE
FN:57,64,_ZNK5neml26OptionINS_10TensorNameINS_2R5EEEEeqERKNS_10OptionBaseE
FN:57,64,_ZNK5neml26OptionINS_10TensorNameINS_2R8EEEEeqERKNS_10OptionBaseE
FN:57,64,_ZNK5neml26OptionINS_10TensorNameINS_3RotEEEEeqERKNS_10OptionBaseE
FN:57,64,_ZNK5neml26OptionINS_10TensorNameINS_3SR2EEEEeqERKNS_10OptionBaseE
FN:57,64,_ZNK5neml26OptionINS_10TensorNameINS_3VecEEEEeqERKNS_10OptionBaseE
FN:57,64,_ZNK5neml26OptionINS_10TensorNameINS_3WR2EEEEeqERKNS_10OptionBaseE
FN:57,64,_ZNK5neml26OptionINS_10TensorNameINS_4SFR3EEEEeqERKNS_10OptionBaseE
FN:57,64,_ZNK5neml26OptionINS_10TensorNameINS_4SFR4EEEEeqERKNS_10OptionBaseE
FN:57,64,_ZNK5neml26OptionINS_10TensorNameINS_4SSR4EEEEeqERKNS_10OptionBaseE
FN:57,64,_ZNK5neml26OptionINS_10TensorNameINS_4SWR4EEEEeqERKNS_10OptionBaseE
FN:57,64,_ZNK5neml26OptionINS_10TensorNameINS_4WFR4EEEEeqERKNS_10OptionBaseE
FN:57,64,_ZNK5neml26OptionINS_10TensorNameINS_4WSR4EEEEeqERKNS_10OptionBaseE
FN:57,64,_ZNK5neml26OptionINS_10TensorNameINS_4WWR4EEEEeqERKNS_10OptionBaseE
FN:57,64,_ZNK5neml26OptionINS_10TensorNameINS_5SFFR4EEEEeqERKNS_10OptionBaseE
FN:57,64,_ZNK5neml26OptionINS_10TensorNameINS_5SSFR5EEEEeqERKNS_10OptionBaseE
FN:57,64,_ZNK5neml26OptionINS_10TensorNameINS_6SSSSR8EEEEeqERKNS_10OptionBaseE
FN:57,64,_ZNK5neml26OptionINS_10TensorNameINS_6ScalarEEEEeqERKNS_10OptionBaseE
FN:57,64,_ZNK5neml26OptionINS_10TensorNameINS_6TensorEEEEeqERKNS_10OptionBaseE
FN:57,64,_ZNK5neml26OptionINS_13EnumSelectionEEeqERKNS_10OptionBaseE
FN:57,64,_ZNK5neml26OptionINS_18MultiEnumSelectionEEeqERKNS_10OptionBaseE
FN:57,64,_ZNK5neml26OptionINS_19LabeledAxisAccessorEEeqERKNS_10OptionBaseE
FN:57,64,_ZNK5neml26OptionINSt7__cxx1112basic_stringIcSt11char_traitsIcESaIcEEEEeqERKNS_10OptionBaseE
FN:57,64,_ZNK5neml26OptionIPNS_11NEML2ObjectEEeqERKNS_10OptionBaseE
FN:57,64,_ZNK5neml26OptionIPNS_7FactoryEEeqERKNS_10OptionBaseE
FN:57,64,_ZNK5neml26OptionISt10shared_ptrINS_8SettingsEEEeqERKNS_10OptionBaseE
FN:57,64,_ZNK5neml26OptionISt6vectorIN3c1011SmallVectorIlLj8EEESaIS4_EEEeqERKNS_10OptionBaseE
FN:57,64,_ZNK5neml26OptionISt6vectorIN3c106DeviceESaIS3_EEEeqERKNS_10OptionBaseE
FN:57,64,_ZNK5neml26OptionISt6vectorINS_10TensorNameIN2at6TensorEEESaIS5_EEEeqERKNS_10OptionBaseE
FN:57,64,_ZNK5neml26OptionISt6vectorINS_10TensorNameINS_10QuaternionEEESaIS4_EEEeqERKNS_10OptionBaseE
FN:57,64,_ZNK5neml26OptionISt6vectorINS_10TensorNameINS_11MillerIndexEEESaIS4_EEEeqERKNS_10OptionBaseE
FN:57,64,_ZNK5neml26OptionISt6vectorINS_10TensorNameINS_2R2EEESaIS4_EEEeqERKNS_10OptionBaseE
FN:57,64,_ZNK5neml26OptionISt6vectorINS_10TensorNameINS_2R3EEESaIS4_EEEeqERKNS_10OptionBaseE
FN:57,64,_ZNK5neml26OptionISt6vectorINS_10TensorNameINS_2R4EEESaIS4_EEEeqERKNS_10OptionBaseE
FN:57,64,_ZNK5neml26OptionISt6vectorINS_10TensorNameINS_2R5EEESaIS4_EEEeqERKNS_10OptionBaseE
FN:57,64,_ZNK5neml26OptionISt6vectorINS_10TensorNameINS_2R8EEESaIS4_EEEeqERKNS_10OptionBaseE
FN:57,64,_ZNK5neml26OptionISt6vectorINS_10TensorNameINS_3RotEEESaIS4_EEEeqERKNS_10OptionBaseE
FN:57,64,_ZNK5neml26OptionISt6vectorINS_10TensorNameINS_3SR2EEESaIS4_EEEeqERKNS_10OptionBaseE
FN:57,64,_ZNK5neml26OptionISt6vectorINS_10TensorNameINS_3VecEEESaIS4_EEEeqERKNS_10OptionBaseE
FN:57,64,_ZNK5neml26OptionISt6vectorINS_10TensorNameINS_3WR2EEESaIS4_EEEeqERKNS_10OptionBaseE
FN:57,64,_ZNK5neml26OptionISt6vectorINS_10TensorNameINS_4SFR3EEESaIS4_EEEeqERKNS_10OptionBaseE
FN:57,64,_ZNK5neml26OptionISt6vectorINS_10TensorNameINS_4SFR4EEESaIS4_EEEeqERKNS_10OptionBaseE
FN:57,64,_ZNK5neml26OptionISt6vectorINS_10TensorNameINS_4SSR4EEESaIS4_EEEeqERKNS_10OptionBaseE
FN:57,64,_ZNK5neml26OptionISt6vectorINS_10TensorNameINS_4SWR4EEESaIS4_EEEeqERKNS_10OptionBaseE
FN:57,64,_ZNK5neml26OptionISt6vectorINS_10TensorNameINS_4WFR4EEESaIS4_EEEeqERKNS_10OptionBaseE
FN:57,64,_ZNK5neml26OptionISt6vectorINS_10TensorNameINS_4WSR4EEESaIS4_EEEeqERKNS_10OptionBaseE
FN:57,64,_ZNK5neml26OptionISt6vectorINS_10TensorNameINS_4WWR4EEESaIS4_EEEeqERKNS_10OptionBaseE
FN:57,64,_ZNK5neml26OptionISt6vectorINS_10TensorNameINS_5SFFR4EEESaIS4_EEEeqERKNS_10OptionBaseE
FN:57,64,_ZNK5neml26OptionISt6vectorINS_10TensorNameINS_5SSFR5EEESaIS4_EEEeqERKNS_10OptionBaseE
FN:57,64,_ZNK5neml26OptionISt6vectorINS_10TensorNameINS_6SSSSR8EEESaIS4_EEEeqERKNS_10OptionBaseE
FN:57,64,_ZNK5neml26OptionISt6vectorINS_10TensorNameINS_6ScalarEEESaIS4_EEEeqERKNS_10OptionBaseE
FN:57,64,_ZNK5neml26OptionISt6vectorINS_10TensorNameINS_6TensorEEESaIS4_EEEeqERKNS_10OptionBaseE
FN:57,64,_ZNK5neml26OptionISt6vectorINS_19LabeledAxisAccessorESaIS2_EEEeqERKNS_10OptionBaseE
FN:57,64,_ZNK5neml26OptionISt6vectorINSt7__cxx1112basic_stringIcSt11char_traitsIcESaIcEEESaIS7_EEEeqERKNS_10OptionBaseE
FN:57,64,_ZNK5neml26OptionISt6vectorIS1_IN3c1011SmallVectorIlLj8EEESaIS4_EESaIS6_EEEeqERKNS_10OptionBaseE
FN:57,64,_ZNK5neml26OptionISt6vectorIS1_IN3c106DeviceESaIS3_EESaIS5_EEEeqERKNS_10OptionBaseE
FN:57,64,_ZNK5neml26OptionISt6vectorIS1_INS_10TensorNameIN2at6TensorEEESaIS5_EESaIS7_EEEeqERKNS_10OptionBaseE
FN:57,64,_ZNK5neml26OptionISt6vectorIS1_INS_10TensorNameINS_10QuaternionEEESaIS4_EESaIS6_EEEeqERKNS_10OptionBaseE
FN:57,64,_ZNK5neml26OptionISt6vectorIS1_INS_10TensorNameINS_11MillerIndexEEESaIS4_EESaIS6_EEEeqERKNS_10OptionBaseE
FN:57,64,_ZNK5neml26OptionISt6vectorIS1_INS_10TensorNameINS_2R2EEESaIS4_EESaIS6_EEEeqERKNS_10OptionBaseE
FN:57,64,_ZNK5neml26OptionISt6vectorIS1_INS_10TensorNameINS_2R3EEESaIS4_EESaIS6_EEEeqERKNS_10OptionBaseE
FN:57,64,_ZNK5neml26OptionISt6vectorIS1_INS_10TensorNameINS_2R4EEESaIS4_EESaIS6_EEEeqERKNS_10OptionBaseE
FN:57,64,_ZNK5neml26OptionISt6vectorIS1_INS_10TensorNameINS_2R5EEESaIS4_EESaIS6_EEEeqERKNS_10OptionBaseE
FN:57,64,_ZNK5neml26OptionISt6vectorIS1_INS_10TensorNameINS_2R8EEESaIS4_EESaIS6_EEEeqERKNS_10OptionBaseE
FN:57,64,_ZNK5neml26OptionISt6vectorIS1_INS_10TensorNameINS_3RotEEESaIS4_EESaIS6_EEEeqERKNS_10OptionBaseE
FN:57,64,_ZNK5neml26OptionISt6vectorIS1_INS_10TensorNameINS_3SR2EEESaIS4_EESaIS6_EEEeqERKNS_10OptionBaseE
FN:57,64,_ZNK5neml26OptionISt6vectorIS1_INS_10TensorNameINS_3VecEEESaIS4_EESaIS6_EEEeqERKNS_10OptionBaseE
FN:57,64,_ZNK5neml26OptionISt6vectorIS1_INS_10TensorNameINS_3WR2EEESaIS4_EESaIS6_EEEeqERKNS_10OptionBaseE
FN:57,64,_ZNK5neml26OptionISt6vectorIS1_INS_10TensorNameINS_4SFR3EEESaIS4_EESaIS6_EEEeqERKNS_10OptionBaseE
FN:57,64,_ZNK5neml26OptionISt6vectorIS1_INS_10TensorNameINS_4SFR4EEESaIS4_EESaIS6_EEEeqERKNS_10OptionBaseE
FN:57,64,_ZNK5neml26OptionISt6vectorIS1_INS_10TensorNameINS_4SSR4EEESaIS4_EESaIS6_EEEeqERKNS_10OptionBaseE
FN:57,64,_ZNK5neml26OptionISt6vectorIS1_INS_10TensorNameINS_4SWR4EEESaIS4_EESaIS6_EEEeqERKNS_10OptionBaseE
FN:57,64,_ZNK5neml26OptionISt6vectorIS1_INS_10TensorNameINS_4WFR4EEESaIS4_EESaIS6_EEEeqERKNS_10OptionBaseE
FN:57,64,_ZNK5neml26OptionISt6vectorIS1_INS_10TensorNameINS_4WSR4EEESaIS4_EESaIS6_EEEeqERKNS_10OptionBaseE
FN:57,64,_ZNK5neml26OptionISt6vectorIS1_INS_10TensorNameINS_4WWR4EEESaIS4_EESaIS6_EEEeqERKNS_10OptionBaseE
FN:57,64,_ZNK5neml26OptionISt6vectorIS1_INS_10TensorNameINS_5SFFR4EEESaIS4_EESaIS6_EEEeqERKNS_10OptionBaseE
FN:57,64,_ZNK5neml26OptionISt6vectorIS1_INS_10TensorNameINS_5SSFR5EEESaIS4_EESaIS6_EEEeqERKNS_10OptionBaseE
FN:57,64,_ZNK5neml26OptionISt6vectorIS1_INS_10TensorNameINS_6SSSSR8EEESaIS4_EESaIS6_EEEeqERKNS_10OptionBaseE
FN:57,64,_ZNK5neml26OptionISt6vectorIS1_INS_10TensorNameINS_6ScalarEEESaIS4_EESaIS6_EEEeqERKNS_10OptionBaseE
FN:57,64,_ZNK5neml26OptionISt6vectorIS1_INS_10TensorNameINS_6TensorEEESaIS4_EESaIS6_EEEeqERKNS_10OptionBaseE
FN:57,64,_ZNK5neml26OptionISt6vectorIS1_INS_19LabeledAxisAccessorESaIS2_EESaIS4_EEEeqERKNS_10OptionBaseE
FN:57,64,_ZNK5neml26OptionISt6vectorIS1_INSt7__cxx1112basic_stringIcSt11char_traitsIcESaIcEEESaIS7_EESaIS9_EEEeqERKNS_10OptionBaseE
FN:57,64,_ZNK5neml26OptionISt6vectorIS1_IbSaIbEESaIS3_EEEeqERKNS_10OptionBaseE
FN:57,64,_ZNK5neml26OptionISt6vectorIS1_IdSaIdEESaIS3_EEEeqERKNS_10OptionBaseE
FN:57,64,_ZNK5neml26OptionISt6vectorIS1_IiSaIiEESaIS3_EEEeqERKNS_10OptionBaseE
FN:57,64,_ZNK5neml26OptionISt6vectorIS1_IjSaIjEESaIS3_EEEeqERKNS_10OptionBaseE
FN:57,64,_ZNK5neml26OptionISt6vectorIS1_IlSaIlEESaIS3_EEEeqERKNS_10OptionBaseE
FN:57,64,_ZNK5neml26OptionISt6vectorIS1_ImSaImEESaIS3_EEEeqERKNS_10OptionBaseE
FN:57,64,_ZNK5neml26OptionISt6vectorIbSaIbEEEeqERKNS_10OptionBaseE
FN:57,64,_ZNK5neml26OptionISt6vectorIdSaIdEEEeqERKNS_10OptionBaseE
FN:57,64,_ZNK5neml26OptionISt6vectorIiSaIiEEEeqERKNS_10OptionBaseE
FN:57,64,_ZNK5neml26OptionISt6vectorIjSaIjEEEeqERKNS_10OptionBaseE
FN:57,64,_ZNK5neml26OptionISt6vectorIlSaIlEEEeqERKNS_10OptionBaseE
FN:57,64,_ZNK5neml26OptionISt6vectorImSaImEEEeqERKNS_10OptionBaseE
FN:57,64,_ZNK5neml26OptionIbEeqERKNS_10OptionBaseE
FN:57,64,_ZNK5neml26OptionIdEeqERKNS_10OptionBaseE
FN:57,64,_ZNK5neml26OptionIiEeqERKNS_10OptionBaseE
FN:57,64,_ZNK5neml26OptionIjEeqERKNS_10OptionBaseE
FN:57,64,_ZNK5neml26OptionIlEeqERKNS_10OptionBaseE
FN:57,64,_ZNK5neml26OptionImEeqERKNS_10OptionBaseE
FN:68,71,_ZNK5neml26OptionIN3c1011SmallVectorIlLj8EEEEneERKNS_10OptionBaseE
FN:68,71,_ZNK5neml26OptionIN3c106DeviceEEneERKNS_10OptionBaseE
FN:68,71,_ZNK5neml26OptionINS_10TensorNameIN2at6TensorEEEEneERKNS_10OptionBaseE
FN:68,71,_ZNK5neml26OptionINS_10TensorNameINS_10QuaternionEEEEneERKNS_10OptionBaseE
FN:68,71,_ZNK5neml26OptionINS_10TensorNameINS_11MillerIndexEEEEneERKNS_10OptionBaseE
FN:68,71,_ZNK5neml26OptionINS_10TensorNameINS_2R2EEEEneERKNS_10OptionBaseE
FN:68,71,_ZNK5neml26OptionINS_10TensorNameINS_2R3EEEEneERKNS_10OptionBaseE
FN:68,71,_ZNK5neml26OptionINS_10TensorNameINS_2R4EEEEneERKNS_10OptionBaseE
FN:68,71,_ZNK5neml26OptionINS_10TensorNameINS_2R5EEEEneERKNS_10OptionBaseE
FN:68,71,_ZNK5neml26OptionINS_10TensorNameINS_2R8EEEEneERKNS_10OptionBaseE
FN:68,71,_ZNK5neml26OptionINS_10TensorNameINS_3RotEEEEneERKNS_10OptionBaseE
FN:68,71,_ZNK5neml26OptionINS_10TensorNameINS_3SR2EEEEneERKNS_10OptionBaseE
FN:68,71,_ZNK5neml26OptionINS_10TensorNameINS_3VecEEEEneERKNS_10OptionBaseE
FN:68,71,_ZNK5neml26OptionINS_10TensorNameINS_3WR2EEEEneERKNS_10OptionBaseE
FN:68,71,_ZNK5neml26OptionINS_10TensorNameINS_4SFR3EEEEneERKNS_10OptionBaseE
FN:68,71,_ZNK5neml26OptionINS_10TensorNameINS_4SFR4EEEEneERKNS_10OptionBaseE
FN:68,71,_ZNK5neml26OptionINS_10TensorNameINS_4SSR4EEEEneERKNS_10OptionBaseE
FN:68,71,_ZNK5neml26OptionINS_10TensorNameINS_4SWR4EEEEneERKNS_10OptionBaseE
FN:68,71,_ZNK5neml26OptionINS_10TensorNameINS_4WFR4EEEEneERKNS_10OptionBaseE
FN:68,71,_ZNK5neml26OptionINS_10TensorNameINS_4WSR4EEEEneERKNS_10OptionBaseE
FN:68,71,_ZNK5neml26OptionINS_10TensorNameINS_4WWR4EEEEneERKNS_10OptionBaseE
FN:68,71,_ZNK5neml26OptionINS_10TensorNameINS_5SFFR4EEEEneERKNS_10OptionBaseE
FN:68,71,_ZNK5neml26OptionINS_10TensorNameINS_5SSFR5EEEEneERKNS_10OptionBaseE
FN:68,71,_ZNK5neml26OptionINS_10TensorNameINS_6SSSSR8EEEEneERKNS_10OptionBaseE
FN:68,71,_ZNK5neml26OptionINS_10TensorNameINS_6ScalarEEEEneERKNS_10OptionBaseE
FN:68,71,_ZNK5neml26OptionINS_10TensorNameINS_6TensorEEEEneERKNS_10OptionBaseE
FN:68,71,_ZNK5neml26OptionINS_13EnumSelectionEEneERKNS_10OptionBaseE
FN:68,71,_ZNK5neml26OptionINS_18MultiEnumSelectionEEneERKNS_10OptionBaseE
FN:68,71,_ZNK5neml26OptionINS_19LabeledAxisAccessorEEneERKNS_10OptionBaseE
FN:68,71,_ZNK5neml26OptionINSt7__cxx1112basic_stringIcSt11char_traitsIcESaIcEEEEneERKNS_10OptionBaseE
FN:68,71,_ZNK5neml26OptionIPNS_11NEML2ObjectEEneERKNS_10OptionBaseE
FN:68,71,_ZNK5neml26OptionIPNS_7FactoryEEneERKNS_10OptionBaseE
FN:68,71,_ZNK5neml26OptionISt10shared_ptrINS_8SettingsEEEneERKNS_10OptionBaseE
FN:68,71,_ZNK5neml26OptionISt6vectorIN3c1011SmallVectorIlLj8EEESaIS4_EEEneERKNS_10OptionBaseE
FN:68,71,_ZNK5neml26OptionISt6vectorIN3c106DeviceESaIS3_EEEneERKNS_10OptionBaseE
FN:68,71,_ZNK5neml26OptionISt6vectorINS_10TensorNameIN2at6TensorEEESaIS5_EEEneERKNS_10OptionBaseE
FN:68,71,_ZNK5neml26OptionISt6vectorINS_10TensorNameINS_10QuaternionEEESaIS4_EEEneERKNS_10OptionBaseE
FN:68,71,_ZNK5neml26OptionISt6vectorINS_10TensorNameINS_11MillerIndexEEESaIS4_EEEneERKNS_10OptionBaseE
FN:68,71,_ZNK5neml26OptionISt6vectorINS_10TensorNameINS_2R2EEESaIS4_EEEneERKNS_10OptionBaseE
FN:68,71,_ZNK5neml26OptionISt6vectorINS_10TensorNameINS_2R3EEESaIS4_EEEneERKNS_10OptionBaseE
FN:68,71,_ZNK5neml26OptionISt6vectorINS_10TensorNameINS_2R4EEESaIS4_EEEneERKNS_10OptionBaseE
FN:68,71,_ZNK5neml26OptionISt6vectorINS_10TensorNameINS_2R5EEESaIS4_EEEneERKNS_10OptionBaseE
FN:68,71,_ZNK5neml26OptionISt6vectorINS_10TensorNameINS_2R8EEESaIS4_EEEneERKNS_10OptionBaseE
FN:68,71,_ZNK5neml26OptionISt6vectorINS_10TensorNameINS_3RotEEESaIS4_EEEneERKNS_10OptionBaseE
FN:68,71,_ZNK5neml26OptionISt6vectorINS_10TensorNameINS_3SR2EEESaIS4_EEEneERKNS_10OptionBaseE
FN:68,71,_ZNK5neml26OptionISt6vectorINS_10TensorNameINS_3VecEEESaIS4_EEEneERKNS_10OptionBaseE
FN:68,71,_ZNK5neml26OptionISt6vectorINS_10TensorNameINS_3WR2EEESaIS4_EEEneERKNS_10OptionBaseE
FN:68,71,_ZNK5neml26OptionISt6vectorINS_10TensorNameINS_4SFR3EEESaIS4_EEEneERKNS_10OptionBaseE
FN:68,71,_ZNK5neml26OptionISt6vectorINS_10TensorNameINS_4SFR4EEESaIS4_EEEneERKNS_10OptionBaseE
FN:68,71,_ZNK5neml26OptionISt6vectorINS_10TensorNameINS_4SSR4EEESaIS4_EEEneERKNS_10OptionBaseE
FN:68,71,_ZNK5neml26OptionISt6vectorINS_10TensorNameINS_4SWR4EEESaIS4_EEEneERKNS_10OptionBaseE
FN:68,71,_ZNK5neml26OptionISt6vectorINS_10TensorNameINS_4WFR4EEESaIS4_EEEneERKNS_10OptionBaseE
FN:68,71,_ZNK5neml26OptionISt6vectorINS_10TensorNameINS_4WSR4EEESaIS4_EEEneERKNS_10OptionBaseE
FN:68,71,_ZNK5neml26OptionISt6vectorINS_10TensorNameINS_4WWR4EEESaIS4_EEEneERKNS_10OptionBaseE
FN:68,71,_ZNK5neml26OptionISt6vectorINS_10TensorNameINS_5SFFR4EEESaIS4_EEEneERKNS_10OptionBaseE
FN:68,71,_ZNK5neml26OptionISt6vectorINS_10TensorNameINS_5SSFR5EEESaIS4_EEEneERKNS_10OptionBaseE
FN:68,71,_ZNK5neml26OptionISt6vectorINS_10TensorNameINS_6SSSSR8EEESaIS4_EEEneERKNS_10OptionBaseE
FN:68,71,_ZNK5neml26OptionISt6vectorINS_10TensorNameINS_6ScalarEEESaIS4_EEEneERKNS_10OptionBaseE
FN:68,71,_ZNK5neml26OptionISt6vectorINS_10TensorNameINS_6TensorEEESaIS4_EEEneERKNS_10OptionBaseE
FN:68,71,_ZNK5neml26OptionISt6vectorINS_19LabeledAxisAccessorESaIS2_EEEneERKNS_10OptionBaseE
FN:68,71,_ZNK5neml26OptionISt6vectorINSt7__cxx1112basic_stringIcSt11char_traitsIcESaIcEEESaIS7_EEEneERKNS_10OptionBaseE
FN:68,71,_ZNK5neml26OptionISt6vectorIS1_IN3c1011SmallVectorIlLj8EEESaIS4_EESaIS6_EEEneERKNS_10OptionBaseE
FN:68,71,_ZNK5neml26OptionISt6vectorIS1_IN3c106DeviceESaIS3_EESaIS5_EEEneERKNS_10OptionBaseE
FN:68,71,_ZNK5neml26OptionISt6vectorIS1_INS_10TensorNameIN2at6TensorEEESaIS5_EESaIS7_EEEneERKNS_10OptionBaseE
FN:68,71,_ZNK5neml26OptionISt6vectorIS1_INS_10TensorNameINS_10QuaternionEEESaIS4_EESaIS6_EEEneERKNS_10OptionBaseE
FN:68,71,_ZNK5neml26OptionISt6vectorIS1_INS_10TensorNameINS_11MillerIndexEEESaIS4_EESaIS6_EEEneERKNS_10OptionBaseE
FN:68,71,_ZNK5neml26OptionISt6vectorIS1_INS_10TensorNameINS_2R2EEESaIS4_EESaIS6_EEEneERKNS_10OptionBaseE
FN:68,71,_ZNK5neml26OptionISt6vectorIS1_INS_10TensorNameINS_2R3EEESaIS4_EESaIS6_EEEneERKNS_10OptionBaseE
FN:68,71,_ZNK5neml26OptionISt6vectorIS1_INS_10TensorNameINS_2R4EEESaIS4_EESaIS6_EEEneERKNS_10OptionBaseE
FN:68,71,_ZNK5neml26OptionISt6vectorIS1_INS_10TensorNameINS_2R5EEESaIS4_EESaIS6_EEEneERKNS_10OptionBaseE
FN:68,71,_ZNK5neml26OptionISt6vectorIS1_INS_10TensorNameINS_2R8EEESaIS4_EESaIS6_EEEneERKNS_10OptionBaseE
FN:68,71,_ZNK5neml26OptionISt6vectorIS1_INS_10TensorNameINS_3RotEEESaIS4_EESaIS6_EEEneERKNS_10OptionBaseE
FN:68,71,_ZNK5neml26OptionISt6vectorIS1_INS_10TensorNameINS_3SR2EEESaIS4_EESaIS6_EEEneERKNS_10OptionBaseE
FN:68,71,_ZNK5neml26OptionISt6vectorIS1_INS_10TensorNameINS_3VecEEESaIS4_EESaIS6_EEEneERKNS_10OptionBaseE
FN:68,71,_ZNK5neml26OptionISt6vectorIS1_INS_10TensorNameINS_3WR2EEESaIS4_EESaIS6_EEEneERKNS_10OptionBaseE
FN:68,71,_ZNK5neml26OptionISt6vectorIS1_INS_10TensorNameINS_4SFR3EEESaIS4_EESaIS6_EEEneERKNS_10OptionBaseE
FN:68,71,_ZNK5neml26OptionISt6vectorIS1_INS_10TensorNameINS_4SFR4EEESaIS4_EESaIS6_EEEneERKNS_10OptionBaseE
FN:68,71,_ZNK5neml26OptionISt6vectorIS1_INS_10TensorNameINS_4SSR4EEESaIS4_EESaIS6_EEEneERKNS_10OptionBaseE
FN:68,71,_ZNK5neml26OptionISt6vectorIS1_INS_10TensorNameINS_4SWR4EEESaIS4_EESaIS6_EEEneERKNS_10OptionBaseE
FN:68,71,_ZNK5neml26OptionISt6vectorIS1_INS_10TensorNameINS_4WFR4EEESaIS4_EESaIS6_EEEneERKNS_10OptionBaseE
FN:68,71,_ZNK5neml26OptionISt6vectorIS1_INS_10TensorNameINS_4WSR4EEESaIS4_EESaIS6_EEEneERKNS_10OptionBaseE
FN:68,71,_ZNK5neml26OptionISt6vectorIS1_INS_10TensorNameINS_4WWR4EEESaIS4_EESaIS6_EEEneERKNS_10OptionBaseE
FN:68,71,_ZNK5neml26OptionISt6vectorIS1_INS_10TensorNameINS_5SFFR4EEESaIS4_EESaIS6_EEEneERKNS_10OptionBaseE
FN:68,71,_ZNK5neml26OptionISt6vectorIS1_INS_10TensorNameINS_5SSFR5EEESaIS4_EESaIS6_EEEneERKNS_10OptionBaseE
FN:68,71,_ZNK5neml26OptionISt6vectorIS1_INS_10TensorNameINS_6SSSSR8EEESaIS4_EESaIS6_EEEneERKNS_10OptionBaseE
FN:68,71,_ZNK5neml26OptionISt6vectorIS1_INS_10TensorNameINS_6ScalarEEESaIS4_EESaIS6_EEEneERKNS_10OptionBaseE
FN:68,71,_ZNK5neml26OptionISt6vectorIS1_INS_10TensorNameINS_6TensorEEESaIS4_EESaIS6_EEEneERKNS_10OptionBaseE
FN:68,71,_ZNK5neml26OptionISt6vectorIS1_INS_19LabeledAxisAccessorESaIS2_EESaIS4_EEEneERKNS_10OptionBaseE
FN:68,71,_ZNK5neml26OptionISt6vectorIS1_INSt7__cxx1112basic_stringIcSt11char_traitsIcESaIcEEESaIS7_EESaIS9_EEEneERKNS_10OptionBaseE
FN:68,71,_ZNK5neml26OptionISt6vectorIS1_IbSaIbEESaIS3_EEEneERKNS_10OptionBaseE
FN:68,71,_ZNK5neml26OptionISt6vectorIS1_IdSaIdEESaIS3_EEEneERKNS_10OptionBaseE
FN:68,71,_ZNK5neml26OptionISt6vectorIS1_IiSaIiEESaIS3_EEEneERKNS_10OptionBaseE
FN:68,71,_ZNK5neml26OptionISt6vectorIS1_IjSaIjEESaIS3_EEEneERKNS_10OptionBaseE
FN:68,71,_ZNK5neml26OptionISt6vectorIS1_IlSaIlEESaIS3_EEEneERKNS_10OptionBaseE
FN:68,71,_ZNK5neml26OptionISt6vectorIS1_ImSaImEESaIS3_EEEneERKNS_10OptionBaseE
FN:68,71,_ZNK5neml26OptionISt6vectorIbSaIbEEEneERKNS_10OptionBaseE
FN:68,71,_ZNK5neml26OptionISt6vectorIdSaIdEEEneERKNS_10OptionBaseE
FN:68,71,_ZNK5neml26OptionISt6vectorIiSaIiEEEneERKNS_10OptionBaseE
FN:68,71,_ZNK5neml26OptionISt6vectorIjSaIjEEEneERKNS_10OptionBaseE
FN:68,71,_ZNK5neml26OptionISt6vectorIlSaIlEEEneERKNS_10OptionBaseE
FN:68,71,_ZNK5neml26OptionISt6vectorImSaImEEEneERKNS_10OptionBaseE
FN:68,71,_ZNK5neml26OptionIbEneERKNS_10OptionBaseE
FN:68,71,_ZNK5neml26OptionIdEneERKNS_10OptionBaseE
FN:68,71,_ZNK5neml26OptionIiEneERKNS_10OptionBaseE
FN:68,71,_ZNK5neml26OptionIjEneERKNS_10OptionBaseE
FN:68,71,_ZNK5neml26OptionIlEneERKNS_10OptionBaseE
FN:68,71,_ZNK5neml26OptionImEneERKNS_10OptionBaseE
FN:84,90,_ZNK5neml26OptionIN3c1011SmallVectorIlLj8EEEE5cloneEv
FN:84,90,_ZNK5neml26OptionIN3c106DeviceEE5cloneEv
FN:84,90,_ZNK5neml26OptionINS_10TensorNameIN2at6TensorEEEE5cloneEv
FN:84,90,_ZNK5neml26OptionINS_10TensorNameINS_10QuaternionEEEE5cloneEv
FN:84,90,_ZNK5neml26OptionINS_10TensorNameINS_11MillerIndexEEEE5cloneEv
FN:84,90,_ZNK5neml26OptionINS_10TensorNameINS_2R2EEEE5cloneEv
FN:84,90,_ZNK5neml26OptionINS_10TensorNameINS_2R3EEEE5cloneEv
FN:84,90,_ZNK5neml26OptionINS_10TensorNameINS_2R4EEEE5cloneEv
FN:84,90,_ZNK5neml26OptionINS_10TensorNameINS_2R5EEEE5cloneEv
FN:84,90,_ZNK5neml26OptionINS_10TensorNameINS_2R8EEEE5cloneEv
FN:84,90,_ZNK5neml26OptionINS_10TensorNameINS_3RotEEEE5cloneEv
FN:84,90,_ZNK5neml26OptionINS_10TensorNameINS_3SR2EEEE5cloneEv
FN:84,90,_ZNK5neml26OptionINS_10TensorNameINS_3VecEEEE5cloneEv
FN:84,90,_ZNK5neml26OptionINS_10TensorNameINS_3WR2EEEE5cloneEv
FN:84,90,_ZNK5neml26OptionINS_10TensorNameINS_4SFR3EEEE5cloneEv
FN:84,90,_ZNK5neml26OptionINS_10TensorNameINS_4SFR4EEEE5cloneEv
FN:84,90,_ZNK5neml26OptionINS_10TensorNameINS_4SSR4EEEE5cloneEv
FN:84,90,_ZNK5neml26OptionINS_10TensorNameINS_4SWR4EEEE5cloneEv
FN:84,90,_ZNK5neml26OptionINS_10TensorNameINS_4WFR4EEEE5cloneEv
FN:84,90,_ZNK5neml26OptionINS_10TensorNameINS_4WSR4EEEE5cloneEv
FN:84,90,_ZNK5neml26OptionINS_10TensorNameINS_4WWR4EEEE5cloneEv
FN:84,90,_ZNK5neml26OptionINS_10TensorNameINS_5SFFR4EEEE5cloneEv
FN:84,90,_ZNK5neml26OptionINS_10TensorNameINS_5SSFR5EEEE5cloneEv
FN:84,90,_ZNK5neml26OptionINS_10TensorNameINS_6SSSSR8EEEE5cloneEv
FN:84,90,_ZNK5neml26OptionINS_10TensorNameINS_6ScalarEEEE5cloneEv
FN:84,90,_ZNK5neml26OptionINS_10TensorNameINS_6TensorEEEE5cloneEv
FN:84,90,_ZNK5neml26OptionINS_13EnumSelectionEE5cloneEv
FN:84,90,_ZNK5neml26OptionINS_18MultiEnumSelectionEE5cloneEv
FN:84,90,_ZNK5neml26OptionINS_19LabeledAxisAccessorEE5cloneEv
FN:84,90,_ZNK5neml26OptionINSt7__cxx1112basic_stringIcSt11char_traitsIcESaIcEEEE5cloneEv
FN:84,90,_ZNK5neml26OptionIPNS_11NEML2ObjectEE5cloneEv
FN:84,90,_ZNK5neml26OptionIPNS_7FactoryEE5cloneEv
FN:84,90,_ZNK5neml26OptionISt10shared_ptrINS_8SettingsEEE5cloneEv
FN:84,90,_ZNK5neml26OptionISt6vectorIN3c1011SmallVectorIlLj8EEESaIS4_EEE5cloneEv
FN:84,90,_ZNK5neml26OptionISt6vectorIN3c106DeviceESaIS3_EEE5cloneEv
FN:84,90,_ZNK5neml26OptionISt6vectorINS_10TensorNameIN2at6TensorEEESaIS5_EEE5cloneEv
FN:84,90,_ZNK5neml26OptionISt6vectorINS_10TensorNameINS_10QuaternionEEESaIS4_EEE5cloneEv
FN:84,90,_ZNK5neml26OptionISt6vectorINS_10TensorNameINS_11MillerIndexEEESaIS4_EEE5cloneEv
FN:84,90,_ZNK5neml26OptionISt6vectorINS_10TensorNameINS_2R2EEESaIS4_EEE5cloneEv
FN:84,90,_ZNK5neml26OptionISt6vectorINS_10TensorNameINS_2R3EEESaIS4_EEE5cloneEv
FN:84,90,_ZNK5neml26OptionISt6vectorINS_10TensorNameINS_2R4EEESaIS4_EEE5cloneEv
FN:84,90,_ZNK5neml26OptionISt6vectorINS_10TensorNameINS_2R5EEESaIS4_EEE5cloneEv
FN:84,90,_ZNK5neml26OptionISt6vectorINS_10TensorNameINS_2R8EEESaIS4_EEE5cloneEv
FN:84,90,_ZNK5neml26OptionISt6vectorINS_10TensorNameINS_3RotEEESaIS4_EEE5cloneEv
FN:84,90,_ZNK5neml26OptionISt6vectorINS_10TensorNameINS_3SR2EEESaIS4_EEE5cloneEv
FN:84,90,_ZNK5neml26OptionISt6vectorINS_10TensorNameINS_3VecEEESaIS4_EEE5cloneEv
FN:84,90,_ZNK5neml26OptionISt6vectorINS_10TensorNameINS_3WR2EEESaIS4_EEE5cloneEv
FN:84,90,_ZNK5neml26OptionISt6vectorINS_10TensorNameINS_4SFR3EEESaIS4_EEE5cloneEv
FN:84,90,_ZNK5neml26OptionISt6vectorINS_10TensorNameINS_4SFR4EEESaIS4_EEE5cloneEv
FN:84,90,_ZNK5neml26OptionISt6vectorINS_10TensorNameINS_4SSR4EEESaIS4_EEE5cloneEv
FN:84,90,_ZNK5neml26OptionISt6vectorINS_10TensorNameINS_4SWR4EEESaIS4_EEE5cloneEv
FN:84,90,_ZNK5neml26OptionISt6vectorINS_10TensorNameINS_4WFR4EEESaIS4_EEE5cloneEv
FN:84,90,_ZNK5neml26OptionISt6vectorINS_10TensorNameINS_4WSR4EEESaIS4_EEE5cloneEv
FN:84,90,_ZNK5neml26OptionISt6vectorINS_10TensorNameINS_4WWR4EEESaIS4_EEE5cloneEv
FN:84,90,_ZNK5neml26OptionISt6vectorINS_10TensorNameINS_5SFFR4EEESaIS4_EEE5cloneEv
FN:84,90,_ZNK5neml26OptionISt6vectorINS_10TensorNameINS_5SSFR5EEESaIS4_EEE5cloneEv
FN:84,90,_ZNK5neml26OptionISt6vectorINS_10TensorNameINS_6SSSSR8EEESaIS4_EEE5cloneEv
FN:84,90,_ZNK5neml26OptionISt6vectorINS_10TensorNameINS_6ScalarEEESaIS4_EEE5cloneEv
FN:84,90,_ZNK5neml26OptionISt6vectorINS_10TensorNameINS_6TensorEEESaIS4_EEE5cloneEv
FN:84,90,_ZNK5neml26OptionISt6vectorINS_19LabeledAxisAccessorESaIS2_EEE5cloneEv
FN:84,90,_ZNK5neml26OptionISt6vectorINSt7__cxx1112basic_stringIcSt11char_traitsIcESaIcEEESaIS7_EEE5cloneEv
FN:84,90,_ZNK5neml26OptionISt6vectorIS1_IN3c1011SmallVectorIlLj8EEESaIS4_EESaIS6_EEE5cloneEv
FN:84,90,_ZNK5neml26OptionISt6vectorIS1_IN3c106DeviceESaIS3_EESaIS5_EEE5cloneEv
FN:84,90,_ZNK5neml26OptionISt6vectorIS1_INS_10TensorNameIN2at6TensorEEESaIS5_EESaIS7_EEE5cloneEv
FN:84,90,_ZNK5neml26OptionISt6vectorIS1_INS_10TensorNameINS_10QuaternionEEESaIS4_EESaIS6_EEE5cloneEv
FN:84,90,_ZNK5neml26OptionISt6vectorIS1_INS_10TensorNameINS_11MillerIndexEEESaIS4_EESaIS6_EEE5cloneEv
FN:84,90,_ZNK5neml26OptionISt6vectorIS1_INS_10TensorNameINS_2R2EEESaIS4_EESaIS6_EEE5cloneEv
FN:84,90,_ZNK5neml26OptionISt6vectorIS1_INS_10TensorNameINS_2R3EEESaIS4_EESaIS6_EEE5cloneEv
FN:84,90,_ZNK5neml26OptionISt6vectorIS1_INS_10TensorNameINS_2R4EEESaIS4_EESaIS6_EEE5cloneEv
FN:84,90,_ZNK5neml26OptionISt6vectorIS1_INS_10TensorNameINS_2R5EEESaIS4_EESaIS6_EEE5cloneEv
FN:84,90,_ZNK5neml26OptionISt6vectorIS1_INS_10TensorNameINS_2R8EEESaIS4_EESaIS6_EEE5cloneEv
FN:84,90,_ZNK5neml26OptionISt6vectorIS1_INS_10TensorNameINS_3RotEEESaIS4_EESaIS6_EEE5cloneEv
FN:84,90,_ZNK5neml26OptionISt6vectorIS1_INS_10TensorNameINS_3SR2EEESaIS4_EESaIS6_EEE5cloneEv
FN:84,90,_ZNK5neml26OptionISt6vectorIS1_INS_10TensorNameINS_3VecEEESaIS4_EESaIS6_EEE5cloneEv
FN:84,90,_ZNK5neml26OptionISt6vectorIS1_INS_10TensorNameINS_3WR2EEESaIS4_EESaIS6_EEE5cloneEv
FN:84,90,_ZNK5neml26OptionISt6vectorIS1_INS_10TensorNameINS_4SFR3EEESaIS4_EESaIS6_EEE5cloneEv
FN:84,90,_ZNK5neml26OptionISt6vectorIS1_INS_10TensorNameINS_4SFR4EEESaIS4_EESaIS6_EEE5cloneEv
FN:84,90,_ZNK5neml26OptionISt6vectorIS1_INS_10TensorNameINS_4SSR4EEESaIS4_EESaIS6_EEE5cloneEv
FN:84,90,_ZNK5neml26OptionISt6vectorIS1_INS_10TensorNameINS_4SWR4EEESaIS4_EESaIS6_EEE5cloneEv
FN:84,90,_ZNK5neml26OptionISt6vectorIS1_INS_10TensorNameINS_4WFR4EEESaIS4_EESaIS6_EEE5cloneEv
FN:84,90,_ZNK5neml26OptionISt6vectorIS1_INS_10TensorNameINS_4WSR4EEESaIS4_EESaIS6_EEE5cloneEv
FN:84,90,_ZNK5neml26OptionISt6vectorIS1_INS_10TensorNameINS_4WWR4EEESaIS4_EESaIS6_EEE5cloneEv
FN:84,90,_ZNK5neml26OptionISt6vectorIS1_INS_10TensorNameINS_5SFFR4EEESaIS4_EESaIS6_EEE5cloneEv
FN:84,90,_ZNK5neml26OptionISt6vectorIS1_INS_10TensorNameINS_5SSFR5EEESaIS4_EESaIS6_EEE5cloneEv
FN:84,90,_ZNK5neml26OptionISt6vectorIS1_INS_10TensorNameINS_6SSSSR8EEESaIS4_EESaIS6_EEE5cloneEv
FN:84,90,_ZNK5neml26OptionISt6vectorIS1_INS_10TensorNameINS_6ScalarEEESaIS4_EESaIS6_EEE5cloneEv
FN:84,90,_ZNK5neml26OptionISt6vectorIS1_INS_10TensorNameINS_6TensorEEESaIS4_EESaIS6_EEE5cloneEv
FN:84,90,_ZNK5neml26OptionISt6vectorIS1_INS_19LabeledAxisAccessorESaIS2_EESaIS4_EEE5cloneEv
FN:84,90,_ZNK5neml26OptionISt6vectorIS1_INSt7__cxx1112basic_stringIcSt11char_traitsIcESaIcEEESaIS7_EESaIS9_EEE5cloneEv
FN:84,90,_ZNK5neml26OptionISt6vectorIS1_IbSaIbEESaIS3_EEE5cloneEv
FN:84,90,_ZNK5neml26OptionISt6vectorIS1_IdSaIdEESaIS3_EEE5cloneEv
FN:84,90,_ZNK5neml26OptionISt6vectorIS1_IiSaIiEESaIS3_EEE5cloneEv
FN:84,90,_ZNK5neml26OptionISt6vectorIS1_IjSaIjEESaIS3_EEE5cloneEv
FN:84,90,_ZNK5neml26OptionISt6vectorIS1_IlSaIlEESaIS3_EEE5cloneEv
FN:84,90,_ZNK5neml26OptionISt6vectorIS1_ImSaImEESaIS3_EEE5cloneEv
FN:84,90,_ZNK5neml26OptionISt6vectorIbSaIbEEE5cloneEv
FN:84,90,_ZNK5neml26OptionISt6vectorIdSaIdEEE5cloneEv
FN:84,90,_ZNK5neml26OptionISt6vectorIiSaIiEEE5cloneEv
FN:84,90,_ZNK5neml26OptionISt6vectorIjSaIjEEE5cloneEv
FN:84,90,_ZNK5neml26OptionISt6vectorIlSaIlEEE5cloneEv
FN:84,90,_ZNK5neml26OptionISt6vectorImSaImEEE5cloneEv
FN:84,90,_ZNK5neml26OptionIbE5cloneEv
FN:84,90,_ZNK5neml26OptionIdE5cloneEv
FN:84,90,_ZNK5neml26OptionIiE5cloneEv
FN:84,90,_ZNK5neml26OptionIjE5cloneEv
FN:84,90,_ZNK5neml26OptionIlE5cloneEv
FN:84,90,_ZNK5neml26OptionImE5cloneEv
FNDA:0,_ZN5neml27details13_print_helperIcEEvRSoPKT_
FNDA:0,_ZN5neml27details13_print_helperIhEEvRSoPKT_
FNDA:0,_ZN5neml27details13_print_helperIbEEvRSoPKSt6vectorIT_SaIS4_EE
FNDA:8715,_ZN5neml26OptionIN3c1011SmallVectorIlLj8EEEEC2ERKNSt7__cxx1112basic_stringIcSt11char_traitsIcESaIcEEE
FNDA:0,_ZN5neml26OptionINS_10TensorNameIN2at6TensorEEEEC2ERKNSt7__cxx1112basic_stringIcSt11char_traitsIcESaIcEEE
FNDA:36,_ZN5neml26OptionINS_10TensorNameINS_10QuaternionEEEEC2ERKNSt7__cxx1112basic_stringIcSt11char_traitsIcESaIcEEE
FNDA:390,_ZN5neml26OptionINS_10TensorNameINS_11MillerIndexEEEEC2ERKNSt7__cxx1112basic_stringIcSt11char_traitsIcESaIcEEE
FNDA:383,_ZN5neml26OptionINS_10TensorNameINS_2R2EEEEC2ERKNSt7__cxx1112basic_stringIcSt11char_traitsIcESaIcEEE
FNDA:200,_ZN5neml26OptionINS_10TensorNameINS_2R3EEEEC2ERKNSt7__cxx1112basic_stringIcSt11char_traitsIcESaIcEEE
FNDA:200,_ZN5neml26OptionINS_10TensorNameINS_2R4EEEEC2ERKNSt7__cxx1112basic_stringIcSt11char_traitsIcESaIcEEE
FNDA:200,_ZN5neml26OptionINS_10TensorNameINS_2R5EEEEC2ERKNSt7__cxx1112basic_stringIcSt11char_traitsIcESaIcEEE
FNDA:36,_ZN5neml26OptionINS_10TensorNameINS_2R8EEEEC2ERKNSt7__cxx1112basic_stringIcSt11char_traitsIcESaIcEEE
FNDA:200,_ZN5neml26OptionINS_10TensorNameINS_3RotEEEEC2ERKNSt7__cxx1112basic_stringIcSt11char_traitsIcESaIcEEE
FNDA:555,_ZN5neml26OptionINS_10TensorNameINS_3SR2EEEEC2ERKNSt7__cxx1112basic_stringIcSt11char_traitsIcESaIcEEE
FNDA:389,_ZN5neml26OptionINS_10TensorNameINS_3VecEEEEC2ERKNSt7__cxx1112basic_stringIcSt11char_traitsIcESaIcEEE
FNDA:57,_ZN5neml26OptionINS_10TensorNameINS_3WR2EEEEC2ERKNSt7__cxx1112basic_stringIcSt11char_traitsIcESaIcEEE
FNDA:200,_ZN5neml26OptionINS_10TensorNameINS_4SFR3EEEEC2ERKNSt7__cxx1112basic_stringIcSt11char_traitsIcESaIcEEE
FNDA:200,_ZN5neml26OptionINS_10TensorNameINS_4SFR4EEEEC2ERKNSt7__cxx1112basic_stringIcSt11char_traitsIcESaIcEEE
FNDA:231,_ZN5neml26OptionINS_10TensorNameINS_4SSR4EEEEC2ERKNSt7__cxx1112basic_stringIcSt11char_traitsIcESaIcEEE
FNDA:36,_ZN5neml26OptionINS_10TensorNameINS_4SWR4EEEEC2ERKNSt7__cxx1112basic_stringIcSt11char_traitsIcESaIcEEE
FNDA:200,_ZN5neml26OptionINS_10TensorNameINS_4WFR4EEEEC2ERKNSt7__cxx1112basic_stringIcSt11char_traitsIcESaIcEEE
FNDA:36,_ZN5neml26OptionINS_10TensorNameINS_4WSR4EEEEC2ERKNSt7__cxx1112basic_stringIcSt11char_traitsIcESaIcEEE
FNDA:36,_ZN5neml26OptionINS_10TensorNameINS_4WWR4EEEEC2ERKNSt7__cxx1112basic_stringIcSt11char_traitsIcESaIcEEE
FNDA:36,_ZN5neml26OptionINS_10TensorNameINS_5SFFR4EEEEC2ERKNSt7__cxx1112basic_stringIcSt11char_traitsIcESaIcEEE
FNDA:200,_ZN5neml26OptionINS_10TensorNameINS_5SSFR5EEEEC2ERKNSt7__cxx1112basic_stringIcSt11char_traitsIcESaIcEEE
FNDA:36,_ZN5neml26OptionINS_10TensorNameINS_6SSSSR8EEEEC2ERKNSt7__cxx1112basic_stringIcSt11char_traitsIcESaIcEEE
FNDA:2850,_ZN5neml26OptionINS_10TensorNameINS_6ScalarEEEEC2ERKNSt7__cxx1112basic_stringIcSt11char_traitsIcESaIcEEE
FNDA:174,_ZN5neml26OptionINS_10TensorNameINS_6TensorEEEEC2ERKNSt7__cxx1112basic_stringIcSt11char_traitsIcESaIcEEE
FNDA:1735,_ZN5neml26OptionINS_13EnumSelectionEEC2ERKNSt7__cxx1112basic_stringIcSt11char_traitsIcESaIcEEE
FNDA:207,_ZN5neml26OptionINS_18MultiEnumSelectionEEC2ERKNSt7__cxx1112basic_stringIcSt11char_traitsIcESaIcEEE
FNDA:6912,_ZN5neml26OptionINS_19LabeledAxisAccessorEEC2ERKNSt7__cxx1112basic_stringIcSt11char_traitsIcESaIcEEE
FNDA:6789,_ZN5neml26OptionINSt7__cxx1112basic_stringIcSt11char_traitsIcESaIcEEEEC2ERKS6_
FNDA:17637,_ZN5neml26OptionIPNS_11NEML2ObjectEEC2ERKNSt7__cxx1112basic_stringIcSt11char_traitsIcESaIcEEE
FNDA:17061,_ZN5neml26OptionIPNS_7FactoryEEC2ERKNSt7__cxx1112basic_stringIcSt11char_traitsIcESaIcEEE
FNDA:17061,_ZN5neml26OptionISt10shared_ptrINS_8SettingsEEEC2ERKNSt7__cxx1112basic_stringIcSt11char_traitsIcESaIcEEE
FNDA:36,_ZN5neml26OptionISt6vectorIN3c1011SmallVectorIlLj8EEESaIS4_EEEC2ERKNSt7__cxx1112basic_stringIcSt11char_traitsIcESaIcEEE
FNDA:52,_ZN5neml26OptionISt6vectorIN3c106DeviceESaIS3_EEEC2ERKNSt7__cxx1112basic_stringIcSt11char_traitsIcESaIcEEE
FNDA:6,_ZN5neml26OptionISt6vectorINS_10TensorNameIN2at6TensorEEESaIS5_EEEC2ERKNSt7__cxx1112basic_stringIcSt11char_traitsIcESaIcEEE
FNDA:2020,_ZN5neml26OptionISt6vectorINS_10TensorNameINS_10QuaternionEEESaIS4_EEEC2ERKNSt7__cxx1112basic_stringIcSt11char_traitsIcESaIcEEE
FNDA:2020,_ZN5neml26OptionISt6vectorINS_10TensorNameINS_11MillerIndexEEESaIS4_EEEC2ERKNSt7__cxx1112basic_stringIcSt11char_traitsIcESaIcEEE
FNDA:2020,_ZN5neml26OptionISt6vectorINS_10TensorNameINS_2R2EEESaIS4_EEEC2ERKNSt7__cxx1112basic_stringIcSt11char_traitsIcESaIcEEE
FNDA:2020,_ZN5neml26OptionISt6vectorINS_10TensorNameINS_2R3EEESaIS4_EEEC2ERKNSt7__cxx1112basic_stringIcSt11char_traitsIcESaIcEEE
FNDA:2020,_ZN5neml26OptionISt6vectorINS_10TensorNameINS_2R4EEESaIS4_EEEC2ERKNSt7__cxx1112basic_stringIcSt11char_traitsIcESaIcEEE
FNDA:2020,_ZN5neml26OptionISt6vectorINS_10TensorNameINS_2R5EEESaIS4_EEEC2ERKNSt7__cxx1112basic_stringIcSt11char_traitsIcESaIcEEE
FNDA:2020,_ZN5neml26OptionISt6vectorINS_10TensorNameINS_2R8EEESaIS4_EEEC2ERKNSt7__cxx1112basic_stringIcSt11char_traitsIcESaIcEEE
FNDA:2020,_ZN5neml26OptionISt6vectorINS_10TensorNameINS_3RotEEESaIS4_EEEC2ERKNSt7__cxx1112basic_stringIcSt11char_traitsIcESaIcEEE
FNDA:2020,_ZN5neml26OptionISt6vectorINS_10TensorNameINS_3SR2EEESaIS4_EEEC2ERKNSt7__cxx1112basic_stringIcSt11char_traitsIcESaIcEEE
FNDA:2020,_ZN5neml26OptionISt6vectorINS_10TensorNameINS_3VecEEESaIS4_EEEC2ERKNSt7__cxx1112basic_stringIcSt11char_traitsIcESaIcEEE
FNDA:2020,_ZN5neml26OptionISt6vectorINS_10TensorNameINS_3WR2EEESaIS4_EEEC2ERKNSt7__cxx1112basic_stringIcSt11char_traitsIcESaIcEEE
FNDA:2020,_ZN5neml26OptionISt6vectorINS_10TensorNameINS_4SFR3EEESaIS4_EEEC2ERKNSt7__cxx1112basic_stringIcSt11char_traitsIcESaIcEEE
FNDA:2020,_ZN5neml26OptionISt6vectorINS_10TensorNameINS_4SFR4EEESaIS4_EEEC2ERKNSt7__cxx1112basic_stringIcSt11char_traitsIcESaIcEEE
FNDA:2020,_ZN5neml26OptionISt6vectorINS_10TensorNameINS_4SSR4EEESaIS4_EEEC2ERKNSt7__cxx1112basic_stringIcSt11char_traitsIcESaIcEEE
FNDA:2020,_ZN5neml26OptionISt6vectorINS_10TensorNameINS_4SWR4EEESaIS4_EEEC2ERKNSt7__cxx1112basic_stringIcSt11char_traitsIcESaIcEEE
FNDA:2020,_ZN5neml26OptionISt6vectorINS_10TensorNameINS_4WFR4EEESaIS4_EEEC2ERKNSt7__cxx1112basic_stringIcSt11char_traitsIcESaIcEEE
FNDA:2020,_ZN5neml26OptionISt6vectorINS_10TensorNameINS_4WSR4EEESaIS4_EEEC2ERKNSt7__cxx1112basic_stringIcSt11char_traitsIcESaIcEEE
FNDA:2020,_ZN5neml26OptionISt6vectorINS_10TensorNameINS_4WWR4EEESaIS4_EEEC2ERKNSt7__cxx1112basic_stringIcSt11char_traitsIcESaIcEEE
FNDA:2020,_ZN5neml26OptionISt6vectorINS_10TensorNameINS_5SFFR4EEESaIS4_EEEC2ERKNSt7__cxx1112basic_stringIcSt11char_traitsIcESaIcEEE
FNDA:2020,_ZN5neml26OptionISt6vectorINS_10TensorNameINS_5SSFR5EEESaIS4_EEEC2ERKNSt7__cxx1112basic_stringIcSt11char_traitsIcESaIcEEE
FNDA:2020,_ZN5neml26OptionISt6vectorINS_10TensorNameINS_6SSSSR8EEESaIS4_EEEC2ERKNSt7__cxx1112basic_stringIcSt11char_traitsIcESaIcEEE
FNDA:3387,_ZN5neml26OptionISt6vectorINS_10TensorNameINS_6ScalarEEESaIS4_EEEC2ERKNSt7__cxx1112basic_stringIcSt11char_traitsIcESaIcEEE
FNDA:2020,_ZN5neml26OptionISt6vectorINS_10TensorNameINS_6TensorEEESaIS4_EEEC2ERKNSt7__cxx1112basic_stringIcSt11char_traitsIcESaIcEEE
FNDA:47096,_ZN5neml26OptionISt6vectorINS_19LabeledAxisAccessorESaIS2_EEEC2ERKNSt7__cxx1112basic_stringIcSt11char_traitsIcESaIcEEE
FNDA:1928,_ZN5neml26OptionISt6vectorINSt7__cxx1112basic_stringIcSt11char_traitsIcESaIcEEESaIS7_EEEC2ERKS7_
FNDA:36,_ZN5neml26OptionISt6vectorIS1_IN3c1011SmallVectorIlLj8EEESaIS4_EESaIS6_EEEC2ERKNSt7__cxx1112basic_stringIcSt11char_traitsIcESaIcEEE
FNDA:36,_ZN5neml26OptionISt6vectorIS1_IN3c106DeviceESaIS3_EESaIS5_EEEC2ERKNSt7__cxx1112basic_stringIcSt11char_traitsIcESaIcEEE
FNDA:0,_ZN5neml26OptionISt6vectorIS1_INS_10TensorNameIN2at6TensorEEESaIS5_EESaIS7_EEEC2ERKNSt7__cxx1112basic_stringIcSt11char_traitsIcESaIcEEE
FNDA:0,_ZN5neml26OptionISt6vectorIS1_INS_10TensorNameINS_10QuaternionEEESaIS4_EESaIS6_EEEC2ERKNSt7__cxx1112basic_stringIcSt11char_traitsIcESaIcEEE
FNDA:0,_ZN5neml26OptionISt6vectorIS1_INS_10TensorNameINS_11MillerIndexEEESaIS4_EESaIS6_EEEC2ERKNSt7__cxx1112basic_stringIcSt11char_traitsIcESaIcEEE
FNDA:0,_ZN5neml26OptionISt6vectorIS1_INS_10TensorNameINS_2R2EEESaIS4_EESaIS6_EEEC2ERKNSt7__cxx1112basic_stringIcSt11char_traitsIcESaIcEEE
FNDA:0,_ZN5neml26OptionISt6vectorIS1_INS_10TensorNameINS_2R3EEESaIS4_EESaIS6_EEEC2ERKNSt7__cxx1112basic_stringIcSt11char_traitsIcESaIcEEE
FNDA:0,_ZN5neml26OptionISt6vectorIS1_INS_10TensorNameINS_2R4EEESaIS4_EESaIS6_EEEC2ERKNSt7__cxx1112basic_stringIcSt11char_traitsIcESaIcEEE
FNDA:0,_ZN5neml26OptionISt6vectorIS1_INS_10TensorNameINS_2R5EEESaIS4_EESaIS6_EEEC2ERKNSt7__cxx1112basic_stringIcSt11char_traitsIcESaIcEEE
FNDA:0,_ZN5neml26OptionISt6vectorIS1_INS_10TensorNameINS_2R8EEESaIS4_EESaIS6_EEEC2ERKNSt7__cxx1112basic_stringIcSt11char_traitsIcESaIcEEE
FNDA:0,_ZN5neml26OptionISt6vectorIS1_INS_10TensorNameINS_3RotEEESaIS4_EESaIS6_EEEC2ERKNSt7__cxx1112basic_stringIcSt11char_traitsIcESaIcEEE
FNDA:0,_ZN5neml26OptionISt6vectorIS1_INS_10TensorNameINS_3SR2EEESaIS4_EESaIS6_EEEC2ERKNSt7__cxx1112basic_stringIcSt11char_traitsIcESaIcEEE
FNDA:0,_ZN5neml26OptionISt6vectorIS1_INS_10TensorNameINS_3VecEEESaIS4_EESaIS6_EEEC2ERKNSt7__cxx1112basic_stringIcSt11char_traitsIcESaIcEEE
FNDA:0,_ZN5neml26OptionISt6vectorIS1_INS_10TensorNameINS_3WR2EEESaIS4_EESaIS6_EEEC2ERKNSt7__cxx1112basic_stringIcSt11char_traitsIcESaIcEEE
FNDA:0,_ZN5neml26OptionISt6vectorIS1_INS_10TensorNameINS_4SFR3EEESaIS4_EESaIS6_EEEC2ERKNSt7__cxx1112basic_stringIcSt11char_traitsIcESaIcEEE
FNDA:0,_ZN5neml26OptionISt6vectorIS1_INS_10TensorNameINS_4SFR4EEESaIS4_EESaIS6_EEEC2ERKNSt7__cxx1112basic_stringIcSt11char_traitsIcESaIcEEE
[...]
FN:45,49,_ZN5neml230PrimitiveTensorFromTorchScriptINS_3SR2EEC2ERKNS_9OptionSetE
FN:45,49,_ZN5neml230PrimitiveTensorFromTorchScriptINS_3VecEEC2ERKNS_9OptionSetE
FN:45,49,_ZN5neml230PrimitiveTensorFromTorchScriptINS_3WR2EEC2ERKNS_9OptionSetE
FN:45,49,_ZN5neml230PrimitiveTensorFromTorchScriptINS_4SFR3EEC2ERKNS_9OptionSetE
FN:45,49,_ZN5neml230PrimitiveTensorFromTorchScriptINS_4SFR4EEC2ERKNS_9OptionSetE
FN:45,49,_ZN5neml230PrimitiveTensorFromTorchScriptINS_4SSR4EEC2ERKNS_9OptionSetE
FN:45,49,_ZN5neml230PrimitiveTensorFromTorchScriptINS_4SWR4EEC2ERKNS_9OptionSetE
FN:45,49,_ZN5neml230PrimitiveTensorFromTorchScriptINS_4WFR4EEC2ERKNS_9OptionSetE
FN:45,49,_ZN5neml230PrimitiveTensorFromTorchScriptINS_4WSR4EEC2ERKNS_9OptionSetE
FN:45,49,_ZN5neml230PrimitiveTensorFromTorchScriptINS_4WWR4EEC2ERKNS_9OptionSetE
FN:45,49,_ZN5neml230PrimitiveTensorFromTorchScriptINS_5SFFR4EEC2ERKNS_9OptionSetE
FN:45,49,_ZN5neml230PrimitiveTensorFromTorchScriptINS_5SSFR5EEC2ERKNS_9OptionSetE
FN:45,49,_ZN5neml230PrimitiveTensorFromTorchScriptINS_6SSSSR8EEC2ERKNS_9OptionSetE
FN:45,49,_ZN5neml230PrimitiveTensorFromTorchScriptINS_6ScalarEEC2ERKNS_9OptionSetE
FNDA:2,_ZN5neml230PrimitiveTensorFromTorchScriptINS_10QuaternionEE16expected_optionsEv
FNDA:2,_ZN5neml230PrimitiveTensorFromTorchScriptINS_11MillerIndexEE16expected_optionsEv
FNDA:2,_ZN5neml230PrimitiveTensorFromTorchScriptINS_2R2EE16expected_optionsEv
FNDA:2,_ZN5neml230PrimitiveTensorFromTorchScriptINS_2R3EE16expected_optionsEv
FNDA:2,_ZN5neml230PrimitiveTensorFromTorchScriptINS_2R4EE16expected_optionsEv
FNDA:2,_ZN5neml230PrimitiveTensorFromTorchScriptINS_2R5EE16expected_optionsEv
FNDA:2,_ZN5neml230PrimitiveTensorFromTorchScriptINS_2R8EE16expected_optionsEv
FNDA:2,_ZN5neml230PrimitiveTensorFromTorchScriptINS_3RotEE16expected_optionsEv
FNDA:2,_ZN5neml230PrimitiveTensorFromTorchScriptINS_3SR2EE16expected_optionsEv
FNDA:2,_ZN5neml230PrimitiveTensorFromTorchScriptINS_3VecEE16expected_optionsEv
FNDA:2,_ZN5neml230PrimitiveTensorFromTorchScriptINS_3WR2EE16expected_optionsEv
FNDA:2,_ZN5neml230PrimitiveTensorFromTorchScriptINS_4SFR3EE16expected_optionsEv
FNDA:2,_ZN5neml230PrimitiveTensorFromTorchScriptINS_4SFR4EE16expected_optionsEv
FNDA:2,_ZN5neml230PrimitiveTensorFromTorchScriptINS_4SSR4EE16expected_optionsEv
FNDA:2,_ZN5neml230PrimitiveTensorFromTorchScriptINS_4SWR4EE16expected_optionsEv
FNDA:2,_ZN5neml230PrimitiveTensorFromTorchScriptINS_4WFR4EE16expected_optionsEv
FNDA:2,_ZN5neml230PrimitiveTensorFromTorchScriptINS_4WSR4EE16expected_optionsEv
FNDA:2,_ZN5neml230PrimitiveTensorFromTorchScriptINS_4WWR4EE16expected_optionsEv
FNDA:2,_ZN5neml230PrimitiveTensorFromTorchScriptINS_5SFFR4EE16expected_optionsEv
FNDA:2,_ZN5neml230PrimitiveTensorFromTorchScriptINS_5SSFR5EE16expected_optionsEv
FNDA:2,_ZN5neml230PrimitiveTensorFromTorchScriptINS_6SSSSR8EE16expected_optionsEv
FNDA:2,_ZN5neml230PrimitiveTensorFromTorchScriptINS_6ScalarEE16expected_optionsEv
FNDA:0,_ZN5neml230PrimitiveTensorFromTorchScriptINS_10QuaternionEEC2ERKNS_9OptionSetE
FNDA:0,_ZN5neml230PrimitiveTensorFromTorchScriptINS_11MillerIndexEEC2ERKNS_9OptionSetE
FNDA:0,_ZN5neml230PrimitiveTensorFromTorchScriptINS_2R2EEC2ERKNS_9OptionSetE
FNDA:0,_ZN5neml230PrimitiveTensorFromTorchScriptINS_2R3EEC2ERKNS_9OptionSetE
FNDA:0,_ZN5neml230PrimitiveTensorFromTorchScriptINS_2R4EEC2ERKNS_9OptionSetE
FNDA:0,_ZN5neml230PrimitiveTensorFromTorchScriptINS_2R5EEC2ERKNS_9OptionSetE
FNDA:0,_ZN5neml230PrimitiveTensorFromTorchScriptINS_2R8EEC2ERKNS_9OptionSetE
FNDA:0,_ZN5neml230PrimitiveTensorFromTorchScriptINS_3RotEEC2ERKNS_9OptionSetE
FNDA:0,_ZN5neml230PrimitiveTensorFromTorchScriptINS_3SR2EEC2ERKNS_9OptionSetE
FNDA:0,_ZN5neml230PrimitiveTensorFromTorchScriptINS_3VecEEC2ERKNS_9OptionSetE
FNDA:0,_ZN5neml230PrimitiveTensorFromTorchScriptINS_3WR2EEC2ERKNS_9OptionSetE
FNDA:0,_ZN5neml230PrimitiveTensorFromTorchScriptINS_4SFR3EEC2ERKNS_9OptionSetE
FNDA:0,_ZN5neml230PrimitiveTensorFromTorchScriptINS_4SFR4EEC2ERKNS_9OptionSetE
FNDA:0,_ZN5neml230PrimitiveTensorFromTorchScriptINS_4SSR4EEC2ERKNS_9OptionSetE
FNDA:0,_ZN5neml230PrimitiveTensorFromTorchScriptINS_4SWR4EEC2ERKNS_9OptionSetE
FNDA:0,_ZN5neml230PrimitiveTensorFromTorchScriptINS_4WFR4EEC2ERKNS_9OptionSetE
FNDA:0,_ZN5neml230PrimitiveTensorFromTorchScriptINS_4WSR4EEC2ERKNS_9OptionSetE
FNDA:0,_ZN5neml230PrimitiveTensorFromTorchScriptINS_4WWR4EEC2ERKNS_9OptionSetE
FNDA:0,_ZN5neml230PrimitiveTensorFromTorchScriptINS_5SFFR4EEC2ERKNS_9OptionSetE
FNDA:0,_ZN5neml230PrimitiveTensorFromTorchScriptINS_5SSFR5EEC2ERKNS_9OptionSetE
FNDA:0,_ZN5neml230PrimitiveTensorFromTorchScriptINS_6SSSSR8EEC2ERKNS_9OptionSetE
FNDA:0,_ZN5neml230PrimitiveTensorFromTorchScriptINS_6ScalarEEC2ERKNS_9OptionSetE
FNF:44
FNH:22
DA:38,44
DA:40,44
DA:41,44
DA:45,0
DA:47,0
DA:49,0
LF:6
LH:3
end_of_record
TN:
SF:/home/runner/work/neml2/neml2/src/neml2/user_tensors/SymmetryFromOrbifold.cxx
FN:33,44,_ZN5neml220SymmetryFromOrbifold16expected_optionsEv
FN:46,50,_ZN5neml220SymmetryFromOrbifoldC2ERKNS_9OptionSetE
FNDA:2,_ZN5neml220SymmetryFromOrbifold16expected_optionsEv
FNDA:55,_ZN5neml220SymmetryFromOrbifoldC2ERKNS_9OptionSetE
FNF:2
FNH:2
DA:33,2
DA:35,2
DA:36,2
DA:37,2
DA:39,4
DA:40,4
DA:42,2
DA:43,2
DA:44,0
DA:46,55
DA:47,220
DA:48,110
DA:50,55
LF:13
LH:12
end_of_record
TN:
SF:/home/runner/work/neml2/neml2/src/neml2/user_tensors/TensorFromTorchScript.cxx
FN:32,40,_ZN5neml221TensorFromTorchScript16expected_optionsEv
FN:42,46,_ZN5neml221TensorFromTorchScriptC2ERKNS_9OptionSetE
FNDA:2,_ZN5neml221TensorFromTorchScript16expected_optionsEv
FNDA:0,_ZN5neml221TensorFromTorchScriptC2ERKNS_9OptionSetE
FNF:2
FNH:1
DA:32,2
DA:34,2
DA:36,4
DA:37,2
DA:39,2
DA:40,0
DA:42,0
DA:44,0
DA:46,0
LF:9
LH:5
end_of_record
TN:
SF:/home/runner/work/neml2/neml2/src/neml2/user_tensors/UserPrimitiveTensor.cxx
FN:34,52,_ZN5neml219UserPrimitiveTensorINS_10QuaternionEE16expected_optionsEv
FN:34,52,_ZN5neml219UserPrimitiveTensorINS_11MillerIndexEE16expected_optionsEv
FN:34,52,_ZN5neml219UserPrimitiveTensorINS_2R2EE16expected_optionsEv
FN:34,52,_ZN5neml219UserPrimitiveTensorINS_2R3EE16expected_optionsEv
FN:34,52,_ZN5neml219UserPrimitiveTensorINS_2R4EE16expected_optionsEv
FN:34,52,_ZN5neml219UserPrimitiveTensorINS_2R5EE16expected_optionsEv
FN:34,52,_ZN5neml219UserPrimitiveTensorINS_2R8EE16expected_optionsEv
FN:34,52,_ZN5neml219UserPrimitiveTensorINS_3RotEE16expected_optionsEv
FN:34,52,_ZN5neml219UserPrimitiveTensorINS_3SR2EE16expected_optionsEv
FN:34,52,_ZN5neml219UserPrimitiveTensorINS_3VecEE16expected_optionsEv
FN:34,52,_ZN5neml219UserPrimitiveTensorINS_3WR2EE16expected_optionsEv
FN:34,52,_ZN5neml219UserPrimitiveTensorINS_4SFR3EE16expected_optionsEv
FN:34,52,_ZN5neml219UserPrimitiveTensorINS_4SFR4EE16expected_optionsEv
FN:34,52,_ZN5neml219UserPrimitiveTensorINS_4SSR4EE16expected_optionsEv
FN:34,52,_ZN5neml219UserPrimitiveTensorINS_4SWR4EE16expected_optionsEv
FN:34,52,_ZN5neml219UserPrimitiveTensorINS_4WFR4EE16expected_optionsEv
FN:34,52,_ZN5neml219UserPrimitiveTensorINS_4WSR4EE16expected_optionsEv
FN:34,52,_ZN5neml219UserPrimitiveTensorINS_4WWR4EE16expected_optionsEv
FN:34,52,_ZN5neml219UserPrimitiveTensorINS_5SFFR4EE16expected_optionsEv
FN:34,52,_ZN5neml219UserPrimitiveTensorINS_5SSFR5EE16expected_optionsEv
FN:34,52,_ZN5neml219UserPrimitiveTensorINS_6SSSSR8EE16expected_optionsEv
FN:34,52,_ZN5neml219UserPrimitiveTensorINS_6ScalarEE16expected_optionsEv
FN:55,73,_ZN5neml219UserPrimitiveTensorINS_10QuaternionEEC2ERKNS_9OptionSetE
FN:55,73,_ZN5neml219UserPrimitiveTensorINS_11MillerIndexEEC2ERKNS_9OptionSetE
FN:55,73,_ZN5neml219UserPrimitiveTensorINS_2R2EEC2ERKNS_9OptionSetE
FN:55,73,_ZN5neml219UserPrimitiveTensorINS_2R3EEC2ERKNS_9OptionSetE
FN:55,73,_ZN5neml219UserPrimitiveTensorINS_2R4EEC2ERKNS_9OptionSetE
FN:55,73,_ZN5neml219UserPrimitiveTensorINS_2R5EEC2ERKNS_9OptionSetE
FN:55,73,_ZN5neml219UserPrimitiveTensorINS_2R8EEC2ERKNS_9OptionSetE
FN:55,73,_ZN5neml219UserPrimitiveTensorINS_3RotEEC2ERKNS_9OptionSetE
FN:55,73,_ZN5neml219UserPrimitiveTensorINS_3SR2EEC2ERKNS_9OptionSetE
FN:55,73,_ZN5neml219UserPrimitiveTensorINS_3VecEEC2ERKNS_9OptionSetE
FN:55,73,_ZN5neml219UserPrimitiveTensorINS_3WR2EEC2ERKNS_9OptionSetE
FN:55,73,_ZN5neml219UserPrimitiveTensorINS_4SFR3EEC2ERKNS_9OptionSetE
FN:55,73,_ZN5neml219UserPrimitiveTensorINS_4SFR4EEC2ERKNS_9OptionSetE
FN:55,73,_ZN5neml219UserPrimitiveTensorINS_4SSR4EEC2ERKNS_9OptionSetE
FN:55,73,_ZN5neml219UserPrimitiveTensorINS_4SWR4EEC2ERKNS_9OptionSetE
FN:55,73,_ZN5neml219UserPrimitiveTensorINS_4WFR4EEC2ERKNS_9OptionSetE
FN:55,73,_ZN5neml219UserPrimitiveTensorINS_4WSR4EEC2ERKNS_9OptionSetE
FN:55,73,_ZN5neml219UserPrimitiveTensorINS_4WWR4EEC2ERKNS_9OptionSetE
FN:55,73,_ZN5neml219UserPrimitiveTensorINS_5SFFR4EEC2ERKNS_9OptionSetE
FN:55,73,_ZN5neml219UserPrimitiveTensorINS_5SSFR5EEC2ERKNS_9OptionSetE
FN:55,73,_ZN5neml219UserPrimitiveTensorINS_6SSSSR8EEC2ERKNS_9OptionSetE
FN:55,73,_ZN5neml219UserPrimitiveTensorINS_6ScalarEEC2ERKNS_9OptionSetE
FNDA:2,_ZN5neml219UserPrimitiveTensorINS_10QuaternionEE16expected_optionsEv
FNDA:2,_ZN5neml219UserPrimitiveTensorINS_11MillerIndexEE16expected_optionsEv
FNDA:2,_ZN5neml219UserPrimitiveTensorINS_2R2EE16expected_optionsEv
FNDA:2,_ZN5neml219UserPrimitiveTensorINS_2R3EE16expected_optionsEv
FNDA:2,_ZN5neml219UserPrimitiveTensorINS_2R4EE16expected_optionsEv
FNDA:2,_ZN5neml219UserPrimitiveTensorINS_2R5EE16expected_optionsEv
FNDA:2,_ZN5neml219UserPrimitiveTensorINS_2R8EE16expected_optionsEv
FNDA:2,_ZN5neml219UserPrimitiveTensorINS_3RotEE16expected_optionsEv
FNDA:2,_ZN5neml219UserPrimitiveTensorINS_3SR2EE16expected_optionsEv
FNDA:2,_ZN5neml219UserPrimitiveTensorINS_3VecEE16expected_optionsEv
FNDA:2,_ZN5neml219UserPrimitiveTensorINS_3WR2EE16expected_optionsEv
FNDA:2,_ZN5neml219UserPrimitiveTensorINS_4SFR3EE16expected_optionsEv
FNDA:2,_ZN5neml219UserPrimitiveTensorINS_4SFR4EE16expected_optionsEv
FNDA:2,_ZN5neml219UserPrimitiveTensorINS_4SSR4EE16expected_optionsEv
FNDA:2,_ZN5neml219UserPrimitiveTensorINS_4SWR4EE16expected_optionsEv
FNDA:2,_ZN5neml219UserPrimitiveTensorINS_4WFR4EE16expected_optionsEv
FNDA:2,_ZN5neml219UserPrimitiveTensorINS_4WSR4EE16expected_optionsEv
FNDA:2,_ZN5neml219UserPrimitiveTensorINS_4WWR4EE16expected_optionsEv
FNDA:2,_ZN5neml219UserPrimitiveTensorINS_5SFFR4EE16expected_optionsEv
FNDA:2,_ZN5neml219UserPrimitiveTensorINS_5SSFR5EE16expected_optionsEv
FNDA:2,_ZN5neml219UserPrimitiveTensorINS_6SSSSR8EE16expected_optionsEv
FNDA:2,_ZN5neml219UserPrimitiveTensorINS_6ScalarEE16expected_optionsEv
FNDA:0,_ZN5neml219UserPrimitiveTensorINS_10QuaternionEEC2ERKNS_9OptionSetE
FNDA:0,_ZN5neml219UserPrimitiveTensorINS_11MillerIndexEEC2ERKNS_9OptionSetE
FNDA:1,_ZN5neml219UserPrimitiveTensorINS_2R2EEC2ERKNS_9OptionSetE
FNDA:1,_ZN5neml219UserPrimitiveTensorINS_2R3EEC2ERKNS_9OptionSetE
FNDA:1,_ZN5neml219UserPrimitiveTensorINS_2R4EEC2ERKNS_9OptionSetE
FNDA:1,_ZN5neml219UserPrimitiveTensorINS_2R5EEC2ERKNS_9OptionSetE
FNDA:0,_ZN5neml219UserPrimitiveTensorINS_2R8EEC2ERKNS_9OptionSetE
FNDA:1,_ZN5neml219UserPrimitiveTensorINS_3RotEEC2ERKNS_9OptionSetE
FNDA:3,_ZN5neml219UserPrimitiveTensorINS_3SR2EEC2ERKNS_9OptionSetE
FNDA:14,_ZN5neml219UserPrimitiveTensorINS_3VecEEC2ERKNS_9OptionSetE
FNDA:0,_ZN5neml219UserPrimitiveTensorINS_3WR2EEC2ERKNS_9OptionSetE
FNDA:1,_ZN5neml219UserPrimitiveTensorINS_4SFR3EEC2ERKNS_9OptionSetE
FNDA:1,_ZN5neml219UserPrimitiveTensorINS_4SFR4EEC2ERKNS_9OptionSetE
FNDA:10,_ZN5neml219UserPrimitiveTensorINS_4SSR4EEC2ERKNS_9OptionSetE
FNDA:0,_ZN5neml219UserPrimitiveTensorINS_4SWR4EEC2ERKNS_9OptionSetE
FNDA:1,_ZN5neml219UserPrimitiveTensorINS_4WFR4EEC2ERKNS_9OptionSetE
FNDA:0,_ZN5neml219UserPrimitiveTensorINS_4WSR4EEC2ERKNS_9OptionSetE
FNDA:0,_ZN5neml219UserPrimitiveTensorINS_4WWR4EEC2ERKNS_9OptionSetE
FNDA:0,_ZN5neml219UserPrimitiveTensorINS_5SFFR4EEC2ERKNS_9OptionSetE
FNDA:1,_ZN5neml219UserPrimitiveTensorINS_5SSFR5EEC2ERKNS_9OptionSetE
FNDA:0,_ZN5neml219UserPrimitiveTensorINS_6SSSSR8EEC2ERKNS_9OptionSetE
FNDA:124,_ZN5neml219UserPrimitiveTensorINS_6ScalarEEC2ERKNS_9OptionSetE
FNF:44
FNH:35
DA:34,44
DA:38,44
DA:40,44
DA:41,44
DA:45,88
DA:46,44
DA:48,132
DA:49,44
DA:51,88
DA:52,44
DA:55,160
DA:56,160
DA:57,320
DA:59,160
DA:60,160
DA:61,160
DA:62,198
DA:63,94
DA:64,282
DA:66,0
DA:68,0
DA:70,0
DA:72,0
DA:73,320
LF:24
LH:20
end_of_record
TN:
SF:/home/runner/work/neml2/neml2/src/neml2/user_tensors/UserTensor.cxx
FN:33,49,_ZN5neml210UserTensor16expected_optionsEv
FN:51,71,_ZN5neml210UserTensorC2ERKNS_9OptionSetE
FNDA:2,_ZN5neml210UserTensor16expected_optionsEv
FNDA:12,_ZN5neml210UserTensorC2ERKNS_9OptionSetE
FNF:2
FNH:2
DA:33,2
DA:35,2
DA:36,2
DA:37,2
DA:39,4
DA:40,2
DA:42,6
DA:43,2
DA:45,6
DA:46,2
DA:48,2
DA:49,0
DA:51,12
DA:52,24
DA:53,24
DA:54,12
DA:55,48
DA:57,12
DA:58,12
DA:59,12
DA:60,27
DA:61,3
DA:62,6
DA:64,1
DA:66,1
DA:68,2
DA:70,2
DA:71,26
LF:28
LH:27
end_of_record
TN:
SF:/home/runner/work/neml2/neml2/src/neml2/user_tensors/UserTensorBase.cxx
FN:30,35,_ZN5neml214UserTensorBase16expected_optionsEv
FN:37,40,_ZN5neml214UserTensorBaseC2ERKNS_9OptionSetE
FNDA:386,_ZN5neml214UserTensorBase16expected_optionsEv
FNDA:915,_ZN5neml214UserTensorBaseC2ERKNS_9OptionSetE
FNF:2
FNH:2
DA:30,386
DA:32,386
DA:33,386
DA:34,386
DA:35,0
DA:37,915
DA:38,915
DA:40,915
LF:8
LH:7
end_of_record
TN:
SF:/home/runner/work/neml2/neml2/src/neml2/user_tensors/ZerosPrimitiveTensor.cxx
FN:33,46,_ZN5neml220ZerosPrimitiveTensorINS_10QuaternionEE16expected_optionsEv
FN:33,46,_ZN5neml220ZerosPrimitiveTensorINS_11MillerIndexEE16expected_optionsEv
FN:33,46,_ZN5neml220ZerosPrimitiveTensorINS_2R2EE16expected_optionsEv
FN:33,46,_ZN5neml220ZerosPrimitiveTensorINS_2R3EE16expected_optionsEv
FN:33,46,_ZN5neml220ZerosPrimitiveTensorINS_2R4EE16expected_optionsEv
FN:33,46,_ZN5neml220ZerosPrimitiveTensorINS_2R5EE16expected_optionsEv
FN:33,46,_ZN5neml220ZerosPrimitiveTensorINS_2R8EE16expected_optionsEv
FN:33,46,_ZN5neml220ZerosPrimitiveTensorINS_3RotEE16expected_optionsEv
FN:33,46,_ZN5neml220ZerosPrimitiveTensorINS_3SR2EE16expected_optionsEv
FN:33,46,_ZN5neml220ZerosPrimitiveTensorINS_3VecEE16expected_optionsEv
FN:33,46,_ZN5neml220ZerosPrimitiveTensorINS_3WR2EE16expected_optionsEv
FN:33,46,_ZN5neml220ZerosPrimitiveTensorINS_4SFR3EE16expected_optionsEv
FN:33,46,_ZN5neml220ZerosPrimitiveTensorINS_4SFR4EE16expected_optionsEv
FN:33,46,_ZN5neml220ZerosPrimitiveTensorINS_4SSR4EE16expected_optionsEv
FN:33,46,_ZN5neml220ZerosPrimitiveTensorINS_4SWR4EE16expected_optionsEv
FN:33,46,_ZN5neml220ZerosPrimitiveTensorINS_4WFR4EE16expected_optionsEv
FN:33,46,_ZN5neml220ZerosPrimitiveTensorINS_4WSR4EE16expected_optionsEv
FN:33,46,_ZN5neml220ZerosPrimitiveTensorINS_4WWR4EE16expected_optionsEv
FN:33,46,_ZN5neml220ZerosPrimitiveTensorINS_5SFFR4EE16expected_optionsEv
FN:33,46,_ZN5neml220ZerosPrimitiveTensorINS_5SSFR5EE16expected_optionsEv
FN:33,46,_ZN5neml220ZerosPrimitiveTensorINS_6SSSSR8EE16expected_optionsEv
FN:33,46,_ZN5neml220ZerosPrimitiveTensorINS_6ScalarEE16expected_optionsEv
FN:49,53,_ZN5neml220ZerosPrimitiveTensorINS_10QuaternionEEC2ERKNS_9OptionSetE
FN:49,53,_ZN5neml220ZerosPrimitiveTensorINS_11MillerIndexEEC2ERKNS_9OptionSetE
FN:49,53,_ZN5neml220ZerosPrimitiveTensorINS_2R2EEC2ERKNS_9OptionSetE
FN:49,53,_ZN5neml220ZerosPrimitiveTensorINS_2R3EEC2ERKNS_9OptionSetE
FN:49,53,_ZN5neml220ZerosPrimitiveTensorINS_2R4EEC2ERKNS_9OptionSetE
FN:49,53,_ZN5neml220ZerosPrimitiveTensorINS_2R5EEC2ERKNS_9OptionSetE
FN:49,53,_ZN5neml220ZerosPrimitiveTensorINS_2R8EEC2ERKNS_9OptionSetE
FN:49,53,_ZN5neml220ZerosPrimitiveTensorINS_3RotEEC2ERKNS_9OptionSetE
FN:49,53,_ZN5neml220ZerosPrimitiveTensorINS_3SR2EEC2ERKNS_9OptionSetE
FN:49,53,_ZN5neml220ZerosPrimitiveTensorINS_3VecEEC2ERKNS_9OptionSetE
FN:49,53,_ZN5neml220ZerosPrimitiveTensorINS_3WR2EEC2ERKNS_9OptionSetE
FN:49,53,_ZN5neml220ZerosPrimitiveTensorINS_4SFR3EEC2ERKNS_9OptionSetE
FN:49,53,_ZN5neml220ZerosPrimitiveTensorINS_4SFR4EEC2ERKNS_9OptionSetE
FN:49,53,_ZN5neml220ZerosPrimitiveTensorINS_4SSR4EEC2ERKNS_9OptionSetE
FN:49,53,_ZN5neml220ZerosPrimitiveTensorINS_4SWR4EEC2ERKNS_9OptionSetE
FN:49,53,_ZN5neml220ZerosPrimitiveTensorINS_4WFR4EEC2ERKNS_9OptionSetE
FN:49,53,_ZN5neml220ZerosPrimitiveTensorINS_4WSR4EEC2ERKNS_9OptionSetE
FN:49,53,_ZN5neml220ZerosPrimitiveTensorINS_4WWR4EEC2ERKNS_9OptionSetE
FN:49,53,_ZN5neml220ZerosPrimitiveTensorINS_5SFFR4EEC2ERKNS_9OptionSetE
FN:49,53,_ZN5neml220ZerosPrimitiveTensorINS_5SSFR5EEC2ERKNS_9OptionSetE
FN:49,53,_ZN5neml220ZerosPrimitiveTensorINS_6SSSSR8EEC2ERKNS_9OptionSetE
FN:49,53,_ZN5neml220ZerosPrimitiveTensorINS_6ScalarEEC2ERKNS_9OptionSetE
FNDA:2,_ZN5neml220ZerosPrimitiveTensorINS_10QuaternionEE16expected_optionsEv
FNDA:2,_ZN5neml220ZerosPrimitiveTensorINS_11MillerIndexEE16expected_optionsEv
FNDA:2,_ZN5neml220ZerosPrimitiveTensorINS_2R2EE16expected_optionsEv
FNDA:2,_ZN5neml220ZerosPrimitiveTensorINS_2R3EE16expected_optionsEv
FNDA:2,_ZN5neml220ZerosPrimitiveTensorINS_2R4EE16expected_optionsEv
FNDA:2,_ZN5neml220ZerosPrimitiveTensorINS_2R5EE16expected_optionsEv
FNDA:2,_ZN5neml220ZerosPrimitiveTensorINS_2R8EE16expected_optionsEv
FNDA:2,_ZN5neml220ZerosPrimitiveTensorINS_3RotEE16expected_optionsEv
FNDA:2,_ZN5neml220ZerosPrimitiveTensorINS_3SR2EE16expected_optionsEv
FNDA:2,_ZN5neml220ZerosPrimitiveTensorINS_3VecEE16expected_optionsEv
FNDA:2,_ZN5neml220ZerosPrimitiveTensorINS_3WR2EE16expected_optionsEv
FNDA:2,_ZN5neml220ZerosPrimitiveTensorINS_4SFR3EE16expected_optionsEv
FNDA:2,_ZN5neml220ZerosPrimitiveTensorINS_4SFR4EE16expected_optionsEv
FNDA:2,_ZN5neml220ZerosPrimitiveTensorINS_4SSR4EE16expected_optionsEv
FNDA:2,_ZN5neml220ZerosPrimitiveTensorINS_4SWR4EE16expected_optionsEv
FNDA:2,_ZN5neml220ZerosPrimitiveTensorINS_4WFR4EE16expected_optionsEv
FNDA:2,_ZN5neml220ZerosPrimitiveTensorINS_4WSR4EE16expected_optionsEv
FNDA:2,_ZN5neml220ZerosPrimitiveTensorINS_4WWR4EE16expected_optionsEv
FNDA:2,_ZN5neml220ZerosPrimitiveTensorINS_5SFFR4EE16expected_optionsEv
FNDA:2,_ZN5neml220ZerosPrimitiveTensorINS_5SSFR5EE16expected_optionsEv
FNDA:2,_ZN5neml220ZerosPrimitiveTensorINS_6SSSSR8EE16expected_optionsEv
FNDA:2,_ZN5neml220ZerosPrimitiveTensorINS_6ScalarEE16expected_optionsEv
FNDA:0,_ZN5neml220ZerosPrimitiveTensorINS_10QuaternionEEC2ERKNS_9OptionSetE
FNDA:0,_ZN5neml220ZerosPrimitiveTensorINS_11MillerIndexEEC2ERKNS_9OptionSetE
FNDA:1,_ZN5neml220ZerosPrimitiveTensorINS_2R2EEC2ERKNS_9OptionSetE
FNDA:1,_ZN5neml220ZerosPrimitiveTensorINS_2R3EEC2ERKNS_9OptionSetE
FNDA:1,_ZN5neml220ZerosPrimitiveTensorINS_2R4EEC2ERKNS_9OptionSetE
FNDA:1,_ZN5neml220ZerosPrimitiveTensorINS_2R5EEC2ERKNS_9OptionSetE
FNDA:0,_ZN5neml220ZerosPrimitiveTensorINS_2R8EEC2ERKNS_9OptionSetE
FNDA:1,_ZN5neml220ZerosPrimitiveTensorINS_3RotEEC2ERKNS_9OptionSetE
FNDA:1,_ZN5neml220ZerosPrimitiveTensorINS_3SR2EEC2ERKNS_9OptionSetE
FNDA:1,_ZN5neml220ZerosPrimitiveTensorINS_3VecEEC2ERKNS_9OptionSetE
FNDA:0,_ZN5neml220ZerosPrimitiveTensorINS_3WR2EEC2ERKNS_9OptionSetE
FNDA:1,_ZN5neml220ZerosPrimitiveTensorINS_4SFR3EEC2ERKNS_9OptionSetE
FNDA:1,_ZN5neml220ZerosPrimitiveTensorINS_4SFR4EEC2ERKNS_9OptionSetE
FNDA:1,_ZN5neml220ZerosPrimitiveTensorINS_4SSR4EEC2ERKNS_9OptionSetE
FNDA:0,_ZN5neml220ZerosPrimitiveTensorINS_4SWR4EEC2ERKNS_9OptionSetE
FNDA:1,_ZN5neml220ZerosPrimitiveTensorINS_4WFR4EEC2ERKNS_9OptionSetE
FNDA:0,_ZN5neml220ZerosPrimitiveTensorINS_4WSR4EEC2ERKNS_9OptionSetE
FNDA:0,_ZN5neml220ZerosPrimitiveTensorINS_4WWR4EEC2ERKNS_9OptionSetE
FNDA:0,_ZN5neml220ZerosPrimitiveTensorINS_5SFFR4EEC2ERKNS_9OptionSetE
FNDA:1,_ZN5neml220ZerosPrimitiveTensorINS_5SSFR5EEC2ERKNS_9OptionSetE
FNDA:0,_ZN5neml220ZerosPrimitiveTensorINS_6SSSSR8EEC2ERKNS_9OptionSetE
FNDA:1,_ZN5neml220ZerosPrimitiveTensorINS_6ScalarEEC2ERKNS_9OptionSetE
FNF:44
FNH:35
DA:33,44
DA:37,44
DA:39,44
DA:40,44
DA:42,132
DA:43,44
DA:45,88
DA:46,44
DA:49,13
DA:50,13
DA:51,26
DA:53,13
LF:12
LH:12
end_of_record
TN:
SF:/home/runner/work/neml2/neml2/src/neml2/user_tensors/ZerosTensor.cxx
FN:32,44,_ZN5neml211ZerosTensor16expected_optionsEv
FN:46,52,_ZN5neml211ZerosTensorC2ERKNS_9OptionSetE
FNDA:2,_ZN5neml211ZerosTensor16expected_optionsEv
FNDA:1,_ZN5neml211ZerosTensorC2ERKNS_9OptionSetE
FNF:2
FNH:2
DA:32,2
DA:34,2
DA:35,2
DA:37,6
DA:38,2
DA:40,6
DA:41,2
DA:43,2
DA:44,0
DA:46,1
DA:47,2
DA:48,2
DA:49,1
DA:50,4
DA:52,1
LF:15
LH:14
end_of_record
