TN:
SF:/home/runner/work/neml2/neml2/src/neml2/base/DiagnosticsInterface.cxx
FN:31,35,_ZN5neml210DiagnosingC2Eb
FN:37,37,_ZN5neml210DiagnosingD2Ev
FN:40,44,_ZN5neml224current_diagnostic_stateEv
FN:47,51,_ZN5neml217current_diagnosesEv
FN:54,77,_ZN5neml28diagnoseERKNS_20DiagnosticsInterfaceE
FN:80,94,_ZN5neml218diagnose_and_throwERKNS_20DiagnosticsInterfaceE
FN:96,99,_ZN5neml220DiagnosticsInterfaceC2EPNS_11NEML2ObjectE
FNDA:290,_ZN5neml210DiagnosingC2Eb
FNDA:290,_ZN5neml210DiagnosingD2Ev
FNDA:1360,_ZN5neml224current_diagnostic_stateEv
FNDA:492,_ZN5neml217current_diagnosesEv
FNDA:290,_ZN5neml28diagnoseERKNS_20DiagnosticsInterfaceE
FNDA:196,_ZN5neml218diagnose_and_throwERKNS_20DiagnosticsInterfaceE
FNDA:678,_ZN5neml220DiagnosticsInterfaceC2EPNS_11NEML2ObjectE
FNF:7
FNH:7
DA:31,290
DA:32,290
DA:34,290
DA:35,290
DA:37,290
DA:40,1360
DA:42,1360
DA:43,1360
DA:47,492
DA:49,492
DA:50,492
DA:54,290
DA:56,290
DA:57,290
DA:58,290
DA:62,290
DA:63,290
DA:64,290
DA:67,290
DA:70,290
DA:72,198
DA:73,198
DA:76,290
DA:77,0
DA:80,196
DA:82,196
DA:83,196
DA:85,196
DA:86,196
DA:88,1
DA:89,1
DA:90,2
DA:91,1
DA:92,1
DA:93,1
DA:94,196
DA:96,678
DA:97,678
DA:99,678
LF:39
LH:38
end_of_record
TN:
SF:/home/runner/work/neml2/neml2/src/neml2/base/EnumSelection.cxx
FN:31,35,_ZN5neml2lsERSoRKNS_13EnumSelectionE
FN:38,42,_ZN5neml2rsERNSt7__cxx1118basic_stringstreamIcSt11char_traitsIcESaIcEEERNS_13EnumSelectionE
FN:44,49,_ZN5neml213EnumSelectionC2ERKSt6vectorINSt7__cxx1112basic_stringIcSt11char_traitsIcESaIcEEESaIS7_EERKS7_
FN:51,57,_ZN5neml213EnumSelectionC2ERKSt6vectorINSt7__cxx1112basic_stringIcSt11char_traitsIcESaIcEEESaIS7_EERKS1_IiSaIiEERKS7_
FN:60,64,_ZNK5neml213EnumSelectioneqERKS0_
FN:67,70,_ZNK5neml213EnumSelectionneERKS0_
FN:73,76,_ZNK5neml213EnumSelectioneqERKNSt7__cxx1112basic_stringIcSt11char_traitsIcESaIcEEE
FN:79,82,_ZNK5neml213EnumSelectionneERKNSt7__cxx1112basic_stringIcSt11char_traitsIcESaIcEEE
FN:85,91,_ZN5neml213EnumSelection6selectERKNSt7__cxx1112basic_stringIcSt11char_traitsIcESaIcEEE
FNDA:1,_ZN5neml2lsERSoRKNS_13EnumSelectionE
FNDA:108,_ZN5neml2rsERNSt7__cxx1118basic_stringstreamIcSt11char_traitsIcESaIcEEERNS_13EnumSelectionE
FNDA:97,_ZN5neml213EnumSelectionC2ERKSt6vectorINSt7__cxx1112basic_stringIcSt11char_traitsIcESaIcEEESaIS7_EERKS7_
FNDA:24,_ZN5neml213EnumSelectionC2ERKSt6vectorINSt7__cxx1112basic_stringIcSt11char_traitsIcESaIcEEESaIS7_EERKS1_IiSaIiEERKS7_
FNDA:7,_ZNK5neml213EnumSelectioneqERKS0_
FNDA:5,_ZNK5neml213EnumSelectionneERKS0_
FNDA:494,_ZNK5neml213EnumSelectioneqERKNSt7__cxx1112basic_stringIcSt11char_traitsIcESaIcEEE
FNDA:0,_ZNK5neml213EnumSelectionneERKNSt7__cxx1112basic_stringIcSt11char_traitsIcESaIcEEE
FNDA:226,_ZN5neml213EnumSelection6selectERKNSt7__cxx1112basic_stringIcSt11char_traitsIcESaIcEEE
FNF:9
FNH:8
DA:31,1
DA:33,1
DA:34,1
DA:38,108
DA:40,108
DA:41,107
DA:44,97
DA:45,97
DA:46,193
DA:48,96
DA:49,97
DA:51,24
DA:53,24
DA:54,46
DA:56,22
DA:57,23
DA:60,7
DA:62,9
DA:63,9
DA:67,5
DA:69,5
DA:73,494
DA:75,494
DA:79,0
DA:81,0
DA:85,226
DA:87,226
DA:88,684
DA:89,223
DA:90,223
DA:91,223
LF:31
LH:29
end_of_record
TN:
SF:/home/runner/work/neml2/neml2/src/neml2/base/EnumSelectionBase.cxx
FN:32,41,_ZN5neml217EnumSelectionBaseC2ERKSt6vectorINSt7__cxx1112basic_stringIcSt11char_traitsIcESaIcEEESaIS7_EE
FN:43,58,_ZN5neml217EnumSelectionBaseC2ERKSt6vectorINSt7__cxx1112basic_stringIcSt11char_traitsIcESaIcEEESaIS7_EERKS1_IiSaIiEE
FN:61,73,_ZNK5neml217EnumSelectionBase4joinERKNSt7__cxx1112basic_stringIcSt11char_traitsIcESaIcEEE
FNDA:370,_ZN5neml217EnumSelectionBaseC2ERKSt6vectorINSt7__cxx1112basic_stringIcSt11char_traitsIcESaIcEEESaIS7_EE
FNDA:43,_ZN5neml217EnumSelectionBaseC2ERKSt6vectorINSt7__cxx1112basic_stringIcSt11char_traitsIcESaIcEEESaIS7_EERKS1_IiSaIiEE
FNDA:984,_ZNK5neml217EnumSelectionBase4joinERKNSt7__cxx1112basic_stringIcSt11char_traitsIcESaIcEEE
FNF:3
FNH:3
DA:32,370
DA:34,370
DA:35,370
DA:38,369
DA:39,4629
DA:40,4260
DA:41,371
DA:43,43
DA:44,43
DA:46,43
DA:49,42
DA:50,42
DA:53,42
DA:54,42
DA:56,216
DA:57,175
DA:58,45
DA:61,984
DA:63,984
DA:64,984
DA:65,10660
DA:67,9676
DA:68,9676
DA:69,8692
DA:70,9676
DA:72,1968
DA:73,984
LF:27
LH:27
end_of_record
TN:
SF:/home/runner/work/neml2/neml2/src/neml2/base/Factory.cxx
FN:33,37,_ZN5neml27FactoryC2ENS_9InputFileE
FN:40,43,_ZN5neml27Factory10has_objectERKNSt7__cxx1112basic_stringIcSt11char_traitsIcESaIcEEES8_
FN:46,64,_ZN5neml27Factory13create_objectERKNSt7__cxx1112basic_stringIcSt11char_traitsIcESaIcEEERKNS_9OptionSetE
FN:67,70,_ZNK5neml27Factory18options_compatibleERKSt10shared_ptrINS_11NEML2ObjectEERKNS_9OptionSetE
FN:87,90,_ZN5neml27Factory5clearEv
FNDA:319,_ZN5neml27FactoryC2ENS_9InputFileE
FNDA:158,_ZN5neml27Factory10has_objectERKNSt7__cxx1112basic_stringIcSt11char_traitsIcESaIcEEES8_
FNDA:1455,_ZN5neml27Factory13create_objectERKNSt7__cxx1112basic_stringIcSt11char_traitsIcESaIcEEERKNS_9OptionSetE
FNDA:5,_ZNK5neml27Factory18options_compatibleERKSt10shared_ptrINS_11NEML2ObjectEERKNS_9OptionSetE
FNDA:0,_ZN5neml27Factory5clearEv
FNF:5
FNH:4
DA:33,319
DA:34,319
DA:35,319
DA:37,319
DA:40,158
DA:42,158
DA:46,1455
DA:48,1455
DA:49,1455
DA:51,1455
DA:52,1455
DA:53,1454
DA:57,1454
DA:59,21
DA:61,42
DA:62,63
DA:63,21
DA:64,1454
DA:67,5
DA:69,5
DA:87,0
DA:89,0
DA:90,0
LF:23
LH:20
end_of_record
TN:
SF:/home/runner/work/neml2/neml2/src/neml2/base/HITParser.cxx
FN:100,114,_ZNK5neml29HITParser22extract_object_optionsEPN3hit4NodeES3_
FN:117,122,_ZNK5neml29HITParser15extract_optionsEPN3hit4NodeERNS_9OptionSetE
FN:126,179,_ZNK5neml29HITParser14extract_optionEPN3hit4NodeERNS_9OptionSetE
FN:42,70,_ZNK5neml29HITParser5parseERKNSt10filesystem7__cxx114pathERKNSt7__cxx1112basic_stringIcSt11char_traitsIcESaIcEEE
FN:73,97,_ZNK5neml29HITParser5parseEPN3hit4NodeE
FNDA:2324,_ZNK5neml29HITParser22extract_object_optionsEPN3hit4NodeES3_
FNDA:2338,_ZNK5neml29HITParser15extract_optionsEPN3hit4NodeERNS_9OptionSetE
FNDA:5398,_ZNK5neml29HITParser14extract_optionEPN3hit4NodeERNS_9OptionSetE
FNDA:331,_ZNK5neml29HITParser5parseERKNSt10filesystem7__cxx114pathERKNSt7__cxx1112basic_stringIcSt11char_traitsIcESaIcEEE
FNDA:331,_ZNK5neml29HITParser5parseEPN3hit4NodeE
FNF:5
FNH:5
DA:42,331
DA:45,331
DA:46,331
DA:49,331
DA:50,331
DA:51,331
DA:54,331
DA:55,331
DA:58,331
DA:59,331
DA:62,331
DA:63,331
DA:64,331
DA:65,662
DA:66,331
DA:67,331
DA:69,659
DA:70,352
DA:73,331
DA:76,331
DA:77,993
DA:78,14
DA:81,331
DA:82,2305
DA:84,1977
DA:85,1977
DA:87,722
DA:88,3043
DA:90,2324
DA:91,2321
DA:92,2321
DA:93,722
DA:96,656
DA:97,334
DA:100,2324
DA:103,4648
DA:105,2324
DA:106,2324
DA:109,2321
DA:110,2321
DA:111,2321
DA:113,4642
DA:114,2327
DA:117,2338
DA:119,10057
DA:120,7722
DA:121,7733
DA:122,2335
DA:126,5398
DA:140,5398
DA:142,5398
DA:143,90505
DA:144,90505
DA:146,5398
DA:148,5398
DA:151,5397
DA:155,5397
DA:156,5187
DA:157,4840
DA:158,4726
DA:159,4506
DA:160,4506
DA:161,4395
DA:162,3903
DA:163,2211
DA:164,1381
DA:165,1275
DA:166,1245
DA:167,30
DA:168,30
DA:173,5395
DA:175,5395
DA:177,5395
DA:179,5395
LF:74
LH:74
end_of_record
TN:
SF:/home/runner/work/neml2/neml2/src/neml2/base/InputFile.cxx
FN:32,36,_ZN5neml29InputFileC2ERKNS_9OptionSetE
FN:39,42,_ZN5neml29InputFileixERKNSt7__cxx1112basic_stringIcSt11char_traitsIcESaIcEEE
FN:45,48,_ZNK5neml29InputFileixERKNSt7__cxx1112basic_stringIcSt11char_traitsIcESaIcEEE
FNDA:332,_ZN5neml29InputFileC2ERKNS_9OptionSetE
FNDA:3999,_ZN5neml29InputFileixERKNSt7__cxx1112basic_stringIcSt11char_traitsIcESaIcEEE
FNDA:0,_ZNK5neml29InputFileixERKNSt7__cxx1112basic_stringIcSt11char_traitsIcESaIcEEE
FNF:3
FNH:2
DA:32,332
DA:33,332
DA:34,332
DA:36,332
DA:39,3999
DA:41,3999
DA:45,0
DA:47,0
LF:8
LH:6
end_of_record
TN:
SF:/home/runner/work/neml2/neml2/src/neml2/base/LabeledAxis.cxx
FN:117,182,_ZN5neml211LabeledAxis12setup_layoutEv
FN:185,201,_ZNK5neml211LabeledAxis4sizeEv
FN:204,249,_ZNK5neml211LabeledAxis4sizeERKNS_19LabeledAxisAccessorE
FN:252,272,_ZNK5neml211LabeledAxis5sliceERKNS_19LabeledAxisAccessorE
FN:275,286,_ZNK5neml211LabeledAxis9nvariableEv
FN:289,304,_ZNK5neml211LabeledAxis12has_variableERKNS_19LabeledAxisAccessorE
FN:307,318,_ZNK5neml211LabeledAxis11variable_idERKNS_19LabeledAxisAccessorE
FN:31,34,_ZN5neml211LabeledAxisC2ENS_19LabeledAxisAccessorE
FN:321,334,_ZNK5neml211LabeledAxis20variable_names_unsrtEv
FN:337,341,_ZNK5neml211LabeledAxis14variable_namesEv
FN:344,348,_ZNK5neml211LabeledAxis15variable_slicesEv
FN:351,355,_ZNK5neml211LabeledAxis14variable_sliceERKNS_19LabeledAxisAccessorE
FN:358,362,_ZNK5neml211LabeledAxis14variable_sizesEv
FN:365,385,_ZNK5neml211LabeledAxis13variable_sizeERKNS_19LabeledAxisAccessorE
FN:37,47,_ZN5neml211LabeledAxis5clearEv
FN:388,392,_ZNK5neml211LabeledAxis20variable_intmd_sizesEv
FN:395,399,_ZNK5neml211LabeledAxis19variable_base_sizesEv
FN:402,405,_ZNK5neml211LabeledAxis8nsubaxisEv
FN:408,418,_ZNK5neml211LabeledAxis11has_subaxisERKNS_19LabeledAxisAccessorE
FN:421,431,_ZNK5neml211LabeledAxis10subaxis_idERKNSt7__cxx1112basic_stringIcSt11char_traitsIcESaIcEEE
FN:434,438,_ZNK5neml211LabeledAxis7subaxesEv
FN:441,453,_ZNK5neml211LabeledAxis7subaxisERKNS_19LabeledAxisAccessorE
FN:456,460,_ZN5neml211LabeledAxis7subaxisERKNS_19LabeledAxisAccessorE
FN:463,470,_ZNK5neml211LabeledAxis19subaxis_names_unsrtB5cxx11Ev
FN:473,477,_ZNK5neml211LabeledAxis13subaxis_namesB5cxx11Ev
FN:480,484,_ZNK5neml211LabeledAxis14subaxis_slicesEv
FN:487,502,_ZNK5neml211LabeledAxis13subaxis_sliceERKNS_19LabeledAxisAccessorE
FN:50,66,_ZN5neml211LabeledAxis10clear_dataEv
FN:505,509,_ZNK5neml211LabeledAxis13subaxis_sizesEv
FN:512,522,_ZNK5neml211LabeledAxis12subaxis_sizeERKNS_19LabeledAxisAccessorE
FN:525,546,_ZNK5neml211LabeledAxis6equalsERKS0_
FN:549,552,_ZNK5neml211LabeledAxis16ensure_setup_dbgEv
FN:555,582,_ZN5neml2lsERSoRKNS_11LabeledAxisE
FN:585,588,_ZN5neml2eqERKNS_11LabeledAxisES2_
FN:591,594,_ZN5neml2neERKNS_11LabeledAxisES2_
FN:69,72,_ZNK5neml211LabeledAxis7qualifyERKNS_19LabeledAxisAccessorE
FN:75,84,_ZNK5neml211LabeledAxis10disqualifyERKNS_19LabeledAxisAccessorE
FN:87,94,_ZN5neml211LabeledAxis11add_subaxisERKNSt7__cxx1112basic_stringIcSt11char_traitsIcESaIcEEE
FN:97,114,_ZN5neml211LabeledAxis12add_variableERKNS_19LabeledAxisAccessorEN3c108ArrayRefIlEES6_
FNDA:241,_ZN5neml211LabeledAxis12setup_layoutEv
FNDA:171,_ZNK5neml211LabeledAxis4sizeEv
FNDA:78,_ZNK5neml211LabeledAxis4sizeERKNS_19LabeledAxisAccessorE
FNDA:23,_ZNK5neml211LabeledAxis5sliceERKNS_19LabeledAxisAccessorE
FNDA:25,_ZNK5neml211LabeledAxis9nvariableEv
FNDA:167,_ZNK5neml211LabeledAxis12has_variableERKNS_19LabeledAxisAccessorE
FNDA:90,_ZNK5neml211LabeledAxis11variable_idERKNS_19LabeledAxisAccessorE
FNDA:2447,_ZN5neml211LabeledAxisC2ENS_19LabeledAxisAccessorE
FNDA:0,_ZNK5neml211LabeledAxis20variable_names_unsrtEv
FNDA:83,_ZNK5neml211LabeledAxis14variable_namesEv
FNDA:16,_ZNK5neml211LabeledAxis15variable_slicesEv
FNDA:36,_ZNK5neml211LabeledAxis14variable_sliceERKNS_19LabeledAxisAccessorE
FNDA:4,_ZNK5neml211LabeledAxis14variable_sizesEv
FNDA:50,_ZNK5neml211LabeledAxis13variable_sizeERKNS_19LabeledAxisAccessorE
FNDA:152,_ZN5neml211LabeledAxis5clearEv
FNDA:0,_ZNK5neml211LabeledAxis20variable_intmd_sizesEv
FNDA:0,_ZNK5neml211LabeledAxis19variable_base_sizesEv
FNDA:8,_ZNK5neml211LabeledAxis8nsubaxisEv
FNDA:23,_ZNK5neml211LabeledAxis11has_subaxisERKNS_19LabeledAxisAccessorE
FNDA:22,_ZNK5neml211LabeledAxis10subaxis_idERKNSt7__cxx1112basic_stringIcSt11char_traitsIcESaIcEEE
FNDA:2,_ZNK5neml211LabeledAxis7subaxesEv
FNDA:644,_ZNK5neml211LabeledAxis7subaxisERKNS_19LabeledAxisAccessorE
FNDA:556,_ZN5neml211LabeledAxis7subaxisERKNS_19LabeledAxisAccessorE
FNDA:0,_ZNK5neml211LabeledAxis19subaxis_names_unsrtB5cxx11Ev
FNDA:2,_ZNK5neml211LabeledAxis13subaxis_namesB5cxx11Ev
FNDA:3,_ZNK5neml211LabeledAxis14subaxis_slicesEv
FNDA:14,_ZNK5neml211LabeledAxis13subaxis_sliceERKNS_19LabeledAxisAccessorE
FNDA:152,_ZN5neml211LabeledAxis10clear_dataEv
FNDA:2,_ZNK5neml211LabeledAxis13subaxis_sizesEv
FNDA:14,_ZNK5neml211LabeledAxis12subaxis_sizeERKNS_19LabeledAxisAccessorE
FNDA:3,_ZNK5neml211LabeledAxis6equalsERKS0_
FNDA:297,_ZNK5neml211LabeledAxis16ensure_setup_dbgEv
FNDA:0,_ZN5neml2lsERSoRKNS_11LabeledAxisE
FNDA:1,_ZN5neml2eqERKNS_11LabeledAxisES2_
FNDA:2,_ZN5neml2neERKNS_11LabeledAxisES2_
FNDA:0,_ZNK5neml211LabeledAxis7qualifyERKNS_19LabeledAxisAccessorE
FNDA:0,_ZNK5neml211LabeledAxis10disqualifyERKNS_19LabeledAxisAccessorE
FNDA:2447,_ZN5neml211LabeledAxis11add_subaxisERKNSt7__cxx1112basic_stringIcSt11char_traitsIcESaIcEEE
FNDA:4517,_ZN5neml211LabeledAxis12add_variableERKNS_19LabeledAxisAccessorEN3c108ArrayRefIlEES6_
FNF:39
FNH:32
DA:31,2447
DA:32,2447
DA:34,2447
DA:37,152
DA:39,228
DA:40,76
DA:42,152
DA:43,152
DA:44,152
DA:46,152
DA:47,152
DA:50,152
DA:52,152
DA:54,152
DA:55,152
DA:56,152
DA:57,152
DA:58,152
DA:59,152
DA:61,152
DA:62,152
DA:63,152
DA:64,152
DA:65,152
DA:66,152
DA:69,0
DA:71,0
DA:75,0
DA:77,0
DA:81,0
DA:83,0
DA:87,2447
DA:89,2447
DA:90,2447
DA:91,2447
DA:92,2447
DA:93,2447
DA:97,4517
DA:101,4517
DA:102,4517
DA:104,4517
DA:106,2196
DA:108,2196
DA:110,2196
DA:113,2321
DA:114,4517
DA:117,241
DA:120,241
DA:122,241
DA:123,241
DA:124,241
DA:125,241
DA:126,241
DA:127,241
DA:129,241
DA:130,241
DA:131,241
DA:132,241
DA:133,241
DA:136,508
DA:138,267
DA:139,267
DA:140,267
DA:141,267
DA:142,267
DA:143,267
DA:144,267
DA:145,267
DA:146,267
DA:150,380
DA:152,139
DA:153,139
DA:154,139
DA:155,139
DA:156,139
DA:157,139
DA:158,139
DA:159,139
DA:162,425
DA:164,286
DA:165,286
DA:166,286
DA:167,286
DA:168,286
DA:169,286
DA:170,286
DA:173,286
DA:174,286
DA:175,286
DA:176,286
DA:177,286
DA:181,241
DA:182,241
DA:185,171
DA:188,171
DA:189,148
DA:192,23
DA:193,69
DA:195,46
DA:196,46
DA:198,32
DA:199,9
DA:200,23
DA:204,78
DA:206,78
DA:209,78
DA:212,46
DA:213,46
DA:215,36
DA:217,18
DA:218,18
DA:222,18
DA:223,18
DA:227,10
DA:228,10
DA:233,10
DA:235,5
DA:236,5
DA:238,5
DA:242,32
DA:243,32
DA:248,32
DA:252,23
DA:254,23
DA:255,23
DA:258,23
DA:260,18
DA:261,18
DA:265,5
DA:270,5
DA:271,5
DA:275,25
DA:278,25
DA:279,16
DA:282,9
DA:283,14
DA:284,5
DA:285,9
DA:289,167
DA:291,167
DA:294,167
DA:295,28
DA:296,56
DA:299,139
DA:300,60
DA:302,79
DA:303,79
DA:307,90
DA:309,90
DA:310,90
DA:311,90
DA:312,90
DA:317,180
DA:321,0
DA:323,0
DA:324,0
DA:325,0
DA:326,0
DA:327,0
DA:329,0
DA:330,0
DA:331,0
DA:332,0
DA:333,0
DA:334,0
DA:337,83
DA:339,83
DA:340,83
DA:344,16
DA:346,16
DA:347,16
DA:351,36
DA:353,36
DA:354,36
DA:358,4
DA:360,4
DA:361,4
DA:365,50
DA:368,50
DA:369,18
DA:372,32
DA:374,18
DA:375,18
DA:376,18
DA:377,18
DA:378,18
DA:381,14
DA:382,14
DA:383,14
DA:384,14
DA:388,0
DA:390,0
DA:391,0
DA:395,0
DA:397,0
DA:398,0
DA:402,8
DA:404,8
DA:408,23
DA:410,23
DA:412,23
DA:414,23
DA:415,19
DA:417,4
DA:421,22
DA:423,22
DA:424,22
DA:425,22
DA:430,44
DA:434,2
DA:436,2
DA:437,2
DA:441,644
DA:443,644
DA:445,644
DA:446,644
DA:447,644
DA:449,644
DA:450,640
DA:452,4
DA:456,556
DA:459,556
DA:463,0
DA:465,0
DA:466,0
DA:467,0
DA:468,0
DA:469,0
DA:470,0
DA:473,2
DA:475,2
DA:476,2
DA:480,3
DA:482,3
DA:483,3
DA:487,14
DA:489,14
DA:492,14
DA:493,10
DA:496,4
DA:497,4
DA:498,4
DA:499,4
DA:500,4
DA:501,4
DA:505,2
DA:507,2
DA:508,2
DA:512,14
DA:514,14
DA:515,14
DA:516,14
DA:518,14
DA:519,10
DA:521,4
DA:525,3
DA:528,3
DA:529,2
DA:532,1
DA:533,0
DA:536,1
DA:538,0
DA:539,0
DA:541,0
DA:542,0
DA:545,1
DA:549,297
DA:551,297
DA:552,297
DA:555,0
DA:558,0
DA:561,0
DA:562,0
DA:564,0
DA:565,0
DA:566,0
DA:567,0
DA:570,0
DA:572,0
DA:573,0
DA:574,0
DA:575,0
DA:576,0
DA:577,0
DA:578,0
DA:581,0
DA:582,0
DA:585,1
DA:587,1
DA:591,2
DA:593,2
LF:291
LH:237
end_of_record
TN:
SF:/home/runner/work/neml2/neml2/src/neml2/base/LabeledAxisAccessor.cxx
FN:100,107,_ZNK5neml219LabeledAxisAccessor5sliceEmm
FN:110,113,_ZNK5neml219LabeledAxisAccessor7remountERKS0_l
FN:116,119,_ZNK5neml219LabeledAxisAccessor10start_withERKS0_
FN:122,125,_ZNK5neml219LabeledAxisAccessor8is_stateEv
FN:128,131,_ZNK5neml219LabeledAxisAccessor12is_old_stateEv
FN:134,137,_ZNK5neml219LabeledAxisAccessor8is_forceEv
FN:140,143,_ZNK5neml219LabeledAxisAccessor12is_old_forceEv
FN:146,149,_ZNK5neml219LabeledAxisAccessor11is_residualEv
FN:152,155,_ZNK5neml219LabeledAxisAccessor12is_parameterEv
FN:158,167,_ZNK5neml219LabeledAxisAccessor7currentEv
FN:170,179,_ZNK5neml219LabeledAxisAccessor3oldEv
FN:182,190,_ZNK5neml219LabeledAxisAccessor18validate_item_nameERKNSt7__cxx1112basic_stringIcSt11char_traitsIcESaIcEEE
FN:193,196,_ZN5neml2neERKNS_19LabeledAxisAccessorES2_
FN:199,202,_ZN5neml2eqERKNS_19LabeledAxisAccessorES2_
FN:205,208,_ZN5neml2ltERKNS_19LabeledAxisAccessorES2_
FN:211,220,_ZN5neml2lsERSoRKNS_19LabeledAxisAccessorE
FN:34,37,_ZN5neml222reserved_subaxis_namesB5cxx11Ev
FN:39,43,_ZNK5neml219LabeledAxisAccessorcvSt6vectorINSt7__cxx1112basic_stringIcSt11char_traitsIcESaIcEEESaIS7_EEEv
FN:46,49,_ZNK5neml219LabeledAxisAccessor3strB5cxx11Ev
FN:52,55,_ZNK5neml219LabeledAxisAccessor5emptyEv
FN:58,61,_ZNK5neml219LabeledAxisAccessor4sizeEv
FN:64,67,_ZNK5neml219LabeledAxisAccessorixB5cxx11Em
FN:70,75,_ZNK5neml219LabeledAxisAccessor11with_suffixERKNSt7__cxx1112basic_stringIcSt11char_traitsIcESaIcEEE
FN:78,81,_ZNK5neml219LabeledAxisAccessor6appendERKS0_
FN:84,89,_ZNK5neml219LabeledAxisAccessor7prependERKS0_
FN:92,97,_ZNK5neml219LabeledAxisAccessor5sliceEm
FNDA:2828,_ZNK5neml219LabeledAxisAccessor5sliceEmm
FNDA:745,_ZNK5neml219LabeledAxisAccessor7remountERKS0_l
FNDA:2826,_ZNK5neml219LabeledAxisAccessor10start_withERKS0_
FNDA:1453,_ZNK5neml219LabeledAxisAccessor8is_stateEv
FNDA:286,_ZNK5neml219LabeledAxisAccessor12is_old_stateEv
FNDA:645,_ZNK5neml219LabeledAxisAccessor8is_forceEv
FNDA:59,_ZNK5neml219LabeledAxisAccessor12is_old_forceEv
FNDA:92,_ZNK5neml219LabeledAxisAccessor11is_residualEv
FNDA:42,_ZNK5neml219LabeledAxisAccessor12is_parameterEv
FNDA:34,_ZNK5neml219LabeledAxisAccessor7currentEv
FNDA:132,_ZNK5neml219LabeledAxisAccessor3oldEv
FNDA:24396,_ZNK5neml219LabeledAxisAccessor18validate_item_nameERKNSt7__cxx1112basic_stringIcSt11char_traitsIcESaIcEEE
FNDA:7823,_ZN5neml2neERKNS_19LabeledAxisAccessorES2_
FNDA:102451,_ZN5neml2eqERKNS_19LabeledAxisAccessorES2_
FNDA:122456,_ZN5neml2ltERKNS_19LabeledAxisAccessorES2_
FNDA:9374,_ZN5neml2lsERSoRKNS_19LabeledAxisAccessorE
FNDA:0,_ZN5neml222reserved_subaxis_namesB5cxx11Ev
FNDA:1,_ZNK5neml219LabeledAxisAccessorcvSt6vectorINSt7__cxx1112basic_stringIcSt11char_traitsIcESaIcEEESaIS7_EEEv
FNDA:5830,_ZNK5neml219LabeledAxisAccessor3strB5cxx11Ev
FNDA:6709,_ZNK5neml219LabeledAxisAccessor5emptyEv
FNDA:17129,_ZNK5neml219LabeledAxisAccessor4sizeEv
FNDA:12073,_ZNK5neml219LabeledAxisAccessorixB5cxx11Em
FNDA:167,_ZNK5neml219LabeledAxisAccessor11with_suffixERKNSt7__cxx1112basic_stringIcSt11char_traitsIcESaIcEEE
FNDA:2448,_ZNK5neml219LabeledAxisAccessor6appendERKS0_
FNDA:3481,_ZNK5neml219LabeledAxisAccessor7prependERKS0_
FNDA:3186,_ZNK5neml219LabeledAxisAccessor5sliceEm
FNF:26
FNH:25
DA:34,0
DA:36,0
DA:37,0
DA:39,1
DA:41,1
DA:42,1
DA:46,5830
DA:48,5830
DA:52,6709
DA:54,6709
DA:58,17129
DA:60,17129
DA:64,12073
DA:66,12073
DA:70,167
DA:72,167
DA:73,167
DA:74,334
DA:75,167
DA:78,2448
DA:80,2448
DA:84,3481
DA:86,3481
DA:87,3481
DA:88,6962
DA:89,3481
DA:92,3186
DA:94,3186
DA:95,3186
DA:96,6372
DA:97,3186
DA:100,2828
DA:102,2828
DA:103,2828
DA:104,0
DA:105,2828
DA:106,5656
DA:107,2828
DA:110,745
DA:112,745
DA:116,2826
DA:118,2826
DA:122,1453
DA:124,1453
DA:128,286
DA:130,286
DA:134,645
DA:136,645
DA:140,59
DA:142,59
DA:146,92
DA:148,92
DA:152,42
DA:154,42
DA:158,34
DA:160,34
DA:161,34
DA:162,23
DA:163,11
DA:164,11
DA:165,0
DA:166,0
DA:170,132
DA:172,132
DA:173,132
DA:174,60
DA:175,72
DA:176,72
DA:177,0
DA:178,0
DA:182,24396
DA:184,24396
DA:185,24396
DA:186,24396
DA:190,24395
DA:193,7823
DA:195,7823
DA:199,102451
DA:201,102451
DA:205,122456
DA:207,122456
DA:211,9374
DA:213,31709
DA:215,22335
DA:216,12961
DA:217,22335
DA:219,9374
LF:87
LH:79
end_of_record
TN:
SF:/home/runner/work/neml2/neml2/src/neml2/base/MultiEnumSelection.cxx
FN:32,44,_ZN5neml2lsERSoRKNS_18MultiEnumSelectionE
FN:47,51,_ZN5neml2rsERNSt7__cxx1118basic_stringstreamIcSt11char_traitsIcESaIcEEERNS_18MultiEnumSelectionE
FN:53,58,_ZN5neml218MultiEnumSelectionC2ERKSt6vectorINSt7__cxx1112basic_stringIcSt11char_traitsIcESaIcEEESaIS7_EESB_
FN:60,66,_ZN5neml218MultiEnumSelectionC2ERKSt6vectorINSt7__cxx1112basic_stringIcSt11char_traitsIcESaIcEEESaIS7_EERKS1_IiSaIiEESB_
FN:69,73,_ZNK5neml218MultiEnumSelectioneqERKS0_
FN:76,79,_ZNK5neml218MultiEnumSelectionneERKS0_
FN:82,94,_ZN5neml218MultiEnumSelection6selectERKSt6vectorINSt7__cxx1112basic_stringIcSt11char_traitsIcESaIcEEESaIS7_EE
FN:97,100,_ZNK5neml218MultiEnumSelection4sizeEv
FNDA:1,_ZN5neml2lsERSoRKNS_18MultiEnumSelectionE
FNDA:38,_ZN5neml2rsERNSt7__cxx1118basic_stringstreamIcSt11char_traitsIcESaIcEEERNS_18MultiEnumSelectionE
FNDA:273,_ZN5neml218MultiEnumSelectionC2ERKSt6vectorINSt7__cxx1112basic_stringIcSt11char_traitsIcESaIcEEESaIS7_EESB_
FNDA:19,_ZN5neml218MultiEnumSelectionC2ERKSt6vectorINSt7__cxx1112basic_stringIcSt11char_traitsIcESaIcEEESaIS7_EERKS1_IiSaIiEESB_
FNDA:4,_ZNK5neml218MultiEnumSelectioneqERKS0_
FNDA:3,_ZNK5neml218MultiEnumSelectionneERKS0_
FNDA:330,_ZN5neml218MultiEnumSelection6selectERKSt6vectorINSt7__cxx1112basic_stringIcSt11char_traitsIcESaIcEEESaIS7_EE
FNDA:3,_ZNK5neml218MultiEnumSelection4sizeEv
FNF:8
FNH:8
DA:32,1
DA:34,1
DA:35,1
DA:36,3
DA:38,2
DA:39,2
DA:40,1
DA:42,1
DA:43,1
DA:47,38
DA:49,40
DA:50,37
DA:53,273
DA:54,273
DA:55,273
DA:57,273
DA:58,275
DA:60,19
DA:62,19
DA:63,19
DA:65,19
DA:66,21
DA:69,4
DA:71,5
DA:72,5
DA:76,3
DA:78,3
DA:82,330
DA:84,330
DA:85,330
DA:86,702
DA:88,375
DA:90,1131
DA:91,372
DA:92,372
DA:94,327
DA:97,3
DA:99,3
LF:38
LH:38
end_of_record
TN:
SF:/home/runner/work/neml2/neml2/src/neml2/base/NEML2Object.cxx
FN:33,47,_ZN5neml211NEML2Object16expected_optionsEv
FN:49,55,_ZN5neml211NEML2ObjectC2ERKNS_9OptionSetE
FN:59,65,_ZN5neml211NEML2Object14resolve_tensorINS_10QuaternionEEERKT_RKNSt7__cxx1112basic_stringIcSt11char_traitsIcESaIcEEE
FN:59,65,_ZN5neml211NEML2Object14resolve_tensorINS_11MillerIndexEEERKT_RKNSt7__cxx1112basic_stringIcSt11char_traitsIcESaIcEEE
FN:59,65,_ZN5neml211NEML2Object14resolve_tensorINS_2R2EEERKT_RKNSt7__cxx1112basic_stringIcSt11char_traitsIcESaIcEEE
FN:59,65,_ZN5neml211NEML2Object14resolve_tensorINS_2R3EEERKT_RKNSt7__cxx1112basic_stringIcSt11char_traitsIcESaIcEEE
FN:59,65,_ZN5neml211NEML2Object14resolve_tensorINS_2R4EEERKT_RKNSt7__cxx1112basic_stringIcSt11char_traitsIcESaIcEEE
FN:59,65,_ZN5neml211NEML2Object14resolve_tensorINS_3RotEEERKT_RKNSt7__cxx1112basic_stringIcSt11char_traitsIcESaIcEEE
FN:59,65,_ZN5neml211NEML2Object14resolve_tensorINS_3SR2EEERKT_RKNSt7__cxx1112basic_stringIcSt11char_traitsIcESaIcEEE
FN:59,65,_ZN5neml211NEML2Object14resolve_tensorINS_3VecEEERKT_RKNSt7__cxx1112basic_stringIcSt11char_traitsIcESaIcEEE
FN:59,65,_ZN5neml211NEML2Object14resolve_tensorINS_3WR2EEERKT_RKNSt7__cxx1112basic_stringIcSt11char_traitsIcESaIcEEE
FN:59,65,_ZN5neml211NEML2Object14resolve_tensorINS_4SFR3EEERKT_RKNSt7__cxx1112basic_stringIcSt11char_traitsIcESaIcEEE
FN:59,65,_ZN5neml211NEML2Object14resolve_tensorINS_4SSR4EEERKT_RKNSt7__cxx1112basic_stringIcSt11char_traitsIcESaIcEEE
FN:59,65,_ZN5neml211NEML2Object14resolve_tensorINS_4SWR4EEERKT_RKNSt7__cxx1112basic_stringIcSt11char_traitsIcESaIcEEE
FN:59,65,_ZN5neml211NEML2Object14resolve_tensorINS_4WSR4EEERKT_RKNSt7__cxx1112basic_stringIcSt11char_traitsIcESaIcEEE
FN:59,65,_ZN5neml211NEML2Object14resolve_tensorINS_4WWR4EEERKT_RKNSt7__cxx1112basic_stringIcSt11char_traitsIcESaIcEEE
FN:59,65,_ZN5neml211NEML2Object14resolve_tensorINS_5SFFR4EEERKT_RKNSt7__cxx1112basic_stringIcSt11char_traitsIcESaIcEEE
FN:59,65,_ZN5neml211NEML2Object14resolve_tensorINS_5WFFR4EEERKT_RKNSt7__cxx1112basic_stringIcSt11char_traitsIcESaIcEEE
FN:59,65,_ZN5neml211NEML2Object14resolve_tensorINS_6ScalarEEERKT_RKNSt7__cxx1112basic_stringIcSt11char_traitsIcESaIcEEE
FN:59,65,_ZN5neml211NEML2Object14resolve_tensorINS_6TensorEEERKT_RKNSt7__cxx1112basic_stringIcSt11char_traitsIcESaIcEEE
FNDA:883,_ZN5neml211NEML2Object16expected_optionsEv
FNDA:1466,_ZN5neml211NEML2ObjectC2ERKNS_9OptionSetE
FNDA:0,_ZN5neml211NEML2Object14resolve_tensorINS_10QuaternionEEERKT_RKNSt7__cxx1112basic_stringIcSt11char_traitsIcESaIcEEE
FNDA:0,_ZN5neml211NEML2Object14resolve_tensorINS_11MillerIndexEEERKT_RKNSt7__cxx1112basic_stringIcSt11char_traitsIcESaIcEEE
FNDA:0,_ZN5neml211NEML2Object14resolve_tensorINS_2R2EEERKT_RKNSt7__cxx1112basic_stringIcSt11char_traitsIcESaIcEEE
FNDA:0,_ZN5neml211NEML2Object14resolve_tensorINS_2R3EEERKT_RKNSt7__cxx1112basic_stringIcSt11char_traitsIcESaIcEEE
FNDA:0,_ZN5neml211NEML2Object14resolve_tensorINS_2R4EEERKT_RKNSt7__cxx1112basic_stringIcSt11char_traitsIcESaIcEEE
FNDA:0,_ZN5neml211NEML2Object14resolve_tensorINS_3RotEEERKT_RKNSt7__cxx1112basic_stringIcSt11char_traitsIcESaIcEEE
FNDA:8,_ZN5neml211NEML2Object14resolve_tensorINS_3SR2EEERKT_RKNSt7__cxx1112basic_stringIcSt11char_traitsIcESaIcEEE
FNDA:0,_ZN5neml211NEML2Object14resolve_tensorINS_3VecEEERKT_RKNSt7__cxx1112basic_stringIcSt11char_traitsIcESaIcEEE
FNDA:1,_ZN5neml211NEML2Object14resolve_tensorINS_3WR2EEERKT_RKNSt7__cxx1112basic_stringIcSt11char_traitsIcESaIcEEE
FNDA:0,_ZN5neml211NEML2Object14resolve_tensorINS_4SFR3EEERKT_RKNSt7__cxx1112basic_stringIcSt11char_traitsIcESaIcEEE
FNDA:0,_ZN5neml211NEML2Object14resolve_tensorINS_4SSR4EEERKT_RKNSt7__cxx1112basic_stringIcSt11char_traitsIcESaIcEEE
FNDA:0,_ZN5neml211NEML2Object14resolve_tensorINS_4SWR4EEERKT_RKNSt7__cxx1112basic_stringIcSt11char_traitsIcESaIcEEE
FNDA:0,_ZN5neml211NEML2Object14resolve_tensorINS_4WSR4EEERKT_RKNSt7__cxx1112basic_stringIcSt11char_traitsIcESaIcEEE
FNDA:0,_ZN5neml211NEML2Object14resolve_tensorINS_4WWR4EEERKT_RKNSt7__cxx1112basic_stringIcSt11char_traitsIcESaIcEEE
FNDA:0,_ZN5neml211NEML2Object14resolve_tensorINS_5SFFR4EEERKT_RKNSt7__cxx1112basic_stringIcSt11char_traitsIcESaIcEEE
FNDA:0,_ZN5neml211NEML2Object14resolve_tensorINS_5WFFR4EEERKT_RKNSt7__cxx1112basic_stringIcSt11char_traitsIcESaIcEEE
FNDA:8,_ZN5neml211NEML2Object14resolve_tensorINS_6ScalarEEERKT_RKNSt7__cxx1112basic_stringIcSt11char_traitsIcESaIcEEE
FNDA:0,_ZN5neml211NEML2Object14resolve_tensorINS_6TensorEEERKT_RKNSt7__cxx1112basic_stringIcSt11char_traitsIcESaIcEEE
FNF:20
FNH:5
DA:33,883
DA:35,883
DA:37,1766
DA:38,883
DA:40,2649
DA:41,1766
DA:43,1766
DA:44,883
DA:46,883
DA:47,0
DA:49,1466
DA:50,1466
DA:51,2932
DA:52,2932
DA:53,2932
DA:55,1466
DA:59,17
DA:61,17
DA:62,0
DA:63,0
DA:64,17
LF:21
LH:18
end_of_record
TN:
SF:/home/runner/work/neml2/neml2/src/neml2/base/Option.cxx
FN:153,156,_ZN5neml27details13_print_helperIcEEvRSoPKT_
FN:160,163,_ZN5neml27details13_print_helperIhEEvRSoPKT_
FN:167,171,_ZN5neml27details13_print_helperIbEEvRSoPKSt6vectorIT_SaIS4_EE
FN:40,45,_ZN5neml26OptionIN3c1011SmallVectorIlLj8EEEEC2ERKNSt7__cxx1112basic_stringIcSt11char_traitsIcESaIcEEE
FN:40,45,_ZN5neml26OptionINS_10TensorNameIN2at6TensorEEEEC2ERKNSt7__cxx1112basic_stringIcSt11char_traitsIcESaIcEEE
FN:40,45,_ZN5neml26OptionINS_10TensorNameINS_10QuaternionEEEEC2ERKNSt7__cxx1112basic_stringIcSt11char_traitsIcESaIcEEE
FN:40,45,_ZN5neml26OptionINS_10TensorNameINS_11MillerIndexEEEEC2ERKNSt7__cxx1112basic_stringIcSt11char_traitsIcESaIcEEE
FN:40,45,_ZN5neml26OptionINS_10TensorNameINS_2R2EEEEC2ERKNSt7__cxx1112basic_stringIcSt11char_traitsIcESaIcEEE
FN:40,45,_ZN5neml26OptionINS_10TensorNameINS_2R3EEEEC2ERKNSt7__cxx1112basic_stringIcSt11char_traitsIcESaIcEEE
FN:40,45,_ZN5neml26OptionINS_10TensorNameINS_2R4EEEEC2ERKNSt7__cxx1112basic_stringIcSt11char_traitsIcESaIcEEE
FN:40,45,_ZN5neml26OptionINS_10TensorNameINS_3RotEEEEC2ERKNSt7__cxx1112basic_stringIcSt11char_traitsIcESaIcEEE
FN:40,45,_ZN5neml26OptionINS_10TensorNameINS_3SR2EEEEC2ERKNSt7__cxx1112basic_stringIcSt11char_traitsIcESaIcEEE
FN:40,45,_ZN5neml26OptionINS_10TensorNameINS_3VecEEEEC2ERKNSt7__cxx1112basic_stringIcSt11char_traitsIcESaIcEEE
FN:40,45,_ZN5neml26OptionINS_10TensorNameINS_3WR2EEEEC2ERKNSt7__cxx1112basic_stringIcSt11char_traitsIcESaIcEEE
FN:40,45,_ZN5neml26OptionINS_10TensorNameINS_4SFR3EEEEC2ERKNSt7__cxx1112basic_stringIcSt11char_traitsIcESaIcEEE
FN:40,45,_ZN5neml26OptionINS_10TensorNameINS_4SSR4EEEEC2ERKNSt7__cxx1112basic_stringIcSt11char_traitsIcESaIcEEE
FN:40,45,_ZN5neml26OptionINS_10TensorNameINS_4SWR4EEEEC2ERKNSt7__cxx1112basic_stringIcSt11char_traitsIcESaIcEEE
FN:40,45,_ZN5neml26OptionINS_10TensorNameINS_4WSR4EEEEC2ERKNSt7__cxx1112basic_stringIcSt11char_traitsIcESaIcEEE
FN:40,45,_ZN5neml26OptionINS_10TensorNameINS_4WWR4EEEEC2ERKNSt7__cxx1112basic_stringIcSt11char_traitsIcESaIcEEE
FN:40,45,_ZN5neml26OptionINS_10TensorNameINS_5SFFR4EEEEC2ERKNSt7__cxx1112basic_stringIcSt11char_traitsIcESaIcEEE
FN:40,45,_ZN5neml26OptionINS_10TensorNameINS_5WFFR4EEEEC2ERKNSt7__cxx1112basic_stringIcSt11char_traitsIcESaIcEEE
FN:40,45,_ZN5neml26OptionINS_10TensorNameINS_6ScalarEEEEC2ERKNSt7__cxx1112basic_stringIcSt11char_traitsIcESaIcEEE
FN:40,45,_ZN5neml26OptionINS_10TensorNameINS_6TensorEEEEC2ERKNSt7__cxx1112basic_stringIcSt11char_traitsIcESaIcEEE
FN:40,45,_ZN5neml26OptionINS_13EnumSelectionEEC2ERKNSt7__cxx1112basic_stringIcSt11char_traitsIcESaIcEEE
FN:40,45,_ZN5neml26OptionINS_18MultiEnumSelectionEEC2ERKNSt7__cxx1112basic_stringIcSt11char_traitsIcESaIcEEE
FN:40,45,_ZN5neml26OptionINS_19LabeledAxisAccessorEEC2ERKNSt7__cxx1112basic_stringIcSt11char_traitsIcESaIcEEE
FN:40,45,_ZN5neml26OptionINSt7__cxx1112basic_stringIcSt11char_traitsIcESaIcEEEEC2ERKS6_
FN:40,45,_ZN5neml26OptionIPNS_11NEML2ObjectEEC2ERKNSt7__cxx1112basic_stringIcSt11char_traitsIcESaIcEEE
FN:40,45,_ZN5neml26OptionIPNS_7FactoryEEC2ERKNSt7__cxx1112basic_stringIcSt11char_traitsIcESaIcEEE
FN:40,45,_ZN5neml26OptionISt10shared_ptrINS_8SettingsEEEC2ERKNSt7__cxx1112basic_stringIcSt11char_traitsIcESaIcEEE
FN:40,45,_ZN5neml26OptionISt6vectorIN3c1011SmallVectorIlLj8EEESaIS4_EEEC2ERKNSt7__cxx1112basic_stringIcSt11char_traitsIcESaIcEEE
FN:40,45,_ZN5neml26OptionISt6vectorIN3c106DeviceESaIS3_EEEC2ERKNSt7__cxx1112basic_stringIcSt11char_traitsIcESaIcEEE
FN:40,45,_ZN5neml26OptionISt6vectorINS_10TensorNameIN2at6TensorEEESaIS5_EEEC2ERKNSt7__cxx1112basic_stringIcSt11char_traitsIcESaIcEEE
FN:40,45,_ZN5neml26OptionISt6vectorINS_10TensorNameINS_10QuaternionEEESaIS4_EEEC2ERKNSt7__cxx1112basic_stringIcSt11char_traitsIcESaIcEEE
FN:40,45,_ZN5neml26OptionISt6vectorINS_10TensorNameINS_11MillerIndexEEESaIS4_EEEC2ERKNSt7__cxx1112basic_stringIcSt11char_traitsIcESaIcEEE
FN:40,45,_ZN5neml26OptionISt6vectorINS_10TensorNameINS_2R2EEESaIS4_EEEC2ERKNSt7__cxx1112basic_stringIcSt11char_traitsIcESaIcEEE
FN:40,45,_ZN5neml26OptionISt6vectorINS_10TensorNameINS_2R3EEESaIS4_EEEC2ERKNSt7__cxx1112basic_stringIcSt11char_traitsIcESaIcEEE
FN:40,45,_ZN5neml26OptionISt6vectorINS_10TensorNameINS_2R4EEESaIS4_EEEC2ERKNSt7__cxx1112basic_stringIcSt11char_traitsIcESaIcEEE
FN:40,45,_ZN5neml26OptionISt6vectorINS_10TensorNameINS_3RotEEESaIS4_EEEC2ERKNSt7__cxx1112basic_stringIcSt11char_traitsIcESaIcEEE
FN:40,45,_ZN5neml26OptionISt6vectorINS_10TensorNameINS_3SR2EEESaIS4_EEEC2ERKNSt7__cxx1112basic_stringIcSt11char_traitsIcESaIcEEE
FN:40,45,_ZN5neml26OptionISt6vectorINS_10TensorNameINS_3VecEEESaIS4_EEEC2ERKNSt7__cxx1112basic_stringIcSt11char_traitsIcESaIcEEE
FN:40,45,_ZN5neml26OptionISt6vectorINS_10TensorNameINS_3WR2EEESaIS4_EEEC2ERKNSt7__cxx1112basic_stringIcSt11char_traitsIcESaIcEEE
FN:40,45,_ZN5neml26OptionISt6vectorINS_10TensorNameINS_4SFR3EEESaIS4_EEEC2ERKNSt7__cxx1112basic_stringIcSt11char_traitsIcESaIcEEE
FN:40,45,_ZN5neml26OptionISt6vectorINS_10TensorNameINS_4SSR4EEESaIS4_EEEC2ERKNSt7__cxx1112basic_stringIcSt11char_traitsIcESaIcEEE
FN:40,45,_ZN5neml26OptionISt6vectorINS_10TensorNameINS_4SWR4EEESaIS4_EEEC2ERKNSt7__cxx1112basic_stringIcSt11char_traitsIcESaIcEEE
FN:40,45,_ZN5neml26OptionISt6vectorINS_10TensorNameINS_4WSR4EEESaIS4_EEEC2ERKNSt7__cxx1112basic_stringIcSt11char_traitsIcESaIcEEE
FN:40,45,_ZN5neml26OptionISt6vectorINS_10TensorNameINS_4WWR4EEESaIS4_EEEC2ERKNSt7__cxx1112basic_stringIcSt11char_traitsIcESaIcEEE
FN:40,45,_ZN5neml26OptionISt6vectorINS_10TensorNameINS_5SFFR4EEESaIS4_EEEC2ERKNSt7__cxx1112basic_stringIcSt11char_traitsIcESaIcEEE
FN:40,45,_ZN5neml26OptionISt6vectorINS_10TensorNameINS_5WFFR4EEESaIS4_EEEC2ERKNSt7__cxx1112basic_stringIcSt11char_traitsIcESaIcEEE
FN:40,45,_ZN5neml26OptionISt6vectorINS_10TensorNameINS_6ScalarEEESaIS4_EEEC2ERKNSt7__cxx1112basic_stringIcSt11char_traitsIcESaIcEEE
FN:40,45,_ZN5neml26OptionISt6vectorINS_10TensorNameINS_6TensorEEESaIS4_EEEC2ERKNSt7__cxx1112basic_stringIcSt11char_traitsIcESaIcEEE
FN:40,45,_ZN5neml26OptionISt6vectorINS_19LabeledAxisAccessorESaIS2_EEEC2ERKNSt7__cxx1112basic_stringIcSt11char_traitsIcESaIcEEE
FN:40,45,_ZN5neml26OptionISt6vectorINSt7__cxx1112basic_stringIcSt11char_traitsIcESaIcEEESaIS7_EEEC2ERKS7_
FN:40,45,_ZN5neml26OptionISt6vectorIS1_IN3c1011SmallVectorIlLj8EEESaIS4_EESaIS6_EEEC2ERKNSt7__cxx1112basic_stringIcSt11char_traitsIcESaIcEEE
FN:40,45,_ZN5neml26OptionISt6vectorIS1_IN3c106DeviceESaIS3_EESaIS5_EEEC2ERKNSt7__cxx1112basic_stringIcSt11char_traitsIcESaIcEEE
FN:40,45,_ZN5neml26OptionISt6vectorIS1_INS_10TensorNameIN2at6TensorEEESaIS5_EESaIS7_EEEC2ERKNSt7__cxx1112basic_stringIcSt11char_traitsIcESaIcEEE
FN:40,45,_ZN5neml26OptionISt6vectorIS1_INS_10TensorNameINS_10QuaternionEEESaIS4_EESaIS6_EEEC2ERKNSt7__cxx1112basic_stringIcSt11char_traitsIcESaIcEEE
FN:40,45,_ZN5neml26OptionISt6vectorIS1_INS_10TensorNameINS_11MillerIndexEEESaIS4_EESaIS6_EEEC2ERKNSt7__cxx1112basic_stringIcSt11char_traitsIcESaIcEEE
FN:40,45,_ZN5neml26OptionISt6vectorIS1_INS_10TensorNameINS_2R2EEESaIS4_EESaIS6_EEEC2ERKNSt7__cxx1112basic_stringIcSt11char_traitsIcESaIcEEE
FN:40,45,_ZN5neml26OptionISt6vectorIS1_INS_10TensorNameINS_2R3EEESaIS4_EESaIS6_EEEC2ERKNSt7__cxx1112basic_stringIcSt11char_traitsIcESaIcEEE
FN:40,45,_ZN5neml26OptionISt6vectorIS1_INS_10TensorNameINS_2R4EEESaIS4_EESaIS6_EEEC2ERKNSt7__cxx1112basic_stringIcSt11char_traitsIcESaIcEEE
FN:40,45,_ZN5neml26OptionISt6vectorIS1_INS_10TensorNameINS_3RotEEESaIS4_EESaIS6_EEEC2ERKNSt7__cxx1112basic_stringIcSt11char_traitsIcESaIcEEE
FN:40,45,_ZN5neml26OptionISt6vectorIS1_INS_10TensorNameINS_3SR2EEESaIS4_EESaIS6_EEEC2ERKNSt7__cxx1112basic_stringIcSt11char_traitsIcESaIcEEE
FN:40,45,_ZN5neml26OptionISt6vectorIS1_INS_10TensorNameINS_3VecEEESaIS4_EESaIS6_EEEC2ERKNSt7__cxx1112basic_stringIcSt11char_traitsIcESaIcEEE
FN:40,45,_ZN5neml26OptionISt6vectorIS1_INS_10TensorNameINS_3WR2EEESaIS4_EESaIS6_EEEC2ERKNSt7__cxx1112basic_stringIcSt11char_traitsIcESaIcEEE
FN:40,45,_ZN5neml26OptionISt6vectorIS1_INS_10TensorNameINS_4SFR3EEESaIS4_EESaIS6_EEEC2ERKNSt7__cxx1112basic_stringIcSt11char_traitsIcESaIcEEE
FN:40,45,_ZN5neml26OptionISt6vectorIS1_INS_10TensorNameINS_4SSR4EEESaIS4_EESaIS6_EEEC2ERKNSt7__cxx1112basic_stringIcSt11char_traitsIcESaIcEEE
FN:40,45,_ZN5neml26OptionISt6vectorIS1_INS_10TensorNameINS_4SWR4EEESaIS4_EESaIS6_EEEC2ERKNSt7__cxx1112basic_stringIcSt11char_traitsIcESaIcEEE
FN:40,45,_ZN5neml26OptionISt6vectorIS1_INS_10TensorNameINS_4WSR4EEESaIS4_EESaIS6_EEEC2ERKNSt7__cxx1112basic_stringIcSt11char_traitsIcESaIcEEE
FN:40,45,_ZN5neml26OptionISt6vectorIS1_INS_10TensorNameINS_4WWR4EEESaIS4_EESaIS6_EEEC2ERKNSt7__cxx1112basic_stringIcSt11char_traitsIcESaIcEEE
FN:40,45,_ZN5neml26OptionISt6vectorIS1_INS_10TensorNameINS_5SFFR4EEESaIS4_EESaIS6_EEEC2ERKNSt7__cxx1112basic_stringIcSt11char_traitsIcESaIcEEE
FN:40,45,_ZN5neml26OptionISt6vectorIS1_INS_10TensorNameINS_5WFFR4EEESaIS4_EESaIS6_EEEC2ERKNSt7__cxx1112basic_stringIcSt11char_traitsIcESaIcEEE
FN:40,45,_ZN5neml26OptionISt6vectorIS1_INS_10TensorNameINS_6ScalarEEESaIS4_EESaIS6_EEEC2ERKNSt7__cxx1112basic_stringIcSt11char_traitsIcESaIcEEE
FN:40,45,_ZN5neml26OptionISt6vectorIS1_INS_10TensorNameINS_6TensorEEESaIS4_EESaIS6_EEEC2ERKNSt7__cxx1112basic_stringIcSt11char_traitsIcESaIcEEE
FN:40,45,_ZN5neml26OptionISt6vectorIS1_INS_19LabeledAxisAccessorESaIS2_EESaIS4_EEEC2ERKNSt7__cxx1112basic_stringIcSt11char_traitsIcESaIcEEE
FN:40,45,_ZN5neml26OptionISt6vectorIS1_INSt7__cxx1112basic_stringIcSt11char_traitsIcESaIcEEESaIS7_EESaIS9_EEEC2ERKS7_
FN:40,45,_ZN5neml26OptionISt6vectorIS1_IbSaIbEESaIS3_EEEC2ERKNSt7__cxx1112basic_stringIcSt11char_traitsIcESaIcEEE
FN:40,45,_ZN5neml26OptionISt6vectorIS1_IdSaIdEESaIS3_EEEC2ERKNSt7__cxx1112basic_stringIcSt11char_traitsIcESaIcEEE
FN:40,45,_ZN5neml26OptionISt6vectorIS1_IiSaIiEESaIS3_EEEC2ERKNSt7__cxx1112basic_stringIcSt11char_traitsIcESaIcEEE
FN:40,45,_ZN5neml26OptionISt6vectorIS1_IjSaIjEESaIS3_EEEC2ERKNSt7__cxx1112basic_stringIcSt11char_traitsIcESaIcEEE
FN:40,45,_ZN5neml26OptionISt6vectorIS1_IlSaIlEESaIS3_EEEC2ERKNSt7__cxx1112basic_stringIcSt11char_traitsIcESaIcEEE
FN:40,45,_ZN5neml26OptionISt6vectorIS1_ImSaImEESaIS3_EEEC2ERKNSt7__cxx1112basic_stringIcSt11char_traitsIcESaIcEEE
FN:40,45,_ZN5neml26OptionISt6vectorIbSaIbEEEC2ERKNSt7__cxx1112basic_stringIcSt11char_traitsIcESaIcEEE
FN:40,45,_ZN5neml26OptionISt6vectorIdSaIdEEEC2ERKNSt7__cxx1112basic_stringIcSt11char_traitsIcESaIcEEE
FN:40,45,_ZN5neml26OptionISt6vectorIiSaIiEEEC2ERKNSt7__cxx1112basic_stringIcSt11char_traitsIcESaIcEEE
FN:40,45,_ZN5neml26OptionISt6vectorIjSaIjEEEC2ERKNSt7__cxx1112basic_stringIcSt11char_traitsIcESaIcEEE
FN:40,45,_ZN5neml26OptionISt6vectorIlSaIlEEEC2ERKNSt7__cxx1112basic_stringIcSt11char_traitsIcESaIcEEE
FN:40,45,_ZN5neml26OptionISt6vectorImSaImEEEC2ERKNSt7__cxx1112basic_stringIcSt11char_traitsIcESaIcEEE
FN:40,45,_ZN5neml26OptionIbEC2ERKNSt7__cxx1112basic_stringIcSt11char_traitsIcESaIcEEE
FN:40,45,_ZN5neml26OptionIdEC2ERKNSt7__cxx1112basic_stringIcSt11char_traitsIcESaIcEEE
FN:40,45,_ZN5neml26OptionIiEC2ERKNSt7__cxx1112basic_stringIcSt11char_traitsIcESaIcEEE
FN:40,45,_ZN5neml26OptionIjEC2ERKNSt7__cxx1112basic_stringIcSt11char_traitsIcESaIcEEE
FN:40,45,_ZN5neml26OptionIlEC2ERKNSt7__cxx1112basic_stringIcSt11char_traitsIcESaIcEEE
FN:40,45,_ZN5neml26OptionImEC2ERKNSt7__cxx1112basic_stringIcSt11char_traitsIcESaIcEEE
FN:48,53,_ZN5neml26OptionIN3c106DeviceEEC2ERKNSt7__cxx1112basic_stringIcSt11char_traitsIcESaIcEEE
FN:57,64,_ZNK5neml26OptionIN3c1011SmallVectorIlLj8EEEEeqERKNS_10OptionBaseE
FN:57,64,_ZNK5neml26OptionIN3c106DeviceEEeqERKNS_10OptionBaseE
FN:57,64,_ZNK5neml26OptionINS_10TensorNameIN2at6TensorEEEEeqERKNS_10OptionBaseE
FN:57,64,_ZNK5neml26OptionINS_10TensorNameINS_10QuaternionEEEEeqERKNS_10OptionBaseE
FN:57,64,_ZNK5neml26OptionINS_10TensorNameINS_11MillerIndexEEEEeqERKNS_10OptionBaseE
FN:57,64,_ZNK5neml26OptionINS_10TensorNameINS_2R2EEEEeqERKNS_10OptionBaseE
FN:57,64,_ZNK5neml26OptionINS_10TensorNameINS_2R3EEEEeqERKNS_10OptionBaseE
FN:57,64,_ZNK5neml26OptionINS_10TensorNameINS_2R4EEEEeqERKNS_10OptionBaseE
FN:57,64,_ZNK5neml26OptionINS_10TensorNameINS_3RotEEEEeqERKNS_10OptionBaseE
FN:57,64,_ZNK5neml26OptionINS_10TensorNameINS_3SR2EEEEeqERKNS_10OptionBaseE
FN:57,64,_ZNK5neml26OptionINS_10TensorNameINS_3VecEEEEeqERKNS_10OptionBaseE
FN:57,64,_ZNK5neml26OptionINS_10TensorNameINS_3WR2EEEEeqERKNS_10OptionBaseE
FN:57,64,_ZNK5neml26OptionINS_10TensorNameINS_4SFR3EEEEeqERKNS_10OptionBaseE
FN:57,64,_ZNK5neml26OptionINS_10TensorNameINS_4SSR4EEEEeqERKNS_10OptionBaseE
FN:57,64,_ZNK5neml26OptionINS_10TensorNameINS_4SWR4EEEEeqERKNS_10OptionBaseE
FN:57,64,_ZNK5neml26OptionINS_10TensorNameINS_4WSR4EEEEeqERKNS_10OptionBaseE
FN:57,64,_ZNK5neml26OptionINS_10TensorNameINS_4WWR4EEEEeqERKNS_10OptionBaseE
FN:57,64,_ZNK5neml26OptionINS_10TensorNameINS_5SFFR4EEEEeqERKNS_10OptionBaseE
FN:57,64,_ZNK5neml26OptionINS_10TensorNameINS_5WFFR4EEEEeqERKNS_10OptionBaseE
FN:57,64,_ZNK5neml26OptionINS_10TensorNameINS_6ScalarEEEEeqERKNS_10OptionBaseE
FN:57,64,_ZNK5neml26OptionINS_10TensorNameINS_6TensorEEEEeqERKNS_10OptionBaseE
FN:57,64,_ZNK5neml26OptionINS_13EnumSelectionEEeqERKNS_10OptionBaseE
FN:57,64,_ZNK5neml26OptionINS_18MultiEnumSelectionEEeqERKNS_10OptionBaseE
FN:57,64,_ZNK5neml26OptionINS_19LabeledAxisAccessorEEeqERKNS_10OptionBaseE
FN:57,64,_ZNK5neml26OptionINSt7__cxx1112basic_stringIcSt11char_traitsIcESaIcEEEEeqERKNS_10OptionBaseE
FN:57,64,_ZNK5neml26OptionIPNS_11NEML2ObjectEEeqERKNS_10OptionBaseE
FN:57,64,_ZNK5neml26OptionIPNS_7FactoryEEeqERKNS_10OptionBaseE
FN:57,64,_ZNK5neml26OptionISt10shared_ptrINS_8SettingsEEEeqERKNS_10OptionBaseE
FN:57,64,_ZNK5neml26OptionISt6vectorIN3c1011SmallVectorIlLj8EEESaIS4_EEEeqERKNS_10OptionBaseE
FN:57,64,_ZNK5neml26OptionISt6vectorIN3c106DeviceESaIS3_EEEeqERKNS_10OptionBaseE
FN:57,64,_ZNK5neml26OptionISt6vectorINS_10TensorNameIN2at6TensorEEESaIS5_EEEeqERKNS_10OptionBaseE
FN:57,64,_ZNK5neml26OptionISt6vectorINS_10TensorNameINS_10QuaternionEEESaIS4_EEEeqERKNS_10OptionBaseE
FN:57,64,_ZNK5neml26OptionISt6vectorINS_10TensorNameINS_11MillerIndexEEESaIS4_EEEeqERKNS_10OptionBaseE
FN:57,64,_ZNK5neml26OptionISt6vectorINS_10TensorNameINS_2R2EEESaIS4_EEEeqERKNS_10OptionBaseE
FN:57,64,_ZNK5neml26OptionISt6vectorINS_10TensorNameINS_2R3EEESaIS4_EEEeqERKNS_10OptionBaseE
FN:57,64,_ZNK5neml26OptionISt6vectorINS_10TensorNameINS_2R4EEESaIS4_EEEeqERKNS_10OptionBaseE
FN:57,64,_ZNK5neml26OptionISt6vectorINS_10TensorNameINS_3RotEEESaIS4_EEEeqERKNS_10OptionBaseE
FN:57,64,_ZNK5neml26OptionISt6vectorINS_10TensorNameINS_3SR2EEESaIS4_EEEeqERKNS_10OptionBaseE
FN:57,64,_ZNK5neml26OptionISt6vectorINS_10TensorNameINS_3VecEEESaIS4_EEEeqERKNS_10OptionBaseE
FN:57,64,_ZNK5neml26OptionISt6vectorINS_10TensorNameINS_3WR2EEESaIS4_EEEeqERKNS_10OptionBaseE
FN:57,64,_ZNK5neml26OptionISt6vectorINS_10TensorNameINS_4SFR3EEESaIS4_EEEeqERKNS_10OptionBaseE
FN:57,64,_ZNK5neml26OptionISt6vectorINS_10TensorNameINS_4SSR4EEESaIS4_EEEeqERKNS_10OptionBaseE
FN:57,64,_ZNK5neml26OptionISt6vectorINS_10TensorNameINS_4SWR4EEESaIS4_EEEeqERKNS_10OptionBaseE
FN:57,64,_ZNK5neml26OptionISt6vectorINS_10TensorNameINS_4WSR4EEESaIS4_EEEeqERKNS_10OptionBaseE
FN:57,64,_ZNK5neml26OptionISt6vectorINS_10TensorNameINS_4WWR4EEESaIS4_EEEeqERKNS_10OptionBaseE
FN:57,64,_ZNK5neml26OptionISt6vectorINS_10TensorNameINS_5SFFR4EEESaIS4_EEEeqERKNS_10OptionBaseE
FN:57,64,_ZNK5neml26OptionISt6vectorINS_10TensorNameINS_5WFFR4EEESaIS4_EEEeqERKNS_10OptionBaseE
FN:57,64,_ZNK5neml26OptionISt6vectorINS_10TensorNameINS_6ScalarEEESaIS4_EEEeqERKNS_10OptionBaseE
FN:57,64,_ZNK5neml26OptionISt6vectorINS_10TensorNameINS_6TensorEEESaIS4_EEEeqERKNS_10OptionBaseE
FN:57,64,_ZNK5neml26OptionISt6vectorINS_19LabeledAxisAccessorESaIS2_EEEeqERKNS_10OptionBaseE
FN:57,64,_ZNK5neml26OptionISt6vectorINSt7__cxx1112basic_stringIcSt11char_traitsIcESaIcEEESaIS7_EEEeqERKNS_10OptionBaseE
FN:57,64,_ZNK5neml26OptionISt6vectorIS1_IN3c1011SmallVectorIlLj8EEESaIS4_EESaIS6_EEEeqERKNS_10OptionBaseE
FN:57,64,_ZNK5neml26OptionISt6vectorIS1_IN3c106DeviceESaIS3_EESaIS5_EEEeqERKNS_10OptionBaseE
FN:57,64,_ZNK5neml26OptionISt6vectorIS1_INS_10TensorNameIN2at6TensorEEESaIS5_EESaIS7_EEEeqERKNS_10OptionBaseE
FN:57,64,_ZNK5neml26OptionISt6vectorIS1_INS_10TensorNameINS_10QuaternionEEESaIS4_EESaIS6_EEEeqERKNS_10OptionBaseE
FN:57,64,_ZNK5neml26OptionISt6vectorIS1_INS_10TensorNameINS_11MillerIndexEEESaIS4_EESaIS6_EEEeqERKNS_10OptionBaseE
FN:57,64,_ZNK5neml26OptionISt6vectorIS1_INS_10TensorNameINS_2R2EEESaIS4_EESaIS6_EEEeqERKNS_10OptionBaseE
FN:57,64,_ZNK5neml26OptionISt6vectorIS1_INS_10TensorNameINS_2R3EEESaIS4_EESaIS6_EEEeqERKNS_10OptionBaseE
FN:57,64,_ZNK5neml26OptionISt6vectorIS1_INS_10TensorNameINS_2R4EEESaIS4_EESaIS6_EEEeqERKNS_10OptionBaseE
FN:57,64,_ZNK5neml26OptionISt6vectorIS1_INS_10TensorNameINS_3RotEEESaIS4_EESaIS6_EEEeqERKNS_10OptionBaseE
FN:57,64,_ZNK5neml26OptionISt6vectorIS1_INS_10TensorNameINS_3SR2EEESaIS4_EESaIS6_EEEeqERKNS_10OptionBaseE
FN:57,64,_ZNK5neml26OptionISt6vectorIS1_INS_10TensorNameINS_3VecEEESaIS4_EESaIS6_EEEeqERKNS_10OptionBaseE
FN:57,64,_ZNK5neml26OptionISt6vectorIS1_INS_10TensorNameINS_3WR2EEESaIS4_EESaIS6_EEEeqERKNS_10OptionBaseE
FN:57,64,_ZNK5neml26OptionISt6vectorIS1_INS_10TensorNameINS_4SFR3EEESaIS4_EESaIS6_EEEeqERKNS_10OptionBaseE
FN:57,64,_ZNK5neml26OptionISt6vectorIS1_INS_10TensorNameINS_4SSR4EEESaIS4_EESaIS6_EEEeqERKNS_10OptionBaseE
FN:57,64,_ZNK5neml26OptionISt6vectorIS1_INS_10TensorNameINS_4SWR4EEESaIS4_EESaIS6_EEEeqERKNS_10OptionBaseE
FN:57,64,_ZNK5neml26OptionISt6vectorIS1_INS_10TensorNameINS_4WSR4EEESaIS4_EESaIS6_EEEeqERKNS_10OptionBaseE
FN:57,64,_ZNK5neml26OptionISt6vectorIS1_INS_10TensorNameINS_4WWR4EEESaIS4_EESaIS6_EEEeqERKNS_10OptionBaseE
FN:57,64,_ZNK5neml26OptionISt6vectorIS1_INS_10TensorNameINS_5SFFR4EEESaIS4_EESaIS6_EEEeqERKNS_10OptionBaseE
FN:57,64,_ZNK5neml26OptionISt6vectorIS1_INS_10TensorNameINS_5WFFR4EEESaIS4_EESaIS6_EEEeqERKNS_10OptionBaseE
FN:57,64,_ZNK5neml26OptionISt6vectorIS1_INS_10TensorNameINS_6ScalarEEESaIS4_EESaIS6_EEEeqERKNS_10OptionBaseE
FN:57,64,_ZNK5neml26OptionISt6vectorIS1_INS_10TensorNameINS_6TensorEEESaIS4_EESaIS6_EEEeqERKNS_10OptionBaseE
FN:57,64,_ZNK5neml26OptionISt6vectorIS1_INS_19LabeledAxisAccessorESaIS2_EESaIS4_EEEeqERKNS_10OptionBaseE
FN:57,64,_ZNK5neml26OptionISt6vectorIS1_INSt7__cxx1112basic_stringIcSt11char_traitsIcESaIcEEESaIS7_EESaIS9_EEEeqERKNS_10OptionBaseE
FN:57,64,_ZNK5neml26OptionISt6vectorIS1_IbSaIbEESaIS3_EEEeqERKNS_10OptionBaseE
FN:57,64,_ZNK5neml26OptionISt6vectorIS1_IdSaIdEESaIS3_EEEeqERKNS_10OptionBaseE
FN:57,64,_ZNK5neml26OptionISt6vectorIS1_IiSaIiEESaIS3_EEEeqERKNS_10OptionBaseE
FN:57,64,_ZNK5neml26OptionISt6vectorIS1_IjSaIjEESaIS3_EEEeqERKNS_10OptionBaseE
FN:57,64,_ZNK5neml26OptionISt6vectorIS1_IlSaIlEESaIS3_EEEeqERKNS_10OptionBaseE
FN:57,64,_ZNK5neml26OptionISt6vectorIS1_ImSaImEESaIS3_EEEeqERKNS_10OptionBaseE
FN:57,64,_ZNK5neml26OptionISt6vectorIbSaIbEEEeqERKNS_10OptionBaseE
FN:57,64,_ZNK5neml26OptionISt6vectorIdSaIdEEEeqERKNS_10OptionBaseE
FN:57,64,_ZNK5neml26OptionISt6vectorIiSaIiEEEeqERKNS_10OptionBaseE
FN:57,64,_ZNK5neml26OptionISt6vectorIjSaIjEEEeqERKNS_10OptionBaseE
FN:57,64,_ZNK5neml26OptionISt6vectorIlSaIlEEEeqERKNS_10OptionBaseE
FN:57,64,_ZNK5neml26OptionISt6vectorImSaImEEEeqERKNS_10OptionBaseE
FN:57,64,_ZNK5neml26OptionIbEeqERKNS_10OptionBaseE
FN:57,64,_ZNK5neml26OptionIdEeqERKNS_10OptionBaseE
FN:57,64,_ZNK5neml26OptionIiEeqERKNS_10OptionBaseE
FN:57,64,_ZNK5neml26OptionIjEeqERKNS_10OptionBaseE
FN:57,64,_ZNK5neml26OptionIlEeqERKNS_10OptionBaseE
FN:57,64,_ZNK5neml26OptionImEeqERKNS_10OptionBaseE
FN:68,71,_ZNK5neml26OptionIN3c1011SmallVectorIlLj8EEEEneERKNS_10OptionBaseE
FN:68,71,_ZNK5neml26OptionIN3c106DeviceEEneERKNS_10OptionBaseE
FN:68,71,_ZNK5neml26OptionINS_10TensorNameIN2at6TensorEEEEneERKNS_10OptionBaseE
FN:68,71,_ZNK5neml26OptionINS_10TensorNameINS_10QuaternionEEEEneERKNS_10OptionBaseE
FN:68,71,_ZNK5neml26OptionINS_10TensorNameINS_11MillerIndexEEEEneERKNS_10OptionBaseE
FN:68,71,_ZNK5neml26OptionINS_10TensorNameINS_2R2EEEEneERKNS_10OptionBaseE
FN:68,71,_ZNK5neml26OptionINS_10TensorNameINS_2R3EEEEneERKNS_10OptionBaseE
FN:68,71,_ZNK5neml26OptionINS_10TensorNameINS_2R4EEEEneERKNS_10OptionBaseE
FN:68,71,_ZNK5neml26OptionINS_10TensorNameINS_3RotEEEEneERKNS_10OptionBaseE
FN:68,71,_ZNK5neml26OptionINS_10TensorNameINS_3SR2EEEEneERKNS_10OptionBaseE
FN:68,71,_ZNK5neml26OptionINS_10TensorNameINS_3VecEEEEneERKNS_10OptionBaseE
FN:68,71,_ZNK5neml26OptionINS_10TensorNameINS_3WR2EEEEneERKNS_10OptionBaseE
FN:68,71,_ZNK5neml26OptionINS_10TensorNameINS_4SFR3EEEEneERKNS_10OptionBaseE
FN:68,71,_ZNK5neml26OptionINS_10TensorNameINS_4SSR4EEEEneERKNS_10OptionBaseE
FN:68,71,_ZNK5neml26OptionINS_10TensorNameINS_4SWR4EEEEneERKNS_10OptionBaseE
FN:68,71,_ZNK5neml26OptionINS_10TensorNameINS_4WSR4EEEEneERKNS_10OptionBaseE
FN:68,71,_ZNK5neml26OptionINS_10TensorNameINS_4WWR4EEEEneERKNS_10OptionBaseE
FN:68,71,_ZNK5neml26OptionINS_10TensorNameINS_5SFFR4EEEEneERKNS_10OptionBaseE
FN:68,71,_ZNK5neml26OptionINS_10TensorNameINS_5WFFR4EEEEneERKNS_10OptionBaseE
FN:68,71,_ZNK5neml26OptionINS_10TensorNameINS_6ScalarEEEEneERKNS_10OptionBaseE
FN:68,71,_ZNK5neml26OptionINS_10TensorNameINS_6TensorEEEEneERKNS_10OptionBaseE
FN:68,71,_ZNK5neml26OptionINS_13EnumSelectionEEneERKNS_10OptionBaseE
FN:68,71,_ZNK5neml26OptionINS_18MultiEnumSelectionEEneERKNS_10OptionBaseE
FN:68,71,_ZNK5neml26OptionINS_19LabeledAxisAccessorEEneERKNS_10OptionBaseE
FN:68,71,_ZNK5neml26OptionINSt7__cxx1112basic_stringIcSt11char_traitsIcESaIcEEEEneERKNS_10OptionBaseE
FN:68,71,_ZNK5neml26OptionIPNS_11NEML2ObjectEEneERKNS_10OptionBaseE
FN:68,71,_ZNK5neml26OptionIPNS_7FactoryEEneERKNS_10OptionBaseE
FN:68,71,_ZNK5neml26OptionISt10shared_ptrINS_8SettingsEEEneERKNS_10OptionBaseE
FN:68,71,_ZNK5neml26OptionISt6vectorIN3c1011SmallVectorIlLj8EEESaIS4_EEEneERKNS_10OptionBaseE
FN:68,71,_ZNK5neml26OptionISt6vectorIN3c106DeviceESaIS3_EEEneERKNS_10OptionBaseE
FN:68,71,_ZNK5neml26OptionISt6vectorINS_10TensorNameIN2at6TensorEEESaIS5_EEEneERKNS_10OptionBaseE
FN:68,71,_ZNK5neml26OptionISt6vectorINS_10TensorNameINS_10QuaternionEEESaIS4_EEEneERKNS_10OptionBaseE
FN:68,71,_ZNK5neml26OptionISt6vectorINS_10TensorNameINS_11MillerIndexEEESaIS4_EEEneERKNS_10OptionBaseE
FN:68,71,_ZNK5neml26OptionISt6vectorINS_10TensorNameINS_2R2EEESaIS4_EEEneERKNS_10OptionBaseE
FN:68,71,_ZNK5neml26OptionISt6vectorINS_10TensorNameINS_2R3EEESaIS4_EEEneERKNS_10OptionBaseE
FN:68,71,_ZNK5neml26OptionISt6vectorINS_10TensorNameINS_2R4EEESaIS4_EEEneERKNS_10OptionBaseE
FN:68,71,_ZNK5neml26OptionISt6vectorINS_10TensorNameINS_3RotEEESaIS4_EEEneERKNS_10OptionBaseE
FN:68,71,_ZNK5neml26OptionISt6vectorINS_10TensorNameINS_3SR2EEESaIS4_EEEneERKNS_10OptionBaseE
FN:68,71,_ZNK5neml26OptionISt6vectorINS_10TensorNameINS_3VecEEESaIS4_EEEneERKNS_10OptionBaseE
FN:68,71,_ZNK5neml26OptionISt6vectorINS_10TensorNameINS_3WR2EEESaIS4_EEEneERKNS_10OptionBaseE
FN:68,71,_ZNK5neml26OptionISt6vectorINS_10TensorNameINS_4SFR3EEESaIS4_EEEneERKNS_10OptionBaseE
FN:68,71,_ZNK5neml26OptionISt6vectorINS_10TensorNameINS_4SSR4EEESaIS4_EEEneERKNS_10OptionBaseE
FN:68,71,_ZNK5neml26OptionISt6vectorINS_10TensorNameINS_4SWR4EEESaIS4_EEEneERKNS_10OptionBaseE
FN:68,71,_ZNK5neml26OptionISt6vectorINS_10TensorNameINS_4WSR4EEESaIS4_EEEneERKNS_10OptionBaseE
FN:68,71,_ZNK5neml26OptionISt6vectorINS_10TensorNameINS_4WWR4EEESaIS4_EEEneERKNS_10OptionBaseE
FN:68,71,_ZNK5neml26OptionISt6vectorINS_10TensorNameINS_5SFFR4EEESaIS4_EEEneERKNS_10OptionBaseE
FN:68,71,_ZNK5neml26OptionISt6vectorINS_10TensorNameINS_5WFFR4EEESaIS4_EEEneERKNS_10OptionBaseE
FN:68,71,_ZNK5neml26OptionISt6vectorINS_10TensorNameINS_6ScalarEEESaIS4_EEEneERKNS_10OptionBaseE
FN:68,71,_ZNK5neml26OptionISt6vectorINS_10TensorNameINS_6TensorEEESaIS4_EEEneERKNS_10OptionBaseE
FN:68,71,_ZNK5neml26OptionISt6vectorINS_19LabeledAxisAccessorESaIS2_EEEneERKNS_10OptionBaseE
FN:68,71,_ZNK5neml26OptionISt6vectorINSt7__cxx1112basic_stringIcSt11char_traitsIcESaIcEEESaIS7_EEEneERKNS_10OptionBaseE
FN:68,71,_ZNK5neml26OptionISt6vectorIS1_IN3c1011SmallVectorIlLj8EEESaIS4_EESaIS6_EEEneERKNS_10OptionBaseE
FN:68,71,_ZNK5neml26OptionISt6vectorIS1_IN3c106DeviceESaIS3_EESaIS5_EEEneERKNS_10OptionBaseE
FN:68,71,_ZNK5neml26OptionISt6vectorIS1_INS_10TensorNameIN2at6TensorEEESaIS5_EESaIS7_EEEneERKNS_10OptionBaseE
FN:68,71,_ZNK5neml26OptionISt6vectorIS1_INS_10TensorNameINS_10QuaternionEEESaIS4_EESaIS6_EEEneERKNS_10OptionBaseE
FN:68,71,_ZNK5neml26OptionISt6vectorIS1_INS_10TensorNameINS_11MillerIndexEEESaIS4_EESaIS6_EEEneERKNS_10OptionBaseE
FN:68,71,_ZNK5neml26OptionISt6vectorIS1_INS_10TensorNameINS_2R2EEESaIS4_EESaIS6_EEEneERKNS_10OptionBaseE
FN:68,71,_ZNK5neml26OptionISt6vectorIS1_INS_10TensorNameINS_2R3EEESaIS4_EESaIS6_EEEneERKNS_10OptionBaseE
FN:68,71,_ZNK5neml26OptionISt6vectorIS1_INS_10TensorNameINS_2R4EEESaIS4_EESaIS6_EEEneERKNS_10OptionBaseE
FN:68,71,_ZNK5neml26OptionISt6vectorIS1_INS_10TensorNameINS_3RotEEESaIS4_EESaIS6_EEEneERKNS_10OptionBaseE
FN:68,71,_ZNK5neml26OptionISt6vectorIS1_INS_10TensorNameINS_3SR2EEESaIS4_EESaIS6_EEEneERKNS_10OptionBaseE
FN:68,71,_ZNK5neml26OptionISt6vectorIS1_INS_10TensorNameINS_3VecEEESaIS4_EESaIS6_EEEneERKNS_10OptionBaseE
FN:68,71,_ZNK5neml26OptionISt6vectorIS1_INS_10TensorNameINS_3WR2EEESaIS4_EESaIS6_EEEneERKNS_10OptionBaseE
FN:68,71,_ZNK5neml26OptionISt6vectorIS1_INS_10TensorNameINS_4SFR3EEESaIS4_EESaIS6_EEEneERKNS_10OptionBaseE
FN:68,71,_ZNK5neml26OptionISt6vectorIS1_INS_10TensorNameINS_4SSR4EEESaIS4_EESaIS6_EEEneERKNS_10OptionBaseE
FN:68,71,_ZNK5neml26OptionISt6vectorIS1_INS_10TensorNameINS_4SWR4EEESaIS4_EESaIS6_EEEneERKNS_10OptionBaseE
FN:68,71,_ZNK5neml26OptionISt6vectorIS1_INS_10TensorNameINS_4WSR4EEESaIS4_EESaIS6_EEEneERKNS_10OptionBaseE
FN:68,71,_ZNK5neml26OptionISt6vectorIS1_INS_10TensorNameINS_4WWR4EEESaIS4_EESaIS6_EEEneERKNS_10OptionBaseE
FN:68,71,_ZNK5neml26OptionISt6vectorIS1_INS_10TensorNameINS_5SFFR4EEESaIS4_EESaIS6_EEEneERKNS_10OptionBaseE
FN:68,71,_ZNK5neml26OptionISt6vectorIS1_INS_10TensorNameINS_5WFFR4EEESaIS4_EESaIS6_EEEneERKNS_10OptionBaseE
FN:68,71,_ZNK5neml26OptionISt6vectorIS1_INS_10TensorNameINS_6ScalarEEESaIS4_EESaIS6_EEEneERKNS_10OptionBaseE
FN:68,71,_ZNK5neml26OptionISt6vectorIS1_INS_10TensorNameINS_6TensorEEESaIS4_EESaIS6_EEEneERKNS_10OptionBaseE
FN:68,71,_ZNK5neml26OptionISt6vectorIS1_INS_19LabeledAxisAccessorESaIS2_EESaIS4_EEEneERKNS_10OptionBaseE
FN:68,71,_ZNK5neml26OptionISt6vectorIS1_INSt7__cxx1112basic_stringIcSt11char_traitsIcESaIcEEESaIS7_EESaIS9_EEEneERKNS_10OptionBaseE
FN:68,71,_ZNK5neml26OptionISt6vectorIS1_IbSaIbEESaIS3_EEEneERKNS_10OptionBaseE
FN:68,71,_ZNK5neml26OptionISt6vectorIS1_IdSaIdEESaIS3_EEEneERKNS_10OptionBaseE
FN:68,71,_ZNK5neml26OptionISt6vectorIS1_IiSaIiEESaIS3_EEEneERKNS_10OptionBaseE
FN:68,71,_ZNK5neml26OptionISt6vectorIS1_IjSaIjEESaIS3_EEEneERKNS_10OptionBaseE
FN:68,71,_ZNK5neml26OptionISt6vectorIS1_IlSaIlEESaIS3_EEEneERKNS_10OptionBaseE
FN:68,71,_ZNK5neml26OptionISt6vectorIS1_ImSaImEESaIS3_EEEneERKNS_10OptionBaseE
FN:68,71,_ZNK5neml26OptionISt6vectorIbSaIbEEEneERKNS_10OptionBaseE
FN:68,71,_ZNK5neml26OptionISt6vectorIdSaIdEEEneERKNS_10OptionBaseE
FN:68,71,_ZNK5neml26OptionISt6vectorIiSaIiEEEneERKNS_10OptionBaseE
FN:68,71,_ZNK5neml26OptionISt6vectorIjSaIjEEEneERKNS_10OptionBaseE
FN:68,71,_ZNK5neml26OptionISt6vectorIlSaIlEEEneERKNS_10OptionBaseE
FN:68,71,_ZNK5neml26OptionISt6vectorImSaImEEEneERKNS_10OptionBaseE
FN:68,71,_ZNK5neml26OptionIbEneERKNS_10OptionBaseE
FN:68,71,_ZNK5neml26OptionIdEneERKNS_10OptionBaseE
FN:68,71,_ZNK5neml26OptionIiEneERKNS_10OptionBaseE
FN:68,71,_ZNK5neml26OptionIjEneERKNS_10OptionBaseE
FN:68,71,_ZNK5neml26OptionIlEneERKNS_10OptionBaseE
FN:68,71,_ZNK5neml26OptionImEneERKNS_10OptionBaseE
FN:84,90,_ZNK5neml26OptionIN3c1011SmallVectorIlLj8EEEE5cloneEv
FN:84,90,_ZNK5neml26OptionIN3c106DeviceEE5cloneEv
FN:84,90,_ZNK5neml26OptionINS_10TensorNameIN2at6TensorEEEE5cloneEv
FN:84,90,_ZNK5neml26OptionINS_10TensorNameINS_10QuaternionEEEE5cloneEv
FN:84,90,_ZNK5neml26OptionINS_10TensorNameINS_11MillerIndexEEEE5cloneEv
FN:84,90,_ZNK5neml26OptionINS_10TensorNameINS_2R2EEEE5cloneEv
FN:84,90,_ZNK5neml26OptionINS_10TensorNameINS_2R3EEEE5cloneEv
FN:84,90,_ZNK5neml26OptionINS_10TensorNameINS_2R4EEEE5cloneEv
FN:84,90,_ZNK5neml26OptionINS_10TensorNameINS_3RotEEEE5cloneEv
FN:84,90,_ZNK5neml26OptionINS_10TensorNameINS_3SR2EEEE5cloneEv
FN:84,90,_ZNK5neml26OptionINS_10TensorNameINS_3VecEEEE5cloneEv
FN:84,90,_ZNK5neml26OptionINS_10TensorNameINS_3WR2EEEE5cloneEv
FN:84,90,_ZNK5neml26OptionINS_10TensorNameINS_4SFR3EEEE5cloneEv
FN:84,90,_ZNK5neml26OptionINS_10TensorNameINS_4SSR4EEEE5cloneEv
FN:84,90,_ZNK5neml26OptionINS_10TensorNameINS_4SWR4EEEE5cloneEv
FN:84,90,_ZNK5neml26OptionINS_10TensorNameINS_4WSR4EEEE5cloneEv
FN:84,90,_ZNK5neml26OptionINS_10TensorNameINS_4WWR4EEEE5cloneEv
FN:84,90,_ZNK5neml26OptionINS_10TensorNameINS_5SFFR4EEEE5cloneEv
FN:84,90,_ZNK5neml26OptionINS_10TensorNameINS_5WFFR4EEEE5cloneEv
FN:84,90,_ZNK5neml26OptionINS_10TensorNameINS_6ScalarEEEE5cloneEv
FN:84,90,_ZNK5neml26OptionINS_10TensorNameINS_6TensorEEEE5cloneEv
FN:84,90,_ZNK5neml26OptionINS_13EnumSelectionEE5cloneEv
FN:84,90,_ZNK5neml26OptionINS_18MultiEnumSelectionEE5cloneEv
FN:84,90,_ZNK5neml26OptionINS_19LabeledAxisAccessorEE5cloneEv
FN:84,90,_ZNK5neml26OptionINSt7__cxx1112basic_stringIcSt11char_traitsIcESaIcEEEE5cloneEv
FN:84,90,_ZNK5neml26OptionIPNS_11NEML2ObjectEE5cloneEv
FN:84,90,_ZNK5neml26OptionIPNS_7FactoryEE5cloneEv
FN:84,90,_ZNK5neml26OptionISt10shared_ptrINS_8SettingsEEE5cloneEv
FN:84,90,_ZNK5neml26OptionISt6vectorIN3c1011SmallVectorIlLj8EEESaIS4_EEE5cloneEv
FN:84,90,_ZNK5neml26OptionISt6vectorIN3c106DeviceESaIS3_EEE5cloneEv
FN:84,90,_ZNK5neml26OptionISt6vectorINS_10TensorNameIN2at6TensorEEESaIS5_EEE5cloneEv
FN:84,90,_ZNK5neml26OptionISt6vectorINS_10TensorNameINS_10QuaternionEEESaIS4_EEE5cloneEv
FN:84,90,_ZNK5neml26OptionISt6vectorINS_10TensorNameINS_11MillerIndexEEESaIS4_EEE5cloneEv
FN:84,90,_ZNK5neml26OptionISt6vectorINS_10TensorNameINS_2R2EEESaIS4_EEE5cloneEv
FN:84,90,_ZNK5neml26OptionISt6vectorINS_10TensorNameINS_2R3EEESaIS4_EEE5cloneEv
FN:84,90,_ZNK5neml26OptionISt6vectorINS_10TensorNameINS_2R4EEESaIS4_EEE5cloneEv
FN:84,90,_ZNK5neml26OptionISt6vectorINS_10TensorNameINS_3RotEEESaIS4_EEE5cloneEv
FN:84,90,_ZNK5neml26OptionISt6vectorINS_10TensorNameINS_3SR2EEESaIS4_EEE5cloneEv
FN:84,90,_ZNK5neml26OptionISt6vectorINS_10TensorNameINS_3VecEEESaIS4_EEE5cloneEv
FN:84,90,_ZNK5neml26OptionISt6vectorINS_10TensorNameINS_3WR2EEESaIS4_EEE5cloneEv
FN:84,90,_ZNK5neml26OptionISt6vectorINS_10TensorNameINS_4SFR3EEESaIS4_EEE5cloneEv
FN:84,90,_ZNK5neml26OptionISt6vectorINS_10TensorNameINS_4SSR4EEESaIS4_EEE5cloneEv
FN:84,90,_ZNK5neml26OptionISt6vectorINS_10TensorNameINS_4SWR4EEESaIS4_EEE5cloneEv
FN:84,90,_ZNK5neml26OptionISt6vectorINS_10TensorNameINS_4WSR4EEESaIS4_EEE5cloneEv
FN:84,90,_ZNK5neml26OptionISt6vectorINS_10TensorNameINS_4WWR4EEESaIS4_EEE5cloneEv
FN:84,90,_ZNK5neml26OptionISt6vectorINS_10TensorNameINS_5SFFR4EEESaIS4_EEE5cloneEv
FN:84,90,_ZNK5neml26OptionISt6vectorINS_10TensorNameINS_5WFFR4EEESaIS4_EEE5cloneEv
FN:84,90,_ZNK5neml26OptionISt6vectorINS_10TensorNameINS_6ScalarEEESaIS4_EEE5cloneEv
FN:84,90,_ZNK5neml26OptionISt6vectorINS_10TensorNameINS_6TensorEEESaIS4_EEE5cloneEv
FN:84,90,_ZNK5neml26OptionISt6vectorINS_19LabeledAxisAccessorESaIS2_EEE5cloneEv
FN:84,90,_ZNK5neml26OptionISt6vectorINSt7__cxx1112basic_stringIcSt11char_traitsIcESaIcEEESaIS7_EEE5cloneEv
FN:84,90,_ZNK5neml26OptionISt6vectorIS1_IN3c1011SmallVectorIlLj8EEESaIS4_EESaIS6_EEE5cloneEv
FN:84,90,_ZNK5neml26OptionISt6vectorIS1_IN3c106DeviceESaIS3_EESaIS5_EEE5cloneEv
FN:84,90,_ZNK5neml26OptionISt6vectorIS1_INS_10TensorNameIN2at6TensorEEESaIS5_EESaIS7_EEE5cloneEv
FN:84,90,_ZNK5neml26OptionISt6vectorIS1_INS_10TensorNameINS_10QuaternionEEESaIS4_EESaIS6_EEE5cloneEv
FN:84,90,_ZNK5neml26OptionISt6vectorIS1_INS_10TensorNameINS_11MillerIndexEEESaIS4_EESaIS6_EEE5cloneEv
FN:84,90,_ZNK5neml26OptionISt6vectorIS1_INS_10TensorNameINS_2R2EEESaIS4_EESaIS6_EEE5cloneEv
FN:84,90,_ZNK5neml26OptionISt6vectorIS1_INS_10TensorNameINS_2R3EEESaIS4_EESaIS6_EEE5cloneEv
FN:84,90,_ZNK5neml26OptionISt6vectorIS1_INS_10TensorNameINS_2R4EEESaIS4_EESaIS6_EEE5cloneEv
FN:84,90,_ZNK5neml26OptionISt6vectorIS1_INS_10TensorNameINS_3RotEEESaIS4_EESaIS6_EEE5cloneEv
FN:84,90,_ZNK5neml26OptionISt6vectorIS1_INS_10TensorNameINS_3SR2EEESaIS4_EESaIS6_EEE5cloneEv
FN:84,90,_ZNK5neml26OptionISt6vectorIS1_INS_10TensorNameINS_3VecEEESaIS4_EESaIS6_EEE5cloneEv
FN:84,90,_ZNK5neml26OptionISt6vectorIS1_INS_10TensorNameINS_3WR2EEESaIS4_EESaIS6_EEE5cloneEv
FN:84,90,_ZNK5neml26OptionISt6vectorIS1_INS_10TensorNameINS_4SFR3EEESaIS4_EESaIS6_EEE5cloneEv
FN:84,90,_ZNK5neml26OptionISt6vectorIS1_INS_10TensorNameINS_4SSR4EEESaIS4_EESaIS6_EEE5cloneEv
FN:84,90,_ZNK5neml26OptionISt6vectorIS1_INS_10TensorNameINS_4SWR4EEESaIS4_EESaIS6_EEE5cloneEv
FN:84,90,_ZNK5neml26OptionISt6vectorIS1_INS_10TensorNameINS_4WSR4EEESaIS4_EESaIS6_EEE5cloneEv
FN:84,90,_ZNK5neml26OptionISt6vectorIS1_INS_10TensorNameINS_4WWR4EEESaIS4_EESaIS6_EEE5cloneEv
FN:84,90,_ZNK5neml26OptionISt6vectorIS1_INS_10TensorNameINS_5SFFR4EEESaIS4_EESaIS6_EEE5cloneEv
FN:84,90,_ZNK5neml26OptionISt6vectorIS1_INS_10TensorNameINS_5WFFR4EEESaIS4_EESaIS6_EEE5cloneEv
FN:84,90,_ZNK5neml26OptionISt6vectorIS1_INS_10TensorNameINS_6ScalarEEESaIS4_EESaIS6_EEE5cloneEv
FN:84,90,_ZNK5neml26OptionISt6vectorIS1_INS_10TensorNameINS_6TensorEEESaIS4_EESaIS6_EEE5cloneEv
FN:84,90,_ZNK5neml26OptionISt6vectorIS1_INS_19LabeledAxisAccessorESaIS2_EESaIS4_EEE5cloneEv
FN:84,90,_ZNK5neml26OptionISt6vectorIS1_INSt7__cxx1112basic_stringIcSt11char_traitsIcESaIcEEESaIS7_EESaIS9_EEE5cloneEv
FN:84,90,_ZNK5neml26OptionISt6vectorIS1_IbSaIbEESaIS3_EEE5cloneEv
FN:84,90,_ZNK5neml26OptionISt6vectorIS1_IdSaIdEESaIS3_EEE5cloneEv
FN:84,90,_ZNK5neml26OptionISt6vectorIS1_IiSaIiEESaIS3_EEE5cloneEv
FN:84,90,_ZNK5neml26OptionISt6vectorIS1_IjSaIjEESaIS3_EEE5cloneEv
FN:84,90,_ZNK5neml26OptionISt6vectorIS1_IlSaIlEESaIS3_EEE5cloneEv
FN:84,90,_ZNK5neml26OptionISt6vectorIS1_ImSaImEESaIS3_EEE5cloneEv
FN:84,90,_ZNK5neml26OptionISt6vectorIbSaIbEEE5cloneEv
FN:84,90,_ZNK5neml26OptionISt6vectorIdSaIdEEE5cloneEv
FN:84,90,_ZNK5neml26OptionISt6vectorIiSaIiEEE5cloneEv
FN:84,90,_ZNK5neml26OptionISt6vectorIjSaIjEEE5cloneEv
FN:84,90,_ZNK5neml26OptionISt6vectorIlSaIlEEE5cloneEv
FN:84,90,_ZNK5neml26OptionISt6vectorImSaImEEE5cloneEv
FN:84,90,_ZNK5neml26OptionIbE5cloneEv
FN:84,90,_ZNK5neml26OptionIdE5cloneEv
FN:84,90,_ZNK5neml26OptionIiE5cloneEv
FN:84,90,_ZNK5neml26OptionIjE5cloneEv
FN:84,90,_ZNK5neml26OptionIlE5cloneEv
FN:84,90,_ZNK5neml26OptionImE5cloneEv
FNDA:0,_ZN5neml27details13_print_helperIcEEvRSoPKT_
FNDA:0,_ZN5neml27details13_print_helperIhEEvRSoPKT_
FNDA:0,_ZN5neml27details13_print_helperIbEEvRSoPKSt6vectorIT_SaIS4_EE
FNDA:3885,_ZN5neml26OptionIN3c1011SmallVectorIlLj8EEEEC2ERKNSt7__cxx1112basic_stringIcSt11char_traitsIcESaIcEEE
FNDA:0,_ZN5neml26OptionINS_10TensorNameIN2at6TensorEEEEC2ERKNSt7__cxx1112basic_stringIcSt11char_traitsIcESaIcEEE
FNDA:36,_ZN5neml26OptionINS_10TensorNameINS_10QuaternionEEEEC2ERKNSt7__cxx1112basic_stringIcSt11char_traitsIcESaIcEEE
FNDA:336,_ZN5neml26OptionINS_10TensorNameINS_11MillerIndexEEEEC2ERKNSt7__cxx1112basic_stringIcSt11char_traitsIcESaIcEEE
FNDA:192,_ZN5neml26OptionINS_10TensorNameINS_2R2EEEEC2ERKNSt7__cxx1112basic_stringIcSt11char_traitsIcESaIcEEE
FNDA:36,_ZN5neml26OptionINS_10TensorNameINS_2R3EEEEC2ERKNSt7__cxx1112basic_stringIcSt11char_traitsIcESaIcEEE
FNDA:36,_ZN5neml26OptionINS_10TensorNameINS_2R4EEEEC2ERKNSt7__cxx1112basic_stringIcSt11char_traitsIcESaIcEEE
FNDA:36,_ZN5neml26OptionINS_10TensorNameINS_3RotEEEEC2ERKNSt7__cxx1112basic_stringIcSt11char_traitsIcESaIcEEE
FNDA:409,_ZN5neml26OptionINS_10TensorNameINS_3SR2EEEEC2ERKNSt7__cxx1112basic_stringIcSt11char_traitsIcESaIcEEE
FNDA:218,_ZN5neml26OptionINS_10TensorNameINS_3VecEEEEC2ERKNSt7__cxx1112basic_stringIcSt11char_traitsIcESaIcEEE
FNDA:57,_ZN5neml26OptionINS_10TensorNameINS_3WR2EEEEC2ERKNSt7__cxx1112basic_stringIcSt11char_traitsIcESaIcEEE
FNDA:36,_ZN5neml26OptionINS_10TensorNameINS_4SFR3EEEEC2ERKNSt7__cxx1112basic_stringIcSt11char_traitsIcESaIcEEE
FNDA:67,_ZN5neml26OptionINS_10TensorNameINS_4SSR4EEEEC2ERKNSt7__cxx1112basic_stringIcSt11char_traitsIcESaIcEEE
FNDA:36,_ZN5neml26OptionINS_10TensorNameINS_4SWR4EEEEC2ERKNSt7__cxx1112basic_stringIcSt11char_traitsIcESaIcEEE
FNDA:36,_ZN5neml26OptionINS_10TensorNameINS_4WSR4EEEEC2ERKNSt7__cxx1112basic_stringIcSt11char_traitsIcESaIcEEE
FNDA:36,_ZN5neml26OptionINS_10TensorNameINS_4WWR4EEEEC2ERKNSt7__cxx1112basic_stringIcSt11char_traitsIcESaIcEEE
FNDA:36,_ZN5neml26OptionINS_10TensorNameINS_5SFFR4EEEEC2ERKNSt7__cxx1112basic_stringIcSt11char_traitsIcESaIcEEE
FNDA:36,_ZN5neml26OptionINS_10TensorNameINS_5WFFR4EEEEC2ERKNSt7__cxx1112basic_stringIcSt11char_traitsIcESaIcEEE
FNDA:2794,_ZN5neml26OptionINS_10TensorNameINS_6ScalarEEEEC2ERKNSt7__cxx1112basic_stringIcSt11char_traitsIcESaIcEEE
FNDA:86,_ZN5neml26OptionINS_10TensorNameINS_6TensorEEEEC2ERKNSt7__cxx1112basic_stringIcSt11char_traitsIcESaIcEEE
FNDA:3376,_ZN5neml26OptionINS_13EnumSelectionEEC2ERKNSt7__cxx1112basic_stringIcSt11char_traitsIcESaIcEEE
FNDA:7395,_ZN5neml26OptionINS_18MultiEnumSelectionEEC2ERKNSt7__cxx1112basic_stringIcSt11char_traitsIcESaIcEEE
FNDA:7616,_ZN5neml26OptionINS_19LabeledAxisAccessorEEC2ERKNSt7__cxx1112basic_stringIcSt11char_traitsIcESaIcEEE
FNDA:7500,_ZN5neml26OptionINSt7__cxx1112basic_stringIcSt11char_traitsIcESaIcEEEEC2ERKS6_
FNDA:13011,_ZN5neml26OptionIPNS_11NEML2ObjectEEC2ERKNSt7__cxx1112basic_stringIcSt11char_traitsIcESaIcEEE
FNDA:12444,_ZN5neml26OptionIPNS_7FactoryEEC2ERKNSt7__cxx1112basic_stringIcSt11char_traitsIcESaIcEEE
FNDA:12444,_ZN5neml26OptionISt10shared_ptrINS_8SettingsEEEC2ERKNSt7__cxx1112basic_stringIcSt11char_traitsIcESaIcEEE
FNDA:7224,_ZN5neml26OptionISt6vectorIN3c1011SmallVectorIlLj8EEESaIS4_EEEC2ERKNSt7__cxx1112basic_stringIcSt11char_traitsIcESaIcEEE
FNDA:52,_ZN5neml26OptionISt6vectorIN3c106DeviceESaIS3_EEEC2ERKNSt7__cxx1112basic_stringIcSt11char_traitsIcESaIcEEE
FNDA:0,_ZN5neml26OptionISt6vectorINS_10TensorNameIN2at6TensorEEESaIS5_EEEC2ERKNSt7__cxx1112basic_stringIcSt11char_traitsIcESaIcEEE
FNDA:2058,_ZN5neml26OptionISt6vectorINS_10TensorNameINS_10QuaternionEEESaIS4_EEEC2ERKNSt7__cxx1112basic_stringIcSt11char_traitsIcESaIcEEE
FNDA:2058,_ZN5neml26OptionISt6vectorINS_10TensorNameINS_11MillerIndexEEESaIS4_EEEC2ERKNSt7__cxx1112basic_stringIcSt11char_traitsIcESaIcEEE
FNDA:2058,_ZN5neml26OptionISt6vectorINS_10TensorNameINS_2R2EEESaIS4_EEEC2ERKNSt7__cxx1112basic_stringIcSt11char_traitsIcESaIcEEE
FNDA:2058,_ZN5neml26OptionISt6vectorINS_10TensorNameINS_2R3EEESaIS4_EEEC2ERKNSt7__cxx1112basic_stringIcSt11char_traitsIcESaIcEEE
FNDA:2058,_ZN5neml26OptionISt6vectorINS_10TensorNameINS_2R4EEESaIS4_EEEC2ERKNSt7__cxx1112basic_stringIcSt11char_traitsIcESaIcEEE
FNDA:2058,_ZN5neml26OptionISt6vectorINS_10TensorNameINS_3RotEEESaIS4_EEEC2ERKNSt7__cxx1112basic_stringIcSt11char_traitsIcESaIcEEE
FNDA:2058,_ZN5neml26OptionISt6vectorINS_10TensorNameINS_3SR2EEESaIS4_EEEC2ERKNSt7__cxx1112basic_stringIcSt11char_traitsIcESaIcEEE
FNDA:2058,_ZN5neml26OptionISt6vectorINS_10TensorNameINS_3VecEEESaIS4_EEEC2ERKNSt7__cxx1112basic_stringIcSt11char_traitsIcESaIcEEE
FNDA:2058,_ZN5neml26OptionISt6vectorINS_10TensorNameINS_3WR2EEESaIS4_EEEC2ERKNSt7__cxx1112basic_stringIcSt11char_traitsIcESaIcEEE
FNDA:2058,_ZN5neml26OptionISt6vectorINS_10TensorNameINS_4SFR3EEESaIS4_EEEC2ERKNSt7__cxx1112basic_stringIcSt11char_traitsIcESaIcEEE
FNDA:2058,_ZN5neml26OptionISt6vectorINS_10TensorNameINS_4SSR4EEESaIS4_EEEC2ERKNSt7__cxx1112basic_stringIcSt11char_traitsIcESaIcEEE
FNDA:2058,_ZN5neml26OptionISt6vectorINS_10TensorNameINS_4SWR4EEESaIS4_EEEC2ERKNSt7__cxx1112basic_stringIcSt11char_traitsIcESaIcEEE
FNDA:2058,_ZN5neml26OptionISt6vectorINS_10TensorNameINS_4WSR4EEESaIS4_EEEC2ERKNSt7__cxx1112basic_stringIcSt11char_traitsIcESaIcEEE
FNDA:2058,_ZN5neml26OptionISt6vectorINS_10TensorNameINS_4WWR4EEESaIS4_EEEC2ERKNSt7__cxx1112basic_stringIcSt11char_traitsIcESaIcEEE
FNDA:2058,_ZN5neml26OptionISt6vectorINS_10TensorNameINS_5SFFR4EEESaIS4_EEEC2ERKNSt7__cxx1112basic_stringIcSt11char_traitsIcESaIcEEE
FNDA:2058,_ZN5neml26OptionISt6vectorINS_10TensorNameINS_5WFFR4EEESaIS4_EEEC2ERKNSt7__cxx1112basic_stringIcSt11char_traitsIcESaIcEEE
FNDA:3440,_ZN5neml26OptionISt6vectorINS_10TensorNameINS_6ScalarEEESaIS4_EEEC2ERKNSt7__cxx1112basic_stringIcSt11char_traitsIcESaIcEEE
FNDA:2058,_ZN5neml26OptionISt6vectorINS_10TensorNameINS_6TensorEEESaIS4_EEEC2ERKNSt7__cxx1112basic_stringIcSt11char_traitsIcESaIcEEE
FNDA:39531,_ZN5neml26OptionISt6vectorINS_19LabeledAxisAccessorESaIS2_EEEC2ERKNSt7__cxx1112basic_stringIcSt11char_traitsIcESaIcEEE
FNDA:2934,_ZN5neml26OptionISt6vectorINSt7__cxx1112basic_stringIcSt11char_traitsIcESaIcEEESaIS7_EEEC2ERKS7_
FNDA:36,_ZN5neml26OptionISt6vectorIS1_IN3c1011SmallVectorIlLj8EEESaIS4_EESaIS6_EEEC2ERKNSt7__cxx1112basic_stringIcSt11char_traitsIcESaIcEEE
FNDA:36,_ZN5neml26OptionISt6vectorIS1_IN3c106DeviceESaIS3_EESaIS5_EEEC2ERKNSt7__cxx1112basic_stringIcSt11char_traitsIcESaIcEEE
FNDA:0,_ZN5neml26OptionISt6vectorIS1_INS_10TensorNameIN2at6TensorEEESaIS5_EESaIS7_EEEC2ERKNSt7__cxx1112basic_stringIcSt11char_traitsIcESaIcEEE
FNDA:0,_ZN5neml26OptionISt6vectorIS1_INS_10TensorNameINS_10QuaternionEEESaIS4_EESaIS6_EEEC2ERKNSt7__cxx1112basic_stringIcSt11char_traitsIcESaIcEEE
FNDA:0,_ZN5neml26OptionISt6vectorIS1_INS_10TensorNameINS_11MillerIndexEEESaIS4_EESaIS6_EEEC2ERKNSt7__cxx1112basic_stringIcSt11char_traitsIcESaIcEEE
FNDA:0,_ZN5neml26OptionISt6vectorIS1_INS_10TensorNameINS_2R2EEESaIS4_EESaIS6_EEEC2ERKNSt7__cxx1112basic_stringIcSt11char_traitsIcESaIcEEE
FNDA:0,_ZN5neml26OptionISt6vectorIS1_INS_10TensorNameINS_2R3EEESaIS4_EESaIS6_EEEC2ERKNSt7__cxx1112basic_stringIcSt11char_traitsIcESaIcEEE
FNDA:0,_ZN5neml26OptionISt6vectorIS1_INS_10TensorNameINS_2R4EEESaIS4_EESaIS6_EEEC2ERKNSt7__cxx1112basic_stringIcSt11char_traitsIcESaIcEEE
FNDA:0,_ZN5neml26OptionISt6vectorIS1_INS_10TensorNameINS_3RotEEESaIS4_EESaIS6_EEEC2ERKNSt7__cxx1112basic_stringIcSt11char_traitsIcESaIcEEE
FNDA:0,_ZN5neml26OptionISt6vectorIS1_INS_10TensorNameINS_3SR2EEESaIS4_EESaIS6_EEEC2ERKNSt7__cxx1112basic_stringIcSt11char_traitsIcESaIcEEE
FNDA:0,_ZN5neml26OptionISt6vectorIS1_INS_10TensorNameINS_3VecEEESaIS4_EESaIS6_EEEC2ERKNSt7__cxx1112basic_stringIcSt11char_traitsIcESaIcEEE
FNDA:0,_ZN5neml26OptionISt6vectorIS1_INS_10TensorNameINS_3WR2EEESaIS4_EESaIS6_EEEC2ERKNSt7__cxx1112basic_stringIcSt11char_traitsIcESaIcEEE
FNDA:0,_ZN5neml26OptionISt6vectorIS1_INS_10TensorNameINS_4SFR3EEESaIS4_EESaIS6_EEEC2ERKNSt7__cxx1112basic_stringIcSt11char_traitsIcESaIcEEE
FNDA:0,_ZN5neml26OptionISt6vectorIS1_INS_10TensorNameINS_4SSR4EEESaIS4_EESaIS6_EEEC2ERKNSt7__cxx1112basic_stringIcSt11char_traitsIcESaIcEEE
FNDA:0,_ZN5neml26OptionISt6vectorIS1_INS_10TensorNameINS_4SWR4EEESaIS4_EESaIS6_EEEC2ERKNSt7__cxx1112basic_stringIcSt11char_traitsIcESaIcEEE
FNDA:0,_ZN5neml26OptionISt6vectorIS1_INS_10TensorNameINS_4WSR4EEESaIS4_EESaIS6_EEEC2ERKNSt7__cxx1112basic_stringIcSt11char_traitsIcESaIcEEE
FNDA:0,_ZN5neml26OptionISt6vectorIS1_INS_10TensorNameINS_4WWR4EEESaIS4_EESaIS6_EEEC2ERKNSt7__cxx1112basic_stringIcSt11char_traitsIcESaIcEEE
FNDA:0,_ZN5neml26OptionISt6vectorIS1_INS_10TensorNameINS_5SFFR4EEESaIS4_EESaIS6_EEEC2ERKNSt7__cxx1112basic_stringIcSt11char_traitsIcESaIcEEE
FNDA:0,_ZN5neml26OptionISt6vectorIS1_INS_10TensorNameINS_5WFFR4EEESaIS4_EESaIS6_EEEC2ERKNSt7__cxx1112basic_stringIcSt11char_traitsIcESaIcEEE
FNDA:0,_ZN5neml26OptionISt6vectorIS1_INS_10TensorNameINS_6ScalarEEESaIS4_EESaIS6_EEEC2ERKNSt7__cxx1112basic_stringIcSt11char_traitsIcESaIcEEE
FNDA:0,_ZN5neml26OptionISt6vectorIS1_INS_10TensorNameINS_6TensorEEESaIS4_EESaIS6_EEEC2ERKNSt7__cxx1112basic_stringIcSt11char_traitsIcESaIcEEE
FNDA:0,_ZN5neml26OptionISt6vectorIS1_INS_19LabeledAxisAccessorESaIS2_EESaIS4_EEEC2ERKNSt7__cxx1112basic_stringIcSt11char_traitsIcESaIcEEE
FNDA:36,_ZN5neml26OptionISt6vectorIS1_INSt7__cxx1112basic_stringIcSt11char_traitsIcESaIcEEESaIS7_EESaIS9_EEEC2ERKS7_
FNDA:36,_ZN5neml26OptionISt6vectorIS1_IbSaIbEESaIS3_EEEC2ERKNSt7__cxx1112basic_stringIcSt11char_traitsIcESaIcEEE
FNDA:36,_ZN5neml26OptionISt6vectorIS1_IdSaIdEESaIS3_EEEC2ERKNSt7__cxx1112basic_stringIcSt11char_traitsIcESaIcEEE
FNDA:36,_ZN5neml26OptionISt6vectorIS1_IiSaIiEESaIS3_EEEC2ERKNSt7__cxx1112basic_stringIcSt11char_traitsIcESaIcEEE
FNDA:36,_ZN5neml26OptionISt6vectorIS1_IjSaIjEESaIS3_EEEC2ERKNSt7__cxx1112basic_stringIcSt11char_traitsIcESaIcEEE
FNDA:0,_ZN5neml26OptionISt6vectorIS1_IlSaIlEESaIS3_EEEC2ERKNSt7__cxx1112basic_stringIcSt11char_traitsIcESaIcEEE
FNDA:0,_ZN5neml26OptionISt6vectorIS1_ImSaImEESaIS3_EEEC2ERKNSt7__cxx1112basic_stringIcSt11char_traitsIcESaIcEEE
FNDA:440,_ZN5neml26OptionISt6vectorIbSaIbEEEC2ERKNSt7__cxx1112basic_stringIcSt11char_traitsIcESaIcEEE
FNDA:1440,_ZN5neml26OptionISt6vectorIdSaIdEEEC2ERKNSt7__cxx1112basic_stringIcSt11char_traitsIcESaIcEEE
FNDA:36,_ZN5neml26OptionISt6vectorIiSaIiEEEC2ERKNSt7__cxx1112basic_stringIcSt11char_traitsIcESaIcEEE
FNDA:1686,_ZN5neml26OptionISt6vectorIjSaIjEEEC2ERKNSt7__cxx1112basic_stringIcSt11char_traitsIcESaIcEEE
FNDA:1934,_ZN5neml26OptionISt6vectorIlSaIlEEEC2ERKNSt7__cxx1112basic_stringIcSt11char_traitsIcESaIcEEE
FNDA:32,_ZN5neml26OptionISt6vectorImSaImEEEC2ERKNSt7__cxx1112basic_stringIcSt11char_traitsIcESaIcEEE
FNDA:31871,_ZN5neml26OptionIbEC2ERKNSt7__cxx1112basic_stringIcSt11char_traitsIcESaIcEEE
FNDA:9078,_ZN5neml26OptionIdEC2ERKNSt7__cxx1112basic_stringIcSt11char_traitsIcESaIcEEE
FNDA:1686,_ZN5neml26OptionIiEC2ERKNSt7__cxx1112basic_stringIcSt11char_traitsIcESaIcEEE
FNDA:2194,_ZN5neml26OptionIjEC2ERKNSt7__cxx1112basic_stringIcSt11char_traitsIcESaIcEEE
FNDA:2605,_ZN5neml26OptionIlEC2ERKNSt7__cxx1112basic_stringIcSt11char_traitsIcESaIcEEE
FNDA:48,_ZN5neml26OptionImEC2ERKNSt7__cxx1112basic_stringIcSt11char_traitsIcESaIcEEE
FNDA:36,_ZN5neml26OptionIN3c106DeviceEEC2ERKNSt7__cxx1112basic_stringIcSt11char_traitsIcESaIcEEE
FNDA:0,_ZNK5neml26OptionIN3c1011SmallVectorIlLj8EEEEeqERKNS_10OptionBaseE
FNDA:0,_ZNK5neml26OptionIN3c106DeviceEEeqERKNS_10OptionBaseE
FNDA:0,_ZNK5neml26OptionINS_10TensorNameIN2at6TensorEEEEeqERKNS_10OptionBaseE
FNDA:0,_ZNK5neml26OptionINS_10TensorNameINS_10QuaternionEEEEeqERKNS_10OptionBaseE
FNDA:0,_ZNK5neml26OptionINS_10TensorNameINS_11MillerIndexEEEEeqERKNS_10OptionBaseE
FNDA:0,_ZNK5neml26OptionINS_10TensorNameINS_2R2EEEEeqERKNS_10OptionBaseE
FNDA:0,_ZNK5neml26OptionINS_10TensorNameINS_2R3EEEEeqERKNS_10OptionBaseE
FNDA:0,_ZNK5neml26OptionINS_10TensorNameINS_2R4EEEEeqERKNS_10OptionBaseE
FNDA:0,_ZNK5neml26OptionINS_10TensorNameINS_3RotEEEEeqERKNS_10OptionBaseE
FNDA:0,_ZNK5neml26OptionINS_10TensorNameINS_3SR2EEEEeqERKNS_10OptionBaseE
FNDA:0,_ZNK5neml26OptionINS_10TensorNameINS_3VecEEEEeqERKNS_10OptionBaseE
FNDA:0,_ZNK5neml26OptionINS_10TensorNameINS_3WR2EEEEeqERKNS_10OptionBaseE
FNDA:0,_ZNK5neml26OptionINS_10TensorNameINS_4SFR3EEEEeqERKNS_10OptionBaseE
FNDA:0,_ZNK5neml26OptionINS_10TensorNameINS_4SSR4EEEEeqERKNS_10OptionBaseE
FNDA:0,_ZNK5neml26OptionINS_10TensorNameINS_4SWR4EEEEeqERKNS_10OptionBaseE
FNDA:0,_ZNK5neml26OptionINS_10TensorNameINS_4WSR4EEEEeqERKNS_10OptionBaseE
FNDA:0,_ZNK5neml26OptionINS_10TensorNameINS_4WWR4EEEEeqERKNS_10OptionBaseE
FNDA:0,_ZNK5neml26OptionINS_10TensorNameINS_5SFFR4EEEEeqERKNS_10OptionBaseE
FNDA:0,_ZNK5neml26OptionINS_10TensorNameINS_5WFFR4EEEEeqERKNS_10OptionBaseE
FNDA:0,_ZNK5neml26OptionINS_10TensorNameINS_6ScalarEEEEeqERKNS_10OptionBaseE
FNDA:0,_ZNK5neml26OptionINS_10TensorNameINS_6TensorEEEEeqERKNS_10OptionBaseE
FNDA:0,_ZNK5neml26OptionINS_13EnumSelectionEEeqERKNS_10OptionBaseE
FNDA:0,_ZNK5neml26OptionINS_18MultiEnumSelectionEEeqERKNS_10OptionBaseE
FNDA:4,_ZNK5neml26OptionINS_19LabeledAxisAccessorEEeqERKNS_10OptionBaseE
FNDA:4,_ZNK5neml26OptionINSt7__cxx1112basic_stringIcSt11char_traitsIcESaIcEEEEeqERKNS_10OptionBaseE
FNDA:7,_ZNK5neml26OptionIPNS_11NEML2ObjectEEeqERKNS_10OptionBaseE
FNDA:2,_ZNK5neml26OptionIPNS_7FactoryEEeqERKNS_10OptionBaseE
FNDA:2,_ZNK5neml26OptionISt10shared_ptrINS_8SettingsEEEeqERKNS_10OptionBaseE
FNDA:0,_ZNK5neml26OptionISt6vectorIN3c1011SmallVectorIlLj8EEESaIS4_EEEeqERKNS_10OptionBaseE
FNDA:0,_ZNK5neml26OptionISt6vectorIN3c106DeviceESaIS3_EEEeqERKNS_10OptionBaseE
FNDA:0,_ZNK5neml26OptionISt6vectorINS_10TensorNameIN2at6TensorEEESaIS5_EEEeqERKNS_10OptionBaseE
FNDA:0,_ZNK5neml26OptionISt6vectorINS_10TensorNameINS_10QuaternionEEESaIS4_EEEeqERKNS_10OptionBaseE
FNDA:0,_ZNK5neml26OptionISt6vectorINS_10TensorNameINS_11MillerIndexEEESaIS4_EEEeqERKNS_10OptionBaseE
FNDA:0,_ZNK5neml26OptionISt6vectorINS_10TensorNameINS_2R2EEESaIS4_EEEeqERKNS_10OptionBaseE
FNDA:0,_ZNK5neml26OptionISt6vectorINS_10TensorNameINS_2R3EEESaIS4_EEEeqERKNS_10OptionBaseE
FNDA:0,_ZNK5neml26OptionISt6vectorINS_10TensorNameINS_2R4EEESaIS4_EEEeqERKNS_10OptionBaseE
FNDA:0,_ZNK5neml26OptionISt6vectorINS_10TensorNameINS_3RotEEESaIS4_EEEeqERKNS_10OptionBaseE
FNDA:0,_ZNK5neml26OptionISt6vectorINS_10TensorNameINS_3SR2EEESaIS4_EEEeqERKNS_10OptionBaseE
FNDA:0,_ZNK5neml26OptionISt6vectorINS_10TensorNameINS_3VecEEESaIS4_EEEeqERKNS_10OptionBaseE
FNDA:0,_ZNK5neml26OptionISt6vectorINS_10TensorNameINS_3WR2EEESaIS4_EEEeqERKNS_10OptionBaseE
FNDA:0,_ZNK5neml26OptionISt6vectorINS_10TensorNameINS_4SFR3EEESaIS4_EEEeqERKNS_10OptionBaseE
FNDA:0,_ZNK5neml26OptionISt6vectorINS_10TensorNameINS_4SSR4EEESaIS4_EEEeqERKNS_10OptionBaseE
FNDA:0,_ZNK5neml26OptionISt6vectorINS_10TensorNameINS_4SWR4EEESaIS4_EEEeqERKNS_10OptionBaseE
FNDA:0,_ZNK5neml26OptionISt6vectorINS_10TensorNameINS_4WSR4EEESaIS4_EEEeqERKNS_10OptionBaseE
FNDA:0,_ZNK5neml26OptionISt6vectorINS_10TensorNameINS_4WWR4EEESaIS4_EEEeqERKNS_10OptionBaseE
FNDA:0,_ZNK5neml26OptionISt6vectorINS_10TensorNameINS_5SFFR4EEESaIS4_EEEeqERKNS_10OptionBaseE
FNDA:0,_ZNK5neml26OptionISt6vectorINS_10TensorNameINS_5WFFR4EEESaIS4_EEEeqERKNS_10OptionBaseE
FNDA:0,_ZNK5neml26OptionISt6vectorINS_10TensorNameINS_6ScalarEEESaIS4_EEEeqERKNS_10OptionBaseE
FNDA:0,_ZNK5neml26OptionISt6vectorINS_10TensorNameINS_6TensorEEESaIS4_EEEeqERKNS_10OptionBaseE
FNDA:0,_ZNK5neml26OptionISt6vectorINS_19LabeledAxisAccessorESaIS2_EEEeqERKNS_10OptionBaseE
FNDA:0,_ZNK5neml26OptionISt6vectorINSt7__cxx1112basic_stringIcSt11char_traitsIcESaIcEEESaIS7_EEEeqERKNS_10OptionBaseE
FNDA:0,_ZNK5neml26OptionISt6vectorIS1_IN3c1011SmallVectorIlLj8EEESaIS4_EESaIS6_EEEeqERKNS_10OptionBaseE
FNDA:0,_ZNK5neml26OptionISt6vectorIS1_IN3c106DeviceESaIS3_EESaIS5_EEEeqERKNS_10OptionBaseE
FNDA:0,_ZNK5neml26OptionISt6vectorIS1_INS_10TensorNameIN2at6TensorEEESaIS5_EESaIS7_EEEeqERKNS_10OptionBaseE
FNDA:0,_ZNK5neml26OptionISt6vectorIS1_INS_10TensorNameINS_10QuaternionEEESaIS4_EESaIS6_EEEeqERKNS_10OptionBaseE
FNDA:0,_ZNK5neml26OptionISt6vectorIS1_INS_10TensorNameINS_11MillerIndexEEESaIS4_EESaIS6_EEEeqERKNS_10OptionBaseE
FNDA:0,_ZNK5neml26OptionISt6vectorIS1_INS_10TensorNameINS_2R2EEESaIS4_EESaIS6_EEEeqERKNS_10OptionBaseE
FNDA:0,_ZNK5neml26OptionISt6vectorIS1_INS_10TensorNameINS_2R3EEESaIS4_EESaIS6_EEEeqERKNS_10OptionBaseE
FNDA:0,_ZNK5neml26OptionISt6vectorIS1_INS_10TensorNameINS_2R4EEESaIS4_EESaIS6_EEEeqERKNS_10OptionBaseE
FNDA:0,_ZNK5neml26OptionISt6vectorIS1_INS_10TensorNameINS_3RotEEESaIS4_EESaIS6_EEEeqERKNS_10OptionBaseE
FNDA:0,_ZNK5neml26OptionISt6vectorIS1_INS_10TensorNameINS_3SR2EEESaIS4_EESaIS6_EEEeqERKNS_10OptionBaseE
FNDA:0,_ZNK5neml26OptionISt6vectorIS1_INS_10TensorNameINS_3VecEEESaIS4_EESaIS6_EEEeqERKNS_10OptionBaseE
FNDA:0,_ZNK5neml26OptionISt6vectorIS1_INS_10TensorNameINS_3WR2EEESaIS4_EESaIS6_EEEeqERKNS_10OptionBaseE
FNDA:0,_ZNK5neml26OptionISt6vectorIS1_INS_10TensorNameINS_4SFR3EEESaIS4_EESaIS6_EEEeqERKNS_10OptionBaseE
FNDA:0,_ZNK5neml26OptionISt6vectorIS1_INS_10TensorNameINS_4SSR4EEESaIS4_EESaIS6_EEEeqERKNS_10OptionBaseE
FNDA:0,_ZNK5neml26OptionISt6vectorIS1_INS_10TensorNameINS_4SWR4EEESaIS4_EESaIS6_EEEeqERKNS_10OptionBaseE
FNDA:0,_ZNK5neml26OptionISt6vectorIS1_INS_10TensorNameINS_4WSR4EEESaIS4_EESaIS6_EEEeqERKNS_10OptionBaseE
FNDA:0,_ZNK5neml26OptionISt6vectorIS1_INS_10TensorNameINS_4WWR4EEESaIS4_EESaIS6_EEEeqERKNS_10OptionBaseE
FNDA:0,_ZNK5neml26OptionISt6vectorIS1_INS_10TensorNameINS_5SFFR4EEESaIS4_EESaIS6_EEEeqERKNS_10OptionBaseE
FNDA:0,_ZNK5neml26OptionISt6vectorIS1_INS_10TensorNameINS_5WFFR4EEESaIS4_EESaIS6_EEEeqERKNS_10OptionBaseE
FNDA:0,_ZNK5neml26OptionISt6vectorIS1_INS_10TensorNameINS_6ScalarEEESaIS4_EESaIS6_EEEeqERKNS_10OptionBaseE
FNDA:0,_ZNK5neml26OptionISt6vectorIS1_INS_10TensorNameINS_6TensorEEESaIS4_EESaIS6_EEEeqERKNS_10OptionBaseE
FNDA:0,_ZNK5neml26OptionISt6vectorIS1_INS_19LabeledAxisAccessorESaIS2_EESaIS4_EEEeqERKNS_10OptionBaseE
FNDA:0,_ZNK5neml26OptionISt6vectorIS1_INSt7__cxx1112basic_stringIcSt11char_traitsIcESaIcEEESaIS7_EESaIS9_EEEeqERKNS_10OptionBaseE
FNDA:0,_ZNK5neml26OptionISt6vectorIS1_IbSaIbEESaIS3_EEEeqERKNS_10OptionBaseE
FNDA:0,_ZNK5neml26OptionISt6vectorIS1_IdSaIdEESaIS3_EEEeqERKNS_10OptionBaseE
FNDA:0,_ZNK5neml26OptionISt6vectorIS1_IiSaIiEESaIS3_EEEeqERKNS_10OptionBaseE
FNDA:0,_ZNK5neml26OptionISt6vectorIS1_IjSaIjEESaIS3_EEEeqERKNS_10OptionBaseE
FNDA:0,_ZNK5neml26OptionISt6vectorIS1_IlSaIlEESaIS3_EEEeqERKNS_10OptionBaseE
FNDA:0,_ZNK5neml26OptionISt6vectorIS1_ImSaImEESaIS3_EEEeqERKNS_10OptionBaseE
FNDA:0,_ZNK5neml26OptionISt6vectorIbSaIbEEEeqERKNS_10OptionBaseE
FNDA:0,_ZNK5neml26OptionISt6vectorIdSaIdEEEeqERKNS_10OptionBaseE
FNDA:0,_ZNK5neml26OptionISt6vectorIiSaIiEEEeqERKNS_10OptionBaseE
FNDA:0,_ZNK5neml26OptionISt6vectorIjSaIjEEEeqERKNS_10OptionBaseE
FNDA:0,_ZNK5neml26OptionISt6vectorIlSaIlEEEeqERKNS_10OptionBaseE
FNDA:0,_ZNK5neml26OptionISt6vectorImSaImEEEeqERKNS_10OptionBaseE
FNDA:12,_ZNK5neml26OptionIbEeqERKNS_10OptionBaseE
FNDA:0,_ZNK5neml26OptionIdEeqERKNS_10OptionBaseE
FNDA:0,_ZNK5neml26OptionIiEeqERKNS_10OptionBaseE
FNDA:0,_ZNK5neml26OptionIjEeqERKNS_10OptionBaseE
FNDA:0,_ZNK5neml26OptionIlEeqERKNS_10OptionBaseE
FNDA:0,_ZNK5neml26OptionImEeqERKNS_10OptionBaseE
FNDA:0,_ZNK5neml26OptionIN3c1011SmallVectorIlLj8EEEEneERKNS_10OptionBaseE
FNDA:0,_ZNK5neml26OptionIN3c106DeviceEEneERKNS_10OptionBaseE
FNDA:0,_ZNK5neml26OptionINS_10TensorNameIN2at6TensorEEEEneERKNS_10OptionBaseE
FNDA:0,_ZNK5neml26OptionINS_10TensorNameINS_10QuaternionEEEEneERKNS_10OptionBaseE
FNDA:0,_ZNK5neml26OptionINS_10TensorNameINS_11MillerIndexEEEEneERKNS_10OptionBaseE
FNDA:0,_ZNK5neml26OptionINS_10TensorNameINS_2R2EEEEneERKNS_10OptionBaseE
FNDA:0,_ZNK5neml26OptionINS_10TensorNameINS_2R3EEEEneERKNS_10OptionBaseE
FNDA:0,_ZNK5neml26OptionINS_10TensorNameINS_2R4EEEEneERKNS_10OptionBaseE
[...]
FNDA:0,_ZNK5neml216RandomTensorImplINS_3WR2EE4makeEv
FNDA:0,_ZNK5neml216RandomTensorImplINS_4SFR3EE4makeEv
FNDA:0,_ZNK5neml216RandomTensorImplINS_4SSR4EE4makeEv
FNDA:0,_ZNK5neml216RandomTensorImplINS_4SWR4EE4makeEv
FNDA:0,_ZNK5neml216RandomTensorImplINS_4WSR4EE4makeEv
FNDA:0,_ZNK5neml216RandomTensorImplINS_4WWR4EE4makeEv
FNDA:0,_ZNK5neml216RandomTensorImplINS_5SFFR4EE4makeEv
FNDA:0,_ZNK5neml216RandomTensorImplINS_5WFFR4EE4makeEv
FNDA:0,_ZNK5neml216RandomTensorImplINS_6ScalarEE4makeEv
FNDA:0,_ZNK5neml216RandomTensorImplINS_6TensorEE4makeEv
FNDA:0,_ZNK5neml216RandomTensorImplINS_3RotEE4makeEv
FNF:54
FNH:18
DA:33,36
DA:35,36
DA:36,36
DA:42,68
DA:43,68
DA:44,68
DA:45,34
DA:48,36
DA:49,0
DA:52,0
DA:54,0
DA:55,0
DA:57,0
DA:61,0
DA:63,0
DA:64,0
DA:65,0
DA:66,0
DA:67,0
DA:68,0
DA:72,0
DA:74,0
DA:75,0
DA:78,0
DA:79,0
DA:80,0
DA:81,0
DA:85,0
DA:87,0
DA:88,0
DA:90,0
DA:91,0
LF:32
LH:8
end_of_record
TN:
SF:/home/runner/work/neml2/neml2/src/neml2/user_tensors/SymmetryFromOrbifold.cxx
FN:33,44,_ZN5neml220SymmetryFromOrbifold16expected_optionsEv
FN:46,50,_ZN5neml220SymmetryFromOrbifoldC2ERKNS_9OptionSetE
FN:53,56,_ZNK5neml220SymmetryFromOrbifold4makeEv
FNDA:2,_ZN5neml220SymmetryFromOrbifold16expected_optionsEv
FNDA:55,_ZN5neml220SymmetryFromOrbifoldC2ERKNS_9OptionSetE
FNDA:55,_ZNK5neml220SymmetryFromOrbifold4makeEv
FNF:3
FNH:3
DA:33,2
DA:35,2
DA:36,2
DA:37,2
DA:39,4
DA:40,4
DA:42,2
DA:43,2
DA:44,0
DA:46,55
DA:48,110
DA:50,55
DA:53,55
DA:55,110
LF:14
LH:13
end_of_record
TN:
SF:/home/runner/work/neml2/neml2/src/neml2/user_tensors/UserTensor.cxx
FN:33,44,_ZN5neml214UserTensorTmplINS_10QuaternionEE16expected_optionsEv
FN:33,44,_ZN5neml214UserTensorTmplINS_11MillerIndexEE16expected_optionsEv
FN:33,44,_ZN5neml214UserTensorTmplINS_2R2EE16expected_optionsEv
FN:33,44,_ZN5neml214UserTensorTmplINS_2R3EE16expected_optionsEv
FN:33,44,_ZN5neml214UserTensorTmplINS_2R4EE16expected_optionsEv
FN:33,44,_ZN5neml214UserTensorTmplINS_3RotEE16expected_optionsEv
FN:33,44,_ZN5neml214UserTensorTmplINS_3SR2EE16expected_optionsEv
FN:33,44,_ZN5neml214UserTensorTmplINS_3VecEE16expected_optionsEv
FN:33,44,_ZN5neml214UserTensorTmplINS_3WR2EE16expected_optionsEv
FN:33,44,_ZN5neml214UserTensorTmplINS_4SFR3EE16expected_optionsEv
FN:33,44,_ZN5neml214UserTensorTmplINS_4SSR4EE16expected_optionsEv
FN:33,44,_ZN5neml214UserTensorTmplINS_4SWR4EE16expected_optionsEv
FN:33,44,_ZN5neml214UserTensorTmplINS_4WSR4EE16expected_optionsEv
FN:33,44,_ZN5neml214UserTensorTmplINS_4WWR4EE16expected_optionsEv
FN:33,44,_ZN5neml214UserTensorTmplINS_5SFFR4EE16expected_optionsEv
FN:33,44,_ZN5neml214UserTensorTmplINS_5WFFR4EE16expected_optionsEv
FN:33,44,_ZN5neml214UserTensorTmplINS_6ScalarEE16expected_optionsEv
FN:33,44,_ZN5neml214UserTensorTmplINS_6TensorEE16expected_optionsEv
FN:47,51,_ZN5neml214UserTensorTmplINS_10QuaternionEEC2ERKNS_9OptionSetE
FN:47,51,_ZN5neml214UserTensorTmplINS_11MillerIndexEEC2ERKNS_9OptionSetE
FN:47,51,_ZN5neml214UserTensorTmplINS_2R2EEC2ERKNS_9OptionSetE
FN:47,51,_ZN5neml214UserTensorTmplINS_2R3EEC2ERKNS_9OptionSetE
FN:47,51,_ZN5neml214UserTensorTmplINS_2R4EEC2ERKNS_9OptionSetE
FN:47,51,_ZN5neml214UserTensorTmplINS_3RotEEC2ERKNS_9OptionSetE
FN:47,51,_ZN5neml214UserTensorTmplINS_3SR2EEC2ERKNS_9OptionSetE
FN:47,51,_ZN5neml214UserTensorTmplINS_3VecEEC2ERKNS_9OptionSetE
FN:47,51,_ZN5neml214UserTensorTmplINS_3WR2EEC2ERKNS_9OptionSetE
FN:47,51,_ZN5neml214UserTensorTmplINS_4SFR3EEC2ERKNS_9OptionSetE
FN:47,51,_ZN5neml214UserTensorTmplINS_4SSR4EEC2ERKNS_9OptionSetE
FN:47,51,_ZN5neml214UserTensorTmplINS_4SWR4EEC2ERKNS_9OptionSetE
FN:47,51,_ZN5neml214UserTensorTmplINS_4WSR4EEC2ERKNS_9OptionSetE
FN:47,51,_ZN5neml214UserTensorTmplINS_4WWR4EEC2ERKNS_9OptionSetE
FN:47,51,_ZN5neml214UserTensorTmplINS_5SFFR4EEC2ERKNS_9OptionSetE
FN:47,51,_ZN5neml214UserTensorTmplINS_5WFFR4EEC2ERKNS_9OptionSetE
FN:47,51,_ZN5neml214UserTensorTmplINS_6ScalarEEC2ERKNS_9OptionSetE
FN:47,51,_ZN5neml214UserTensorTmplINS_6TensorEEC2ERKNS_9OptionSetE
FN:55,66,_ZNK5neml214UserTensorTmplINS_10QuaternionEE4makeEv
FN:55,66,_ZNK5neml214UserTensorTmplINS_11MillerIndexEE4makeEv
FN:55,66,_ZNK5neml214UserTensorTmplINS_2R2EE4makeEv
FN:55,66,_ZNK5neml214UserTensorTmplINS_2R3EE4makeEv
FN:55,66,_ZNK5neml214UserTensorTmplINS_2R4EE4makeEv
FN:55,66,_ZNK5neml214UserTensorTmplINS_3RotEE4makeEv
FN:55,66,_ZNK5neml214UserTensorTmplINS_3SR2EE4makeEv
FN:55,66,_ZNK5neml214UserTensorTmplINS_3VecEE4makeEv
FN:55,66,_ZNK5neml214UserTensorTmplINS_3WR2EE4makeEv
FN:55,66,_ZNK5neml214UserTensorTmplINS_4SFR3EE4makeEv
FN:55,66,_ZNK5neml214UserTensorTmplINS_4SSR4EE4makeEv
FN:55,66,_ZNK5neml214UserTensorTmplINS_4SWR4EE4makeEv
FN:55,66,_ZNK5neml214UserTensorTmplINS_4WSR4EE4makeEv
FN:55,66,_ZNK5neml214UserTensorTmplINS_4WWR4EE4makeEv
FN:55,66,_ZNK5neml214UserTensorTmplINS_5SFFR4EE4makeEv
FN:55,66,_ZNK5neml214UserTensorTmplINS_5WFFR4EE4makeEv
FN:55,66,_ZNK5neml214UserTensorTmplINS_6ScalarEE4makeEv
FN:55,66,_ZNK5neml214UserTensorTmplINS_6TensorEE4makeEv
FNDA:2,_ZN5neml214UserTensorTmplINS_10QuaternionEE16expected_optionsEv
FNDA:2,_ZN5neml214UserTensorTmplINS_11MillerIndexEE16expected_optionsEv
FNDA:2,_ZN5neml214UserTensorTmplINS_2R2EE16expected_optionsEv
FNDA:2,_ZN5neml214UserTensorTmplINS_2R3EE16expected_optionsEv
FNDA:2,_ZN5neml214UserTensorTmplINS_2R4EE16expected_optionsEv
FNDA:2,_ZN5neml214UserTensorTmplINS_3RotEE16expected_optionsEv
FNDA:2,_ZN5neml214UserTensorTmplINS_3SR2EE16expected_optionsEv
FNDA:2,_ZN5neml214UserTensorTmplINS_3VecEE16expected_optionsEv
FNDA:2,_ZN5neml214UserTensorTmplINS_3WR2EE16expected_optionsEv
FNDA:2,_ZN5neml214UserTensorTmplINS_4SFR3EE16expected_optionsEv
FNDA:2,_ZN5neml214UserTensorTmplINS_4SSR4EE16expected_optionsEv
FNDA:2,_ZN5neml214UserTensorTmplINS_4SWR4EE16expected_optionsEv
FNDA:2,_ZN5neml214UserTensorTmplINS_4WSR4EE16expected_optionsEv
FNDA:2,_ZN5neml214UserTensorTmplINS_4WWR4EE16expected_optionsEv
FNDA:2,_ZN5neml214UserTensorTmplINS_5SFFR4EE16expected_optionsEv
FNDA:2,_ZN5neml214UserTensorTmplINS_5WFFR4EE16expected_optionsEv
FNDA:2,_ZN5neml214UserTensorTmplINS_6ScalarEE16expected_optionsEv
FNDA:2,_ZN5neml214UserTensorTmplINS_6TensorEE16expected_optionsEv
FNDA:0,_ZN5neml214UserTensorTmplINS_10QuaternionEEC2ERKNS_9OptionSetE
FNDA:108,_ZN5neml214UserTensorTmplINS_11MillerIndexEEC2ERKNS_9OptionSetE
FNDA:0,_ZN5neml214UserTensorTmplINS_2R2EEC2ERKNS_9OptionSetE
FNDA:0,_ZN5neml214UserTensorTmplINS_2R3EEC2ERKNS_9OptionSetE
FNDA:0,_ZN5neml214UserTensorTmplINS_2R4EEC2ERKNS_9OptionSetE
FNDA:0,_ZN5neml214UserTensorTmplINS_3RotEEC2ERKNS_9OptionSetE
FNDA:9,_ZN5neml214UserTensorTmplINS_3SR2EEC2ERKNS_9OptionSetE
FNDA:13,_ZN5neml214UserTensorTmplINS_3VecEEC2ERKNS_9OptionSetE
FNDA:0,_ZN5neml214UserTensorTmplINS_3WR2EEC2ERKNS_9OptionSetE
FNDA:1,_ZN5neml214UserTensorTmplINS_4SFR3EEC2ERKNS_9OptionSetE
FNDA:9,_ZN5neml214UserTensorTmplINS_4SSR4EEC2ERKNS_9OptionSetE
FNDA:0,_ZN5neml214UserTensorTmplINS_4SWR4EEC2ERKNS_9OptionSetE
FNDA:0,_ZN5neml214UserTensorTmplINS_4WSR4EEC2ERKNS_9OptionSetE
FNDA:0,_ZN5neml214UserTensorTmplINS_4WWR4EEC2ERKNS_9OptionSetE
FNDA:0,_ZN5neml214UserTensorTmplINS_5SFFR4EEC2ERKNS_9OptionSetE
FNDA:0,_ZN5neml214UserTensorTmplINS_5WFFR4EEC2ERKNS_9OptionSetE
FNDA:116,_ZN5neml214UserTensorTmplINS_6ScalarEEC2ERKNS_9OptionSetE
FNDA:6,_ZN5neml214UserTensorTmplINS_6TensorEEC2ERKNS_9OptionSetE
FNDA:0,_ZNK5neml214UserTensorTmplINS_10QuaternionEE4makeEv
FNDA:108,_ZNK5neml214UserTensorTmplINS_11MillerIndexEE4makeEv
FNDA:0,_ZNK5neml214UserTensorTmplINS_2R2EE4makeEv
FNDA:0,_ZNK5neml214UserTensorTmplINS_2R3EE4makeEv
FNDA:0,_ZNK5neml214UserTensorTmplINS_2R4EE4makeEv
FNDA:0,_ZNK5neml214UserTensorTmplINS_3RotEE4makeEv
FNDA:9,_ZNK5neml214UserTensorTmplINS_3SR2EE4makeEv
FNDA:13,_ZNK5neml214UserTensorTmplINS_3VecEE4makeEv
FNDA:0,_ZNK5neml214UserTensorTmplINS_3WR2EE4makeEv
FNDA:1,_ZNK5neml214UserTensorTmplINS_4SFR3EE4makeEv
FNDA:9,_ZNK5neml214UserTensorTmplINS_4SSR4EE4makeEv
FNDA:0,_ZNK5neml214UserTensorTmplINS_4SWR4EE4makeEv
FNDA:0,_ZNK5neml214UserTensorTmplINS_4WSR4EE4makeEv
FNDA:0,_ZNK5neml214UserTensorTmplINS_4WWR4EE4makeEv
FNDA:0,_ZNK5neml214UserTensorTmplINS_5SFFR4EE4makeEv
FNDA:0,_ZNK5neml214UserTensorTmplINS_5WFFR4EE4makeEv
FNDA:116,_ZNK5neml214UserTensorTmplINS_6ScalarEE4makeEv
FNDA:5,_ZNK5neml214UserTensorTmplINS_6TensorEE4makeEv
FNF:54
FNH:32
DA:33,36
DA:35,36
DA:36,36
DA:40,72
DA:41,36
DA:43,36
DA:44,0
DA:47,262
DA:49,523
DA:51,261
DA:55,261
DA:57,261
DA:59,1190
DA:60,699
DA:61,146
DA:63,115
DA:64,222
DA:65,226
DA:66,261
LF:19
LH:18
end_of_record
TN:
SF:/home/runner/work/neml2/neml2/src/neml2/user_tensors/UserTensorBase.cxx
FN:113,181,_ZN5neml2L24apply_shape_manipulationERNS_6TensorERKNSt7__cxx1112basic_stringIcSt11char_traitsIcESaIcEEERKN3c1011SmallVectorIlLj8EEE
FN:185,196,_ZN5neml214UserTensorBaseINS_10QuaternionEE5setupEv
FN:185,196,_ZN5neml214UserTensorBaseINS_11MillerIndexEE5setupEv
FN:185,196,_ZN5neml214UserTensorBaseINS_2R2EE5setupEv
FN:185,196,_ZN5neml214UserTensorBaseINS_2R3EE5setupEv
FN:185,196,_ZN5neml214UserTensorBaseINS_2R4EE5setupEv
FN:185,196,_ZN5neml214UserTensorBaseINS_3RotEE5setupEv
FN:185,196,_ZN5neml214UserTensorBaseINS_3SR2EE5setupEv
FN:185,196,_ZN5neml214UserTensorBaseINS_3VecEE5setupEv
FN:185,196,_ZN5neml214UserTensorBaseINS_3WR2EE5setupEv
FN:185,196,_ZN5neml214UserTensorBaseINS_4SFR3EE5setupEv
FN:185,196,_ZN5neml214UserTensorBaseINS_4SSR4EE5setupEv
FN:185,196,_ZN5neml214UserTensorBaseINS_4SWR4EE5setupEv
FN:185,196,_ZN5neml214UserTensorBaseINS_4WSR4EE5setupEv
FN:185,196,_ZN5neml214UserTensorBaseINS_4WWR4EE5setupEv
FN:185,196,_ZN5neml214UserTensorBaseINS_5SFFR4EE5setupEv
FN:185,196,_ZN5neml214UserTensorBaseINS_5WFFR4EE5setupEv
FN:185,196,_ZN5neml214UserTensorBaseINS_6ScalarEE5setupEv
FN:185,196,_ZN5neml214UserTensorBaseINS_6TensorEE5setupEv
FN:31,65,_ZN5neml214UserTensorBaseINS_10QuaternionEE16expected_optionsEv
FN:31,65,_ZN5neml214UserTensorBaseINS_11MillerIndexEE16expected_optionsEv
FN:31,65,_ZN5neml214UserTensorBaseINS_2R2EE16expected_optionsEv
FN:31,65,_ZN5neml214UserTensorBaseINS_2R3EE16expected_optionsEv
FN:31,65,_ZN5neml214UserTensorBaseINS_2R4EE16expected_optionsEv
FN:31,65,_ZN5neml214UserTensorBaseINS_3RotEE16expected_optionsEv
FN:31,65,_ZN5neml214UserTensorBaseINS_3SR2EE16expected_optionsEv
FN:31,65,_ZN5neml214UserTensorBaseINS_3VecEE16expected_optionsEv
FN:31,65,_ZN5neml214UserTensorBaseINS_3WR2EE16expected_optionsEv
FN:31,65,_ZN5neml214UserTensorBaseINS_4SFR3EE16expected_optionsEv
FN:31,65,_ZN5neml214UserTensorBaseINS_4SSR4EE16expected_optionsEv
FN:31,65,_ZN5neml214UserTensorBaseINS_4SWR4EE16expected_optionsEv
FN:31,65,_ZN5neml214UserTensorBaseINS_4WSR4EE16expected_optionsEv
FN:31,65,_ZN5neml214UserTensorBaseINS_4WWR4EE16expected_optionsEv
FN:31,65,_ZN5neml214UserTensorBaseINS_5SFFR4EE16expected_optionsEv
FN:31,65,_ZN5neml214UserTensorBaseINS_5WFFR4EE16expected_optionsEv
FN:31,65,_ZN5neml214UserTensorBaseINS_6ScalarEE16expected_optionsEv
FN:31,65,_ZN5neml214UserTensorBaseINS_6TensorEE16expected_optionsEv
FN:68,85,_ZN5neml214UserTensorBaseINS_10QuaternionEEC2ERKNS_9OptionSetE
FN:68,85,_ZN5neml214UserTensorBaseINS_11MillerIndexEEC2ERKNS_9OptionSetE
FN:68,85,_ZN5neml214UserTensorBaseINS_2R2EEC2ERKNS_9OptionSetE
FN:68,85,_ZN5neml214UserTensorBaseINS_2R3EEC2ERKNS_9OptionSetE
FN:68,85,_ZN5neml214UserTensorBaseINS_2R4EEC2ERKNS_9OptionSetE
FN:68,85,_ZN5neml214UserTensorBaseINS_3RotEEC2ERKNS_9OptionSetE
FN:68,85,_ZN5neml214UserTensorBaseINS_3SR2EEC2ERKNS_9OptionSetE
FN:68,85,_ZN5neml214UserTensorBaseINS_3VecEEC2ERKNS_9OptionSetE
FN:68,85,_ZN5neml214UserTensorBaseINS_3WR2EEC2ERKNS_9OptionSetE
FN:68,85,_ZN5neml214UserTensorBaseINS_4SFR3EEC2ERKNS_9OptionSetE
FN:68,85,_ZN5neml214UserTensorBaseINS_4SSR4EEC2ERKNS_9OptionSetE
FN:68,85,_ZN5neml214UserTensorBaseINS_4SWR4EEC2ERKNS_9OptionSetE
FN:68,85,_ZN5neml214UserTensorBaseINS_4WSR4EEC2ERKNS_9OptionSetE
FN:68,85,_ZN5neml214UserTensorBaseINS_4WWR4EEC2ERKNS_9OptionSetE
FN:68,85,_ZN5neml214UserTensorBaseINS_5SFFR4EEC2ERKNS_9OptionSetE
FN:68,85,_ZN5neml214UserTensorBaseINS_5WFFR4EEC2ERKNS_9OptionSetE
FN:68,85,_ZN5neml214UserTensorBaseINS_6ScalarEEC2ERKNS_9OptionSetE
FN:68,85,_ZN5neml214UserTensorBaseINS_6TensorEEC2ERKNS_9OptionSetE
FN:89,94,_ZN5neml214UserTensorBaseINS_10QuaternionEE11tensor_typeB5cxx11Ev
FN:89,94,_ZN5neml214UserTensorBaseINS_11MillerIndexEE11tensor_typeB5cxx11Ev
FN:89,94,_ZN5neml214UserTensorBaseINS_2R2EE11tensor_typeB5cxx11Ev
FN:89,94,_ZN5neml214UserTensorBaseINS_2R3EE11tensor_typeB5cxx11Ev
FN:89,94,_ZN5neml214UserTensorBaseINS_2R4EE11tensor_typeB5cxx11Ev
FN:89,94,_ZN5neml214UserTensorBaseINS_3RotEE11tensor_typeB5cxx11Ev
FN:89,94,_ZN5neml214UserTensorBaseINS_3SR2EE11tensor_typeB5cxx11Ev
FN:89,94,_ZN5neml214UserTensorBaseINS_3VecEE11tensor_typeB5cxx11Ev
FN:89,94,_ZN5neml214UserTensorBaseINS_3WR2EE11tensor_typeB5cxx11Ev
FN:89,94,_ZN5neml214UserTensorBaseINS_4SFR3EE11tensor_typeB5cxx11Ev
FN:89,94,_ZN5neml214UserTensorBaseINS_4SSR4EE11tensor_typeB5cxx11Ev
FN:89,94,_ZN5neml214UserTensorBaseINS_4SWR4EE11tensor_typeB5cxx11Ev
FN:89,94,_ZN5neml214UserTensorBaseINS_4WSR4EE11tensor_typeB5cxx11Ev
FN:89,94,_ZN5neml214UserTensorBaseINS_4WWR4EE11tensor_typeB5cxx11Ev
FN:89,94,_ZN5neml214UserTensorBaseINS_5SFFR4EE11tensor_typeB5cxx11Ev
FN:89,94,_ZN5neml214UserTensorBaseINS_5WFFR4EE11tensor_typeB5cxx11Ev
FN:89,94,_ZN5neml214UserTensorBaseINS_6ScalarEE11tensor_typeB5cxx11Ev
FN:89,94,_ZN5neml214UserTensorBaseINS_6TensorEE11tensor_typeB5cxx11Ev
FN:98,110,_ZN5neml2L14assert_arg_dimIJLm0EEEEvRKNSt7__cxx1112basic_stringIcSt11char_traitsIcESaIcEEERKN3c1011SmallVectorIlLj8EEE
FN:98,110,_ZN5neml2L14assert_arg_dimIJLm1EEEEvRKNSt7__cxx1112basic_stringIcSt11char_traitsIcESaIcEEERKN3c1011SmallVectorIlLj8EEE
FN:98,110,_ZN5neml2L14assert_arg_dimIJLm1ELm2EEEEvRKNSt7__cxx1112basic_stringIcSt11char_traitsIcESaIcEEERKN3c1011SmallVectorIlLj8EEE
FN:98,110,_ZN5neml2L14assert_arg_dimIJLm2EEEEvRKNSt7__cxx1112basic_stringIcSt11char_traitsIcESaIcEEERKN3c1011SmallVectorIlLj8EEE
FNDA:1,_ZN5neml2L24apply_shape_manipulationERNS_6TensorERKNSt7__cxx1112basic_stringIcSt11char_traitsIcESaIcEEERKN3c1011SmallVectorIlLj8EEE
FNDA:0,_ZN5neml214UserTensorBaseINS_10QuaternionEE5setupEv
FNDA:108,_ZN5neml214UserTensorBaseINS_11MillerIndexEE5setupEv
FNDA:83,_ZN5neml214UserTensorBaseINS_2R2EE5setupEv
FNDA:0,_ZN5neml214UserTensorBaseINS_2R3EE5setupEv
FNDA:0,_ZN5neml214UserTensorBaseINS_2R4EE5setupEv
FNDA:23,_ZN5neml214UserTensorBaseINS_3RotEE5setupEv
FNDA:163,_ZN5neml214UserTensorBaseINS_3SR2EE5setupEv
FNDA:40,_ZN5neml214UserTensorBaseINS_3VecEE5setupEv
FNDA:11,_ZN5neml214UserTensorBaseINS_3WR2EE5setupEv
FNDA:1,_ZN5neml214UserTensorBaseINS_4SFR3EE5setupEv
FNDA:9,_ZN5neml214UserTensorBaseINS_4SSR4EE5setupEv
FNDA:0,_ZN5neml214UserTensorBaseINS_4SWR4EE5setupEv
FNDA:0,_ZN5neml214UserTensorBaseINS_4WSR4EE5setupEv
FNDA:0,_ZN5neml214UserTensorBaseINS_4WWR4EE5setupEv
FNDA:0,_ZN5neml214UserTensorBaseINS_5SFFR4EE5setupEv
FNDA:0,_ZN5neml214UserTensorBaseINS_5WFFR4EE5setupEv
FNDA:268,_ZN5neml214UserTensorBaseINS_6ScalarEE5setupEv
FNDA:17,_ZN5neml214UserTensorBaseINS_6TensorEE5setupEv
FNDA:14,_ZN5neml214UserTensorBaseINS_10QuaternionEE16expected_optionsEv
FNDA:14,_ZN5neml214UserTensorBaseINS_11MillerIndexEE16expected_optionsEv
FNDA:18,_ZN5neml214UserTensorBaseINS_2R2EE16expected_optionsEv
FNDA:14,_ZN5neml214UserTensorBaseINS_2R3EE16expected_optionsEv
FNDA:14,_ZN5neml214UserTensorBaseINS_2R4EE16expected_optionsEv
FNDA:18,_ZN5neml214UserTensorBaseINS_3RotEE16expected_optionsEv
FNDA:18,_ZN5neml214UserTensorBaseINS_3SR2EE16expected_optionsEv
FNDA:16,_ZN5neml214UserTensorBaseINS_3VecEE16expected_optionsEv
FNDA:16,_ZN5neml214UserTensorBaseINS_3WR2EE16expected_optionsEv
FNDA:14,_ZN5neml214UserTensorBaseINS_4SFR3EE16expected_optionsEv
FNDA:14,_ZN5neml214UserTensorBaseINS_4SSR4EE16expected_optionsEv
FNDA:14,_ZN5neml214UserTensorBaseINS_4SWR4EE16expected_optionsEv
FNDA:14,_ZN5neml214UserTensorBaseINS_4WSR4EE16expected_optionsEv
FNDA:14,_ZN5neml214UserTensorBaseINS_4WWR4EE16expected_optionsEv
FNDA:14,_ZN5neml214UserTensorBaseINS_5SFFR4EE16expected_optionsEv
FNDA:14,_ZN5neml214UserTensorBaseINS_5WFFR4EE16expected_optionsEv
FNDA:18,_ZN5neml214UserTensorBaseINS_6ScalarEE16expected_optionsEv
FNDA:12,_ZN5neml214UserTensorBaseINS_6TensorEE16expected_optionsEv
FNDA:0,_ZN5neml214UserTensorBaseINS_10QuaternionEEC2ERKNS_9OptionSetE
FNDA:108,_ZN5neml214UserTensorBaseINS_11MillerIndexEEC2ERKNS_9OptionSetE
FNDA:83,_ZN5neml214UserTensorBaseINS_2R2EEC2ERKNS_9OptionSetE
FNDA:0,_ZN5neml214UserTensorBaseINS_2R3EEC2ERKNS_9OptionSetE
FNDA:0,_ZN5neml214UserTensorBaseINS_2R4EEC2ERKNS_9OptionSetE
FNDA:23,_ZN5neml214UserTensorBaseINS_3RotEEC2ERKNS_9OptionSetE
FNDA:163,_ZN5neml214UserTensorBaseINS_3SR2EEC2ERKNS_9OptionSetE
FNDA:40,_ZN5neml214UserTensorBaseINS_3VecEEC2ERKNS_9OptionSetE
FNDA:11,_ZN5neml214UserTensorBaseINS_3WR2EEC2ERKNS_9OptionSetE
FNDA:1,_ZN5neml214UserTensorBaseINS_4SFR3EEC2ERKNS_9OptionSetE
FNDA:9,_ZN5neml214UserTensorBaseINS_4SSR4EEC2ERKNS_9OptionSetE
FNDA:0,_ZN5neml214UserTensorBaseINS_4SWR4EEC2ERKNS_9OptionSetE
FNDA:0,_ZN5neml214UserTensorBaseINS_4WSR4EEC2ERKNS_9OptionSetE
FNDA:0,_ZN5neml214UserTensorBaseINS_4WWR4EEC2ERKNS_9OptionSetE
FNDA:0,_ZN5neml214UserTensorBaseINS_5SFFR4EEC2ERKNS_9OptionSetE
FNDA:0,_ZN5neml214UserTensorBaseINS_5WFFR4EEC2ERKNS_9OptionSetE
FNDA:268,_ZN5neml214UserTensorBaseINS_6ScalarEEC2ERKNS_9OptionSetE
FNDA:18,_ZN5neml214UserTensorBaseINS_6TensorEEC2ERKNS_9OptionSetE
FNDA:10,_ZN5neml214UserTensorBaseINS_10QuaternionEE11tensor_typeB5cxx11Ev
FNDA:10,_ZN5neml214UserTensorBaseINS_11MillerIndexEE11tensor_typeB5cxx11Ev
FNDA:10,_ZN5neml214UserTensorBaseINS_2R2EE11tensor_typeB5cxx11Ev
FNDA:10,_ZN5neml214UserTensorBaseINS_2R3EE11tensor_typeB5cxx11Ev
FNDA:10,_ZN5neml214UserTensorBaseINS_2R4EE11tensor_typeB5cxx11Ev
FNDA:10,_ZN5neml214UserTensorBaseINS_3RotEE11tensor_typeB5cxx11Ev
FNDA:16,_ZN5neml214UserTensorBaseINS_3SR2EE11tensor_typeB5cxx11Ev
FNDA:28,_ZN5neml214UserTensorBaseINS_3VecEE11tensor_typeB5cxx11Ev
FNDA:10,_ZN5neml214UserTensorBaseINS_3WR2EE11tensor_typeB5cxx11Ev
FNDA:10,_ZN5neml214UserTensorBaseINS_4SFR3EE11tensor_typeB5cxx11Ev
FNDA:10,_ZN5neml214UserTensorBaseINS_4SSR4EE11tensor_typeB5cxx11Ev
FNDA:10,_ZN5neml214UserTensorBaseINS_4SWR4EE11tensor_typeB5cxx11Ev
FNDA:10,_ZN5neml214UserTensorBaseINS_4WSR4EE11tensor_typeB5cxx11Ev
FNDA:10,_ZN5neml214UserTensorBaseINS_4WWR4EE11tensor_typeB5cxx11Ev
FNDA:10,_ZN5neml214UserTensorBaseINS_5SFFR4EE11tensor_typeB5cxx11Ev
FNDA:10,_ZN5neml214UserTensorBaseINS_5WFFR4EE11tensor_typeB5cxx11Ev
FNDA:15,_ZN5neml214UserTensorBaseINS_6ScalarEE11tensor_typeB5cxx11Ev
FNDA:10,_ZN5neml214UserTensorBaseINS_6TensorEE11tensor_typeB5cxx11Ev
FNDA:0,_ZN5neml2L14assert_arg_dimIJLm0EEEEvRKNSt7__cxx1112basic_stringIcSt11char_traitsIcESaIcEEERKN3c1011SmallVectorIlLj8EEE
FNDA:0,_ZN5neml2L14assert_arg_dimIJLm1EEEEvRKNSt7__cxx1112basic_stringIcSt11char_traitsIcESaIcEEERKN3c1011SmallVectorIlLj8EEE
FNDA:0,_ZN5neml2L14assert_arg_dimIJLm1ELm2EEEEvRKNSt7__cxx1112basic_stringIcSt11char_traitsIcESaIcEEERKN3c1011SmallVectorIlLj8EEE
FNDA:0,_ZN5neml2L14assert_arg_dimIJLm2EEEEvRKNSt7__cxx1112basic_stringIcSt11char_traitsIcESaIcEEERKN3c1011SmallVectorIlLj8EEE
FNF:77
FNH:57
DA:31,270
DA:33,270
DA:34,270
DA:36,1350
DA:52,540
DA:53,810
DA:57,810
DA:58,270
DA:64,540
DA:65,270
DA:68,724
DA:71,1448
DA:72,2172
DA:74,1448
DA:75,1448
DA:76,0
DA:78,2897
DA:79,726
DA:80,1
DA:81,0
DA:85,724
DA:89,209
DA:93,209
DA:98,0
DA:100,0
DA:101,0
DA:102,0
DA:103,0
DA:110,0
DA:113,1
DA:115,1
DA:116,0
DA:117,1
DA:118,0
DA:119,1
DA:121,0
DA:122,0
DA:124,1
DA:126,0
DA:127,0
DA:128,0
DA:130,0
DA:132,1
DA:134,0
DA:135,0
DA:137,1
DA:139,0
DA:140,0
DA:142,1
DA:144,0
DA:145,0
DA:147,1
DA:148,1
DA:149,0
DA:150,0
DA:151,0
DA:153,0
DA:154,0
DA:156,0
DA:158,0
DA:159,0
DA:160,0
DA:162,0
DA:164,0
DA:166,0
DA:167,0
DA:169,0
DA:171,0
DA:172,0
DA:174,0
DA:176,0
DA:177,0
DA:180,0
DA:181,1
DA:185,723
DA:187,723
DA:189,723
DA:191,2106
DA:192,2
DA:193,1
DA:195,702
DA:196,702
LF:82
LH:40
end_of_record
TN:
SF:/home/runner/work/neml2/neml2/src/neml2/user_tensors/link_anchor.cxx
FN:30,34,_neml2_force_link_user_tensors
FNDA:320,_neml2_force_link_user_tensors
FNF:1
FNH:1
DA:30,320
DA:33,320
DA:34,320
LF:3
LH:3
end_of_record
